  INFO root [0x00000bf4] [2020-10-25 19:20:50,678] - 
  INFO root [0x00000bf4] [2020-10-25 19:20:50,681] - -----------------------------------------------------------------------------------------


  INFO root [0x00000bf4] [2020-10-25 19:20:50,683] - Resmgr::initialize: KBE_ROOT=D:/kbengine_24pic/
  INFO root [0x00000bf4] [2020-10-25 19:20:50,684] - Resmgr::initialize: KBE_RES_PATH=D:/kbengine_24pic/kbe/res/;D:/kbengine_24pic/kbengine_stone_assets/;D:/kbengine_24pic/kbengine_stone_assets/scripts/;D:/kbengine_24pic/kbengine_stone_assets/res/
  INFO root [0x00000bf4] [2020-10-25 19:20:50,691] - Resmgr::initialize: KBE_BIN_PATH=D:/kbengine_24pic/kbe/bin/server/
  INFO root [0x00000bf4] [2020-10-25 19:20:50,697] - NetworkInterface::initialize(EXTERNAL): bound to all interfaces with default route interface on 192.168.2.246 ( 192.168.2.246:20015 )
  INFO root [0x00000bf4] [2020-10-25 19:20:50,697] - NetworkInterface::initialize(EXTERNAL): address 192.168.2.246:20015, SOMAXCONN=128.
  INFO root [0x00000bf4] [2020-10-25 19:20:50,701] - NetworkInterface::initialize(INTERNAL): bound to all interfaces with default route interface on 192.168.2.246 ( 192.168.2.246:51619 )
  INFO root [0x00000bf4] [2020-10-25 19:20:50,702] - NetworkInterface::initialize(INTERNAL): address 192.168.2.246:51619, SOMAXCONN=128.
  INFO root [0x00000bf4] [2020-10-25 19:20:50,702] - server-configs:
  INFO root [0x00000bf4] [2020-10-25 19:20:50,702] - 	gameUpdateHertz : 30
  INFO root [0x00000bf4] [2020-10-25 19:20:50,702] - 	entryScriptFile : kbemain
  INFO root [0x00000bf4] [2020-10-25 19:20:50,702] - 	internalAddr : 192.168.2.246:51619
  INFO root [0x00000bf4] [2020-10-25 19:20:50,703] - 	externalAddr : 192.168.2.246:20015
  INFO root [0x00000bf4] [2020-10-25 19:20:50,703] - 	componentID : 720012
  INFO root [0x00000bf4] [2020-10-25 19:20:50,990] - Components::findLogger: found logger, addr:192.168.2.246:51613
  INFO root [0x00000bf4] [2020-10-25 19:20:50,990] - Components::addComponent: reset orderLog, uid=11640!
  INFO root [0x00000bf4] [2020-10-25 19:20:50,990] - Components::addComponent[logger], uid=11640, componentID=210002, globalorderid=1, grouporderid=1, totalcount=1
  INFO root [0x00000bf4] [2020-10-25 19:20:50,995] - ---- baseapp Version: 1.2.7. ScriptVersion: 0.1.0. Protocol: 84173EFF21DE506F3117154D4C51407C. Config: Debug X86. Built: 19:02:14 Aug  4 2020. AppID: 720012. UID: 11640. PID: 4724 ----
  INFO root [0x00000bf4] [2020-10-25 19:20:50,996] - Server : Intel(R) Core(TM) i5-10210U CPU @ 1.60GHz with 2097151kB RAM
  INFO root [0x00000bf4] [2020-10-25 19:20:50,996] - ThreadPool::createThreadPool: creating  threadpool...
  INFO root [0x00000bf4] [2020-10-25 19:20:50,996] - ThreadPool::createThreadPool: successfully(2), newThreadCount=1, normalMaxThreadCount=2, maxThreadCount=8
 DEBUG root [0x00000bf4] [2020-10-25 19:20:51,124] - Script::install_py_dlls(): PyInit_pyexpat
 DEBUG root [0x00000bf4] [2020-10-25 19:20:51,125] - Script::install_py_dlls(): PyInit__socket
 DEBUG root [0x00000bf4] [2020-10-25 19:20:51,125] - Script::install_py_dlls(): PyInit__ssl
 DEBUG root [0x00000bf4] [2020-10-25 19:20:51,128] - Script::install_py_dlls(): PyInit__hashlib
 DEBUG root [0x00000bf4] [2020-10-25 19:20:51,128] - Script::install_py_dlls(): PyInit_select
 DEBUG root [0x00000bf4] [2020-10-25 19:20:51,128] - Script::install_py_dlls(): PyInit__ctypes
 DEBUG root [0x00000bf4] [2020-10-25 19:20:51,129] - Script::install_py_dlls(): PyInit__elementtree
 DEBUG root [0x00000bf4] [2020-10-25 19:20:51,161] - Script::install_py_dlls(): PyInit_unicodedata
  INFO root [0x00000bf4] [2020-10-25 19:20:51,190] - Script::install(): is successfully, Python=(3.4.2 (default, Aug  4 2020, 19:01:54) [MSC v.1925 32 bit (Intel)])!
  INFO root [0x00000bf4] [2020-10-25 19:20:51,191] - Script::install(): KBExtra is successfully!
 DEBUG root [0x00000bf4] [2020-10-25 19:20:51,234] - loaded script:Avatar(1).
 DEBUG root [0x00000bf4] [2020-10-25 19:20:51,245] - loaded script:Halls(2).
 DEBUG root [0x00000bf4] [2020-10-25 19:20:51,246] - loaded script:Room(3).
 DEBUG root [0x00000bf4] [2020-10-25 19:20:51,247] - loaded script:PrivateRoom(4).
  INFO root [0x00000bf4] [2020-10-25 19:20:51,248] - Baseapp::initializeEnd: started resmgr tick(60s)!
  INFO root [0x00000bf4] [2020-10-25 19:20:51,248] - TelnetServer server is running on port 40000
  INFO root [0x00000bf4] [2020-10-25 19:20:51,553] - ---- baseapp is running ----
 DEBUG root [0x00000bf4] [2020-10-25 19:20:51,554] - Components::process(): Request for the process of identity...
  WARN root [0x00000bf4] [2020-10-25 19:20:51,892] - BundleBroadcast::BundleBroadcast: Cannot bind to port 20049, errorno=10048
  WARN root [0x00000bf4] [2020-10-25 19:20:58,108] - Forwarding logs to logger[192.168.2.246:51613/0/0/0]...
 ERROR root [0x00000bf4] [2020-10-25 19:27:50,777] - Components::removeComponentByChannel: logger : 210002, Abnormal exit! TCPPacketReceiver::processRecv(): errno=10054

  INFO root [0x00000bf4] [2020-10-25 19:27:50,785] - The following logs sent to logger failed:
  WARN root [0x00000bf4] [2020-10-25 19:27:50,787] - ==> [2020-10-25 19:27:50 776] TCPPacketReceiver::processPendingEvents(192.168.2.246:51613): Throwing REASON_GENERAL_NETWORK - WSAECONNRESET
 ERROR root [0x00000bf4] [2020-10-25 19:27:50,790] - ==> [2020-10-25 19:27:50 778] Components::removeComponentByChannel: logger : 210002, Abnormal exit! TCPPacketReceiver::processRecv(): errno=10054

  WARN root [0x00000bf4] [2020-10-25 19:27:50,905] - TCPPacketReceiver::processPendingEvents(192.168.2.246:51614): Throwing REASON_GENERAL_NETWORK - WSAECONNRESET
 ERROR root [0x00000bf4] [2020-10-25 19:27:50,906] - Components::removeComponentByChannel: dbmgr : 42002, Abnormal exit! TCPPacketReceiver::processRecv(): errno=10054

  INFO root [0x00000bf4] [2020-10-25 19:27:50,937] - Shutdowner::onShutdownBegin: shutting down(period=0, tickPeriod=1)
S_INFO root [0x00000bf4] [2020-10-25 19:27:50,943] - onBaseAppShutDown: state=0
  INFO root [0x00000bf4] [2020-10-25 19:27:50,944] - Shutdowner::onShutdown: shutting down
S_INFO root [0x00000bf4] [2020-10-25 19:27:50,945] - onBaseAppShutDown: state=1
  INFO root [0x00000bf4] [2020-10-25 19:27:50,946] - Shutdowner::onShutdownEnd: shutting down
S_INFO root [0x00000bf4] [2020-10-25 19:27:50,947] - onBaseAppShutDown: state=2
 DEBUG root [0x00000bf4] [2020-10-25 19:27:50,971] - Halls::~Halls(): 10001
 DEBUG root [0x00000bf4] [2020-10-25 19:27:50,973] - Script::uninstall_py_dlls(): PyInit_pyexpat
 DEBUG root [0x00000bf4] [2020-10-25 19:27:50,974] - Script::uninstall_py_dlls(): PyInit__socket
 DEBUG root [0x00000bf4] [2020-10-25 19:27:50,974] - Script::uninstall_py_dlls(): PyInit__ssl
 DEBUG root [0x00000bf4] [2020-10-25 19:27:50,975] - Script::uninstall_py_dlls(): PyInit__hashlib
 DEBUG root [0x00000bf4] [2020-10-25 19:27:50,975] - Script::uninstall_py_dlls(): PyInit_select
 DEBUG root [0x00000bf4] [2020-10-25 19:27:50,975] - Script::uninstall_py_dlls(): PyInit__ctypes
 DEBUG root [0x00000bf4] [2020-10-25 19:27:50,976] - Script::uninstall_py_dlls(): PyInit__elementtree
 DEBUG root [0x00000bf4] [2020-10-25 19:27:50,976] - Script::uninstall_py_dlls(): PyInit_unicodedata
  INFO root [0x00000bf4] [2020-10-25 19:27:51,008] - Script::uninstall(): is successfully!
 DEBUG root [0x00000bf4] [2020-10-25 19:27:51,009] - ThreadPool::destroy(): starting size 2.
  INFO root [0x00003698] [2020-10-25 19:27:54,662] - 
  INFO root [0x00003698] [2020-10-25 19:27:54,663] - -----------------------------------------------------------------------------------------


  INFO root [0x00003698] [2020-10-25 19:27:54,664] - Resmgr::initialize: KBE_ROOT=D:/kbengine_24pic/
  INFO root [0x00003698] [2020-10-25 19:27:54,665] - Resmgr::initialize: KBE_RES_PATH=D:/kbengine_24pic/kbe/res/;D:/kbengine_24pic/kbengine_stone_assets/;D:/kbengine_24pic/kbengine_stone_assets/scripts/;D:/kbengine_24pic/kbengine_stone_assets/res/
  INFO root [0x00003698] [2020-10-25 19:27:54,665] - Resmgr::initialize: KBE_BIN_PATH=D:/kbengine_24pic/kbe/bin/server/
  INFO root [0x00003698] [2020-10-25 19:27:54,670] - NetworkInterface::initialize(EXTERNAL): bound to all interfaces with default route interface on 192.168.2.246 ( 192.168.2.246:20015 )
  INFO root [0x00003698] [2020-10-25 19:27:54,671] - NetworkInterface::initialize(EXTERNAL): address 192.168.2.246:20015, SOMAXCONN=128.
  INFO root [0x00003698] [2020-10-25 19:27:54,675] - NetworkInterface::initialize(INTERNAL): bound to all interfaces with default route interface on 192.168.2.246 ( 192.168.2.246:51747 )
  INFO root [0x00003698] [2020-10-25 19:27:54,676] - NetworkInterface::initialize(INTERNAL): address 192.168.2.246:51747, SOMAXCONN=128.
  INFO root [0x00003698] [2020-10-25 19:27:54,676] - server-configs:
  INFO root [0x00003698] [2020-10-25 19:27:54,676] - 	gameUpdateHertz : 30
  INFO root [0x00003698] [2020-10-25 19:27:54,676] - 	entryScriptFile : kbemain
  INFO root [0x00003698] [2020-10-25 19:27:54,677] - 	internalAddr : 192.168.2.246:51747
  INFO root [0x00003698] [2020-10-25 19:27:54,677] - 	externalAddr : 192.168.2.246:20015
  INFO root [0x00003698] [2020-10-25 19:27:54,677] - 	componentID : 720012
  INFO root [0x00003698] [2020-10-25 19:27:54,902] - Components::findLogger: found logger, addr:192.168.2.246:51741
  INFO root [0x00003698] [2020-10-25 19:27:54,903] - Components::addComponent: reset orderLog, uid=13025!
  INFO root [0x00003698] [2020-10-25 19:27:54,903] - Components::addComponent[logger], uid=13025, componentID=210002, globalorderid=1, grouporderid=1, totalcount=1
  INFO root [0x00003698] [2020-10-25 19:27:54,908] - ---- baseapp Version: 1.2.7. ScriptVersion: 0.1.0. Protocol: 84173EFF21DE506F3117154D4C51407C. Config: Debug X86. Built: 19:02:14 Aug  4 2020. AppID: 720012. UID: 13025. PID: 3252 ----
  INFO root [0x00003698] [2020-10-25 19:27:54,908] - Server : Intel(R) Core(TM) i5-10210U CPU @ 1.60GHz with 2097151kB RAM
  INFO root [0x00003698] [2020-10-25 19:27:54,909] - ThreadPool::createThreadPool: creating  threadpool...
  INFO root [0x00003698] [2020-10-25 19:27:54,909] - ThreadPool::createThreadPool: successfully(2), newThreadCount=1, normalMaxThreadCount=2, maxThreadCount=8
 DEBUG root [0x00003698] [2020-10-25 19:27:55,047] - Script::install_py_dlls(): PyInit_pyexpat
 DEBUG root [0x00003698] [2020-10-25 19:27:55,047] - Script::install_py_dlls(): PyInit__socket
 DEBUG root [0x00003698] [2020-10-25 19:27:55,048] - Script::install_py_dlls(): PyInit__ssl
 DEBUG root [0x00003698] [2020-10-25 19:27:55,051] - Script::install_py_dlls(): PyInit__hashlib
 DEBUG root [0x00003698] [2020-10-25 19:27:55,051] - Script::install_py_dlls(): PyInit_select
 DEBUG root [0x00003698] [2020-10-25 19:27:55,052] - Script::install_py_dlls(): PyInit__ctypes
 DEBUG root [0x00003698] [2020-10-25 19:27:55,052] - Script::install_py_dlls(): PyInit__elementtree
 DEBUG root [0x00003698] [2020-10-25 19:27:55,087] - Script::install_py_dlls(): PyInit_unicodedata
  INFO root [0x00003698] [2020-10-25 19:27:55,127] - Script::install(): is successfully, Python=(3.4.2 (default, Aug  4 2020, 19:01:54) [MSC v.1925 32 bit (Intel)])!
  INFO root [0x00003698] [2020-10-25 19:27:55,127] - Script::install(): KBExtra is successfully!
 DEBUG root [0x00003698] [2020-10-25 19:27:55,175] - loaded script:Avatar(1).
 DEBUG root [0x00003698] [2020-10-25 19:27:55,189] - loaded script:Halls(2).
 DEBUG root [0x00003698] [2020-10-25 19:27:55,192] - loaded script:Room(3).
 DEBUG root [0x00003698] [2020-10-25 19:27:55,194] - loaded script:PrivateRoom(4).
  INFO root [0x00003698] [2020-10-25 19:27:55,194] - Baseapp::initializeEnd: started resmgr tick(60s)!
  INFO root [0x00003698] [2020-10-25 19:27:55,195] - TelnetServer server is running on port 40000
  INFO root [0x00003698] [2020-10-25 19:27:55,467] - ---- baseapp is running ----
 DEBUG root [0x00003698] [2020-10-25 19:27:55,468] - Components::process(): Request for the process of identity...
  WARN root [0x00003698] [2020-10-25 19:28:01,655] - Forwarding logs to logger[192.168.2.246:51741/0/0/0]...
 ERROR root [0x00003698] [2020-10-25 23:03:02,841] - Components::removeComponentByChannel: logger : 210002, Abnormal exit! TCPPacketReceiver::processRecv(): errno=10054

  INFO root [0x00003698] [2020-10-25 23:03:02,864] - The following logs sent to logger failed:
  WARN root [0x00003698] [2020-10-25 23:03:02,865] - ==> [2020-10-25 23:03:02 832] TCPPacketReceiver::processPendingEvents(192.168.2.246:51741): Throwing REASON_GENERAL_NETWORK - WSAECONNRESET
 ERROR root [0x00003698] [2020-10-25 23:03:02,867] - ==> [2020-10-25 23:03:02 860] Components::removeComponentByChannel: logger : 210002, Abnormal exit! TCPPacketReceiver::processRecv(): errno=10054

  WARN root [0x00003698] [2020-10-25 23:03:02,919] - TCPPacketReceiver::processPendingEvents(192.168.2.246:51743): Throwing REASON_GENERAL_NETWORK - WSAECONNRESET
 ERROR root [0x00003698] [2020-10-25 23:03:02,920] - Components::removeComponentByChannel: dbmgr : 42002, Abnormal exit! TCPPacketReceiver::processRecv(): errno=10054

  INFO root [0x00003698] [2020-10-25 23:03:02,928] - Shutdowner::onShutdownBegin: shutting down(period=0, tickPeriod=1)
S_INFO root [0x00003698] [2020-10-25 23:03:02,930] - onBaseAppShutDown: state=0
  INFO root [0x00003698] [2020-10-25 23:03:02,931] - Shutdowner::onShutdown: shutting down
S_INFO root [0x00003698] [2020-10-25 23:03:02,931] - onBaseAppShutDown: state=1
  INFO root [0x00003698] [2020-10-25 23:03:02,932] - Shutdowner::onShutdownEnd: shutting down
S_INFO root [0x00003698] [2020-10-25 23:03:02,932] - onBaseAppShutDown: state=2
 DEBUG root [0x00003698] [2020-10-25 23:03:02,962] - Halls::~Halls(): 1
 DEBUG root [0x00003698] [2020-10-25 23:03:02,968] - Script::uninstall_py_dlls(): PyInit_pyexpat
 DEBUG root [0x00003698] [2020-10-25 23:03:02,970] - Script::uninstall_py_dlls(): PyInit__socket
 DEBUG root [0x00003698] [2020-10-25 23:03:02,971] - Script::uninstall_py_dlls(): PyInit__ssl
 DEBUG root [0x00003698] [2020-10-25 23:03:02,972] - Script::uninstall_py_dlls(): PyInit__hashlib
 DEBUG root [0x00003698] [2020-10-25 23:03:02,972] - Script::uninstall_py_dlls(): PyInit_select
 DEBUG root [0x00003698] [2020-10-25 23:03:02,972] - Script::uninstall_py_dlls(): PyInit__ctypes
 DEBUG root [0x00003698] [2020-10-25 23:03:02,973] - Script::uninstall_py_dlls(): PyInit__elementtree
 DEBUG root [0x00003698] [2020-10-25 23:03:02,973] - Script::uninstall_py_dlls(): PyInit_unicodedata
  INFO root [0x00003698] [2020-10-25 23:03:03,001] - Script::uninstall(): is successfully!
 DEBUG root [0x00003698] [2020-10-25 23:03:03,003] - ThreadPool::destroy(): starting size 2.
