  INFO root [0x00003568] [2020-11-08 21:29:56,071] - 
  INFO root [0x00003568] [2020-11-08 21:29:56,072] - -----------------------------------------------------------------------------------------


  INFO root [0x00003568] [2020-11-08 21:29:56,073] - Resmgr::initialize: KBE_ROOT=D:/kbengine_24pic/
  INFO root [0x00003568] [2020-11-08 21:29:56,074] - Resmgr::initialize: KBE_RES_PATH=D:/kbengine_24pic/kbe/res/;D:/kbengine_24pic/kbengine_stone_assets/;D:/kbengine_24pic/kbengine_stone_assets/scripts/;D:/kbengine_24pic/kbengine_stone_assets/res/
  INFO root [0x00003568] [2020-11-08 21:29:56,074] - Resmgr::initialize: KBE_BIN_PATH=D:/kbengine_24pic/kbe/bin/server/
  INFO root [0x00003568] [2020-11-08 21:29:56,083] - NetworkInterface::initialize(EXTERNAL): bound to all interfaces with default route interface on 192.168.2.246 ( 192.168.2.246:20015 )
  INFO root [0x00003568] [2020-11-08 21:29:56,085] - NetworkInterface::initialize(EXTERNAL): address 192.168.2.246:20015, SOMAXCONN=128.
  INFO root [0x00003568] [2020-11-08 21:29:56,090] - NetworkInterface::initialize(INTERNAL): bound to all interfaces with default route interface on 192.168.2.246 ( 192.168.2.246:51764 )
  INFO root [0x00003568] [2020-11-08 21:29:56,091] - NetworkInterface::initialize(INTERNAL): address 192.168.2.246:51764, SOMAXCONN=128.
  INFO root [0x00003568] [2020-11-08 21:29:56,092] - server-configs:
  INFO root [0x00003568] [2020-11-08 21:29:56,092] - 	gameUpdateHertz : 30
  INFO root [0x00003568] [2020-11-08 21:29:56,107] - 	entryScriptFile : kbemain
  INFO root [0x00003568] [2020-11-08 21:29:56,114] - 	internalAddr : 192.168.2.246:51764
  INFO root [0x00003568] [2020-11-08 21:29:56,114] - 	externalAddr : 192.168.2.246:20015
  INFO root [0x00003568] [2020-11-08 21:29:56,115] - 	componentID : 720012
  INFO root [0x00003568] [2020-11-08 21:29:57,845] - ---- baseapp Version: 1.2.7. ScriptVersion: 0.1.0. Protocol: 84173EFF21DE506F3117154D4C51407C. Config: Debug X86. Built: 19:02:14 Aug  4 2020. AppID: 720012. UID: 22052. PID: 10120 ----
  INFO root [0x00003568] [2020-11-08 21:29:57,846] - Server : Intel(R) Core(TM) i5-10210U CPU @ 1.60GHz with 2097151kB RAM
  INFO root [0x00003568] [2020-11-08 21:29:57,846] - ThreadPool::createThreadPool: creating  threadpool...
  INFO root [0x00003568] [2020-11-08 21:29:57,847] - ThreadPool::createThreadPool: successfully(2), newThreadCount=1, normalMaxThreadCount=2, maxThreadCount=8
 DEBUG root [0x00003568] [2020-11-08 21:29:57,983] - Script::install_py_dlls(): PyInit_pyexpat
 DEBUG root [0x00003568] [2020-11-08 21:29:57,983] - Script::install_py_dlls(): PyInit__socket
 DEBUG root [0x00003568] [2020-11-08 21:29:57,984] - Script::install_py_dlls(): PyInit__ssl
 DEBUG root [0x00003568] [2020-11-08 21:29:57,989] - Script::install_py_dlls(): PyInit__hashlib
 DEBUG root [0x00003568] [2020-11-08 21:29:57,989] - Script::install_py_dlls(): PyInit_select
 DEBUG root [0x00003568] [2020-11-08 21:29:57,990] - Script::install_py_dlls(): PyInit__ctypes
 DEBUG root [0x00003568] [2020-11-08 21:29:57,990] - Script::install_py_dlls(): PyInit__elementtree
 DEBUG root [0x00003568] [2020-11-08 21:29:58,032] - Script::install_py_dlls(): PyInit_unicodedata
  INFO root [0x00003568] [2020-11-08 21:29:58,066] - Script::install(): is successfully, Python=(3.4.2 (default, Aug  4 2020, 19:01:54) [MSC v.1925 32 bit (Intel)])!
  INFO root [0x00003568] [2020-11-08 21:29:58,067] - Script::install(): KBExtra is successfully!
 DEBUG root [0x00003568] [2020-11-08 21:29:58,107] - loaded script:Avatar(1).
 DEBUG root [0x00003568] [2020-11-08 21:29:58,116] - loaded script:Halls(2).
 DEBUG root [0x00003568] [2020-11-08 21:29:58,118] - loaded script:Room(3).
 DEBUG root [0x00003568] [2020-11-08 21:29:58,120] - loaded script:PrivateRoom(4).
  INFO root [0x00003568] [2020-11-08 21:29:58,121] - Baseapp::initializeEnd: started resmgr tick(60s)!
  INFO root [0x00003568] [2020-11-08 21:29:58,122] - TelnetServer server is running on port 40000
  INFO root [0x00003568] [2020-11-08 21:29:58,360] - ---- baseapp is running ----
 DEBUG root [0x00003568] [2020-11-08 21:29:58,360] - Components::process(): Request for the process of identity...
  WARN root [0x00003568] [2020-11-08 21:30:04,539] - EntityApp::checkTickPeriod: tick took 18724% (18.72 seconds)!
  INFO root [0x00003568] [2020-11-08 21:30:05,560] - Components::findComponents: find logger(1)...
  INFO root [0x00003568] [2020-11-08 21:30:05,581] - Components::findComponents: found logger, addr:192.168.2.246:51760
  INFO root [0x00003568] [2020-11-08 21:30:05,581] - Components::addComponent: reset orderLog, uid=22052!
  INFO root [0x00003568] [2020-11-08 21:30:05,581] - Components::addComponent[logger], uid=22052, componentID=210002, globalorderid=1, grouporderid=1, totalcount=1
  INFO root [0x00003568] [2020-11-08 21:30:05,583] - Components::findComponents: find dbmgr(2)...
  INFO root [0x00003568] [2020-11-08 21:30:05,584] - Components::findComponents: found logger, addr:192.168.2.246:51760
  INFO root [0x00003568] [2020-11-08 21:30:05,588] - Components::findComponents: found dbmgr, addr:192.168.2.246:51761
  INFO root [0x00003568] [2020-11-08 21:30:05,589] - Components::addComponent: reset orderLog, uid=22052!
  INFO root [0x00003568] [2020-11-08 21:30:05,589] - Components::addComponent[dbmgr], uid=22052, componentID=42002, globalorderid=1, grouporderid=1, totalcount=1
  INFO root [0x00003568] [2020-11-08 21:30:05,690] - Components::findComponents: found dbmgr, addr:192.168.2.246:51761
  WARN root [0x00003568] [2020-11-08 21:30:06,692] - EntityApp::checkTickPeriod: tick took 3530% (3.53 seconds)!
  WARN root [0x00003568] [2020-11-08 21:30:06,694] - Forwarding logs to logger[192.168.2.246:51760/0/0/0]...
 ERROR root [0x00003568] [2020-11-08 21:46:23,597] - Components::removeComponentByChannel: logger : 210002, Abnormal exit! TCPPacketReceiver::processRecv(): errno=10054

  INFO root [0x00003568] [2020-11-08 21:46:23,624] - The following logs sent to logger failed:
  WARN root [0x00003568] [2020-11-08 21:46:23,627] - ==> [2020-11-08 21:46:23 597] TCPPacketReceiver::processPendingEvents(192.168.2.246:51760): Throwing REASON_GENERAL_NETWORK - WSAECONNRESET
 ERROR root [0x00003568] [2020-11-08 21:46:23,628] - ==> [2020-11-08 21:46:23 622] Components::removeComponentByChannel: logger : 210002, Abnormal exit! TCPPacketReceiver::processRecv(): errno=10054

  WARN root [0x00003568] [2020-11-08 21:46:23,683] - TCPPacketReceiver::processPendingEvents(192.168.2.246:51761): Throwing REASON_GENERAL_NETWORK - WSAECONNRESET
 ERROR root [0x00003568] [2020-11-08 21:46:23,684] - Components::removeComponentByChannel: dbmgr : 42002, Abnormal exit! TCPPacketReceiver::processRecv(): errno=10054

  INFO root [0x00003568] [2020-11-08 21:46:23,711] - Shutdowner::onShutdownBegin: shutting down(period=0, tickPeriod=1)
S_INFO root [0x00003568] [2020-11-08 21:46:23,722] - onBaseAppShutDown: state=0
  INFO root [0x00003568] [2020-11-08 21:46:23,723] - Shutdowner::onShutdown: shutting down
S_INFO root [0x00003568] [2020-11-08 21:46:23,724] - onBaseAppShutDown: state=1
  INFO root [0x00003568] [2020-11-08 21:46:23,725] - Shutdowner::onShutdownEnd: shutting down
S_INFO root [0x00003568] [2020-11-08 21:46:23,726] - onBaseAppShutDown: state=2
 DEBUG root [0x00003568] [2020-11-08 21:46:23,748] - Halls::~Halls(): 1
 DEBUG root [0x00003568] [2020-11-08 21:46:23,751] - Script::uninstall_py_dlls(): PyInit_pyexpat
 DEBUG root [0x00003568] [2020-11-08 21:46:23,751] - Script::uninstall_py_dlls(): PyInit__socket
 DEBUG root [0x00003568] [2020-11-08 21:46:23,752] - Script::uninstall_py_dlls(): PyInit__ssl
 DEBUG root [0x00003568] [2020-11-08 21:46:23,752] - Script::uninstall_py_dlls(): PyInit__hashlib
 DEBUG root [0x00003568] [2020-11-08 21:46:23,752] - Script::uninstall_py_dlls(): PyInit_select
 DEBUG root [0x00003568] [2020-11-08 21:46:23,752] - Script::uninstall_py_dlls(): PyInit__ctypes
 DEBUG root [0x00003568] [2020-11-08 21:46:23,752] - Script::uninstall_py_dlls(): PyInit__elementtree
 DEBUG root [0x00003568] [2020-11-08 21:46:23,753] - Script::uninstall_py_dlls(): PyInit_unicodedata
  INFO root [0x00003568] [2020-11-08 21:46:23,782] - Script::uninstall(): is successfully!
 DEBUG root [0x00003568] [2020-11-08 21:46:23,783] - ThreadPool::destroy(): starting size 2.
