  INFO root [0x00002864] [2020-10-11 18:20:14,250] - 
  INFO root [0x00002864] [2020-10-11 18:20:14,250] - -----------------------------------------------------------------------------------------


  INFO root [0x00002864] [2020-10-11 18:20:14,251] - Resmgr::initialize: KBE_ROOT=D:/kbengine_24pic/
  INFO root [0x00002864] [2020-10-11 18:20:14,251] - Resmgr::initialize: KBE_RES_PATH=D:/kbengine_24pic/kbe/res/;D:/kbengine_24pic/kbengine_stone_assets/;D:/kbengine_24pic/kbengine_stone_assets/scripts/;D:/kbengine_24pic/kbengine_stone_assets/res/
  INFO root [0x00002864] [2020-10-11 18:20:14,252] - Resmgr::initialize: KBE_BIN_PATH=D:/kbengine_24pic/kbe/bin/server/
  INFO root [0x00002864] [2020-10-11 18:20:14,256] - NetworkInterface::initialize(EXTERNAL): bound to all interfaces with default route interface on 192.168.2.246 ( 192.168.2.246:20015 )
  INFO root [0x00002864] [2020-10-11 18:20:14,257] - NetworkInterface::initialize(EXTERNAL): address 192.168.2.246:20015, SOMAXCONN=128.
  INFO root [0x00002864] [2020-10-11 18:20:14,262] - NetworkInterface::initialize(INTERNAL): bound to all interfaces with default route interface on 192.168.2.246 ( 192.168.2.246:50728 )
  INFO root [0x00002864] [2020-10-11 18:20:14,262] - NetworkInterface::initialize(INTERNAL): address 192.168.2.246:50728, SOMAXCONN=128.
  INFO root [0x00002864] [2020-10-11 18:20:14,262] - server-configs:
  INFO root [0x00002864] [2020-10-11 18:20:14,262] - 	gameUpdateHertz : 30
  INFO root [0x00002864] [2020-10-11 18:20:14,262] - 	entryScriptFile : kbemain
  INFO root [0x00002864] [2020-10-11 18:20:14,263] - 	internalAddr : 192.168.2.246:50728
  INFO root [0x00002864] [2020-10-11 18:20:14,263] - 	externalAddr : 192.168.2.246:20015
  INFO root [0x00002864] [2020-10-11 18:20:14,263] - 	componentID : 720012
  INFO root [0x00002864] [2020-10-11 18:20:14,569] - Components::findLogger: found logger, addr:192.168.2.246:50723
  INFO root [0x00002864] [2020-10-11 18:20:14,569] - Components::addComponent: reset orderLog, uid=14650!
  INFO root [0x00002864] [2020-10-11 18:20:14,570] - Components::addComponent[logger], uid=14650, componentID=210002, globalorderid=1, grouporderid=1, totalcount=1
  INFO root [0x00002864] [2020-10-11 18:20:14,573] - ---- baseapp Version: 1.2.7. ScriptVersion: 0.1.0. Protocol: 84173EFF21DE506F3117154D4C51407C. Config: Debug X86. Built: 19:02:14 Aug  4 2020. AppID: 720012. UID: 14650. PID: 11804 ----
  INFO root [0x00002864] [2020-10-11 18:20:14,573] - Server : Intel(R) Core(TM) i5-10210U CPU @ 1.60GHz with 2097151kB RAM
  INFO root [0x00002864] [2020-10-11 18:20:14,574] - ThreadPool::createThreadPool: creating  threadpool...
  INFO root [0x00002864] [2020-10-11 18:20:14,574] - ThreadPool::createThreadPool: successfully(2), newThreadCount=1, normalMaxThreadCount=2, maxThreadCount=8
 DEBUG root [0x00002864] [2020-10-11 18:20:14,702] - Script::install_py_dlls(): PyInit_pyexpat
 DEBUG root [0x00002864] [2020-10-11 18:20:14,703] - Script::install_py_dlls(): PyInit__socket
 DEBUG root [0x00002864] [2020-10-11 18:20:14,703] - Script::install_py_dlls(): PyInit__ssl
 DEBUG root [0x00002864] [2020-10-11 18:20:14,705] - Script::install_py_dlls(): PyInit__hashlib
 DEBUG root [0x00002864] [2020-10-11 18:20:14,706] - Script::install_py_dlls(): PyInit_select
 DEBUG root [0x00002864] [2020-10-11 18:20:14,706] - Script::install_py_dlls(): PyInit__ctypes
 DEBUG root [0x00002864] [2020-10-11 18:20:14,706] - Script::install_py_dlls(): PyInit__elementtree
 DEBUG root [0x00002864] [2020-10-11 18:20:14,738] - Script::install_py_dlls(): PyInit_unicodedata
  INFO root [0x00002864] [2020-10-11 18:20:14,769] - Script::install(): is successfully, Python=(3.4.2 (default, Aug  4 2020, 19:01:54) [MSC v.1925 32 bit (Intel)])!
  INFO root [0x00002864] [2020-10-11 18:20:14,770] - Script::install(): KBExtra is successfully!
 DEBUG root [0x00002864] [2020-10-11 18:20:14,803] - loaded script:Avatar(1).
 DEBUG root [0x00002864] [2020-10-11 18:20:14,814] - loaded script:Halls(2).
 DEBUG root [0x00002864] [2020-10-11 18:20:14,815] - loaded script:Room(3).
  INFO root [0x00002864] [2020-10-11 18:20:14,815] - Baseapp::initializeEnd: started resmgr tick(60s)!
  INFO root [0x00002864] [2020-10-11 18:20:14,816] - TelnetServer server is running on port 40000
  INFO root [0x00002864] [2020-10-11 18:20:15,043] - ---- baseapp is running ----
 DEBUG root [0x00002864] [2020-10-11 18:20:15,043] - Components::process(): Request for the process of identity...
  WARN root [0x00002864] [2020-10-11 18:20:21,229] - Forwarding logs to logger[192.168.2.246:50723/0/0/0]...
 ERROR root [0x00002864] [2020-10-11 18:22:02,437] - Components::removeComponentByChannel: logger : 210002, Abnormal exit! TCPPacketReceiver::processRecv(): errno=10054

  INFO root [0x00002864] [2020-10-11 18:22:02,440] - The following logs sent to logger failed:
  WARN root [0x00002864] [2020-10-11 18:22:02,440] - ==> [2020-10-11 18:22:02 437] TCPPacketReceiver::processPendingEvents(192.168.2.246:50723): Throwing REASON_GENERAL_NETWORK - WSAECONNRESET
 ERROR root [0x00002864] [2020-10-11 18:22:02,441] - ==> [2020-10-11 18:22:02 438] Components::removeComponentByChannel: logger : 210002, Abnormal exit! TCPPacketReceiver::processRecv(): errno=10054

  WARN root [0x00002864] [2020-10-11 18:22:02,509] - TCPPacketReceiver::processPendingEvents(192.168.2.246:50724): Throwing REASON_GENERAL_NETWORK - WSAECONNRESET
 ERROR root [0x00002864] [2020-10-11 18:22:02,511] - Components::removeComponentByChannel: dbmgr : 42002, Abnormal exit! TCPPacketReceiver::processRecv(): errno=10054

  INFO root [0x00002864] [2020-10-11 18:22:02,513] - Shutdowner::onShutdownBegin: shutting down(period=0, tickPeriod=1)
S_INFO root [0x00002864] [2020-10-11 18:22:02,516] - onBaseAppShutDown: state=0
  INFO root [0x00002864] [2020-10-11 18:22:02,517] - Shutdowner::onShutdown: shutting down
S_INFO root [0x00002864] [2020-10-11 18:22:02,517] - onBaseAppShutDown: state=1
  INFO root [0x00002864] [2020-10-11 18:22:02,517] - Shutdowner::onShutdownEnd: shutting down
S_INFO root [0x00002864] [2020-10-11 18:22:02,517] - onBaseAppShutDown: state=2
 ERROR root [0x00002864] [2020-10-11 18:22:02,526] - Avatar::onCellWriteToDBCompleted(4): not found dbmgr!
 ERROR root [0x00002864] [2020-10-11 18:22:02,527] - Entity::onDestroy: not found dbmgr!
 ERROR root [0x00002864] [2020-10-11 18:22:02,527] - Avatar::onCellWriteToDBCompleted(5): not found dbmgr!
 ERROR root [0x00002864] [2020-10-11 18:22:02,528] - Entity::onDestroy: not found dbmgr!
 DEBUG root [0x00002864] [2020-10-11 18:22:02,529] - Avatar::~Avatar(): 4
 DEBUG root [0x00002864] [2020-10-11 18:22:02,530] - Avatar::~Avatar(): 5
 DEBUG root [0x00002864] [2020-10-11 18:22:02,530] - Room::~Room(): 3
 DEBUG root [0x00002864] [2020-10-11 18:22:02,531] - Halls::~Halls(): 1
 DEBUG root [0x00002864] [2020-10-11 18:22:02,532] - Script::uninstall_py_dlls(): PyInit_pyexpat
 DEBUG root [0x00002864] [2020-10-11 18:22:02,532] - Script::uninstall_py_dlls(): PyInit__socket
 DEBUG root [0x00002864] [2020-10-11 18:22:02,532] - Script::uninstall_py_dlls(): PyInit__ssl
 DEBUG root [0x00002864] [2020-10-11 18:22:02,533] - Script::uninstall_py_dlls(): PyInit__hashlib
 DEBUG root [0x00002864] [2020-10-11 18:22:02,533] - Script::uninstall_py_dlls(): PyInit_select
 DEBUG root [0x00002864] [2020-10-11 18:22:02,533] - Script::uninstall_py_dlls(): PyInit__ctypes
 DEBUG root [0x00002864] [2020-10-11 18:22:02,533] - Script::uninstall_py_dlls(): PyInit__elementtree
 DEBUG root [0x00002864] [2020-10-11 18:22:02,533] - Script::uninstall_py_dlls(): PyInit_unicodedata
  INFO root [0x00002864] [2020-10-11 18:22:02,550] - Script::uninstall(): is successfully!
 DEBUG root [0x00002864] [2020-10-11 18:22:02,550] - ThreadPool::destroy(): starting size 2.
  INFO root [0x00000c0c] [2020-10-11 18:28:58,895] - 
  INFO root [0x00000c0c] [2020-10-11 18:28:58,895] - -----------------------------------------------------------------------------------------


  INFO root [0x00000c0c] [2020-10-11 18:28:58,896] - Resmgr::initialize: KBE_ROOT=D:/kbengine_24pic/
  INFO root [0x00000c0c] [2020-10-11 18:28:58,897] - Resmgr::initialize: KBE_RES_PATH=D:/kbengine_24pic/kbe/res/;D:/kbengine_24pic/kbengine_stone_assets/;D:/kbengine_24pic/kbengine_stone_assets/scripts/;D:/kbengine_24pic/kbengine_stone_assets/res/
  INFO root [0x00000c0c] [2020-10-11 18:28:58,897] - Resmgr::initialize: KBE_BIN_PATH=D:/kbengine_24pic/kbe/bin/server/
  INFO root [0x00000c0c] [2020-10-11 18:28:58,902] - NetworkInterface::initialize(EXTERNAL): bound to all interfaces with default route interface on 192.168.2.246 ( 192.168.2.246:20015 )
  INFO root [0x00000c0c] [2020-10-11 18:28:58,902] - NetworkInterface::initialize(EXTERNAL): address 192.168.2.246:20015, SOMAXCONN=128.
  INFO root [0x00000c0c] [2020-10-11 18:28:58,906] - NetworkInterface::initialize(INTERNAL): bound to all interfaces with default route interface on 192.168.2.246 ( 192.168.2.246:50870 )
  INFO root [0x00000c0c] [2020-10-11 18:28:58,907] - NetworkInterface::initialize(INTERNAL): address 192.168.2.246:50870, SOMAXCONN=128.
  INFO root [0x00000c0c] [2020-10-11 18:28:58,908] - server-configs:
  INFO root [0x00000c0c] [2020-10-11 18:28:58,908] - 	gameUpdateHertz : 30
  INFO root [0x00000c0c] [2020-10-11 18:28:58,908] - 	entryScriptFile : kbemain
  INFO root [0x00000c0c] [2020-10-11 18:28:58,909] - 	internalAddr : 192.168.2.246:50870
  INFO root [0x00000c0c] [2020-10-11 18:28:58,910] - 	externalAddr : 192.168.2.246:20015
  INFO root [0x00000c0c] [2020-10-11 18:28:58,910] - 	componentID : 720012
  INFO root [0x00000c0c] [2020-10-11 18:28:59,168] - Components::findLogger: found logger, addr:192.168.2.246:50865
  INFO root [0x00000c0c] [2020-10-11 18:28:59,168] - Components::addComponent: reset orderLog, uid=16361!
  INFO root [0x00000c0c] [2020-10-11 18:28:59,168] - Components::addComponent[logger], uid=16361, componentID=210002, globalorderid=1, grouporderid=1, totalcount=1
  INFO root [0x00000c0c] [2020-10-11 18:28:59,173] - ---- baseapp Version: 1.2.7. ScriptVersion: 0.1.0. Protocol: 84173EFF21DE506F3117154D4C51407C. Config: Debug X86. Built: 19:02:14 Aug  4 2020. AppID: 720012. UID: 16361. PID: 12020 ----
  INFO root [0x00000c0c] [2020-10-11 18:28:59,174] - Server : Intel(R) Core(TM) i5-10210U CPU @ 1.60GHz with 2097151kB RAM
  INFO root [0x00000c0c] [2020-10-11 18:28:59,174] - ThreadPool::createThreadPool: creating  threadpool...
  INFO root [0x00000c0c] [2020-10-11 18:28:59,174] - ThreadPool::createThreadPool: successfully(2), newThreadCount=1, normalMaxThreadCount=2, maxThreadCount=8
 DEBUG root [0x00000c0c] [2020-10-11 18:28:59,311] - Script::install_py_dlls(): PyInit_pyexpat
 DEBUG root [0x00000c0c] [2020-10-11 18:28:59,311] - Script::install_py_dlls(): PyInit__socket
 DEBUG root [0x00000c0c] [2020-10-11 18:28:59,312] - Script::install_py_dlls(): PyInit__ssl
 DEBUG root [0x00000c0c] [2020-10-11 18:28:59,315] - Script::install_py_dlls(): PyInit__hashlib
 DEBUG root [0x00000c0c] [2020-10-11 18:28:59,315] - Script::install_py_dlls(): PyInit_select
 DEBUG root [0x00000c0c] [2020-10-11 18:28:59,315] - Script::install_py_dlls(): PyInit__ctypes
 DEBUG root [0x00000c0c] [2020-10-11 18:28:59,316] - Script::install_py_dlls(): PyInit__elementtree
 DEBUG root [0x00000c0c] [2020-10-11 18:28:59,355] - Script::install_py_dlls(): PyInit_unicodedata
  INFO root [0x00000c0c] [2020-10-11 18:28:59,403] - Script::install(): is successfully, Python=(3.4.2 (default, Aug  4 2020, 19:01:54) [MSC v.1925 32 bit (Intel)])!
  INFO root [0x00000c0c] [2020-10-11 18:28:59,403] - Script::install(): KBExtra is successfully!
 DEBUG root [0x00000c0c] [2020-10-11 18:28:59,454] - loaded script:Avatar(1).
 DEBUG root [0x00000c0c] [2020-10-11 18:28:59,467] - loaded script:Halls(2).
 DEBUG root [0x00000c0c] [2020-10-11 18:28:59,468] - loaded script:Room(3).
  INFO root [0x00000c0c] [2020-10-11 18:28:59,468] - Baseapp::initializeEnd: started resmgr tick(60s)!
  INFO root [0x00000c0c] [2020-10-11 18:28:59,469] - TelnetServer server is running on port 40000
  INFO root [0x00000c0c] [2020-10-11 18:28:59,829] - ---- baseapp is running ----
 DEBUG root [0x00000c0c] [2020-10-11 18:28:59,836] - Components::process(): Request for the process of identity...
  WARN root [0x00000c0c] [2020-10-11 18:29:06,007] - Forwarding logs to logger[192.168.2.246:50865/0/0/0]...
 ERROR root [0x00000c0c] [2020-10-11 18:55:55,737] - Components::removeComponentByChannel: logger : 210002, Abnormal exit! TCPPacketReceiver::processRecv(): errno=10054

  INFO root [0x00000c0c] [2020-10-11 18:55:55,741] - The following logs sent to logger failed:
  WARN root [0x00000c0c] [2020-10-11 18:55:55,741] - ==> [2020-10-11 18:55:55 736] TCPPacketReceiver::processPendingEvents(192.168.2.246:50865): Throwing REASON_GENERAL_NETWORK - WSAECONNRESET
 ERROR root [0x00000c0c] [2020-10-11 18:55:55,742] - ==> [2020-10-11 18:55:55 739] Components::removeComponentByChannel: logger : 210002, Abnormal exit! TCPPacketReceiver::processRecv(): errno=10054

  WARN root [0x00000c0c] [2020-10-11 18:55:55,832] - TCPPacketReceiver::processPendingEvents(192.168.2.246:50868): Throwing REASON_GENERAL_NETWORK - WSAECONNRESET
 ERROR root [0x00000c0c] [2020-10-11 18:55:55,837] - Components::removeComponentByChannel: dbmgr : 42002, Abnormal exit! TCPPacketReceiver::processRecv(): errno=10054

  INFO root [0x00000c0c] [2020-10-11 18:55:55,840] - Shutdowner::onShutdownBegin: shutting down(period=0, tickPeriod=1)
S_INFO root [0x00000c0c] [2020-10-11 18:55:55,842] - onBaseAppShutDown: state=0
  INFO root [0x00000c0c] [2020-10-11 18:55:55,843] - Shutdowner::onShutdown: shutting down
S_INFO root [0x00000c0c] [2020-10-11 18:55:55,843] - onBaseAppShutDown: state=1
  INFO root [0x00000c0c] [2020-10-11 18:55:55,843] - Shutdowner::onShutdownEnd: shutting down
S_INFO root [0x00000c0c] [2020-10-11 18:55:55,844] - onBaseAppShutDown: state=2
 DEBUG root [0x00000c0c] [2020-10-11 18:55:55,856] - Halls::~Halls(): 1
 DEBUG root [0x00000c0c] [2020-10-11 18:55:55,857] - Script::uninstall_py_dlls(): PyInit_pyexpat
 DEBUG root [0x00000c0c] [2020-10-11 18:55:55,857] - Script::uninstall_py_dlls(): PyInit__socket
 DEBUG root [0x00000c0c] [2020-10-11 18:55:55,858] - Script::uninstall_py_dlls(): PyInit__ssl
 DEBUG root [0x00000c0c] [2020-10-11 18:55:55,858] - Script::uninstall_py_dlls(): PyInit__hashlib
 DEBUG root [0x00000c0c] [2020-10-11 18:55:55,858] - Script::uninstall_py_dlls(): PyInit_select
 DEBUG root [0x00000c0c] [2020-10-11 18:55:55,858] - Script::uninstall_py_dlls(): PyInit__ctypes
 DEBUG root [0x00000c0c] [2020-10-11 18:55:55,859] - Script::uninstall_py_dlls(): PyInit__elementtree
 DEBUG root [0x00000c0c] [2020-10-11 18:55:55,859] - Script::uninstall_py_dlls(): PyInit_unicodedata
  INFO root [0x00000c0c] [2020-10-11 18:55:55,884] - Script::uninstall(): is successfully!
 DEBUG root [0x00000c0c] [2020-10-11 18:55:55,885] - ThreadPool::destroy(): starting size 2.
  INFO root [0x00002584] [2020-10-11 19:04:20,654] - 
  INFO root [0x00002584] [2020-10-11 19:04:20,654] - -----------------------------------------------------------------------------------------


  INFO root [0x00002584] [2020-10-11 19:04:20,654] - Resmgr::initialize: KBE_ROOT=D:/kbengine_24pic/
  INFO root [0x00002584] [2020-10-11 19:04:20,654] - Resmgr::initialize: KBE_RES_PATH=D:/kbengine_24pic/kbe/res/;D:/kbengine_24pic/kbengine_stone_assets/;D:/kbengine_24pic/kbengine_stone_assets/scripts/;D:/kbengine_24pic/kbengine_stone_assets/res/
  INFO root [0x00002584] [2020-10-11 19:04:20,654] - Resmgr::initialize: KBE_BIN_PATH=D:/kbengine_24pic/kbe/bin/server/
  INFO root [0x00002584] [2020-10-11 19:04:20,654] - NetworkInterface::initialize(EXTERNAL): bound to all interfaces with default route interface on 192.168.2.246 ( 192.168.2.246:20015 )
  INFO root [0x00002584] [2020-10-11 19:04:20,654] - NetworkInterface::initialize(EXTERNAL): address 192.168.2.246:20015, SOMAXCONN=128.
  INFO root [0x00002584] [2020-10-11 19:04:20,654] - NetworkInterface::initialize(INTERNAL): bound to all interfaces with default route interface on 192.168.2.246 ( 192.168.2.246:49807 )
  INFO root [0x00002584] [2020-10-11 19:04:20,654] - NetworkInterface::initialize(INTERNAL): address 192.168.2.246:49807, SOMAXCONN=128.
  INFO root [0x00002584] [2020-10-11 19:04:20,654] - server-configs:
  INFO root [0x00002584] [2020-10-11 19:04:20,654] - 	gameUpdateHertz : 30
  INFO root [0x00002584] [2020-10-11 19:04:20,654] - 	entryScriptFile : kbemain
  INFO root [0x00002584] [2020-10-11 19:04:20,654] - 	internalAddr : 192.168.2.246:49807
  INFO root [0x00002584] [2020-10-11 19:04:20,654] - 	externalAddr : 192.168.2.246:20015
  INFO root [0x00002584] [2020-10-11 19:04:20,654] - 	componentID : 720012
  INFO root [0x00002584] [2020-10-11 19:04:20,654] - Components::findLogger: found logger, addr:192.168.2.246:49782
  INFO root [0x00002584] [2020-10-11 19:04:20,654] - Components::addComponent: reset orderLog, uid=23140!
  INFO root [0x00002584] [2020-10-11 19:04:20,654] - Components::addComponent[logger], uid=23140, componentID=210002, globalorderid=1, grouporderid=1, totalcount=1
  INFO root [0x00002584] [2020-10-11 19:04:20,654] - ---- baseapp Version: 1.2.7. ScriptVersion: 0.1.0. Protocol: 84173EFF21DE506F3117154D4C51407C. Config: Debug X86. Built: 19:02:14 Aug  4 2020. AppID: 720012. UID: 23140. PID: 12052 ----
  INFO root [0x00002584] [2020-10-11 19:04:20,654] - Server : Intel(R) Core(TM) i5-10210U CPU @ 1.60GHz with 2097151kB RAM
  INFO root [0x00002584] [2020-10-11 19:04:20,654] - ThreadPool::createThreadPool: creating  threadpool...
  INFO root [0x00002584] [2020-10-11 19:04:20,654] - ThreadPool::createThreadPool: successfully(2), newThreadCount=1, normalMaxThreadCount=2, maxThreadCount=8
 DEBUG root [0x00002584] [2020-10-11 19:04:20,654] - Script::install_py_dlls(): PyInit_pyexpat
 DEBUG root [0x00002584] [2020-10-11 19:04:20,654] - Script::install_py_dlls(): PyInit__socket
 DEBUG root [0x00002584] [2020-10-11 19:04:20,654] - Script::install_py_dlls(): PyInit__ssl
 DEBUG root [0x00002584] [2020-10-11 19:04:20,654] - Script::install_py_dlls(): PyInit__hashlib
 DEBUG root [0x00002584] [2020-10-11 19:04:20,654] - Script::install_py_dlls(): PyInit_select
 DEBUG root [0x00002584] [2020-10-11 19:04:20,654] - Script::install_py_dlls(): PyInit__ctypes
 DEBUG root [0x00002584] [2020-10-11 19:04:20,654] - Script::install_py_dlls(): PyInit__elementtree
 DEBUG root [0x00002584] [2020-10-11 19:04:20,654] - Script::install_py_dlls(): PyInit_unicodedata
  INFO root [0x00002584] [2020-10-11 19:04:21,015] - Script::install(): is successfully, Python=(3.4.2 (default, Aug  4 2020, 19:01:54) [MSC v.1925 32 bit (Intel)])!
  INFO root [0x00002584] [2020-10-11 19:04:21,015] - Script::install(): KBExtra is successfully!
 DEBUG root [0x00002584] [2020-10-11 19:04:21,015] - loaded script:Avatar(1).
 DEBUG root [0x00002584] [2020-10-11 19:04:21,015] - loaded script:Halls(2).
 DEBUG root [0x00002584] [2020-10-11 19:04:21,015] - loaded script:Room(3).
  INFO root [0x00002584] [2020-10-11 19:04:21,015] - Baseapp::initializeEnd: started resmgr tick(60s)!
  INFO root [0x00002584] [2020-10-11 19:04:21,015] - TelnetServer server is running on port 40000
  INFO root [0x00002584] [2020-10-11 19:04:21,015] - ---- baseapp is running ----
 DEBUG root [0x00002584] [2020-10-11 19:04:21,015] - Components::process(): Request for the process of identity...
  WARN root [0x00002584] [2020-10-11 19:04:27,560] - Forwarding logs to logger[192.168.2.246:49782/0/0/0]...
 ERROR root [0x00002584] [2020-10-11 19:06:32,934] - Components::removeComponentByChannel: logger : 210002, Abnormal exit! TCPPacketReceiver::processRecv(): errno=10054

  INFO root [0x00002584] [2020-10-11 19:06:32,934] - The following logs sent to logger failed:
  WARN root [0x00002584] [2020-10-11 19:06:32,934] - ==> [2020-10-11 19:06:32 949] TCPPacketReceiver::processPendingEvents(192.168.2.246:49782): Throwing REASON_GENERAL_NETWORK - WSAECONNRESET
 ERROR root [0x00002584] [2020-10-11 19:06:32,934] - ==> [2020-10-11 19:06:32 951] Components::removeComponentByChannel: logger : 210002, Abnormal exit! TCPPacketReceiver::processRecv(): errno=10054

  WARN root [0x00002584] [2020-10-11 19:06:33,044] - TCPPacketReceiver::processPendingEvents(192.168.2.246:49789): Throwing REASON_GENERAL_NETWORK - WSAECONNRESET
 ERROR root [0x00002584] [2020-10-11 19:06:33,044] - Components::removeComponentByChannel: dbmgr : 42002, Abnormal exit! TCPPacketReceiver::processRecv(): errno=10054

  INFO root [0x00002584] [2020-10-11 19:06:33,044] - Shutdowner::onShutdownBegin: shutting down(period=0, tickPeriod=1)
S_INFO root [0x00002584] [2020-10-11 19:06:33,044] - onBaseAppShutDown: state=0
  INFO root [0x00002584] [2020-10-11 19:06:33,044] - Shutdowner::onShutdown: shutting down
S_INFO root [0x00002584] [2020-10-11 19:06:33,044] - onBaseAppShutDown: state=1
  INFO root [0x00002584] [2020-10-11 19:06:33,044] - Shutdowner::onShutdownEnd: shutting down
S_INFO root [0x00002584] [2020-10-11 19:06:33,044] - onBaseAppShutDown: state=2
 ERROR root [0x00002584] [2020-10-11 19:06:33,044] - Avatar::onCellWriteToDBCompleted(2): not found dbmgr!
 ERROR root [0x00002584] [2020-10-11 19:06:33,044] - Entity::onDestroy: not found dbmgr!
 ERROR root [0x00002584] [2020-10-11 19:06:33,044] - Avatar::onCellWriteToDBCompleted(4): not found dbmgr!
 ERROR root [0x00002584] [2020-10-11 19:06:33,044] - Entity::onDestroy: not found dbmgr!
 DEBUG root [0x00002584] [2020-10-11 19:06:33,044] - Avatar::~Avatar(): 2
 DEBUG root [0x00002584] [2020-10-11 19:06:33,044] - Halls::~Halls(): 1
 DEBUG root [0x00002584] [2020-10-11 19:06:33,044] - Avatar::~Avatar(): 4
 DEBUG root [0x00002584] [2020-10-11 19:06:33,044] - Room::~Room(): 3
 DEBUG root [0x00002584] [2020-10-11 19:06:33,044] - Script::uninstall_py_dlls(): PyInit_pyexpat
 DEBUG root [0x00002584] [2020-10-11 19:06:33,044] - Script::uninstall_py_dlls(): PyInit__socket
 DEBUG root [0x00002584] [2020-10-11 19:06:33,044] - Script::uninstall_py_dlls(): PyInit__ssl
 DEBUG root [0x00002584] [2020-10-11 19:06:33,044] - Script::uninstall_py_dlls(): PyInit__hashlib
 DEBUG root [0x00002584] [2020-10-11 19:06:33,044] - Script::uninstall_py_dlls(): PyInit_select
 DEBUG root [0x00002584] [2020-10-11 19:06:33,044] - Script::uninstall_py_dlls(): PyInit__ctypes
 DEBUG root [0x00002584] [2020-10-11 19:06:33,044] - Script::uninstall_py_dlls(): PyInit__elementtree
 DEBUG root [0x00002584] [2020-10-11 19:06:33,044] - Script::uninstall_py_dlls(): PyInit_unicodedata
  INFO root [0x00002584] [2020-10-11 19:06:33,044] - Script::uninstall(): is successfully!
 DEBUG root [0x00002584] [2020-10-11 19:06:33,044] - ThreadPool::destroy(): starting size 2.
