  INFO root [0x00003e5c] [2020-10-18 17:17:09,296] - 
  INFO root [0x00003e5c] [2020-10-18 17:17:09,300] - -----------------------------------------------------------------------------------------


  INFO root [0x00003e5c] [2020-10-18 17:17:09,301] - Resmgr::initialize: KBE_ROOT=D:/kbengine_24pic/
  INFO root [0x00003e5c] [2020-10-18 17:17:09,302] - Resmgr::initialize: KBE_RES_PATH=D:/kbengine_24pic/kbe/res/;D:/kbengine_24pic/kbengine_stone_assets/;D:/kbengine_24pic/kbengine_stone_assets/scripts/;D:/kbengine_24pic/kbengine_stone_assets/res/
  INFO root [0x00003e5c] [2020-10-18 17:17:09,302] - Resmgr::initialize: KBE_BIN_PATH=D:/kbengine_24pic/kbe/bin/server/
  INFO root [0x00003e5c] [2020-10-18 17:17:09,314] - NetworkInterface::initialize(EXTERNAL): bound to all interfaces with default route interface on 192.168.2.246 ( 192.168.2.246:20015 )
  INFO root [0x00003e5c] [2020-10-18 17:17:09,342] - NetworkInterface::initialize(EXTERNAL): address 192.168.2.246:20015, SOMAXCONN=128.
  INFO root [0x00003e5c] [2020-10-18 17:17:09,350] - NetworkInterface::initialize(INTERNAL): bound to all interfaces with default route interface on 192.168.2.246 ( 192.168.2.246:56978 )
  INFO root [0x00003e5c] [2020-10-18 17:17:09,350] - NetworkInterface::initialize(INTERNAL): address 192.168.2.246:56978, SOMAXCONN=128.
  INFO root [0x00003e5c] [2020-10-18 17:17:09,351] - server-configs:
  INFO root [0x00003e5c] [2020-10-18 17:17:09,351] - 	gameUpdateHertz : 30
  INFO root [0x00003e5c] [2020-10-18 17:17:09,351] - 	entryScriptFile : kbemain
  INFO root [0x00003e5c] [2020-10-18 17:17:09,351] - 	internalAddr : 192.168.2.246:56978
  INFO root [0x00003e5c] [2020-10-18 17:17:09,351] - 	externalAddr : 192.168.2.246:20015
  INFO root [0x00003e5c] [2020-10-18 17:17:09,351] - 	componentID : 720012
  INFO root [0x00003e5c] [2020-10-18 17:17:11,038] - ---- baseapp Version: 1.2.7. ScriptVersion: 0.1.0. Protocol: 84173EFF21DE506F3117154D4C51407C. Config: Debug X86. Built: 19:02:14 Aug  4 2020. AppID: 720012. UID: 11232. PID: 11508 ----
  INFO root [0x00003e5c] [2020-10-18 17:17:11,039] - Server : Intel(R) Core(TM) i5-10210U CPU @ 1.60GHz with 2097151kB RAM
  INFO root [0x00003e5c] [2020-10-18 17:17:11,039] - ThreadPool::createThreadPool: creating  threadpool...
  INFO root [0x00003e5c] [2020-10-18 17:17:11,040] - ThreadPool::createThreadPool: successfully(2), newThreadCount=1, normalMaxThreadCount=2, maxThreadCount=8
 DEBUG root [0x00003e5c] [2020-10-18 17:17:11,211] - Script::install_py_dlls(): PyInit_pyexpat
 DEBUG root [0x00003e5c] [2020-10-18 17:17:11,212] - Script::install_py_dlls(): PyInit__socket
 DEBUG root [0x00003e5c] [2020-10-18 17:17:11,215] - Script::install_py_dlls(): PyInit__ssl
 DEBUG root [0x00003e5c] [2020-10-18 17:17:11,223] - Script::install_py_dlls(): PyInit__hashlib
 DEBUG root [0x00003e5c] [2020-10-18 17:17:11,223] - Script::install_py_dlls(): PyInit_select
 DEBUG root [0x00003e5c] [2020-10-18 17:17:11,224] - Script::install_py_dlls(): PyInit__ctypes
 DEBUG root [0x00003e5c] [2020-10-18 17:17:11,225] - Script::install_py_dlls(): PyInit__elementtree
 DEBUG root [0x00003e5c] [2020-10-18 17:17:11,315] - Script::install_py_dlls(): PyInit_unicodedata
  INFO root [0x00003e5c] [2020-10-18 17:17:11,399] - Script::install(): is successfully, Python=(3.4.2 (default, Aug  4 2020, 19:01:54) [MSC v.1925 32 bit (Intel)])!
  INFO root [0x00003e5c] [2020-10-18 17:17:11,400] - Script::install(): KBExtra is successfully!
 DEBUG root [0x00003e5c] [2020-10-18 17:17:11,475] - loaded script:Avatar(1).
 DEBUG root [0x00003e5c] [2020-10-18 17:17:11,492] - loaded script:Halls(2).
 DEBUG root [0x00003e5c] [2020-10-18 17:17:11,494] - loaded script:Room(3).
  INFO root [0x00003e5c] [2020-10-18 17:17:11,495] - Baseapp::initializeEnd: started resmgr tick(60s)!
  INFO root [0x00003e5c] [2020-10-18 17:17:11,495] - TelnetServer server is running on port 40000
  INFO root [0x00003e5c] [2020-10-18 17:17:11,775] - ---- baseapp is running ----
 DEBUG root [0x00003e5c] [2020-10-18 17:17:11,775] - Components::process(): Request for the process of identity...
  WARN root [0x00003e5c] [2020-10-18 17:17:18,019] - EntityApp::checkTickPeriod: tick took 18918% (18.92 seconds)!
  INFO root [0x00003e5c] [2020-10-18 17:17:19,042] - Components::findComponents: find logger(1)...
  INFO root [0x00003e5c] [2020-10-18 17:17:19,072] - Components::findComponents: found logger, addr:192.168.2.246:56974
  INFO root [0x00003e5c] [2020-10-18 17:17:19,074] - Components::addComponent: reset orderLog, uid=11232!
  INFO root [0x00003e5c] [2020-10-18 17:17:19,075] - Components::addComponent[logger], uid=11232, componentID=210002, globalorderid=1, grouporderid=1, totalcount=1
  INFO root [0x00003e5c] [2020-10-18 17:17:19,077] - Components::findComponents: find dbmgr(2)...
  INFO root [0x00003e5c] [2020-10-18 17:17:19,087] - Components::findComponents: found logger, addr:192.168.2.246:56974
  INFO root [0x00003e5c] [2020-10-18 17:17:19,091] - Components::findComponents: found dbmgr, addr:192.168.2.246:56971
  INFO root [0x00003e5c] [2020-10-18 17:17:19,091] - Components::addComponent: reset orderLog, uid=11232!
  INFO root [0x00003e5c] [2020-10-18 17:17:19,091] - Components::addComponent[dbmgr], uid=11232, componentID=42002, globalorderid=1, grouporderid=1, totalcount=1
  INFO root [0x00003e5c] [2020-10-18 17:17:19,196] - Components::findComponents: found dbmgr, addr:192.168.2.246:56971
  WARN root [0x00003e5c] [2020-10-18 17:17:20,196] - EntityApp::checkTickPeriod: tick took 3600% (3.60 seconds)!
  WARN root [0x00003e5c] [2020-10-18 17:17:20,199] - Forwarding logs to logger[192.168.2.246:56974/0/0/0]...
 ERROR root [0x00003e5c] [2020-10-18 17:30:29,533] - Components::removeComponentByChannel: logger : 210002, Abnormal exit! TCPPacketReceiver::processRecv(): errno=10054

  INFO root [0x00003e5c] [2020-10-18 17:30:29,549] - The following logs sent to logger failed:
  WARN root [0x00003e5c] [2020-10-18 17:30:29,551] - ==> [2020-10-18 17:30:29 532] TCPPacketReceiver::processPendingEvents(192.168.2.246:56974): Throwing REASON_GENERAL_NETWORK - WSAECONNRESET
 ERROR root [0x00003e5c] [2020-10-18 17:30:29,551] - ==> [2020-10-18 17:30:29 534] Components::removeComponentByChannel: logger : 210002, Abnormal exit! TCPPacketReceiver::processRecv(): errno=10054

  WARN root [0x00003e5c] [2020-10-18 17:30:29,628] - TCPPacketReceiver::processPendingEvents(192.168.2.246:56971): Throwing REASON_GENERAL_NETWORK - WSAECONNRESET
 ERROR root [0x00003e5c] [2020-10-18 17:30:29,629] - Components::removeComponentByChannel: dbmgr : 42002, Abnormal exit! TCPPacketReceiver::processRecv(): errno=10054

  INFO root [0x00003e5c] [2020-10-18 17:30:29,649] - Shutdowner::onShutdownBegin: shutting down(period=0, tickPeriod=1)
S_INFO root [0x00003e5c] [2020-10-18 17:30:29,661] - onBaseAppShutDown: state=0
  INFO root [0x00003e5c] [2020-10-18 17:30:29,662] - Shutdowner::onShutdown: shutting down
S_INFO root [0x00003e5c] [2020-10-18 17:30:29,663] - onBaseAppShutDown: state=1
  INFO root [0x00003e5c] [2020-10-18 17:30:29,664] - Shutdowner::onShutdownEnd: shutting down
S_INFO root [0x00003e5c] [2020-10-18 17:30:29,666] - onBaseAppShutDown: state=2
 DEBUG root [0x00003e5c] [2020-10-18 17:30:29,686] - Halls::~Halls(): 10001
 DEBUG root [0x00003e5c] [2020-10-18 17:30:29,687] - Script::uninstall_py_dlls(): PyInit_pyexpat
 DEBUG root [0x00003e5c] [2020-10-18 17:30:29,687] - Script::uninstall_py_dlls(): PyInit__socket
 DEBUG root [0x00003e5c] [2020-10-18 17:30:29,687] - Script::uninstall_py_dlls(): PyInit__ssl
 DEBUG root [0x00003e5c] [2020-10-18 17:30:29,688] - Script::uninstall_py_dlls(): PyInit__hashlib
 DEBUG root [0x00003e5c] [2020-10-18 17:30:29,688] - Script::uninstall_py_dlls(): PyInit_select
 DEBUG root [0x00003e5c] [2020-10-18 17:30:29,688] - Script::uninstall_py_dlls(): PyInit__ctypes
 DEBUG root [0x00003e5c] [2020-10-18 17:30:29,688] - Script::uninstall_py_dlls(): PyInit__elementtree
 DEBUG root [0x00003e5c] [2020-10-18 17:30:29,689] - Script::uninstall_py_dlls(): PyInit_unicodedata
  INFO root [0x00003e5c] [2020-10-18 17:30:29,720] - Script::uninstall(): is successfully!
 DEBUG root [0x00003e5c] [2020-10-18 17:30:29,721] - ThreadPool::destroy(): starting size 2.
  INFO root [0x00003c90] [2020-10-18 17:30:31,390] - 
  INFO root [0x00003c90] [2020-10-18 17:30:31,396] - -----------------------------------------------------------------------------------------


  INFO root [0x00003c90] [2020-10-18 17:30:31,397] - Resmgr::initialize: KBE_ROOT=D:/kbengine_24pic/
  INFO root [0x00003c90] [2020-10-18 17:30:31,397] - Resmgr::initialize: KBE_RES_PATH=D:/kbengine_24pic/kbe/res/;D:/kbengine_24pic/kbengine_stone_assets/;D:/kbengine_24pic/kbengine_stone_assets/scripts/;D:/kbengine_24pic/kbengine_stone_assets/res/
  INFO root [0x00003c90] [2020-10-18 17:30:31,398] - Resmgr::initialize: KBE_BIN_PATH=D:/kbengine_24pic/kbe/bin/server/
  INFO root [0x00003c90] [2020-10-18 17:30:31,416] - NetworkInterface::initialize(EXTERNAL): bound to all interfaces with default route interface on 192.168.2.246 ( 192.168.2.246:20015 )
  INFO root [0x00003c90] [2020-10-18 17:30:31,417] - NetworkInterface::initialize(EXTERNAL): address 192.168.2.246:20015, SOMAXCONN=128.
  INFO root [0x00003c90] [2020-10-18 17:30:31,420] - NetworkInterface::initialize(INTERNAL): bound to all interfaces with default route interface on 192.168.2.246 ( 192.168.2.246:57428 )
  INFO root [0x00003c90] [2020-10-18 17:30:31,420] - NetworkInterface::initialize(INTERNAL): address 192.168.2.246:57428, SOMAXCONN=128.
  INFO root [0x00003c90] [2020-10-18 17:30:31,421] - server-configs:
  INFO root [0x00003c90] [2020-10-18 17:30:31,421] - 	gameUpdateHertz : 30
  INFO root [0x00003c90] [2020-10-18 17:30:31,421] - 	entryScriptFile : kbemain
  INFO root [0x00003c90] [2020-10-18 17:30:31,421] - 	internalAddr : 192.168.2.246:57428
  INFO root [0x00003c90] [2020-10-18 17:30:31,421] - 	externalAddr : 192.168.2.246:20015
  INFO root [0x00003c90] [2020-10-18 17:30:31,421] - 	componentID : 720012
  INFO root [0x00003c90] [2020-10-18 17:30:31,748] - Components::findLogger: found logger, addr:192.168.2.246:57422
  INFO root [0x00003c90] [2020-10-18 17:30:31,748] - Components::addComponent: reset orderLog, uid=13851!
  INFO root [0x00003c90] [2020-10-18 17:30:31,748] - Components::addComponent[logger], uid=13851, componentID=210002, globalorderid=1, grouporderid=1, totalcount=1
  INFO root [0x00003c90] [2020-10-18 17:30:31,755] - ---- baseapp Version: 1.2.7. ScriptVersion: 0.1.0. Protocol: 84173EFF21DE506F3117154D4C51407C. Config: Debug X86. Built: 19:02:14 Aug  4 2020. AppID: 720012. UID: 13851. PID: 16168 ----
  INFO root [0x00003c90] [2020-10-18 17:30:31,755] - Server : Intel(R) Core(TM) i5-10210U CPU @ 1.60GHz with 2097151kB RAM
  INFO root [0x00003c90] [2020-10-18 17:30:31,755] - ThreadPool::createThreadPool: creating  threadpool...
  INFO root [0x00003c90] [2020-10-18 17:30:31,756] - ThreadPool::createThreadPool: successfully(2), newThreadCount=1, normalMaxThreadCount=2, maxThreadCount=8
 DEBUG root [0x00003c90] [2020-10-18 17:30:31,896] - Script::install_py_dlls(): PyInit_pyexpat
 DEBUG root [0x00003c90] [2020-10-18 17:30:31,897] - Script::install_py_dlls(): PyInit__socket
 DEBUG root [0x00003c90] [2020-10-18 17:30:31,898] - Script::install_py_dlls(): PyInit__ssl
 DEBUG root [0x00003c90] [2020-10-18 17:30:31,902] - Script::install_py_dlls(): PyInit__hashlib
 DEBUG root [0x00003c90] [2020-10-18 17:30:31,903] - Script::install_py_dlls(): PyInit_select
 DEBUG root [0x00003c90] [2020-10-18 17:30:31,903] - Script::install_py_dlls(): PyInit__ctypes
 DEBUG root [0x00003c90] [2020-10-18 17:30:31,904] - Script::install_py_dlls(): PyInit__elementtree
 DEBUG root [0x00003c90] [2020-10-18 17:30:31,953] - Script::install_py_dlls(): PyInit_unicodedata
  INFO root [0x00003c90] [2020-10-18 17:30:32,001] - Script::install(): is successfully, Python=(3.4.2 (default, Aug  4 2020, 19:01:54) [MSC v.1925 32 bit (Intel)])!
  INFO root [0x00003c90] [2020-10-18 17:30:32,001] - Script::install(): KBExtra is successfully!
 DEBUG root [0x00003c90] [2020-10-18 17:30:32,133] - loaded script:Avatar(1).
 DEBUG root [0x00003c90] [2020-10-18 17:30:32,150] - loaded script:Halls(2).
 DEBUG root [0x00003c90] [2020-10-18 17:30:32,152] - loaded script:Room(3).
  INFO root [0x00003c90] [2020-10-18 17:30:32,152] - Baseapp::initializeEnd: started resmgr tick(60s)!
  INFO root [0x00003c90] [2020-10-18 17:30:32,153] - TelnetServer server is running on port 40000
  INFO root [0x00003c90] [2020-10-18 17:30:32,416] - ---- baseapp is running ----
 DEBUG root [0x00003c90] [2020-10-18 17:30:32,416] - Components::process(): Request for the process of identity...
  INFO root [0x00003d94] [2020-10-18 17:30:36,063] - 
  INFO root [0x00003d94] [2020-10-18 17:30:36,063] - -----------------------------------------------------------------------------------------


  INFO root [0x00003d94] [2020-10-18 17:30:36,064] - Resmgr::initialize: KBE_ROOT=D:/kbengine_24pic/
  INFO root [0x00003d94] [2020-10-18 17:30:36,064] - Resmgr::initialize: KBE_RES_PATH=D:/kbengine_24pic/kbe/res/;D:/kbengine_24pic/kbengine_stone_assets/;D:/kbengine_24pic/kbengine_stone_assets/scripts/;D:/kbengine_24pic/kbengine_stone_assets/res/
  INFO root [0x00003d94] [2020-10-18 17:30:36,065] - Resmgr::initialize: KBE_BIN_PATH=D:/kbengine_24pic/kbe/bin/server/
  INFO root [0x00003d94] [2020-10-18 17:30:36,070] - NetworkInterface::initialize(EXTERNAL): bound to all interfaces with default route interface on 192.168.2.246 ( 192.168.2.246:20015 )
  INFO root [0x00003d94] [2020-10-18 17:30:36,070] - NetworkInterface::initialize(EXTERNAL): address 192.168.2.246:20015, SOMAXCONN=128.
  INFO root [0x00003d94] [2020-10-18 17:30:36,073] - NetworkInterface::initialize(INTERNAL): bound to all interfaces with default route interface on 192.168.2.246 ( 192.168.2.246:57438 )
  INFO root [0x00003d94] [2020-10-18 17:30:36,074] - NetworkInterface::initialize(INTERNAL): address 192.168.2.246:57438, SOMAXCONN=128.
  INFO root [0x00003d94] [2020-10-18 17:30:36,075] - server-configs:
  INFO root [0x00003d94] [2020-10-18 17:30:36,075] - 	gameUpdateHertz : 30
  INFO root [0x00003d94] [2020-10-18 17:30:36,076] - 	entryScriptFile : kbemain
  INFO root [0x00003d94] [2020-10-18 17:30:36,076] - 	internalAddr : 192.168.2.246:57438
  INFO root [0x00003d94] [2020-10-18 17:30:36,076] - 	externalAddr : 192.168.2.246:20015
  INFO root [0x00003d94] [2020-10-18 17:30:36,076] - 	componentID : 720012
  INFO root [0x00003d94] [2020-10-18 17:30:36,377] - Components::findLogger: found logger, addr:192.168.2.246:57433
  INFO root [0x00003d94] [2020-10-18 17:30:36,377] - Components::addComponent: reset orderLog, uid=13867!
  INFO root [0x00003d94] [2020-10-18 17:30:36,377] - Components::addComponent[logger], uid=13867, componentID=210002, globalorderid=1, grouporderid=1, totalcount=1
  INFO root [0x00003d94] [2020-10-18 17:30:36,381] - ---- baseapp Version: 1.2.7. ScriptVersion: 0.1.0. Protocol: 84173EFF21DE506F3117154D4C51407C. Config: Debug X86. Built: 19:02:14 Aug  4 2020. AppID: 720012. UID: 13867. PID: 11288 ----
  INFO root [0x00003d94] [2020-10-18 17:30:36,382] - Server : Intel(R) Core(TM) i5-10210U CPU @ 1.60GHz with 2097151kB RAM
  INFO root [0x00003d94] [2020-10-18 17:30:36,382] - ThreadPool::createThreadPool: creating  threadpool...
  INFO root [0x00003d94] [2020-10-18 17:30:36,382] - ThreadPool::createThreadPool: successfully(2), newThreadCount=1, normalMaxThreadCount=2, maxThreadCount=8
 DEBUG root [0x00003d94] [2020-10-18 17:30:36,519] - Script::install_py_dlls(): PyInit_pyexpat
 DEBUG root [0x00003d94] [2020-10-18 17:30:36,519] - Script::install_py_dlls(): PyInit__socket
 DEBUG root [0x00003d94] [2020-10-18 17:30:36,520] - Script::install_py_dlls(): PyInit__ssl
 DEBUG root [0x00003d94] [2020-10-18 17:30:36,522] - Script::install_py_dlls(): PyInit__hashlib
 DEBUG root [0x00003d94] [2020-10-18 17:30:36,523] - Script::install_py_dlls(): PyInit_select
 DEBUG root [0x00003d94] [2020-10-18 17:30:36,523] - Script::install_py_dlls(): PyInit__ctypes
 DEBUG root [0x00003d94] [2020-10-18 17:30:36,523] - Script::install_py_dlls(): PyInit__elementtree
 DEBUG root [0x00003d94] [2020-10-18 17:30:36,557] - Script::install_py_dlls(): PyInit_unicodedata
  INFO root [0x00003d94] [2020-10-18 17:30:36,589] - Script::install(): is successfully, Python=(3.4.2 (default, Aug  4 2020, 19:01:54) [MSC v.1925 32 bit (Intel)])!
  INFO root [0x00003d94] [2020-10-18 17:30:36,589] - Script::install(): KBExtra is successfully!
 DEBUG root [0x00003d94] [2020-10-18 17:30:36,625] - loaded script:Avatar(1).
 DEBUG root [0x00003d94] [2020-10-18 17:30:36,635] - loaded script:Halls(2).
 DEBUG root [0x00003d94] [2020-10-18 17:30:36,637] - loaded script:Room(3).
  INFO root [0x00003d94] [2020-10-18 17:30:36,637] - Baseapp::initializeEnd: started resmgr tick(60s)!
  INFO root [0x00003d94] [2020-10-18 17:30:36,637] - TelnetServer server is running on port 40000
  INFO root [0x00003d94] [2020-10-18 17:30:36,846] - ---- baseapp is running ----
 DEBUG root [0x00003d94] [2020-10-18 17:30:36,847] - Components::process(): Request for the process of identity...
  WARN root [0x00003d94] [2020-10-18 17:30:43,003] - Forwarding logs to logger[192.168.2.246:57433/0/0/0]...
 ERROR root [0x00003d94] [2020-10-18 17:48:14,640] - Components::removeComponentByChannel: logger : 210002, Abnormal exit! TCPPacketReceiver::processRecv(): errno=10054

  INFO root [0x00003d94] [2020-10-18 17:48:14,653] - The following logs sent to logger failed:
  WARN root [0x00003d94] [2020-10-18 17:48:14,654] - ==> [2020-10-18 17:48:14 640] TCPPacketReceiver::processPendingEvents(192.168.2.246:57433): Throwing REASON_GENERAL_NETWORK - WSAECONNRESET
 ERROR root [0x00003d94] [2020-10-18 17:48:14,654] - ==> [2020-10-18 17:48:14 642] Components::removeComponentByChannel: logger : 210002, Abnormal exit! TCPPacketReceiver::processRecv(): errno=10054

  WARN root [0x00003d94] [2020-10-18 17:48:14,737] - TCPPacketReceiver::processPendingEvents(192.168.2.246:57434): Throwing REASON_GENERAL_NETWORK - WSAECONNRESET
 ERROR root [0x00003d94] [2020-10-18 17:48:14,738] - Components::removeComponentByChannel: dbmgr : 42002, Abnormal exit! TCPPacketReceiver::processRecv(): errno=10054

  INFO root [0x00003d94] [2020-10-18 17:48:14,767] - Shutdowner::onShutdownBegin: shutting down(period=0, tickPeriod=1)
S_INFO root [0x00003d94] [2020-10-18 17:48:14,785] - onBaseAppShutDown: state=0
  INFO root [0x00003d94] [2020-10-18 17:48:14,787] - Shutdowner::onShutdown: shutting down
S_INFO root [0x00003d94] [2020-10-18 17:48:14,788] - onBaseAppShutDown: state=1
  INFO root [0x00003d94] [2020-10-18 17:48:14,789] - Shutdowner::onShutdownEnd: shutting down
S_INFO root [0x00003d94] [2020-10-18 17:48:14,790] - onBaseAppShutDown: state=2
 DEBUG root [0x00003d94] [2020-10-18 17:48:14,810] - Halls::~Halls(): 1
 DEBUG root [0x00003d94] [2020-10-18 17:48:14,812] - Script::uninstall_py_dlls(): PyInit_pyexpat
 DEBUG root [0x00003d94] [2020-10-18 17:48:14,812] - Script::uninstall_py_dlls(): PyInit__socket
 DEBUG root [0x00003d94] [2020-10-18 17:48:14,812] - Script::uninstall_py_dlls(): PyInit__ssl
 DEBUG root [0x00003d94] [2020-10-18 17:48:14,812] - Script::uninstall_py_dlls(): PyInit__hashlib
 DEBUG root [0x00003d94] [2020-10-18 17:48:14,813] - Script::uninstall_py_dlls(): PyInit_select
 DEBUG root [0x00003d94] [2020-10-18 17:48:14,813] - Script::uninstall_py_dlls(): PyInit__ctypes
 DEBUG root [0x00003d94] [2020-10-18 17:48:14,813] - Script::uninstall_py_dlls(): PyInit__elementtree
 DEBUG root [0x00003d94] [2020-10-18 17:48:14,813] - Script::uninstall_py_dlls(): PyInit_unicodedata
  INFO root [0x00003d94] [2020-10-18 17:48:14,843] - Script::uninstall(): is successfully!
 DEBUG root [0x00003d94] [2020-10-18 17:48:14,843] - ThreadPool::destroy(): starting size 2.
  INFO root [0x00002610] [2020-10-18 17:48:17,956] - 
  INFO root [0x00002610] [2020-10-18 17:48:17,957] - -----------------------------------------------------------------------------------------


  INFO root [0x00002610] [2020-10-18 17:48:17,958] - Resmgr::initialize: KBE_ROOT=D:/kbengine_24pic/
  INFO root [0x00002610] [2020-10-18 17:48:17,959] - Resmgr::initialize: KBE_RES_PATH=D:/kbengine_24pic/kbe/res/;D:/kbengine_24pic/kbengine_stone_assets/;D:/kbengine_24pic/kbengine_stone_assets/scripts/;D:/kbengine_24pic/kbengine_stone_assets/res/
  INFO root [0x00002610] [2020-10-18 17:48:17,959] - Resmgr::initialize: KBE_BIN_PATH=D:/kbengine_24pic/kbe/bin/server/
  INFO root [0x00002610] [2020-10-18 17:48:17,964] - NetworkInterface::initialize(EXTERNAL): bound to all interfaces with default route interface on 192.168.2.246 ( 192.168.2.246:20015 )
  INFO root [0x00002610] [2020-10-18 17:48:17,964] - NetworkInterface::initialize(EXTERNAL): address 192.168.2.246:20015, SOMAXCONN=128.
  INFO root [0x00002610] [2020-10-18 17:48:17,967] - NetworkInterface::initialize(INTERNAL): bound to all interfaces with default route interface on 192.168.2.246 ( 192.168.2.246:58002 )
  INFO root [0x00002610] [2020-10-18 17:48:17,967] - NetworkInterface::initialize(INTERNAL): address 192.168.2.246:58002, SOMAXCONN=128.
  INFO root [0x00002610] [2020-10-18 17:48:17,968] - server-configs:
  INFO root [0x00002610] [2020-10-18 17:48:17,968] - 	gameUpdateHertz : 30
  INFO root [0x00002610] [2020-10-18 17:48:17,968] - 	entryScriptFile : kbemain
  INFO root [0x00002610] [2020-10-18 17:48:17,968] - 	internalAddr : 192.168.2.246:58002
  INFO root [0x00002610] [2020-10-18 17:48:17,968] - 	externalAddr : 192.168.2.246:20015
  INFO root [0x00002610] [2020-10-18 17:48:17,969] - 	componentID : 720012
  INFO root [0x00002610] [2020-10-18 17:48:18,214] - Components::findLogger: found logger, addr:192.168.2.246:57997
  INFO root [0x00002610] [2020-10-18 17:48:18,214] - Components::addComponent: reset orderLog, uid=17335!
  INFO root [0x00002610] [2020-10-18 17:48:18,214] - Components::addComponent[logger], uid=17335, componentID=210002, globalorderid=1, grouporderid=1, totalcount=1
  INFO root [0x00002610] [2020-10-18 17:48:18,219] - ---- baseapp Version: 1.2.7. ScriptVersion: 0.1.0. Protocol: 84173EFF21DE506F3117154D4C51407C. Config: Debug X86. Built: 19:02:14 Aug  4 2020. AppID: 720012. UID: 17335. PID: 7752 ----
  INFO root [0x00002610] [2020-10-18 17:48:18,220] - Server : Intel(R) Core(TM) i5-10210U CPU @ 1.60GHz with 2097151kB RAM
  INFO root [0x00002610] [2020-10-18 17:48:18,220] - ThreadPool::createThreadPool: creating  threadpool...
  INFO root [0x00002610] [2020-10-18 17:48:18,220] - ThreadPool::createThreadPool: successfully(2), newThreadCount=1, normalMaxThreadCount=2, maxThreadCount=8
 DEBUG root [0x00002610] [2020-10-18 17:48:18,355] - Script::install_py_dlls(): PyInit_pyexpat
 DEBUG root [0x00002610] [2020-10-18 17:48:18,355] - Script::install_py_dlls(): PyInit__socket
 DEBUG root [0x00002610] [2020-10-18 17:48:18,356] - Script::install_py_dlls(): PyInit__ssl
 DEBUG root [0x00002610] [2020-10-18 17:48:18,359] - Script::install_py_dlls(): PyInit__hashlib
 DEBUG root [0x00002610] [2020-10-18 17:48:18,359] - Script::install_py_dlls(): PyInit_select
 DEBUG root [0x00002610] [2020-10-18 17:48:18,360] - Script::install_py_dlls(): PyInit__ctypes
 DEBUG root [0x00002610] [2020-10-18 17:48:18,360] - Script::install_py_dlls(): PyInit__elementtree
 DEBUG root [0x00002610] [2020-10-18 17:48:18,393] - Script::install_py_dlls(): PyInit_unicodedata
  INFO root [0x00002610] [2020-10-18 17:48:18,432] - Script::install(): is successfully, Python=(3.4.2 (default, Aug  4 2020, 19:01:54) [MSC v.1925 32 bit (Intel)])!
  INFO root [0x00002610] [2020-10-18 17:48:18,432] - Script::install(): KBExtra is successfully!
 DEBUG root [0x00002610] [2020-10-18 17:48:18,476] - loaded script:Avatar(1).
 DEBUG root [0x00002610] [2020-10-18 17:48:18,490] - loaded script:Halls(2).
 DEBUG root [0x00002610] [2020-10-18 17:48:18,492] - loaded script:Room(3).
  INFO root [0x00002610] [2020-10-18 17:48:18,492] - Baseapp::initializeEnd: started resmgr tick(60s)!
  INFO root [0x00002610] [2020-10-18 17:48:18,493] - TelnetServer server is running on port 40000
  INFO root [0x00002610] [2020-10-18 17:48:18,829] - ---- baseapp is running ----
 DEBUG root [0x00002610] [2020-10-18 17:48:18,829] - Components::process(): Request for the process of identity...
  WARN root [0x00002610] [2020-10-18 17:48:25,035] - Forwarding logs to logger[192.168.2.246:57997/0/0/0]...
 ERROR root [0x00002610] [2020-10-18 17:56:18,824] - Components::removeComponentByChannel: logger : 210002, Abnormal exit! TCPPacketReceiver::processRecv(): errno=10054

  INFO root [0x00002610] [2020-10-18 17:56:18,828] - The following logs sent to logger failed:
  WARN root [0x00002610] [2020-10-18 17:56:18,829] - ==> [2020-10-18 17:56:18 824] TCPPacketReceiver::processPendingEvents(192.168.2.246:57997): Throwing REASON_GENERAL_NETWORK - WSAECONNRESET
 ERROR root [0x00002610] [2020-10-18 17:56:18,830] - ==> [2020-10-18 17:56:18 826] Components::removeComponentByChannel: logger : 210002, Abnormal exit! TCPPacketReceiver::processRecv(): errno=10054

  WARN root [0x00002610] [2020-10-18 17:56:18,918] - TCPPacketReceiver::processPendingEvents(192.168.2.246:57999): Throwing REASON_GENERAL_NETWORK - WSAECONNRESET
 ERROR root [0x00002610] [2020-10-18 17:56:18,919] - Components::removeComponentByChannel: dbmgr : 42002, Abnormal exit! TCPPacketReceiver::processRecv(): errno=10054

  INFO root [0x00002610] [2020-10-18 17:56:18,931] - Shutdowner::onShutdownBegin: shutting down(period=0, tickPeriod=1)
S_INFO root [0x00002610] [2020-10-18 17:56:18,948] - onBaseAppShutDown: state=0
  INFO root [0x00002610] [2020-10-18 17:56:18,949] - Shutdowner::onShutdown: shutting down
S_INFO root [0x00002610] [2020-10-18 17:56:18,950] - onBaseAppShutDown: state=1
  INFO root [0x00002610] [2020-10-18 17:56:18,950] - Shutdowner::onShutdownEnd: shutting down
S_INFO root [0x00002610] [2020-10-18 17:56:18,951] - onBaseAppShutDown: state=2
 DEBUG root [0x00002610] [2020-10-18 17:56:18,971] - Halls::~Halls(): 1
 DEBUG root [0x00002610] [2020-10-18 17:56:18,973] - Script::uninstall_py_dlls(): PyInit_pyexpat
 DEBUG root [0x00002610] [2020-10-18 17:56:18,974] - Script::uninstall_py_dlls(): PyInit__socket
 DEBUG root [0x00002610] [2020-10-18 17:56:18,974] - Script::uninstall_py_dlls(): PyInit__ssl
 DEBUG root [0x00002610] [2020-10-18 17:56:18,974] - Script::uninstall_py_dlls(): PyInit__hashlib
 DEBUG root [0x00002610] [2020-10-18 17:56:18,975] - Script::uninstall_py_dlls(): PyInit_select
 DEBUG root [0x00002610] [2020-10-18 17:56:18,975] - Script::uninstall_py_dlls(): PyInit__ctypes
 DEBUG root [0x00002610] [2020-10-18 17:56:18,975] - Script::uninstall_py_dlls(): PyInit__elementtree
 DEBUG root [0x00002610] [2020-10-18 17:56:18,975] - Script::uninstall_py_dlls(): PyInit_unicodedata
  INFO root [0x00002610] [2020-10-18 17:56:19,010] - Script::uninstall(): is successfully!
 DEBUG root [0x00002610] [2020-10-18 17:56:19,011] - ThreadPool::destroy(): starting size 2.
  INFO root [0x00001b7c] [2020-10-18 17:56:22,578] - 
  INFO root [0x00001b7c] [2020-10-18 17:56:22,578] - -----------------------------------------------------------------------------------------


  INFO root [0x00001b7c] [2020-10-18 17:56:22,579] - Resmgr::initialize: KBE_ROOT=D:/kbengine_24pic/
  INFO root [0x00001b7c] [2020-10-18 17:56:22,580] - Resmgr::initialize: KBE_RES_PATH=D:/kbengine_24pic/kbe/res/;D:/kbengine_24pic/kbengine_stone_assets/;D:/kbengine_24pic/kbengine_stone_assets/scripts/;D:/kbengine_24pic/kbengine_stone_assets/res/
  INFO root [0x00001b7c] [2020-10-18 17:56:22,580] - Resmgr::initialize: KBE_BIN_PATH=D:/kbengine_24pic/kbe/bin/server/
  INFO root [0x00001b7c] [2020-10-18 17:56:22,584] - NetworkInterface::initialize(EXTERNAL): bound to all interfaces with default route interface on 192.168.2.246 ( 192.168.2.246:20015 )
  INFO root [0x00001b7c] [2020-10-18 17:56:22,584] - NetworkInterface::initialize(EXTERNAL): address 192.168.2.246:20015, SOMAXCONN=128.
  INFO root [0x00001b7c] [2020-10-18 17:56:22,587] - NetworkInterface::initialize(INTERNAL): bound to all interfaces with default route interface on 192.168.2.246 ( 192.168.2.246:58388 )
  INFO root [0x00001b7c] [2020-10-18 17:56:22,587] - NetworkInterface::initialize(INTERNAL): address 192.168.2.246:58388, SOMAXCONN=128.
  INFO root [0x00001b7c] [2020-10-18 17:56:22,588] - server-configs:
  INFO root [0x00001b7c] [2020-10-18 17:56:22,588] - 	gameUpdateHertz : 30
  INFO root [0x00001b7c] [2020-10-18 17:56:22,588] - 	entryScriptFile : kbemain
  INFO root [0x00001b7c] [2020-10-18 17:56:22,588] - 	internalAddr : 192.168.2.246:58388
  INFO root [0x00001b7c] [2020-10-18 17:56:22,588] - 	externalAddr : 192.168.2.246:20015
  INFO root [0x00001b7c] [2020-10-18 17:56:22,588] - 	componentID : 720012
  INFO root [0x00001b7c] [2020-10-18 17:56:22,921] - Components::findLogger: found logger, addr:192.168.2.246:58384
  INFO root [0x00001b7c] [2020-10-18 17:56:22,921] - Components::addComponent: reset orderLog, uid=18916!
  INFO root [0x00001b7c] [2020-10-18 17:56:22,922] - Components::addComponent[logger], uid=18916, componentID=210002, globalorderid=1, grouporderid=1, totalcount=1
  INFO root [0x00001b7c] [2020-10-18 17:56:22,927] - ---- baseapp Version: 1.2.7. ScriptVersion: 0.1.0. Protocol: 84173EFF21DE506F3117154D4C51407C. Config: Debug X86. Built: 19:02:14 Aug  4 2020. AppID: 720012. UID: 18916. PID: 13528 ----
  INFO root [0x00001b7c] [2020-10-18 17:56:22,927] - Server : Intel(R) Core(TM) i5-10210U CPU @ 1.60GHz with 2097151kB RAM
  INFO root [0x00001b7c] [2020-10-18 17:56:22,927] - ThreadPool::createThreadPool: creating  threadpool...
  INFO root [0x00001b7c] [2020-10-18 17:56:22,927] - ThreadPool::createThreadPool: successfully(2), newThreadCount=1, normalMaxThreadCount=2, maxThreadCount=8
 DEBUG root [0x00001b7c] [2020-10-18 17:56:23,056] - Script::install_py_dlls(): PyInit_pyexpat
 DEBUG root [0x00001b7c] [2020-10-18 17:56:23,057] - Script::install_py_dlls(): PyInit__socket
 DEBUG root [0x00001b7c] [2020-10-18 17:56:23,057] - Script::install_py_dlls(): PyInit__ssl
 DEBUG root [0x00001b7c] [2020-10-18 17:56:23,060] - Script::install_py_dlls(): PyInit__hashlib
 DEBUG root [0x00001b7c] [2020-10-18 17:56:23,061] - Script::install_py_dlls(): PyInit_select
 DEBUG root [0x00001b7c] [2020-10-18 17:56:23,061] - Script::install_py_dlls(): PyInit__ctypes
 DEBUG root [0x00001b7c] [2020-10-18 17:56:23,061] - Script::install_py_dlls(): PyInit__elementtree
 DEBUG root [0x00001b7c] [2020-10-18 17:56:23,095] - Script::install_py_dlls(): PyInit_unicodedata
  INFO root [0x00001b7c] [2020-10-18 17:56:23,128] - Script::install(): is successfully, Python=(3.4.2 (default, Aug  4 2020, 19:01:54) [MSC v.1925 32 bit (Intel)])!
  INFO root [0x00001b7c] [2020-10-18 17:56:23,128] - Script::install(): KBExtra is successfully!
 DEBUG root [0x00001b7c] [2020-10-18 17:56:23,185] - loaded script:Avatar(1).
 DEBUG root [0x00001b7c] [2020-10-18 17:56:23,200] - loaded script:Halls(2).
 DEBUG root [0x00001b7c] [2020-10-18 17:56:23,202] - loaded script:Room(3).
  INFO root [0x00001b7c] [2020-10-18 17:56:23,203] - Baseapp::initializeEnd: started resmgr tick(60s)!
  INFO root [0x00001b7c] [2020-10-18 17:56:23,203] - TelnetServer server is running on port 40000
  INFO root [0x00001b7c] [2020-10-18 17:56:23,530] - ---- baseapp is running ----
 DEBUG root [0x00001b7c] [2020-10-18 17:56:23,530] - Components::process(): Request for the process of identity...
  WARN root [0x00001b7c] [2020-10-18 17:56:29,705] - Forwarding logs to logger[192.168.2.246:58384/0/0/0]...
 ERROR root [0x00001b7c] [2020-10-18 18:26:07,028] - Components::removeComponentByChannel: logger : 210002, Abnormal exit! TCPPacketReceiver::processRecv(): errno=10054

  INFO root [0x00001b7c] [2020-10-18 18:26:07,044] - The following logs sent to logger failed:
  WARN root [0x00001b7c] [2020-10-18 18:26:07,044] - ==> [2020-10-18 18:26:07 042] TCPPacketReceiver::processPendingEvents(192.168.2.246:58384): Throwing REASON_GENERAL_NETWORK - WSAECONNRESET
 ERROR root [0x00001b7c] [2020-10-18 18:26:07,044] - ==> [2020-10-18 18:26:07 045] Components::removeComponentByChannel: logger : 210002, Abnormal exit! TCPPacketReceiver::processRecv(): errno=10054

  WARN root [0x00001b7c] [2020-10-18 18:26:07,137] - TCPPacketReceiver::processPendingEvents(192.168.2.246:58385): Throwing REASON_GENERAL_NETWORK - WSAECONNRESET
 ERROR root [0x00001b7c] [2020-10-18 18:26:07,137] - Components::removeComponentByChannel: dbmgr : 42002, Abnormal exit! TCPPacketReceiver::processRecv(): errno=10054

  INFO root [0x00001b7c] [2020-10-18 18:26:07,169] - Shutdowner::onShutdownBegin: shutting down(period=0, tickPeriod=1)
S_INFO root [0x00001b7c] [2020-10-18 18:26:07,184] - onBaseAppShutDown: state=0
  INFO root [0x00001b7c] [2020-10-18 18:26:07,184] - Shutdowner::onShutdown: shutting down
S_INFO root [0x00001b7c] [2020-10-18 18:26:07,184] - onBaseAppShutDown: state=1
  INFO root [0x00001b7c] [2020-10-18 18:26:07,184] - Shutdowner::onShutdownEnd: shutting down
S_INFO root [0x00001b7c] [2020-10-18 18:26:07,184] - onBaseAppShutDown: state=2
 DEBUG root [0x00001b7c] [2020-10-18 18:26:07,216] - Halls::~Halls(): 1
 DEBUG root [0x00001b7c] [2020-10-18 18:26:07,231] - Script::uninstall_py_dlls(): PyInit_pyexpat
 DEBUG root [0x00001b7c] [2020-10-18 18:26:07,231] - Script::uninstall_py_dlls(): PyInit__socket
 DEBUG root [0x00001b7c] [2020-10-18 18:26:07,231] - Script::uninstall_py_dlls(): PyInit__ssl
 DEBUG root [0x00001b7c] [2020-10-18 18:26:07,231] - Script::uninstall_py_dlls(): PyInit__hashlib
 DEBUG root [0x00001b7c] [2020-10-18 18:26:07,231] - Script::uninstall_py_dlls(): PyInit_select
 DEBUG root [0x00001b7c] [2020-10-18 18:26:07,231] - Script::uninstall_py_dlls(): PyInit__ctypes
 DEBUG root [0x00001b7c] [2020-10-18 18:26:07,231] - Script::uninstall_py_dlls(): PyInit__elementtree
 DEBUG root [0x00001b7c] [2020-10-18 18:26:07,231] - Script::uninstall_py_dlls(): PyInit_unicodedata
  INFO root [0x00001b7c] [2020-10-18 18:26:07,247] - Script::uninstall(): is successfully!
 DEBUG root [0x00001b7c] [2020-10-18 18:26:07,262] - ThreadPool::destroy(): starting size 2.
