  INFO root [0x00001ad8] [2020-11-01 19:58:33,676] - 
  INFO root [0x00001ad8] [2020-11-01 19:58:33,676] - -----------------------------------------------------------------------------------------


  INFO root [0x00001ad8] [2020-11-01 19:58:33,676] - Resmgr::initialize: KBE_ROOT=D:/kbengine_24pic/
  INFO root [0x00001ad8] [2020-11-01 19:58:33,676] - Resmgr::initialize: KBE_RES_PATH=D:/kbengine_24pic/kbe/res/;D:/kbengine_24pic/kbengine_stone_assets/;D:/kbengine_24pic/kbengine_stone_assets/scripts/;D:/kbengine_24pic/kbengine_stone_assets/res/
  INFO root [0x00001ad8] [2020-11-01 19:58:33,676] - Resmgr::initialize: KBE_BIN_PATH=D:/kbengine_24pic/kbe/bin/server/
  INFO root [0x00001ad8] [2020-11-01 19:58:33,676] - NetworkInterface::initialize(EXTERNAL): bound to all interfaces with default route interface on 192.168.2.246 ( 192.168.2.246:20015 )
  INFO root [0x00001ad8] [2020-11-01 19:58:33,676] - NetworkInterface::initialize(EXTERNAL): address 192.168.2.246:20015, SOMAXCONN=128.
  INFO root [0x00001ad8] [2020-11-01 19:58:33,676] - NetworkInterface::initialize(INTERNAL): bound to all interfaces with default route interface on 192.168.2.246 ( 192.168.2.246:49844 )
  INFO root [0x00001ad8] [2020-11-01 19:58:33,676] - NetworkInterface::initialize(INTERNAL): address 192.168.2.246:49844, SOMAXCONN=128.
  INFO root [0x00001ad8] [2020-11-01 19:58:33,676] - server-configs:
  INFO root [0x00001ad8] [2020-11-01 19:58:33,676] - 	gameUpdateHertz : 30
  INFO root [0x00001ad8] [2020-11-01 19:58:33,676] - 	entryScriptFile : kbemain
  INFO root [0x00001ad8] [2020-11-01 19:58:33,676] - 	internalAddr : 192.168.2.246:49844
  INFO root [0x00001ad8] [2020-11-01 19:58:33,676] - 	externalAddr : 192.168.2.246:20015
  INFO root [0x00001ad8] [2020-11-01 19:58:33,676] - 	componentID : 720012
  INFO root [0x00001ad8] [2020-11-01 19:58:35,332] - ---- baseapp Version: 1.2.7. ScriptVersion: 0.1.0. Protocol: 84173EFF21DE506F3117154D4C51407C. Config: Debug X86. Built: 19:02:14 Aug  4 2020. AppID: 720012. UID: 27973. PID: 8924 ----
  INFO root [0x00001ad8] [2020-11-01 19:58:35,332] - Server : Intel(R) Core(TM) i5-10210U CPU @ 1.60GHz with 2097151kB RAM
  INFO root [0x00001ad8] [2020-11-01 19:58:35,332] - ThreadPool::createThreadPool: creating  threadpool...
  INFO root [0x00001ad8] [2020-11-01 19:58:35,332] - ThreadPool::createThreadPool: successfully(2), newThreadCount=1, normalMaxThreadCount=2, maxThreadCount=8
 DEBUG root [0x00001ad8] [2020-11-01 19:58:35,472] - Script::install_py_dlls(): PyInit_pyexpat
 DEBUG root [0x00001ad8] [2020-11-01 19:58:35,472] - Script::install_py_dlls(): PyInit__socket
 DEBUG root [0x00001ad8] [2020-11-01 19:58:35,472] - Script::install_py_dlls(): PyInit__ssl
 DEBUG root [0x00001ad8] [2020-11-01 19:58:35,472] - Script::install_py_dlls(): PyInit__hashlib
 DEBUG root [0x00001ad8] [2020-11-01 19:58:35,472] - Script::install_py_dlls(): PyInit_select
 DEBUG root [0x00001ad8] [2020-11-01 19:58:35,472] - Script::install_py_dlls(): PyInit__ctypes
 DEBUG root [0x00001ad8] [2020-11-01 19:58:35,472] - Script::install_py_dlls(): PyInit__elementtree
 DEBUG root [0x00001ad8] [2020-11-01 19:58:35,519] - Script::install_py_dlls(): PyInit_unicodedata
  INFO root [0x00001ad8] [2020-11-01 19:58:35,550] - Script::install(): is successfully, Python=(3.4.2 (default, Aug  4 2020, 19:01:54) [MSC v.1925 32 bit (Intel)])!
  INFO root [0x00001ad8] [2020-11-01 19:58:35,550] - Script::install(): KBExtra is successfully!
 DEBUG root [0x00001ad8] [2020-11-01 19:58:35,613] - loaded script:Avatar(1).
 DEBUG root [0x00001ad8] [2020-11-01 19:58:35,629] - loaded script:Halls(2).
 DEBUG root [0x00001ad8] [2020-11-01 19:58:35,629] - loaded script:Room(3).
 DEBUG root [0x00001ad8] [2020-11-01 19:58:35,629] - loaded script:PrivateRoom(4).
  INFO root [0x00001ad8] [2020-11-01 19:58:35,629] - Baseapp::initializeEnd: started resmgr tick(60s)!
  INFO root [0x00001ad8] [2020-11-01 19:58:35,629] - TelnetServer server is running on port 40000
  INFO root [0x00001ad8] [2020-11-01 19:58:35,879] - ---- baseapp is running ----
 DEBUG root [0x00001ad8] [2020-11-01 19:58:35,879] - Components::process(): Request for the process of identity...
  WARN root [0x00001ad8] [2020-11-01 19:58:42,154] - EntityApp::checkTickPeriod: tick took 18972% (18.97 seconds)!
  INFO root [0x00001ad8] [2020-11-01 19:58:43,180] - Components::findComponents: find logger(1)...
  INFO root [0x00001ad8] [2020-11-01 19:58:43,275] - Components::findComponents: found logger, addr:192.168.2.246:49840
  INFO root [0x00001ad8] [2020-11-01 19:58:43,275] - Components::addComponent: reset orderLog, uid=27973!
  INFO root [0x00001ad8] [2020-11-01 19:58:43,275] - Components::addComponent[logger], uid=27973, componentID=210002, globalorderid=1, grouporderid=1, totalcount=1
  INFO root [0x00001ad8] [2020-11-01 19:58:43,275] - Components::findComponents: find dbmgr(2)...
  INFO root [0x00001ad8] [2020-11-01 19:58:43,384] - Components::findComponents: found dbmgr, addr:192.168.2.246:49842
  INFO root [0x00001ad8] [2020-11-01 19:58:43,384] - Components::addComponent: reset orderLog, uid=27973!
  INFO root [0x00001ad8] [2020-11-01 19:58:43,384] - Components::addComponent[dbmgr], uid=27973, componentID=42002, globalorderid=1, grouporderid=1, totalcount=1
  INFO root [0x00001ad8] [2020-11-01 19:58:43,384] - Components::findComponents: found dbmgr, addr:192.168.2.246:49842
  WARN root [0x00001ad8] [2020-11-01 19:58:44,400] - Forwarding logs to logger[192.168.2.246:49840/0/0/0]...
 ERROR root [0x00001ad8] [2020-11-01 20:18:21,790] - Components::removeComponentByChannel: logger : 210002, Abnormal exit! TCPPacketReceiver::processRecv(): errno=10054

  INFO root [0x00001ad8] [2020-11-01 20:18:21,810] - The following logs sent to logger failed:
  WARN root [0x00001ad8] [2020-11-01 20:18:21,812] - ==> [2020-11-01 20:18:21 790] TCPPacketReceiver::processPendingEvents(192.168.2.246:49840): Throwing REASON_GENERAL_NETWORK - WSAECONNRESET
 ERROR root [0x00001ad8] [2020-11-01 20:18:21,814] - ==> [2020-11-01 20:18:21 791] Components::removeComponentByChannel: logger : 210002, Abnormal exit! TCPPacketReceiver::processRecv(): errno=10054

  WARN root [0x00001ad8] [2020-11-01 20:18:21,883] - TCPPacketReceiver::processPendingEvents(192.168.2.246:49842): Throwing REASON_GENERAL_NETWORK - WSAECONNRESET
 ERROR root [0x00001ad8] [2020-11-01 20:18:21,884] - Components::removeComponentByChannel: dbmgr : 42002, Abnormal exit! TCPPacketReceiver::processRecv(): errno=10054

  INFO root [0x00001ad8] [2020-11-01 20:18:21,917] - Shutdowner::onShutdownBegin: shutting down(period=0, tickPeriod=1)
S_INFO root [0x00001ad8] [2020-11-01 20:18:21,933] - onBaseAppShutDown: state=0
  INFO root [0x00001ad8] [2020-11-01 20:18:21,934] - Shutdowner::onShutdown: shutting down
S_INFO root [0x00001ad8] [2020-11-01 20:18:21,935] - onBaseAppShutDown: state=1
  INFO root [0x00001ad8] [2020-11-01 20:18:21,935] - Shutdowner::onShutdownEnd: shutting down
S_INFO root [0x00001ad8] [2020-11-01 20:18:21,935] - onBaseAppShutDown: state=2
 DEBUG root [0x00001ad8] [2020-11-01 20:18:21,952] - Halls::~Halls(): 10001
 DEBUG root [0x00001ad8] [2020-11-01 20:18:21,953] - Script::uninstall_py_dlls(): PyInit_pyexpat
 DEBUG root [0x00001ad8] [2020-11-01 20:18:21,954] - Script::uninstall_py_dlls(): PyInit__socket
 DEBUG root [0x00001ad8] [2020-11-01 20:18:21,954] - Script::uninstall_py_dlls(): PyInit__ssl
 DEBUG root [0x00001ad8] [2020-11-01 20:18:21,954] - Script::uninstall_py_dlls(): PyInit__hashlib
 DEBUG root [0x00001ad8] [2020-11-01 20:18:21,954] - Script::uninstall_py_dlls(): PyInit_select
 DEBUG root [0x00001ad8] [2020-11-01 20:18:21,955] - Script::uninstall_py_dlls(): PyInit__ctypes
 DEBUG root [0x00001ad8] [2020-11-01 20:18:21,955] - Script::uninstall_py_dlls(): PyInit__elementtree
 DEBUG root [0x00001ad8] [2020-11-01 20:18:21,955] - Script::uninstall_py_dlls(): PyInit_unicodedata
  INFO root [0x00001ad8] [2020-11-01 20:18:21,984] - Script::uninstall(): is successfully!
 DEBUG root [0x00001ad8] [2020-11-01 20:18:21,985] - ThreadPool::destroy(): starting size 2.
  INFO root [0x00001e70] [2020-11-01 20:34:12,282] - 
  INFO root [0x00001e70] [2020-11-01 20:34:12,282] - -----------------------------------------------------------------------------------------


  INFO root [0x00001e70] [2020-11-01 20:34:12,283] - Resmgr::initialize: KBE_ROOT=D:/kbengine_24pic/
  INFO root [0x00001e70] [2020-11-01 20:34:12,284] - Resmgr::initialize: KBE_RES_PATH=D:/kbengine_24pic/kbe/res/;D:/kbengine_24pic/kbengine_stone_assets/;D:/kbengine_24pic/kbengine_stone_assets/scripts/;D:/kbengine_24pic/kbengine_stone_assets/res/
  INFO root [0x00001e70] [2020-11-01 20:34:12,284] - Resmgr::initialize: KBE_BIN_PATH=D:/kbengine_24pic/kbe/bin/server/
  INFO root [0x00001e70] [2020-11-01 20:34:12,291] - NetworkInterface::initialize(EXTERNAL): bound to all interfaces with default route interface on 192.168.2.246 ( 192.168.2.246:20015 )
  INFO root [0x00001e70] [2020-11-01 20:34:12,291] - NetworkInterface::initialize(EXTERNAL): address 192.168.2.246:20015, SOMAXCONN=128.
  INFO root [0x00001e70] [2020-11-01 20:34:12,295] - NetworkInterface::initialize(INTERNAL): bound to all interfaces with default route interface on 192.168.2.246 ( 192.168.2.246:50622 )
  INFO root [0x00001e70] [2020-11-01 20:34:12,295] - NetworkInterface::initialize(INTERNAL): address 192.168.2.246:50622, SOMAXCONN=128.
  INFO root [0x00001e70] [2020-11-01 20:34:12,295] - server-configs:
  INFO root [0x00001e70] [2020-11-01 20:34:12,296] - 	gameUpdateHertz : 30
  INFO root [0x00001e70] [2020-11-01 20:34:12,296] - 	entryScriptFile : kbemain
  INFO root [0x00001e70] [2020-11-01 20:34:12,296] - 	internalAddr : 192.168.2.246:50622
  INFO root [0x00001e70] [2020-11-01 20:34:12,296] - 	externalAddr : 192.168.2.246:20015
  INFO root [0x00001e70] [2020-11-01 20:34:12,296] - 	componentID : 720012
  INFO root [0x00001e70] [2020-11-01 20:34:12,601] - Components::findLogger: found logger, addr:192.168.2.246:50616
  INFO root [0x00001e70] [2020-11-01 20:34:12,601] - Components::addComponent: reset orderLog, uid=2190!
  INFO root [0x00001e70] [2020-11-01 20:34:12,601] - Components::addComponent[logger], uid=2190, componentID=210002, globalorderid=1, grouporderid=1, totalcount=1
  INFO root [0x00001e70] [2020-11-01 20:34:12,605] - ---- baseapp Version: 1.2.7. ScriptVersion: 0.1.0. Protocol: 84173EFF21DE506F3117154D4C51407C. Config: Debug X86. Built: 19:02:14 Aug  4 2020. AppID: 720012. UID: 2190. PID: 4820 ----
  INFO root [0x00001e70] [2020-11-01 20:34:12,606] - Server : Intel(R) Core(TM) i5-10210U CPU @ 1.60GHz with 2097151kB RAM
  INFO root [0x00001e70] [2020-11-01 20:34:12,606] - ThreadPool::createThreadPool: creating  threadpool...
  INFO root [0x00001e70] [2020-11-01 20:34:12,606] - ThreadPool::createThreadPool: successfully(2), newThreadCount=1, normalMaxThreadCount=2, maxThreadCount=8
 DEBUG root [0x00001e70] [2020-11-01 20:34:12,731] - Script::install_py_dlls(): PyInit_pyexpat
 DEBUG root [0x00001e70] [2020-11-01 20:34:12,731] - Script::install_py_dlls(): PyInit__socket
 DEBUG root [0x00001e70] [2020-11-01 20:34:12,732] - Script::install_py_dlls(): PyInit__ssl
 DEBUG root [0x00001e70] [2020-11-01 20:34:12,734] - Script::install_py_dlls(): PyInit__hashlib
 DEBUG root [0x00001e70] [2020-11-01 20:34:12,735] - Script::install_py_dlls(): PyInit_select
 DEBUG root [0x00001e70] [2020-11-01 20:34:12,735] - Script::install_py_dlls(): PyInit__ctypes
 DEBUG root [0x00001e70] [2020-11-01 20:34:12,735] - Script::install_py_dlls(): PyInit__elementtree
 DEBUG root [0x00001e70] [2020-11-01 20:34:12,764] - Script::install_py_dlls(): PyInit_unicodedata
  INFO root [0x00001e70] [2020-11-01 20:34:12,790] - Script::install(): is successfully, Python=(3.4.2 (default, Aug  4 2020, 19:01:54) [MSC v.1925 32 bit (Intel)])!
  INFO root [0x00001e70] [2020-11-01 20:34:12,790] - Script::install(): KBExtra is successfully!
 DEBUG root [0x00001e70] [2020-11-01 20:34:12,822] - loaded script:Avatar(1).
 DEBUG root [0x00001e70] [2020-11-01 20:34:12,832] - loaded script:Halls(2).
 DEBUG root [0x00001e70] [2020-11-01 20:34:12,834] - loaded script:Room(3).
 DEBUG root [0x00001e70] [2020-11-01 20:34:12,835] - loaded script:PrivateRoom(4).
  INFO root [0x00001e70] [2020-11-01 20:34:12,835] - Baseapp::initializeEnd: started resmgr tick(60s)!
  INFO root [0x00001e70] [2020-11-01 20:34:12,836] - TelnetServer server is running on port 40000
  INFO root [0x00001e70] [2020-11-01 20:34:13,059] - ---- baseapp is running ----
 DEBUG root [0x00001e70] [2020-11-01 20:34:13,059] - Components::process(): Request for the process of identity...
  WARN root [0x00001e70] [2020-11-01 20:34:19,323] - Forwarding logs to logger[192.168.2.246:50616/0/0/0]...
 ERROR root [0x00001e70] [2020-11-01 22:53:22,532] - Components::removeComponentByChannel: logger : 210002, Abnormal exit! TCPPacketReceiver::processRecv(): errno=10054

  INFO root [0x00001e70] [2020-11-01 22:53:22,548] - The following logs sent to logger failed:
  WARN root [0x00001e70] [2020-11-01 22:53:22,548] - ==> [2020-11-01 22:53:22 519] TCPPacketReceiver::processPendingEvents(192.168.2.246:50616): Throwing REASON_GENERAL_NETWORK - WSAECONNRESET
 ERROR root [0x00001e70] [2020-11-01 22:53:22,548] - ==> [2020-11-01 22:53:22 547] Components::removeComponentByChannel: logger : 210002, Abnormal exit! TCPPacketReceiver::processRecv(): errno=10054

  WARN root [0x00001e70] [2020-11-01 22:53:22,579] - TCPPacketReceiver::processPendingEvents(192.168.2.246:50617): Throwing REASON_GENERAL_NETWORK - WSAECONNRESET
 ERROR root [0x00001e70] [2020-11-01 22:53:22,579] - Components::removeComponentByChannel: dbmgr : 42002, Abnormal exit! TCPPacketReceiver::processRecv(): errno=10054

  INFO root [0x00001e70] [2020-11-01 22:53:22,595] - Shutdowner::onShutdownBegin: shutting down(period=0, tickPeriod=1)
S_INFO root [0x00001e70] [2020-11-01 22:53:22,595] - onBaseAppShutDown: state=0
  INFO root [0x00001e70] [2020-11-01 22:53:22,595] - Shutdowner::onShutdown: shutting down
S_INFO root [0x00001e70] [2020-11-01 22:53:22,595] - onBaseAppShutDown: state=1
  INFO root [0x00001e70] [2020-11-01 22:53:22,595] - Shutdowner::onShutdownEnd: shutting down
S_INFO root [0x00001e70] [2020-11-01 22:53:22,595] - onBaseAppShutDown: state=2
 DEBUG root [0x00001e70] [2020-11-01 22:53:22,610] - Halls::~Halls(): 1
 DEBUG root [0x00001e70] [2020-11-01 22:53:22,610] - Script::uninstall_py_dlls(): PyInit_pyexpat
 DEBUG root [0x00001e70] [2020-11-01 22:53:22,610] - Script::uninstall_py_dlls(): PyInit__socket
 DEBUG root [0x00001e70] [2020-11-01 22:53:22,610] - Script::uninstall_py_dlls(): PyInit__ssl
 DEBUG root [0x00001e70] [2020-11-01 22:53:22,610] - Script::uninstall_py_dlls(): PyInit__hashlib
 DEBUG root [0x00001e70] [2020-11-01 22:53:22,610] - Script::uninstall_py_dlls(): PyInit_select
 DEBUG root [0x00001e70] [2020-11-01 22:53:22,610] - Script::uninstall_py_dlls(): PyInit__ctypes
 DEBUG root [0x00001e70] [2020-11-01 22:53:22,610] - Script::uninstall_py_dlls(): PyInit__elementtree
 DEBUG root [0x00001e70] [2020-11-01 22:53:22,610] - Script::uninstall_py_dlls(): PyInit_unicodedata
  INFO root [0x00001e70] [2020-11-01 22:53:22,641] - Script::uninstall(): is successfully!
 DEBUG root [0x00001e70] [2020-11-01 22:53:22,641] - ThreadPool::destroy(): starting size 2.
