  INFO root [0x00003a10] [2020-10-18 17:17:02,244] - 
  INFO root [0x00003a10] [2020-10-18 17:17:02,245] - -----------------------------------------------------------------------------------------


  INFO root [0x00003a10] [2020-10-18 17:17:02,246] - Resmgr::initialize: KBE_ROOT=D:/kbengine_24pic/
  INFO root [0x00003a10] [2020-10-18 17:17:02,246] - Resmgr::initialize: KBE_RES_PATH=D:/kbengine_24pic/kbe/res/;D:/kbengine_24pic/kbengine_stone_assets/;D:/kbengine_24pic/kbengine_stone_assets/res/;D:/kbengine_24pic/kbengine_stone_assets/scripts/
  INFO root [0x00003a10] [2020-10-18 17:17:02,247] - Resmgr::initialize: KBE_BIN_PATH=D:/kbengine_24pic/kbe/bin/server/
  INFO root [0x00003a10] [2020-10-18 17:17:02,255] - NetworkInterface::initialize(INTERNAL): bound to all interfaces with default route interface on 192.168.2.246 ( 192.168.2.246:56950 )
  INFO root [0x00003a10] [2020-10-18 17:17:02,255] - NetworkInterface::initialize(INTERNAL): address 192.168.2.246:56950, SOMAXCONN=5.
  INFO root [0x00003a10] [2020-10-18 17:17:02,255] - server-configs:
  INFO root [0x00003a10] [2020-10-18 17:17:02,256] - 	gameUpdateHertz : 30
  INFO root [0x00003a10] [2020-10-18 17:17:02,256] - 	defaultViewRadius : 500
  INFO root [0x00003a10] [2020-10-18 17:17:02,256] - 	defaultViewHysteresisArea : 5
  INFO root [0x00003a10] [2020-10-18 17:17:02,256] - 	entryScriptFile : kbemain
  INFO root [0x00003a10] [2020-10-18 17:17:02,256] - 	internalAddr : 192.168.2.246:56950
  INFO root [0x00003a10] [2020-10-18 17:17:02,256] - 	componentID : 7129652375332859700
  WARN root [0x00003a10] [2020-10-18 17:17:02,260] - invalid UID(0) <= 0, please check UID for environment! automatically set to 65194.
  INFO root [0x00003a10] [2020-10-18 17:17:03,765] - ---- cellapp Version: 1.2.7. ScriptVersion: 0.1.0. Protocol: FB5AA4D149D453FC2A7CB28524DD1B1C. Config: Debug X86. Built: 19:02:49 Aug  4 2020. AppID: 7129652375332859700. UID: 65194. PID: 13296 ----
  INFO root [0x00003a10] [2020-10-18 17:17:03,766] - Server : Intel(R) Core(TM) i5-10210U CPU @ 1.60GHz with 2097151kB RAM
  INFO root [0x00003a10] [2020-10-18 17:17:03,766] - ThreadPool::createThreadPool: creating  threadpool...
  INFO root [0x00003a10] [2020-10-18 17:17:03,767] - ThreadPool::createThreadPool: successfully(2), newThreadCount=1, normalMaxThreadCount=2, maxThreadCount=8
 DEBUG root [0x00003a10] [2020-10-18 17:17:03,906] - Script::install_py_dlls(): PyInit_pyexpat
 DEBUG root [0x00003a10] [2020-10-18 17:17:03,907] - Script::install_py_dlls(): PyInit__socket
 DEBUG root [0x00003a10] [2020-10-18 17:17:03,907] - Script::install_py_dlls(): PyInit__ssl
 DEBUG root [0x00003a10] [2020-10-18 17:17:03,911] - Script::install_py_dlls(): PyInit__hashlib
 DEBUG root [0x00003a10] [2020-10-18 17:17:03,912] - Script::install_py_dlls(): PyInit_select
 DEBUG root [0x00003a10] [2020-10-18 17:17:03,912] - Script::install_py_dlls(): PyInit__ctypes
 DEBUG root [0x00003a10] [2020-10-18 17:17:03,913] - Script::install_py_dlls(): PyInit__elementtree
 DEBUG root [0x00003a10] [2020-10-18 17:17:03,962] - Script::install_py_dlls(): PyInit_unicodedata
  INFO root [0x00003a10] [2020-10-18 17:17:04,014] - Script::install(): is successfully, Python=(3.4.2 (default, Aug  4 2020, 19:01:54) [MSC v.1925 32 bit (Intel)])!
  INFO root [0x00003a10] [2020-10-18 17:17:04,014] - Script::install(): KBExtra is successfully!
 DEBUG root [0x00003a10] [2020-10-18 17:17:04,040] - loaded script:Avatar(1).
 DEBUG root [0x00003a10] [2020-10-18 17:17:04,076] - loaded script:Room(3).
  INFO root [0x00003a10] [2020-10-18 17:17:04,076] - TelnetServer server is running on port 50000
  INFO root [0x00003a10] [2020-10-18 17:17:04,448] - ---- cellapp is running ----
 DEBUG root [0x00003a10] [2020-10-18 17:17:04,448] - Components::process(): Request for the process of identity...
