  INFO root [0x00003268] [2020-10-11 18:20:14,223] - 
  INFO root [0x00003268] [2020-10-11 18:20:14,224] - -----------------------------------------------------------------------------------------


  INFO root [0x00003268] [2020-10-11 18:20:14,225] - Resmgr::initialize: KBE_ROOT=D:/kbengine_24pic/
  INFO root [0x00003268] [2020-10-11 18:20:14,226] - Resmgr::initialize: KBE_RES_PATH=D:/kbengine_24pic/kbe/res/;D:/kbengine_24pic/kbengine_stone_assets/;D:/kbengine_24pic/kbengine_stone_assets/scripts/;D:/kbengine_24pic/kbengine_stone_assets/res/
  INFO root [0x00003268] [2020-10-11 18:20:14,227] - Resmgr::initialize: KBE_BIN_PATH=D:/kbengine_24pic/kbe/bin/server/
  INFO root [0x00003268] [2020-10-11 18:20:14,232] - NetworkInterface::initialize(INTERNAL): bound to all interfaces with default route interface on 192.168.2.246 ( 192.168.2.246:50727 )
  INFO root [0x00003268] [2020-10-11 18:20:14,232] - NetworkInterface::initialize(INTERNAL): address 192.168.2.246:50727, SOMAXCONN=5.
  INFO root [0x00003268] [2020-10-11 18:20:14,232] - server-configs:
  INFO root [0x00003268] [2020-10-11 18:20:14,233] - 	gameUpdateHertz : 30
  INFO root [0x00003268] [2020-10-11 18:20:14,233] - 	defaultViewRadius : 500
  INFO root [0x00003268] [2020-10-11 18:20:14,233] - 	defaultViewHysteresisArea : 5
  INFO root [0x00003268] [2020-10-11 18:20:14,233] - 	entryScriptFile : kbemain
  INFO root [0x00003268] [2020-10-11 18:20:14,233] - 	internalAddr : 192.168.2.246:50727
  INFO root [0x00003268] [2020-10-11 18:20:14,234] - 	componentID : 820012
  INFO root [0x00003268] [2020-10-11 18:20:15,738] - ---- cellapp Version: 1.2.7. ScriptVersion: 0.1.0. Protocol: FB5AA4D149D453FC2A7CB28524DD1B1C. Config: Debug X86. Built: 19:02:49 Aug  4 2020. AppID: 820012. UID: 14650. PID: 7892 ----
  INFO root [0x00003268] [2020-10-11 18:20:15,739] - Server : Intel(R) Core(TM) i5-10210U CPU @ 1.60GHz with 2097151kB RAM
  INFO root [0x00003268] [2020-10-11 18:20:15,739] - ThreadPool::createThreadPool: creating  threadpool...
  INFO root [0x00003268] [2020-10-11 18:20:15,739] - ThreadPool::createThreadPool: successfully(2), newThreadCount=1, normalMaxThreadCount=2, maxThreadCount=8
 DEBUG root [0x00003268] [2020-10-11 18:20:15,867] - Script::install_py_dlls(): PyInit_pyexpat
 DEBUG root [0x00003268] [2020-10-11 18:20:15,867] - Script::install_py_dlls(): PyInit__socket
 DEBUG root [0x00003268] [2020-10-11 18:20:15,867] - Script::install_py_dlls(): PyInit__ssl
 DEBUG root [0x00003268] [2020-10-11 18:20:15,870] - Script::install_py_dlls(): PyInit__hashlib
 DEBUG root [0x00003268] [2020-10-11 18:20:15,871] - Script::install_py_dlls(): PyInit_select
 DEBUG root [0x00003268] [2020-10-11 18:20:15,871] - Script::install_py_dlls(): PyInit__ctypes
 DEBUG root [0x00003268] [2020-10-11 18:20:15,872] - Script::install_py_dlls(): PyInit__elementtree
 DEBUG root [0x00003268] [2020-10-11 18:20:15,910] - Script::install_py_dlls(): PyInit_unicodedata
  INFO root [0x00003268] [2020-10-11 18:20:15,944] - Script::install(): is successfully, Python=(3.4.2 (default, Aug  4 2020, 19:01:54) [MSC v.1925 32 bit (Intel)])!
  INFO root [0x00003268] [2020-10-11 18:20:15,944] - Script::install(): KBExtra is successfully!
 DEBUG root [0x00003268] [2020-10-11 18:20:15,972] - loaded script:Avatar(1).
 DEBUG root [0x00003268] [2020-10-11 18:20:16,008] - loaded script:Room(3).
  INFO root [0x00003268] [2020-10-11 18:20:16,008] - TelnetServer server is running on port 50000
  INFO root [0x00003268] [2020-10-11 18:20:16,213] - ---- cellapp is running ----
 DEBUG root [0x00003268] [2020-10-11 18:20:16,213] - Components::process(): Request for the process of identity...
  WARN root [0x00003268] [2020-10-11 18:20:22,393] - EntityApp::checkTickPeriod: tick took 18727% (18.73 seconds)!
  INFO root [0x00003268] [2020-10-11 18:20:23,413] - Components::findComponents: find logger(1)...
  INFO root [0x00003268] [2020-10-11 18:20:23,483] - Components::findComponents: found logger, addr:192.168.2.246:50723
  INFO root [0x00003268] [2020-10-11 18:20:23,483] - Components::addComponent: reset orderLog, uid=14650!
  INFO root [0x00003268] [2020-10-11 18:20:23,483] - Components::addComponent[logger], uid=14650, componentID=210002, globalorderid=1, grouporderid=1, totalcount=1
  INFO root [0x00003268] [2020-10-11 18:20:23,484] - Components::findComponents: find dbmgr(2)...
  INFO root [0x00003268] [2020-10-11 18:20:23,594] - Components::findComponents: found dbmgr, addr:192.168.2.246:50724
  INFO root [0x00003268] [2020-10-11 18:20:23,595] - Components::addComponent: reset orderLog, uid=14650!
  INFO root [0x00003268] [2020-10-11 18:20:23,596] - Components::addComponent[dbmgr], uid=14650, componentID=42002, globalorderid=1, grouporderid=1, totalcount=1
  INFO root [0x00003268] [2020-10-11 18:20:23,606] - Components::findComponents: found dbmgr, addr:192.168.2.246:50724
  WARN root [0x00003268] [2020-10-11 18:20:24,607] - EntityApp::checkTickPeriod: tick took 3718% (3.72 seconds)!
  WARN root [0x00003268] [2020-10-11 18:20:24,609] - Forwarding logs to logger[192.168.2.246:50723/0/0/0]...
 ERROR root [0x00003268] [2020-10-11 18:22:02,437] - Components::removeComponentByChannel: logger : 210002, Abnormal exit! TCPPacketReceiver::processRecv(): errno=10054

  INFO root [0x00003268] [2020-10-11 18:22:02,438] - The following logs sent to logger failed:
  WARN root [0x00003268] [2020-10-11 18:22:02,439] - ==> [2020-10-11 18:22:02 437] TCPPacketReceiver::processPendingEvents(192.168.2.246:50723): Throwing REASON_GENERAL_NETWORK - WSAECONNRESET
 ERROR root [0x00003268] [2020-10-11 18:22:02,440] - ==> [2020-10-11 18:22:02 438] Components::removeComponentByChannel: logger : 210002, Abnormal exit! TCPPacketReceiver::processRecv(): errno=10054

  WARN root [0x00003268] [2020-10-11 18:22:02,510] - TCPPacketReceiver::processPendingEvents(192.168.2.246:50724): Throwing REASON_GENERAL_NETWORK - WSAECONNRESET
 ERROR root [0x00003268] [2020-10-11 18:22:02,510] - Components::removeComponentByChannel: dbmgr : 42002, Abnormal exit! TCPPacketReceiver::processRecv(): errno=10054

  INFO root [0x00003268] [2020-10-11 18:22:02,516] - Shutdowner::onShutdownBegin: shutting down(period=0, tickPeriod=1)
  INFO root [0x00003268] [2020-10-11 18:22:02,518] - Shutdowner::onShutdown: shutting down
 S_DBG root [0x00003268] [2020-10-11 18:22:02,518] - Room::onDestroy: 3
 S_DBG root [0x00003268] [2020-10-11 18:22:02,519] - Avatar::onDestroy: 4.
 S_DBG root [0x00003268] [2020-10-11 18:22:02,520] - Avatar::onDestroy: 5.
  INFO root [0x00003268] [2020-10-11 18:22:02,521] - Spaces::destroySpace: 1.
  INFO root [0x00003268] [2020-10-11 18:22:02,521] - Shutdowner::onShutdownEnd: shutting down
 DEBUG root [0x00003268] [2020-10-11 18:22:02,521] - Room::~Room(): 3
 DEBUG root [0x00003268] [2020-10-11 18:22:02,521] - EntityRef::destroyObjPool(): size 16.
 DEBUG root [0x00003268] [2020-10-11 18:22:02,522] - Witness::destroyObjPool(): size 16.
 ERROR root [0x00003268] [2020-10-11 18:22:02,532] - EntityGarbages::~EntityGarbages(): leaked, size=3.
 ERROR root [0x00003268] [2020-10-11 18:22:02,533] - 	--> leaked: Avatar(2).
 ERROR root [0x00003268] [2020-10-11 18:22:02,533] - 	--> leaked: Avatar(4).
 ERROR root [0x00003268] [2020-10-11 18:22:02,534] - 	--> leaked: Avatar(5).
 ERROR root [0x00003268] [2020-10-11 18:22:02,535] - PyGC::debugTracing(): EntityCall : leaked(6)
 ERROR root [0x00003268] [2020-10-11 18:22:02,536] - PyGC::debugTracing(): Vector3 : leaked(9)
 ERROR root [0x00003268] [2020-10-11 18:22:02,537] - PyGC::debugTracing(): FixedArray : leaked(3)
 ERROR root [0x00003268] [2020-10-11 18:22:02,537] - PyGC::debugTracing(): Entity : leaked(3)
 DEBUG root [0x00003268] [2020-10-11 18:22:02,538] - Script::uninstall_py_dlls(): PyInit_pyexpat
 DEBUG root [0x00003268] [2020-10-11 18:22:02,539] - Script::uninstall_py_dlls(): PyInit__socket
 DEBUG root [0x00003268] [2020-10-11 18:22:02,539] - Script::uninstall_py_dlls(): PyInit__ssl
 DEBUG root [0x00003268] [2020-10-11 18:22:02,539] - Script::uninstall_py_dlls(): PyInit__hashlib
 DEBUG root [0x00003268] [2020-10-11 18:22:02,539] - Script::uninstall_py_dlls(): PyInit_select
 DEBUG root [0x00003268] [2020-10-11 18:22:02,539] - Script::uninstall_py_dlls(): PyInit__ctypes
 DEBUG root [0x00003268] [2020-10-11 18:22:02,539] - Script::uninstall_py_dlls(): PyInit__elementtree
 DEBUG root [0x00003268] [2020-10-11 18:22:02,540] - Script::uninstall_py_dlls(): PyInit_unicodedata
 DEBUG root [0x00003268] [2020-10-11 18:22:02,542] - Avatar::~Avatar(): 2
 DEBUG root [0x00003268] [2020-10-11 18:22:02,543] - Avatar::~Avatar(): 4
 DEBUG root [0x00003268] [2020-10-11 18:22:02,543] - Avatar::~Avatar(): 5
  INFO root [0x00003268] [2020-10-11 18:22:02,553] - Script::uninstall(): is successfully!
 DEBUG root [0x00003268] [2020-10-11 18:22:02,553] - ThreadPool::destroy(): starting size 2.
  INFO root [0x00003660] [2020-10-11 18:28:58,882] - 
  INFO root [0x00003660] [2020-10-11 18:28:58,886] - -----------------------------------------------------------------------------------------


  INFO root [0x00003660] [2020-10-11 18:28:58,887] - Resmgr::initialize: KBE_ROOT=D:/kbengine_24pic/
  INFO root [0x00003660] [2020-10-11 18:28:58,887] - Resmgr::initialize: KBE_RES_PATH=D:/kbengine_24pic/kbe/res/;D:/kbengine_24pic/kbengine_stone_assets/;D:/kbengine_24pic/kbengine_stone_assets/scripts/;D:/kbengine_24pic/kbengine_stone_assets/res/
  INFO root [0x00003660] [2020-10-11 18:28:58,887] - Resmgr::initialize: KBE_BIN_PATH=D:/kbengine_24pic/kbe/bin/server/
  INFO root [0x00003660] [2020-10-11 18:28:58,893] - NetworkInterface::initialize(INTERNAL): bound to all interfaces with default route interface on 192.168.2.246 ( 192.168.2.246:50869 )
  INFO root [0x00003660] [2020-10-11 18:28:58,894] - NetworkInterface::initialize(INTERNAL): address 192.168.2.246:50869, SOMAXCONN=5.
  INFO root [0x00003660] [2020-10-11 18:28:58,894] - server-configs:
  INFO root [0x00003660] [2020-10-11 18:28:58,894] - 	gameUpdateHertz : 30
  INFO root [0x00003660] [2020-10-11 18:28:58,894] - 	defaultViewRadius : 500
  INFO root [0x00003660] [2020-10-11 18:28:58,894] - 	defaultViewHysteresisArea : 5
  INFO root [0x00003660] [2020-10-11 18:28:58,895] - 	entryScriptFile : kbemain
  INFO root [0x00003660] [2020-10-11 18:28:58,895] - 	internalAddr : 192.168.2.246:50869
  INFO root [0x00003660] [2020-10-11 18:28:58,895] - 	componentID : 820012
  INFO root [0x00003660] [2020-10-11 18:28:59,169] - Components::findLogger: found logger, addr:192.168.2.246:50865
  INFO root [0x00003660] [2020-10-11 18:28:59,170] - Components::addComponent: reset orderLog, uid=16361!
  INFO root [0x00003660] [2020-10-11 18:28:59,170] - Components::addComponent[logger], uid=16361, componentID=210002, globalorderid=1, grouporderid=1, totalcount=1
  INFO root [0x00003660] [2020-10-11 18:28:59,176] - ---- cellapp Version: 1.2.7. ScriptVersion: 0.1.0. Protocol: FB5AA4D149D453FC2A7CB28524DD1B1C. Config: Debug X86. Built: 19:02:49 Aug  4 2020. AppID: 820012. UID: 16361. PID: 10164 ----
  INFO root [0x00003660] [2020-10-11 18:28:59,176] - Server : Intel(R) Core(TM) i5-10210U CPU @ 1.60GHz with 2097151kB RAM
  INFO root [0x00003660] [2020-10-11 18:28:59,176] - ThreadPool::createThreadPool: creating  threadpool...
  INFO root [0x00003660] [2020-10-11 18:28:59,176] - ThreadPool::createThreadPool: successfully(2), newThreadCount=1, normalMaxThreadCount=2, maxThreadCount=8
 DEBUG root [0x00003660] [2020-10-11 18:28:59,311] - Script::install_py_dlls(): PyInit_pyexpat
 DEBUG root [0x00003660] [2020-10-11 18:28:59,311] - Script::install_py_dlls(): PyInit__socket
 DEBUG root [0x00003660] [2020-10-11 18:28:59,312] - Script::install_py_dlls(): PyInit__ssl
 DEBUG root [0x00003660] [2020-10-11 18:28:59,315] - Script::install_py_dlls(): PyInit__hashlib
 DEBUG root [0x00003660] [2020-10-11 18:28:59,315] - Script::install_py_dlls(): PyInit_select
 DEBUG root [0x00003660] [2020-10-11 18:28:59,315] - Script::install_py_dlls(): PyInit__ctypes
 DEBUG root [0x00003660] [2020-10-11 18:28:59,316] - Script::install_py_dlls(): PyInit__elementtree
 DEBUG root [0x00003660] [2020-10-11 18:28:59,355] - Script::install_py_dlls(): PyInit_unicodedata
  INFO root [0x00003660] [2020-10-11 18:28:59,397] - Script::install(): is successfully, Python=(3.4.2 (default, Aug  4 2020, 19:01:54) [MSC v.1925 32 bit (Intel)])!
  INFO root [0x00003660] [2020-10-11 18:28:59,398] - Script::install(): KBExtra is successfully!
 DEBUG root [0x00003660] [2020-10-11 18:28:59,426] - loaded script:Avatar(1).
 DEBUG root [0x00003660] [2020-10-11 18:28:59,429] - loaded script:Room(3).
  INFO root [0x00003660] [2020-10-11 18:28:59,430] - TelnetServer server is running on port 50000
  INFO root [0x00003660] [2020-10-11 18:28:59,773] - ---- cellapp is running ----
 DEBUG root [0x00003660] [2020-10-11 18:28:59,773] - Components::process(): Request for the process of identity...
  WARN root [0x00003660] [2020-10-11 18:29:05,956] - Forwarding logs to logger[192.168.2.246:50865/0/0/0]...
 ERROR root [0x00003660] [2020-10-11 18:55:55,737] - Components::removeComponentByChannel: logger : 210002, Abnormal exit! TCPPacketReceiver::processRecv(): errno=10054

  INFO root [0x00003660] [2020-10-11 18:55:55,743] - The following logs sent to logger failed:
  WARN root [0x00003660] [2020-10-11 18:55:55,743] - ==> [2020-10-11 18:55:55 735] TCPPacketReceiver::processPendingEvents(192.168.2.246:50865): Throwing REASON_GENERAL_NETWORK - WSAECONNRESET
 ERROR root [0x00003660] [2020-10-11 18:55:55,743] - ==> [2020-10-11 18:55:55 738] Components::removeComponentByChannel: logger : 210002, Abnormal exit! TCPPacketReceiver::processRecv(): errno=10054

  WARN root [0x00003660] [2020-10-11 18:55:55,832] - TCPPacketReceiver::processPendingEvents(192.168.2.246:50868): Throwing REASON_GENERAL_NETWORK - WSAECONNRESET
 ERROR root [0x00003660] [2020-10-11 18:55:55,837] - Components::removeComponentByChannel: dbmgr : 42002, Abnormal exit! TCPPacketReceiver::processRecv(): errno=10054

  INFO root [0x00003660] [2020-10-11 18:55:55,840] - Shutdowner::onShutdownBegin: shutting down(period=0, tickPeriod=1)
  INFO root [0x00003660] [2020-10-11 18:55:55,843] - Shutdowner::onShutdown: shutting down
  INFO root [0x00003660] [2020-10-11 18:55:55,843] - Shutdowner::onShutdownEnd: shutting down
 DEBUG root [0x00003660] [2020-10-11 18:55:55,844] - EntityRef::destroyObjPool(): size 16.
 DEBUG root [0x00003660] [2020-10-11 18:55:55,844] - Witness::destroyObjPool(): size 16.
 ERROR root [0x00003660] [2020-10-11 18:55:55,855] - EntityGarbages::~EntityGarbages(): leaked, size=4.
 ERROR root [0x00003660] [2020-10-11 18:55:55,856] - 	--> leaked: Avatar(2).
 ERROR root [0x00003660] [2020-10-11 18:55:55,857] - 	--> leaked: Avatar(4).
 ERROR root [0x00003660] [2020-10-11 18:55:55,858] - 	--> leaked: Avatar(5).
 ERROR root [0x00003660] [2020-10-11 18:55:55,858] - 	--> leaked: Avatar(7).
 ERROR root [0x00003660] [2020-10-11 18:55:55,859] - PyGC::debugTracing(): EntityCall : leaked(8)
 ERROR root [0x00003660] [2020-10-11 18:55:55,860] - PyGC::debugTracing(): Vector3 : leaked(12)
 ERROR root [0x00003660] [2020-10-11 18:55:55,861] - PyGC::debugTracing(): FixedArray : leaked(4)
 ERROR root [0x00003660] [2020-10-11 18:55:55,862] - PyGC::debugTracing(): Entity : leaked(4)
 DEBUG root [0x00003660] [2020-10-11 18:55:55,862] - Script::uninstall_py_dlls(): PyInit_pyexpat
 DEBUG root [0x00003660] [2020-10-11 18:55:55,863] - Script::uninstall_py_dlls(): PyInit__socket
 DEBUG root [0x00003660] [2020-10-11 18:55:55,863] - Script::uninstall_py_dlls(): PyInit__ssl
 DEBUG root [0x00003660] [2020-10-11 18:55:55,863] - Script::uninstall_py_dlls(): PyInit__hashlib
 DEBUG root [0x00003660] [2020-10-11 18:55:55,863] - Script::uninstall_py_dlls(): PyInit_select
 DEBUG root [0x00003660] [2020-10-11 18:55:55,864] - Script::uninstall_py_dlls(): PyInit__ctypes
 DEBUG root [0x00003660] [2020-10-11 18:55:55,864] - Script::uninstall_py_dlls(): PyInit__elementtree
 DEBUG root [0x00003660] [2020-10-11 18:55:55,864] - Script::uninstall_py_dlls(): PyInit_unicodedata
 DEBUG root [0x00003660] [2020-10-11 18:55:55,872] - Avatar::~Avatar(): 4
 DEBUG root [0x00003660] [2020-10-11 18:55:55,872] - Avatar::~Avatar(): 2
 DEBUG root [0x00003660] [2020-10-11 18:55:55,873] - Avatar::~Avatar(): 7
 DEBUG root [0x00003660] [2020-10-11 18:55:55,873] - Avatar::~Avatar(): 5
  INFO root [0x00003660] [2020-10-11 18:55:55,888] - Script::uninstall(): is successfully!
 DEBUG root [0x00003660] [2020-10-11 18:55:55,888] - ThreadPool::destroy(): starting size 2.
  WARN root [0x00003660] [2020-10-11 18:55:56,189] - ThreadPool::destroy(): waiting for thread(2)[0x1f95730,0x1f95660,], try=1
  INFO root [0x0000230c] [2020-10-11 19:04:28,283] - 
  INFO root [0x0000230c] [2020-10-11 19:04:28,284] - -----------------------------------------------------------------------------------------


  INFO root [0x0000230c] [2020-10-11 19:04:28,285] - Resmgr::initialize: KBE_ROOT=D:/kbengine_24pic/
  INFO root [0x0000230c] [2020-10-11 19:04:28,285] - Resmgr::initialize: KBE_RES_PATH=D:/kbengine_24pic/kbe/res/;D:/kbengine_24pic/kbengine_stone_assets/;D:/kbengine_24pic/kbengine_stone_assets/scripts/;D:/kbengine_24pic/kbengine_stone_assets/res/
  INFO root [0x0000230c] [2020-10-11 19:04:28,285] - Resmgr::initialize: KBE_BIN_PATH=D:/kbengine_24pic/kbe/bin/server/
  INFO root [0x0000230c] [2020-10-11 19:04:28,291] - NetworkInterface::initialize(INTERNAL): bound to all interfaces with default route interface on 192.168.2.246 ( 192.168.2.246:49815 )
  INFO root [0x0000230c] [2020-10-11 19:04:28,291] - NetworkInterface::initialize(INTERNAL): address 192.168.2.246:49815, SOMAXCONN=5.
  INFO root [0x0000230c] [2020-10-11 19:04:28,291] - server-configs:
  INFO root [0x0000230c] [2020-10-11 19:04:28,292] - 	gameUpdateHertz : 30
  INFO root [0x0000230c] [2020-10-11 19:04:28,292] - 	defaultViewRadius : 500
  INFO root [0x0000230c] [2020-10-11 19:04:28,292] - 	defaultViewHysteresisArea : 5
  INFO root [0x0000230c] [2020-10-11 19:04:28,292] - 	entryScriptFile : kbemain
  INFO root [0x0000230c] [2020-10-11 19:04:28,292] - 	internalAddr : 192.168.2.246:49815
  INFO root [0x0000230c] [2020-10-11 19:04:28,292] - 	componentID : 820012
  INFO root [0x0000230c] [2020-10-11 19:04:28,397] - Components::findLogger: found logger, addr:192.168.2.246:49782
  INFO root [0x0000230c] [2020-10-11 19:04:28,397] - Components::addComponent: reset orderLog, uid=23140!
  INFO root [0x0000230c] [2020-10-11 19:04:28,397] - Components::addComponent[logger], uid=23140, componentID=210002, globalorderid=1, grouporderid=1, totalcount=1
  INFO root [0x0000230c] [2020-10-11 19:04:28,403] - ---- cellapp Version: 1.2.7. ScriptVersion: 0.1.0. Protocol: FB5AA4D149D453FC2A7CB28524DD1B1C. Config: Debug X86. Built: 19:02:49 Aug  4 2020. AppID: 820012. UID: 23140. PID: 7620 ----
  INFO root [0x0000230c] [2020-10-11 19:04:28,403] - Server : Intel(R) Core(TM) i5-10210U CPU @ 1.60GHz with 2097151kB RAM
  INFO root [0x0000230c] [2020-10-11 19:04:28,404] - ThreadPool::createThreadPool: creating  threadpool...
  INFO root [0x0000230c] [2020-10-11 19:04:28,404] - ThreadPool::createThreadPool: successfully(2), newThreadCount=1, normalMaxThreadCount=2, maxThreadCount=8
 DEBUG root [0x0000230c] [2020-10-11 19:04:28,537] - Script::install_py_dlls(): PyInit_pyexpat
 DEBUG root [0x0000230c] [2020-10-11 19:04:28,537] - Script::install_py_dlls(): PyInit__socket
 DEBUG root [0x0000230c] [2020-10-11 19:04:28,538] - Script::install_py_dlls(): PyInit__ssl
 DEBUG root [0x0000230c] [2020-10-11 19:04:28,541] - Script::install_py_dlls(): PyInit__hashlib
 DEBUG root [0x0000230c] [2020-10-11 19:04:28,542] - Script::install_py_dlls(): PyInit_select
 DEBUG root [0x0000230c] [2020-10-11 19:04:28,542] - Script::install_py_dlls(): PyInit__ctypes
 DEBUG root [0x0000230c] [2020-10-11 19:04:28,542] - Script::install_py_dlls(): PyInit__elementtree
 DEBUG root [0x0000230c] [2020-10-11 19:04:28,583] - Script::install_py_dlls(): PyInit_unicodedata
  INFO root [0x0000230c] [2020-10-11 19:04:28,627] - Script::install(): is successfully, Python=(3.4.2 (default, Aug  4 2020, 19:01:54) [MSC v.1925 32 bit (Intel)])!
  INFO root [0x0000230c] [2020-10-11 19:04:28,628] - Script::install(): KBExtra is successfully!
 DEBUG root [0x0000230c] [2020-10-11 19:04:28,701] - loaded script:Avatar(1).
 DEBUG root [0x0000230c] [2020-10-11 19:04:28,713] - loaded script:Room(3).
  INFO root [0x0000230c] [2020-10-11 19:04:28,713] - TelnetServer server is running on port 50000
  INFO root [0x0000230c] [2020-10-11 19:04:29,010] - ---- cellapp is running ----
 DEBUG root [0x0000230c] [2020-10-11 19:04:29,011] - Components::process(): Request for the process of identity...
  WARN root [0x0000230c] [2020-10-11 19:04:35,213] - Forwarding logs to logger[192.168.2.246:49782/0/0/0]...
 ERROR root [0x0000230c] [2020-10-11 19:06:32,950] - Components::removeComponentByChannel: logger : 210002, Abnormal exit! TCPPacketReceiver::processRecv(): errno=10054

  INFO root [0x0000230c] [2020-10-11 19:06:32,950] - The following logs sent to logger failed:
  WARN root [0x0000230c] [2020-10-11 19:06:32,950] - ==> [2020-10-11 19:06:32 950] TCPPacketReceiver::processPendingEvents(192.168.2.246:49782): Throwing REASON_GENERAL_NETWORK - WSAECONNRESET
 ERROR root [0x0000230c] [2020-10-11 19:06:32,950] - ==> [2020-10-11 19:06:32 953] Components::removeComponentByChannel: logger : 210002, Abnormal exit! TCPPacketReceiver::processRecv(): errno=10054

  WARN root [0x0000230c] [2020-10-11 19:06:33,044] - TCPPacketReceiver::processPendingEvents(192.168.2.246:49789): Throwing REASON_GENERAL_NETWORK - WSAECONNRESET
 ERROR root [0x0000230c] [2020-10-11 19:06:33,044] - Components::removeComponentByChannel: dbmgr : 42002, Abnormal exit! TCPPacketReceiver::processRecv(): errno=10054

  INFO root [0x0000230c] [2020-10-11 19:06:33,044] - Shutdowner::onShutdownBegin: shutting down(period=0, tickPeriod=1)
  INFO root [0x0000230c] [2020-10-11 19:06:33,075] - Shutdowner::onShutdown: shutting down
 S_DBG root [0x0000230c] [2020-10-11 19:06:33,075] - Room::onDestroy: 3
 S_DBG root [0x0000230c] [2020-10-11 19:06:33,075] - Avatar::onDestroy: 2.
 S_DBG root [0x0000230c] [2020-10-11 19:06:33,075] - Avatar::onDestroy: 4.
  INFO root [0x0000230c] [2020-10-11 19:06:33,075] - Spaces::destroySpace: 1.
  INFO root [0x0000230c] [2020-10-11 19:06:33,075] - Shutdowner::onShutdownEnd: shutting down
 DEBUG root [0x0000230c] [2020-10-11 19:06:33,075] - Room::~Room(): 3
 DEBUG root [0x0000230c] [2020-10-11 19:06:33,075] - EntityRef::destroyObjPool(): size 16.
 DEBUG root [0x0000230c] [2020-10-11 19:06:33,075] - Witness::destroyObjPool(): size 16.
 ERROR root [0x0000230c] [2020-10-11 19:06:33,091] - EntityGarbages::~EntityGarbages(): leaked, size=2.
 ERROR root [0x0000230c] [2020-10-11 19:06:33,106] - 	--> leaked: Avatar(2).
 ERROR root [0x0000230c] [2020-10-11 19:06:33,122] - 	--> leaked: Avatar(4).
 ERROR root [0x0000230c] [2020-10-11 19:06:33,122] - PyGC::debugTracing(): EntityCall : leaked(4)
 ERROR root [0x0000230c] [2020-10-11 19:06:33,122] - PyGC::debugTracing(): Vector3 : leaked(6)
 ERROR root [0x0000230c] [2020-10-11 19:06:33,122] - PyGC::debugTracing(): FixedArray : leaked(2)
 ERROR root [0x0000230c] [2020-10-11 19:06:33,122] - PyGC::debugTracing(): Entity : leaked(2)
 DEBUG root [0x0000230c] [2020-10-11 19:06:33,122] - Script::uninstall_py_dlls(): PyInit_pyexpat
 DEBUG root [0x0000230c] [2020-10-11 19:06:33,122] - Script::uninstall_py_dlls(): PyInit__socket
 DEBUG root [0x0000230c] [2020-10-11 19:06:33,122] - Script::uninstall_py_dlls(): PyInit__ssl
 DEBUG root [0x0000230c] [2020-10-11 19:06:33,122] - Script::uninstall_py_dlls(): PyInit__hashlib
 DEBUG root [0x0000230c] [2020-10-11 19:06:33,122] - Script::uninstall_py_dlls(): PyInit_select
 DEBUG root [0x0000230c] [2020-10-11 19:06:33,122] - Script::uninstall_py_dlls(): PyInit__ctypes
 DEBUG root [0x0000230c] [2020-10-11 19:06:33,122] - Script::uninstall_py_dlls(): PyInit__elementtree
 DEBUG root [0x0000230c] [2020-10-11 19:06:33,122] - Script::uninstall_py_dlls(): PyInit_unicodedata
 DEBUG root [0x0000230c] [2020-10-11 19:06:33,122] - Avatar::~Avatar(): 4
 DEBUG root [0x0000230c] [2020-10-11 19:06:33,122] - Avatar::~Avatar(): 2
  INFO root [0x0000230c] [2020-10-11 19:06:33,137] - Script::uninstall(): is successfully!
 DEBUG root [0x0000230c] [2020-10-11 19:06:33,137] - ThreadPool::destroy(): starting size 2.
