  INFO root [0x0000209c] [2020-11-01 19:58:33,676] - 
  INFO root [0x0000209c] [2020-11-01 19:58:33,676] - -----------------------------------------------------------------------------------------


  INFO root [0x0000209c] [2020-11-01 19:58:33,676] - Resmgr::initialize: KBE_ROOT=D:/kbengine_24pic/
  INFO root [0x0000209c] [2020-11-01 19:58:33,676] - Resmgr::initialize: KBE_RES_PATH=D:/kbengine_24pic/kbe/res/;D:/kbengine_24pic/kbengine_stone_assets/;D:/kbengine_24pic/kbengine_stone_assets/scripts/;D:/kbengine_24pic/kbengine_stone_assets/res/
  INFO root [0x0000209c] [2020-11-01 19:58:33,676] - Resmgr::initialize: KBE_BIN_PATH=D:/kbengine_24pic/kbe/bin/server/
  INFO root [0x0000209c] [2020-11-01 19:58:33,692] - NetworkInterface::initialize(INTERNAL): bound to all interfaces with default route interface on 192.168.2.246 ( 192.168.2.246:49845 )
  INFO root [0x0000209c] [2020-11-01 19:58:33,692] - NetworkInterface::initialize(INTERNAL): address 192.168.2.246:49845, SOMAXCONN=5.
  INFO root [0x0000209c] [2020-11-01 19:58:33,692] - server-configs:
  INFO root [0x0000209c] [2020-11-01 19:58:33,692] - 	gameUpdateHertz : 30
  INFO root [0x0000209c] [2020-11-01 19:58:33,692] - 	defaultViewRadius : 500
  INFO root [0x0000209c] [2020-11-01 19:58:33,692] - 	defaultViewHysteresisArea : 5
  INFO root [0x0000209c] [2020-11-01 19:58:33,692] - 	entryScriptFile : kbemain
  INFO root [0x0000209c] [2020-11-01 19:58:33,692] - 	internalAddr : 192.168.2.246:49845
  INFO root [0x0000209c] [2020-11-01 19:58:33,692] - 	componentID : 820012
  INFO root [0x0000209c] [2020-11-01 19:58:35,207] - ---- cellapp Version: 1.2.7. ScriptVersion: 0.1.0. Protocol: FB5AA4D149D453FC2A7CB28524DD1B1C. Config: Debug X86. Built: 19:02:49 Aug  4 2020. AppID: 820012. UID: 27973. PID: 7876 ----
  INFO root [0x0000209c] [2020-11-01 19:58:35,207] - Server : Intel(R) Core(TM) i5-10210U CPU @ 1.60GHz with 2097151kB RAM
  INFO root [0x0000209c] [2020-11-01 19:58:35,207] - ThreadPool::createThreadPool: creating  threadpool...
  INFO root [0x0000209c] [2020-11-01 19:58:35,207] - ThreadPool::createThreadPool: successfully(2), newThreadCount=1, normalMaxThreadCount=2, maxThreadCount=8
 DEBUG root [0x0000209c] [2020-11-01 19:58:35,363] - Script::install_py_dlls(): PyInit_pyexpat
 DEBUG root [0x0000209c] [2020-11-01 19:58:35,363] - Script::install_py_dlls(): PyInit__socket
 DEBUG root [0x0000209c] [2020-11-01 19:58:35,363] - Script::install_py_dlls(): PyInit__ssl
 DEBUG root [0x0000209c] [2020-11-01 19:58:35,363] - Script::install_py_dlls(): PyInit__hashlib
 DEBUG root [0x0000209c] [2020-11-01 19:58:35,363] - Script::install_py_dlls(): PyInit_select
 DEBUG root [0x0000209c] [2020-11-01 19:58:35,363] - Script::install_py_dlls(): PyInit__ctypes
 DEBUG root [0x0000209c] [2020-11-01 19:58:35,363] - Script::install_py_dlls(): PyInit__elementtree
 DEBUG root [0x0000209c] [2020-11-01 19:58:35,410] - Script::install_py_dlls(): PyInit_unicodedata
  INFO root [0x0000209c] [2020-11-01 19:58:35,457] - Script::install(): is successfully, Python=(3.4.2 (default, Aug  4 2020, 19:01:54) [MSC v.1925 32 bit (Intel)])!
  INFO root [0x0000209c] [2020-11-01 19:58:35,457] - Script::install(): KBExtra is successfully!
 DEBUG root [0x0000209c] [2020-11-01 19:58:35,488] - loaded script:Avatar(1).
 DEBUG root [0x0000209c] [2020-11-01 19:58:35,488] - loaded script:Room(3).
 DEBUG root [0x0000209c] [2020-11-01 19:58:35,488] - loaded script:PrivateRoom(4).
  INFO root [0x0000209c] [2020-11-01 19:58:35,488] - TelnetServer server is running on port 50000
  INFO root [0x0000209c] [2020-11-01 19:58:35,769] - ---- cellapp is running ----
 DEBUG root [0x0000209c] [2020-11-01 19:58:35,769] - Components::process(): Request for the process of identity...
  WARN root [0x0000209c] [2020-11-01 19:58:42,005] - EntityApp::checkTickPeriod: tick took 18878% (18.88 seconds)!
  INFO root [0x0000209c] [2020-11-01 19:58:43,042] - Components::findComponents: find logger(1)...
  INFO root [0x0000209c] [2020-11-01 19:58:43,061] - Components::findComponents: found logger, addr:192.168.2.246:49840
  INFO root [0x0000209c] [2020-11-01 19:58:43,061] - Components::addComponent: reset orderLog, uid=27973!
  INFO root [0x0000209c] [2020-11-01 19:58:43,062] - Components::addComponent[logger], uid=27973, componentID=210002, globalorderid=1, grouporderid=1, totalcount=1
  INFO root [0x0000209c] [2020-11-01 19:58:43,063] - Components::findComponents: find dbmgr(2)...
  INFO root [0x0000209c] [2020-11-01 19:58:43,165] - Components::findComponents: found dbmgr, addr:192.168.2.246:49842
  INFO root [0x0000209c] [2020-11-01 19:58:43,165] - Components::addComponent: reset orderLog, uid=27973!
  INFO root [0x0000209c] [2020-11-01 19:58:43,165] - Components::addComponent[dbmgr], uid=27973, componentID=42002, globalorderid=1, grouporderid=1, totalcount=1
  INFO root [0x0000209c] [2020-11-01 19:58:43,166] - Components::findComponents: found dbmgr, addr:192.168.2.246:49842
  WARN root [0x0000209c] [2020-11-01 19:58:44,181] - EntityApp::checkTickPeriod: tick took 3551% (3.55 seconds)!
  WARN root [0x0000209c] [2020-11-01 19:58:44,181] - Forwarding logs to logger[192.168.2.246:49840/0/0/0]...
 ERROR root [0x0000209c] [2020-11-01 20:18:21,791] - Components::removeComponentByChannel: logger : 210002, Abnormal exit! TCPPacketReceiver::processRecv(): errno=10054

  INFO root [0x0000209c] [2020-11-01 20:18:21,807] - The following logs sent to logger failed:
  WARN root [0x0000209c] [2020-11-01 20:18:21,808] - ==> [2020-11-01 20:18:21 790] TCPPacketReceiver::processPendingEvents(192.168.2.246:49840): Throwing REASON_GENERAL_NETWORK - WSAECONNRESET
 ERROR root [0x0000209c] [2020-11-01 20:18:21,809] - ==> [2020-11-01 20:18:21 792] Components::removeComponentByChannel: logger : 210002, Abnormal exit! TCPPacketReceiver::processRecv(): errno=10054

  WARN root [0x0000209c] [2020-11-01 20:18:21,882] - TCPPacketReceiver::processPendingEvents(192.168.2.246:49842): Throwing REASON_GENERAL_NETWORK - WSAECONNRESET
 ERROR root [0x0000209c] [2020-11-01 20:18:21,882] - Components::removeComponentByChannel: dbmgr : 42002, Abnormal exit! TCPPacketReceiver::processRecv(): errno=10054

  INFO root [0x0000209c] [2020-11-01 20:18:21,912] - Shutdowner::onShutdownBegin: shutting down(period=0, tickPeriod=1)
  INFO root [0x0000209c] [2020-11-01 20:18:21,925] - Shutdowner::onShutdown: shutting down
  INFO root [0x0000209c] [2020-11-01 20:18:21,926] - Shutdowner::onShutdownEnd: shutting down
 DEBUG root [0x0000209c] [2020-11-01 20:18:21,928] - EntityRef::destroyObjPool(): size 16.
 DEBUG root [0x0000209c] [2020-11-01 20:18:21,928] - Witness::destroyObjPool(): size 16.
 ERROR root [0x0000209c] [2020-11-01 20:18:21,949] - EntityGarbages::~EntityGarbages(): leaked, size=8.
 ERROR root [0x0000209c] [2020-11-01 20:18:21,957] - 	--> leaked: Avatar(10010).
 ERROR root [0x0000209c] [2020-11-01 20:18:21,969] - 	--> leaked: Avatar(10002).
 ERROR root [0x0000209c] [2020-11-01 20:18:21,971] - 	--> leaked: Avatar(10004).
 ERROR root [0x0000209c] [2020-11-01 20:18:21,975] - 	--> leaked: Avatar(10014).
 ERROR root [0x0000209c] [2020-11-01 20:18:21,977] - 	--> leaked: Avatar(10008).
 ERROR root [0x0000209c] [2020-11-01 20:18:21,979] - 	--> leaked: Avatar(10016).
 ERROR root [0x0000209c] [2020-11-01 20:18:21,982] - 	--> leaked: Avatar(10011).
 ERROR root [0x0000209c] [2020-11-01 20:18:21,982] - 	--> leaked: Avatar(10013).
 ERROR root [0x0000209c] [2020-11-01 20:18:21,986] - PyGC::debugTracing(): EntityCall : leaked(16)
 ERROR root [0x0000209c] [2020-11-01 20:18:21,987] - PyGC::debugTracing(): Vector3 : leaked(24)
 ERROR root [0x0000209c] [2020-11-01 20:18:21,988] - PyGC::debugTracing(): FixedArray : leaked(16)
 ERROR root [0x0000209c] [2020-11-01 20:18:21,988] - PyGC::debugTracing(): Entity : leaked(8)
 DEBUG root [0x0000209c] [2020-11-01 20:18:21,989] - Script::uninstall_py_dlls(): PyInit_pyexpat
 DEBUG root [0x0000209c] [2020-11-01 20:18:21,989] - Script::uninstall_py_dlls(): PyInit__socket
 DEBUG root [0x0000209c] [2020-11-01 20:18:21,989] - Script::uninstall_py_dlls(): PyInit__ssl
 DEBUG root [0x0000209c] [2020-11-01 20:18:21,989] - Script::uninstall_py_dlls(): PyInit__hashlib
 DEBUG root [0x0000209c] [2020-11-01 20:18:21,990] - Script::uninstall_py_dlls(): PyInit_select
 DEBUG root [0x0000209c] [2020-11-01 20:18:21,990] - Script::uninstall_py_dlls(): PyInit__ctypes
 DEBUG root [0x0000209c] [2020-11-01 20:18:21,990] - Script::uninstall_py_dlls(): PyInit__elementtree
 DEBUG root [0x0000209c] [2020-11-01 20:18:21,990] - Script::uninstall_py_dlls(): PyInit_unicodedata
 DEBUG root [0x0000209c] [2020-11-01 20:18:21,995] - Avatar::~Avatar(): 10004
 DEBUG root [0x0000209c] [2020-11-01 20:18:21,995] - Avatar::~Avatar(): 10002
 DEBUG root [0x0000209c] [2020-11-01 20:18:21,996] - Avatar::~Avatar(): 10016
 DEBUG root [0x0000209c] [2020-11-01 20:18:21,996] - Avatar::~Avatar(): 10014
 DEBUG root [0x0000209c] [2020-11-01 20:18:21,996] - Avatar::~Avatar(): 10013
 DEBUG root [0x0000209c] [2020-11-01 20:18:21,997] - Avatar::~Avatar(): 10011
 DEBUG root [0x0000209c] [2020-11-01 20:18:21,997] - Avatar::~Avatar(): 10010
 DEBUG root [0x0000209c] [2020-11-01 20:18:21,997] - Avatar::~Avatar(): 10008
  INFO root [0x0000209c] [2020-11-01 20:18:22,005] - Script::uninstall(): is successfully!
 DEBUG root [0x0000209c] [2020-11-01 20:18:22,006] - ThreadPool::destroy(): starting size 2.
