  INFO root [0x00002d70] [2020-10-27 19:51:13,368] - 
  INFO root [0x00002d70] [2020-10-27 19:51:13,368] - -----------------------------------------------------------------------------------------


  INFO root [0x00002d70] [2020-10-27 19:51:13,368] - Resmgr::initialize: KBE_ROOT=D:/kbengine_24pic/
  INFO root [0x00002d70] [2020-10-27 19:51:13,368] - Resmgr::initialize: KBE_RES_PATH=D:/kbengine_24pic/kbe/res/;D:/kbengine_24pic/kbengine_stone_assets/;D:/kbengine_24pic/kbengine_stone_assets/scripts/;D:/kbengine_24pic/kbengine_stone_assets/res/
  INFO root [0x00002d70] [2020-10-27 19:51:13,368] - Resmgr::initialize: KBE_BIN_PATH=D:/kbengine_24pic/kbe/bin/server/
  INFO root [0x00002d70] [2020-10-27 19:51:13,368] - NetworkInterface::initialize(INTERNAL): bound to all interfaces with default route interface on 192.168.2.246 ( 192.168.2.246:49804 )
  INFO root [0x00002d70] [2020-10-27 19:51:13,368] - NetworkInterface::initialize(INTERNAL): address 192.168.2.246:49804, SOMAXCONN=5.
  INFO root [0x00002d70] [2020-10-27 19:51:13,368] - server-configs:
  INFO root [0x00002d70] [2020-10-27 19:51:13,368] - 	gameUpdateHertz : 30
  INFO root [0x00002d70] [2020-10-27 19:51:13,368] - 	defaultViewRadius : 500
  INFO root [0x00002d70] [2020-10-27 19:51:13,368] - 	defaultViewHysteresisArea : 5
  INFO root [0x00002d70] [2020-10-27 19:51:13,368] - 	entryScriptFile : kbemain
  INFO root [0x00002d70] [2020-10-27 19:51:13,368] - 	internalAddr : 192.168.2.246:49804
  INFO root [0x00002d70] [2020-10-27 19:51:13,368] - 	componentID : 820012
  INFO root [0x00002d70] [2020-10-27 19:51:14,883] - ---- cellapp Version: 1.2.7. ScriptVersion: 0.1.0. Protocol: FB5AA4D149D453FC2A7CB28524DD1B1C. Config: Debug X86. Built: 19:02:49 Aug  4 2020. AppID: 820012. UID: 24829. PID: 4564 ----
  INFO root [0x00002d70] [2020-10-27 19:51:14,883] - Server : Intel(R) Core(TM) i5-10210U CPU @ 1.60GHz with 2097151kB RAM
  INFO root [0x00002d70] [2020-10-27 19:51:14,883] - ThreadPool::createThreadPool: creating  threadpool...
  INFO root [0x00002d70] [2020-10-27 19:51:14,883] - ThreadPool::createThreadPool: successfully(2), newThreadCount=1, normalMaxThreadCount=2, maxThreadCount=8
 DEBUG root [0x00002d70] [2020-10-27 19:51:15,008] - Script::install_py_dlls(): PyInit_pyexpat
 DEBUG root [0x00002d70] [2020-10-27 19:51:15,008] - Script::install_py_dlls(): PyInit__socket
 DEBUG root [0x00002d70] [2020-10-27 19:51:15,024] - Script::install_py_dlls(): PyInit__ssl
 DEBUG root [0x00002d70] [2020-10-27 19:51:15,024] - Script::install_py_dlls(): PyInit__hashlib
 DEBUG root [0x00002d70] [2020-10-27 19:51:15,024] - Script::install_py_dlls(): PyInit_select
 DEBUG root [0x00002d70] [2020-10-27 19:51:15,024] - Script::install_py_dlls(): PyInit__ctypes
 DEBUG root [0x00002d70] [2020-10-27 19:51:15,024] - Script::install_py_dlls(): PyInit__elementtree
 DEBUG root [0x00002d70] [2020-10-27 19:51:15,055] - Script::install_py_dlls(): PyInit_unicodedata
  INFO root [0x00002d70] [2020-10-27 19:51:15,086] - Script::install(): is successfully, Python=(3.4.2 (default, Aug  4 2020, 19:01:54) [MSC v.1925 32 bit (Intel)])!
  INFO root [0x00002d70] [2020-10-27 19:51:15,086] - Script::install(): KBExtra is successfully!
 DEBUG root [0x00002d70] [2020-10-27 19:51:15,118] - loaded script:Avatar(1).
 DEBUG root [0x00002d70] [2020-10-27 19:51:15,133] - loaded script:Room(3).
 DEBUG root [0x00002d70] [2020-10-27 19:51:15,133] - loaded script:PrivateRoom(4).
  INFO root [0x00002d70] [2020-10-27 19:51:15,133] - TelnetServer server is running on port 50000
  INFO root [0x00002d70] [2020-10-27 19:51:15,367] - ---- cellapp is running ----
 DEBUG root [0x00002d70] [2020-10-27 19:51:15,367] - Components::process(): Request for the process of identity...
  WARN root [0x00002d70] [2020-10-27 19:51:21,648] - EntityApp::checkTickPeriod: tick took 19030% (19.03 seconds)!
  INFO root [0x00002d70] [2020-10-27 19:51:22,710] - Components::findComponents: find logger(1)...
  INFO root [0x00002d70] [2020-10-27 19:51:22,772] - Components::findComponents: found logger, addr:192.168.2.246:49800
  INFO root [0x00002d70] [2020-10-27 19:51:22,772] - Components::addComponent: reset orderLog, uid=24829!
  INFO root [0x00002d70] [2020-10-27 19:51:22,772] - Components::addComponent[logger], uid=24829, componentID=210002, globalorderid=1, grouporderid=1, totalcount=1
  INFO root [0x00002d70] [2020-10-27 19:51:22,772] - Components::findComponents: find dbmgr(2)...
  INFO root [0x00002d70] [2020-10-27 19:51:22,881] - Components::findComponents: found dbmgr, addr:192.168.2.246:49797
  INFO root [0x00002d70] [2020-10-27 19:51:22,881] - Components::addComponent: reset orderLog, uid=24829!
  INFO root [0x00002d70] [2020-10-27 19:51:22,881] - Components::addComponent[dbmgr], uid=24829, componentID=42002, globalorderid=1, grouporderid=1, totalcount=1
  INFO root [0x00002d70] [2020-10-27 19:51:22,881] - Components::findComponents: found dbmgr, addr:192.168.2.246:49797
  WARN root [0x00002d70] [2020-10-27 19:51:23,897] - EntityApp::checkTickPeriod: tick took 3693% (3.69 seconds)!
  WARN root [0x00002d70] [2020-10-27 19:51:23,897] - Forwarding logs to logger[192.168.2.246:49800/0/0/0]...
 ERROR root [0x00002d70] [2020-10-27 21:15:06,779] - For a long time(3600s) not to empty the garbages, there may be a leak of the entitys(size:4), please use the "KBEngine.entities.garbages.items()" command query!
 ERROR root [0x00002d70] [2020-10-27 21:39:14,692] - Components::removeComponentByChannel: logger : 210002, Abnormal exit! TCPPacketReceiver::processRecv(): errno=10054

  INFO root [0x00002d70] [2020-10-27 21:39:14,692] - The following logs sent to logger failed:
  WARN root [0x00002d70] [2020-10-27 21:39:14,692] - ==> [2020-10-27 21:39:14 696] TCPPacketReceiver::processPendingEvents(192.168.2.246:49800): Throwing REASON_GENERAL_NETWORK - WSAECONNRESET
 ERROR root [0x00002d70] [2020-10-27 21:39:14,692] - ==> [2020-10-27 21:39:14 697] Components::removeComponentByChannel: logger : 210002, Abnormal exit! TCPPacketReceiver::processRecv(): errno=10054

  WARN root [0x00002d70] [2020-10-27 21:39:14,754] - TCPPacketReceiver::processPendingEvents(192.168.2.246:49797): Throwing REASON_GENERAL_NETWORK - WSAECONNRESET
 ERROR root [0x00002d70] [2020-10-27 21:39:14,754] - Components::removeComponentByChannel: dbmgr : 42002, Abnormal exit! TCPPacketReceiver::processRecv(): errno=10054

  INFO root [0x00002d70] [2020-10-27 21:39:14,770] - Shutdowner::onShutdownBegin: shutting down(period=0, tickPeriod=1)
  INFO root [0x00002d70] [2020-10-27 21:39:14,770] - Shutdowner::onShutdown: shutting down
 S_DBG root [0x00002d70] [2020-10-27 21:39:14,770] - Room::onDestroy: 23
 S_DBG root [0x00002d70] [2020-10-27 21:39:14,770] - Avatar::onDestroy: 22.
 S_DBG root [0x00002d70] [2020-10-27 21:39:14,770] - Avatar::onDestroy: 24.
  INFO root [0x00002d70] [2020-10-27 21:39:14,770] - Spaces::destroySpace: 8.
  INFO root [0x00002d70] [2020-10-27 21:39:14,770] - Shutdowner::onShutdownEnd: shutting down
 DEBUG root [0x00002d70] [2020-10-27 21:39:14,770] - Room::~Room(): 23
 DEBUG root [0x00002d70] [2020-10-27 21:39:14,770] - EntityRef::destroyObjPool(): size 16.
 DEBUG root [0x00002d70] [2020-10-27 21:39:14,770] - Witness::destroyObjPool(): size 16.
 ERROR root [0x00002d70] [2020-10-27 21:39:14,785] - EntityGarbages::~EntityGarbages(): leaked, size=14.
 ERROR root [0x00002d70] [2020-10-27 21:39:14,785] - 	--> leaked: Avatar(4).
 ERROR root [0x00002d70] [2020-10-27 21:39:14,785] - 	--> leaked: Avatar(10).
 ERROR root [0x00002d70] [2020-10-27 21:39:14,785] - 	--> leaked: Avatar(2).
 ERROR root [0x00002d70] [2020-10-27 21:39:14,785] - 	--> leaked: Avatar(15).
 ERROR root [0x00002d70] [2020-10-27 21:39:14,785] - 	--> leaked: Avatar(7).
 ERROR root [0x00002d70] [2020-10-27 21:39:14,785] - 	--> leaked: Avatar(13).
 ERROR root [0x00002d70] [2020-10-27 21:39:14,785] - 	--> leaked: Avatar(5).
 ERROR root [0x00002d70] [2020-10-27 21:39:14,785] - 	--> leaked: Avatar(8).
 ERROR root [0x00002d70] [2020-10-27 21:39:14,785] - 	--> leaked: Avatar(18).
 ERROR root [0x00002d70] [2020-10-27 21:39:14,785] - 	--> leaked: Avatar(16).
 ERROR root [0x00002d70] [2020-10-27 21:39:14,785] - 	--> leaked: Avatar(19).
 ERROR root [0x00002d70] [2020-10-27 21:39:14,785] - 	--> leaked: Avatar(21).
 ERROR root [0x00002d70] [2020-10-27 21:39:14,785] - 	--> leaked: Avatar(22).
 ERROR root [0x00002d70] [2020-10-27 21:39:14,785] - 	--> leaked: Avatar(24).
 ERROR root [0x00002d70] [2020-10-27 21:39:14,785] - PyGC::debugTracing(): EntityCall : leaked(28)
 ERROR root [0x00002d70] [2020-10-27 21:39:14,801] - PyGC::debugTracing(): Vector3 : leaked(42)
 ERROR root [0x00002d70] [2020-10-27 21:39:14,801] - PyGC::debugTracing(): FixedArray : leaked(28)
 ERROR root [0x00002d70] [2020-10-27 21:39:14,801] - PyGC::debugTracing(): Entity : leaked(14)
 DEBUG root [0x00002d70] [2020-10-27 21:39:14,801] - Script::uninstall_py_dlls(): PyInit_pyexpat
 DEBUG root [0x00002d70] [2020-10-27 21:39:14,801] - Script::uninstall_py_dlls(): PyInit__socket
 DEBUG root [0x00002d70] [2020-10-27 21:39:14,801] - Script::uninstall_py_dlls(): PyInit__ssl
 DEBUG root [0x00002d70] [2020-10-27 21:39:14,801] - Script::uninstall_py_dlls(): PyInit__hashlib
 DEBUG root [0x00002d70] [2020-10-27 21:39:14,801] - Script::uninstall_py_dlls(): PyInit_select
 DEBUG root [0x00002d70] [2020-10-27 21:39:14,801] - Script::uninstall_py_dlls(): PyInit__ctypes
 DEBUG root [0x00002d70] [2020-10-27 21:39:14,801] - Script::uninstall_py_dlls(): PyInit__elementtree
 DEBUG root [0x00002d70] [2020-10-27 21:39:14,801] - Script::uninstall_py_dlls(): PyInit_unicodedata
 DEBUG root [0x00002d70] [2020-10-27 21:39:14,801] - Avatar::~Avatar(): 4
 DEBUG root [0x00002d70] [2020-10-27 21:39:14,801] - Avatar::~Avatar(): 2
 DEBUG root [0x00002d70] [2020-10-27 21:39:14,801] - Avatar::~Avatar(): 7
 DEBUG root [0x00002d70] [2020-10-27 21:39:14,801] - Avatar::~Avatar(): 5
 DEBUG root [0x00002d70] [2020-10-27 21:39:14,801] - Avatar::~Avatar(): 10
 DEBUG root [0x00002d70] [2020-10-27 21:39:14,801] - Avatar::~Avatar(): 8
 DEBUG root [0x00002d70] [2020-10-27 21:39:14,801] - Avatar::~Avatar(): 15
 DEBUG root [0x00002d70] [2020-10-27 21:39:14,801] - Avatar::~Avatar(): 13
 DEBUG root [0x00002d70] [2020-10-27 21:39:14,801] - Avatar::~Avatar(): 18
 DEBUG root [0x00002d70] [2020-10-27 21:39:14,801] - Avatar::~Avatar(): 16
 DEBUG root [0x00002d70] [2020-10-27 21:39:14,801] - Avatar::~Avatar(): 21
 DEBUG root [0x00002d70] [2020-10-27 21:39:14,801] - Avatar::~Avatar(): 19
 DEBUG root [0x00002d70] [2020-10-27 21:39:14,801] - Avatar::~Avatar(): 24
 DEBUG root [0x00002d70] [2020-10-27 21:39:14,801] - Avatar::~Avatar(): 22
  INFO root [0x00002d70] [2020-10-27 21:39:14,817] - Script::uninstall(): is successfully!
 DEBUG root [0x00002d70] [2020-10-27 21:39:14,817] - ThreadPool::destroy(): starting size 2.
  INFO root [0x0000131c] [2020-10-27 21:51:50,308] - 
  INFO root [0x0000131c] [2020-10-27 21:51:50,308] - -----------------------------------------------------------------------------------------


  INFO root [0x0000131c] [2020-10-27 21:51:50,308] - Resmgr::initialize: KBE_ROOT=D:/kbengine_24pic/
  INFO root [0x0000131c] [2020-10-27 21:51:50,308] - Resmgr::initialize: KBE_RES_PATH=D:/kbengine_24pic/kbe/res/;D:/kbengine_24pic/kbengine_stone_assets/;D:/kbengine_24pic/kbengine_stone_assets/scripts/;D:/kbengine_24pic/kbengine_stone_assets/res/
  INFO root [0x0000131c] [2020-10-27 21:51:50,308] - Resmgr::initialize: KBE_BIN_PATH=D:/kbengine_24pic/kbe/bin/server/
  INFO root [0x0000131c] [2020-10-27 21:51:50,324] - NetworkInterface::initialize(INTERNAL): bound to all interfaces with default route interface on 192.168.2.246 ( 192.168.2.246:49783 )
  INFO root [0x0000131c] [2020-10-27 21:51:50,324] - NetworkInterface::initialize(INTERNAL): address 192.168.2.246:49783, SOMAXCONN=5.
  INFO root [0x0000131c] [2020-10-27 21:51:50,324] - server-configs:
  INFO root [0x0000131c] [2020-10-27 21:51:50,324] - 	gameUpdateHertz : 30
  INFO root [0x0000131c] [2020-10-27 21:51:50,324] - 	defaultViewRadius : 500
  INFO root [0x0000131c] [2020-10-27 21:51:50,324] - 	defaultViewHysteresisArea : 5
  INFO root [0x0000131c] [2020-10-27 21:51:50,324] - 	entryScriptFile : kbemain
  INFO root [0x0000131c] [2020-10-27 21:51:50,324] - 	internalAddr : 192.168.2.246:49783
  INFO root [0x0000131c] [2020-10-27 21:51:50,324] - 	componentID : 820012
  INFO root [0x0000131c] [2020-10-27 21:51:50,386] - Components::findLogger: found logger, addr:192.168.2.246:49766
  INFO root [0x0000131c] [2020-10-27 21:51:50,386] - Components::addComponent: reset orderLog, uid=15675!
  INFO root [0x0000131c] [2020-10-27 21:51:50,386] - Components::addComponent[logger], uid=15675, componentID=210002, globalorderid=1, grouporderid=1, totalcount=1
  INFO root [0x0000131c] [2020-10-27 21:51:50,386] - ---- cellapp Version: 1.2.7. ScriptVersion: 0.1.0. Protocol: FB5AA4D149D453FC2A7CB28524DD1B1C. Config: Debug X86. Built: 19:02:49 Aug  4 2020. AppID: 820012. UID: 15675. PID: 5980 ----
  INFO root [0x0000131c] [2020-10-27 21:51:50,386] - Server : Intel(R) Core(TM) i5-10210U CPU @ 1.60GHz with 2097151kB RAM
  INFO root [0x0000131c] [2020-10-27 21:51:50,386] - ThreadPool::createThreadPool: creating  threadpool...
  INFO root [0x0000131c] [2020-10-27 21:51:50,386] - ThreadPool::createThreadPool: successfully(2), newThreadCount=1, normalMaxThreadCount=2, maxThreadCount=8
 DEBUG root [0x0000131c] [2020-10-27 21:51:50,527] - Script::install_py_dlls(): PyInit_pyexpat
 DEBUG root [0x0000131c] [2020-10-27 21:51:50,527] - Script::install_py_dlls(): PyInit__socket
 DEBUG root [0x0000131c] [2020-10-27 21:51:50,527] - Script::install_py_dlls(): PyInit__ssl
 DEBUG root [0x0000131c] [2020-10-27 21:51:50,542] - Script::install_py_dlls(): PyInit__hashlib
 DEBUG root [0x0000131c] [2020-10-27 21:51:50,542] - Script::install_py_dlls(): PyInit_select
 DEBUG root [0x0000131c] [2020-10-27 21:51:50,542] - Script::install_py_dlls(): PyInit__ctypes
 DEBUG root [0x0000131c] [2020-10-27 21:51:50,542] - Script::install_py_dlls(): PyInit__elementtree
 DEBUG root [0x0000131c] [2020-10-27 21:51:50,574] - Script::install_py_dlls(): PyInit_unicodedata
  INFO root [0x0000131c] [2020-10-27 21:51:50,605] - Script::install(): is successfully, Python=(3.4.2 (default, Aug  4 2020, 19:01:54) [MSC v.1925 32 bit (Intel)])!
  INFO root [0x0000131c] [2020-10-27 21:51:50,605] - Script::install(): KBExtra is successfully!
 DEBUG root [0x0000131c] [2020-10-27 21:51:50,636] - loaded script:Avatar(1).
 DEBUG root [0x0000131c] [2020-10-27 21:51:50,652] - loaded script:Room(3).
 DEBUG root [0x0000131c] [2020-10-27 21:51:50,652] - loaded script:PrivateRoom(4).
  INFO root [0x0000131c] [2020-10-27 21:51:50,652] - TelnetServer server is running on port 50000
  INFO root [0x0000131c] [2020-10-27 21:51:50,839] - ---- cellapp is running ----
 DEBUG root [0x0000131c] [2020-10-27 21:51:50,839] - Components::process(): Request for the process of identity...
  WARN root [0x0000131c] [2020-10-27 21:51:57,153] - Forwarding logs to logger[192.168.2.246:49766/0/0/0]...
 ERROR root [0x0000131c] [2020-10-27 21:52:04,417] - Components::removeComponentByChannel: logger : 210002, Abnormal exit! TCPPacketReceiver::processRecv(): errno=10054

  INFO root [0x0000131c] [2020-10-27 21:52:04,433] - The following logs sent to logger failed:
  WARN root [0x0000131c] [2020-10-27 21:52:04,433] - ==> [2020-10-27 21:52:04 428] TCPPacketReceiver::processPendingEvents(192.168.2.246:49766): Throwing REASON_GENERAL_NETWORK - WSAECONNRESET
 ERROR root [0x0000131c] [2020-10-27 21:52:04,433] - ==> [2020-10-27 21:52:04 431] Components::removeComponentByChannel: logger : 210002, Abnormal exit! TCPPacketReceiver::processRecv(): errno=10054

  INFO root [0x0000131c] [2020-10-27 21:52:04,526] - Components::findComponents: register self to dbmgr...
  INFO root [0x000017bc] [2020-10-27 21:52:07,869] - 
  INFO root [0x000017bc] [2020-10-27 21:52:07,869] - -----------------------------------------------------------------------------------------


  INFO root [0x000017bc] [2020-10-27 21:52:07,869] - Resmgr::initialize: KBE_ROOT=D:/kbengine_24pic/
  INFO root [0x000017bc] [2020-10-27 21:52:07,869] - Resmgr::initialize: KBE_RES_PATH=D:/kbengine_24pic/kbe/res/;D:/kbengine_24pic/kbengine_stone_assets/;D:/kbengine_24pic/kbengine_stone_assets/scripts/;D:/kbengine_24pic/kbengine_stone_assets/res/
  INFO root [0x000017bc] [2020-10-27 21:52:07,869] - Resmgr::initialize: KBE_BIN_PATH=D:/kbengine_24pic/kbe/bin/server/
  INFO root [0x000017bc] [2020-10-27 21:52:07,885] - NetworkInterface::initialize(INTERNAL): bound to all interfaces with default route interface on 192.168.2.246 ( 192.168.2.246:49805 )
  INFO root [0x000017bc] [2020-10-27 21:52:07,885] - NetworkInterface::initialize(INTERNAL): address 192.168.2.246:49805, SOMAXCONN=5.
  INFO root [0x000017bc] [2020-10-27 21:52:07,885] - server-configs:
  INFO root [0x000017bc] [2020-10-27 21:52:07,885] - 	gameUpdateHertz : 30
  INFO root [0x000017bc] [2020-10-27 21:52:07,885] - 	defaultViewRadius : 500
  INFO root [0x000017bc] [2020-10-27 21:52:07,885] - 	defaultViewHysteresisArea : 5
  INFO root [0x000017bc] [2020-10-27 21:52:07,885] - 	entryScriptFile : kbemain
  INFO root [0x000017bc] [2020-10-27 21:52:07,885] - 	internalAddr : 192.168.2.246:49805
  INFO root [0x000017bc] [2020-10-27 21:52:07,885] - 	componentID : 820012
  INFO root [0x000017bc] [2020-10-27 21:52:09,400] - ---- cellapp Version: 1.2.7. ScriptVersion: 0.1.0. Protocol: FB5AA4D149D453FC2A7CB28524DD1B1C. Config: Debug X86. Built: 19:02:49 Aug  4 2020. AppID: 820012. UID: 15753. PID: 8380 ----
  INFO root [0x000017bc] [2020-10-27 21:52:09,400] - Server : Intel(R) Core(TM) i5-10210U CPU @ 1.60GHz with 2097151kB RAM
  INFO root [0x000017bc] [2020-10-27 21:52:09,400] - ThreadPool::createThreadPool: creating  threadpool...
  INFO root [0x000017bc] [2020-10-27 21:52:09,400] - ThreadPool::createThreadPool: successfully(2), newThreadCount=1, normalMaxThreadCount=2, maxThreadCount=8
 DEBUG root [0x000017bc] [2020-10-27 21:52:09,525] - Script::install_py_dlls(): PyInit_pyexpat
 DEBUG root [0x000017bc] [2020-10-27 21:52:09,525] - Script::install_py_dlls(): PyInit__socket
 DEBUG root [0x000017bc] [2020-10-27 21:52:09,541] - Script::install_py_dlls(): PyInit__ssl
 DEBUG root [0x000017bc] [2020-10-27 21:52:09,541] - Script::install_py_dlls(): PyInit__hashlib
 DEBUG root [0x000017bc] [2020-10-27 21:52:09,541] - Script::install_py_dlls(): PyInit_select
 DEBUG root [0x000017bc] [2020-10-27 21:52:09,541] - Script::install_py_dlls(): PyInit__ctypes
 DEBUG root [0x000017bc] [2020-10-27 21:52:09,541] - Script::install_py_dlls(): PyInit__elementtree
 DEBUG root [0x000017bc] [2020-10-27 21:52:09,572] - Script::install_py_dlls(): PyInit_unicodedata
  INFO root [0x000017bc] [2020-10-27 21:52:09,619] - Script::install(): is successfully, Python=(3.4.2 (default, Aug  4 2020, 19:01:54) [MSC v.1925 32 bit (Intel)])!
  INFO root [0x000017bc] [2020-10-27 21:52:09,619] - Script::install(): KBExtra is successfully!
 DEBUG root [0x000017bc] [2020-10-27 21:52:09,650] - loaded script:Avatar(1).
 DEBUG root [0x000017bc] [2020-10-27 21:52:09,666] - loaded script:Room(3).
 DEBUG root [0x000017bc] [2020-10-27 21:52:09,666] - loaded script:PrivateRoom(4).
  INFO root [0x000017bc] [2020-10-27 21:52:09,666] - TelnetServer server is running on port 50000
  INFO root [0x000017bc] [2020-10-27 21:52:09,900] - ---- cellapp is running ----
 DEBUG root [0x000017bc] [2020-10-27 21:52:09,900] - Components::process(): Request for the process of identity...
  WARN root [0x000017bc] [2020-10-27 21:52:16,072] - EntityApp::checkTickPeriod: tick took 18690% (18.69 seconds)!
  INFO root [0x000017bc] [2020-10-27 21:52:17,104] - Components::findComponents: find logger(1)...
  INFO root [0x000017bc] [2020-10-27 21:52:17,150] - Components::findComponents: found logger, addr:192.168.2.246:49801
  INFO root [0x000017bc] [2020-10-27 21:52:17,151] - Components::addComponent: reset orderLog, uid=15753!
  INFO root [0x000017bc] [2020-10-27 21:52:17,151] - Components::addComponent[logger], uid=15753, componentID=210002, globalorderid=1, grouporderid=1, totalcount=1
  INFO root [0x000017bc] [2020-10-27 21:52:17,152] - Components::findComponents: find dbmgr(2)...
  INFO root [0x000017bc] [2020-10-27 21:52:17,260] - Components::findComponents: found dbmgr, addr:192.168.2.246:49802
  INFO root [0x000017bc] [2020-10-27 21:52:17,260] - Components::addComponent: reset orderLog, uid=15753!
  INFO root [0x000017bc] [2020-10-27 21:52:17,262] - Components::addComponent[dbmgr], uid=15753, componentID=42002, globalorderid=1, grouporderid=1, totalcount=1
  INFO root [0x000017bc] [2020-10-27 21:52:17,263] - Components::findComponents: found dbmgr, addr:192.168.2.246:49802
  WARN root [0x000017bc] [2020-10-27 21:52:18,264] - EntityApp::checkTickPeriod: tick took 3612% (3.61 seconds)!
  WARN root [0x000017bc] [2020-10-27 21:52:18,266] - Forwarding logs to logger[192.168.2.246:49801/0/0/0]...
 ERROR root [0x000017bc] [2020-10-27 23:56:56,892] - For a long time(3600s) not to empty the garbages, there may be a leak of the entitys(size:14), please use the "KBEngine.entities.garbages.items()" command query!
