  INFO root [0x00002934] [2020-10-07 22:10:11,677] - 
  INFO root [0x00002934] [2020-10-07 22:10:11,679] - -----------------------------------------------------------------------------------------


  INFO root [0x00002934] [2020-10-07 22:10:11,680] - Resmgr::initialize: KBE_ROOT=D:/kbengine_24pic/
  INFO root [0x00002934] [2020-10-07 22:10:11,681] - Resmgr::initialize: KBE_RES_PATH=D:/kbengine_24pic/kbe/res/;D:/kbengine_24pic/kbengine_stone_assets/;D:/kbengine_24pic/kbengine_stone_assets/scripts/;D:/kbengine_24pic/kbengine_stone_assets/res/
  INFO root [0x00002934] [2020-10-07 22:10:11,681] - Resmgr::initialize: KBE_BIN_PATH=D:/kbengine_24pic/kbe/bin/server/
  INFO root [0x00002934] [2020-10-07 22:10:11,687] - NetworkInterface::initialize(INTERNAL): bound to all interfaces with default route interface on 192.168.2.246 ( 192.168.2.246:51283 )
  INFO root [0x00002934] [2020-10-07 22:10:11,690] - NetworkInterface::initialize(INTERNAL): address 192.168.2.246:51283, SOMAXCONN=5.
  INFO root [0x00002934] [2020-10-07 22:10:11,690] - server-configs:
  INFO root [0x00002934] [2020-10-07 22:10:11,690] - 	gameUpdateHertz : 30
  INFO root [0x00002934] [2020-10-07 22:10:11,690] - 	defaultViewRadius : 500
  INFO root [0x00002934] [2020-10-07 22:10:11,690] - 	defaultViewHysteresisArea : 5
  INFO root [0x00002934] [2020-10-07 22:10:11,691] - 	entryScriptFile : kbemain
  INFO root [0x00002934] [2020-10-07 22:10:11,691] - 	internalAddr : 192.168.2.246:51283
  INFO root [0x00002934] [2020-10-07 22:10:11,691] - 	componentID : 820012
  INFO root [0x00002934] [2020-10-07 22:10:13,195] - ---- cellapp Version: 1.2.7. ScriptVersion: 0.1.0. Protocol: FB5AA4D149D453FC2A7CB28524DD1B1C. Config: Debug X86. Built: 19:02:49 Aug  4 2020. AppID: 820012. UID: 12465. PID: 6328 ----
  INFO root [0x00002934] [2020-10-07 22:10:13,196] - Server : Intel(R) Core(TM) i5-10210U CPU @ 1.60GHz with 2097151kB RAM
  INFO root [0x00002934] [2020-10-07 22:10:13,196] - ThreadPool::createThreadPool: creating  threadpool...
  INFO root [0x00002934] [2020-10-07 22:10:13,197] - ThreadPool::createThreadPool: successfully(2), newThreadCount=1, normalMaxThreadCount=2, maxThreadCount=8
 DEBUG root [0x00002934] [2020-10-07 22:10:13,325] - Script::install_py_dlls(): PyInit_pyexpat
 DEBUG root [0x00002934] [2020-10-07 22:10:13,326] - Script::install_py_dlls(): PyInit__socket
 DEBUG root [0x00002934] [2020-10-07 22:10:13,326] - Script::install_py_dlls(): PyInit__ssl
 DEBUG root [0x00002934] [2020-10-07 22:10:13,330] - Script::install_py_dlls(): PyInit__hashlib
 DEBUG root [0x00002934] [2020-10-07 22:10:13,331] - Script::install_py_dlls(): PyInit_select
 DEBUG root [0x00002934] [2020-10-07 22:10:13,331] - Script::install_py_dlls(): PyInit__ctypes
 DEBUG root [0x00002934] [2020-10-07 22:10:13,332] - Script::install_py_dlls(): PyInit__elementtree
 DEBUG root [0x00002934] [2020-10-07 22:10:13,366] - Script::install_py_dlls(): PyInit_unicodedata
  INFO root [0x00002934] [2020-10-07 22:10:13,402] - Script::install(): is successfully, Python=(3.4.2 (default, Aug  4 2020, 19:01:54) [MSC v.1925 32 bit (Intel)])!
  INFO root [0x00002934] [2020-10-07 22:10:13,403] - Script::install(): KBExtra is successfully!
 DEBUG root [0x00002934] [2020-10-07 22:10:13,427] - loaded script:Avatar(1).
 DEBUG root [0x00002934] [2020-10-07 22:10:13,430] - loaded script:Room(3).
  INFO root [0x00002934] [2020-10-07 22:10:13,431] - TelnetServer server is running on port 50000
  INFO root [0x00002934] [2020-10-07 22:10:13,670] - ---- cellapp is running ----
 DEBUG root [0x00002934] [2020-10-07 22:10:13,670] - Components::process(): Request for the process of identity...
  WARN root [0x00002934] [2020-10-07 22:10:19,850] - EntityApp::checkTickPeriod: tick took 18727% (18.73 seconds)!
  INFO root [0x00002934] [2020-10-07 22:10:20,871] - Components::findComponents: find logger(1)...
  INFO root [0x00002934] [2020-10-07 22:10:20,910] - Components::findComponents: found logger, addr:192.168.2.246:51280
  INFO root [0x00002934] [2020-10-07 22:10:20,911] - Components::addComponent: reset orderLog, uid=12465!
  INFO root [0x00002934] [2020-10-07 22:10:20,911] - Components::addComponent[logger], uid=12465, componentID=210002, globalorderid=1, grouporderid=1, totalcount=1
  INFO root [0x00002934] [2020-10-07 22:10:20,912] - Components::findComponents: find dbmgr(2)...
  INFO root [0x00002934] [2020-10-07 22:10:21,020] - Components::findComponents: found dbmgr, addr:192.168.2.246:51277
  INFO root [0x00002934] [2020-10-07 22:10:21,021] - Components::addComponent: reset orderLog, uid=12465!
  INFO root [0x00002934] [2020-10-07 22:10:21,022] - Components::addComponent[dbmgr], uid=12465, componentID=42002, globalorderid=1, grouporderid=1, totalcount=1
  INFO root [0x00002934] [2020-10-07 22:10:21,034] - Components::findComponents: found dbmgr, addr:192.168.2.246:51277
  WARN root [0x00002934] [2020-10-07 22:10:22,034] - EntityApp::checkTickPeriod: tick took 3624% (3.62 seconds)!
  WARN root [0x00002934] [2020-10-07 22:10:22,034] - Forwarding logs to logger[192.168.2.246:51280/0/0/0]...
 ERROR root [0x00002934] [2020-10-07 22:44:00,483] - Components::removeComponentByChannel: logger : 210002, Abnormal exit! TCPPacketReceiver::processRecv(): errno=10054

  INFO root [0x00002934] [2020-10-07 22:44:00,487] - The following logs sent to logger failed:
  WARN root [0x00002934] [2020-10-07 22:44:00,488] - ==> [2020-10-07 22:44:00 483] TCPPacketReceiver::processPendingEvents(192.168.2.246:51280): Throwing REASON_GENERAL_NETWORK - WSAECONNRESET
 ERROR root [0x00002934] [2020-10-07 22:44:00,488] - ==> [2020-10-07 22:44:00 484] Components::removeComponentByChannel: logger : 210002, Abnormal exit! TCPPacketReceiver::processRecv(): errno=10054

  WARN root [0x00002934] [2020-10-07 22:44:00,558] - TCPPacketReceiver::processPendingEvents(192.168.2.246:51277): Throwing REASON_GENERAL_NETWORK - WSAECONNRESET
 ERROR root [0x00002934] [2020-10-07 22:44:00,560] - Components::removeComponentByChannel: dbmgr : 42002, Abnormal exit! TCPPacketReceiver::processRecv(): errno=10054

  INFO root [0x00002934] [2020-10-07 22:44:00,565] - Shutdowner::onShutdownBegin: shutting down(period=0, tickPeriod=1)
  INFO root [0x00002934] [2020-10-07 22:44:00,566] - Shutdowner::onShutdown: shutting down
 S_DBG root [0x00002934] [2020-10-07 22:44:00,567] - Avatar::onDestroy: 10020.
 S_DBG root [0x00002934] [2020-10-07 22:44:00,568] - Avatar::onDestroy: 10022.
  INFO root [0x00002934] [2020-10-07 22:44:00,569] - Spaces::destroySpace: 7.
  INFO root [0x00002934] [2020-10-07 22:44:00,569] - Shutdowner::onShutdownEnd: shutting down
 DEBUG root [0x00002934] [2020-10-07 22:44:00,569] - EntityRef::destroyObjPool(): size 16.
 DEBUG root [0x00002934] [2020-10-07 22:44:00,569] - Witness::destroyObjPool(): size 16.
 ERROR root [0x00002934] [2020-10-07 22:44:00,579] - EntityGarbages::~EntityGarbages(): leaked, size=14.
 ERROR root [0x00002934] [2020-10-07 22:44:00,580] - 	--> leaked: Avatar(10010).
 ERROR root [0x00002934] [2020-10-07 22:44:00,582] - 	--> leaked: Avatar(10002).
 ERROR root [0x00002934] [2020-10-07 22:44:00,583] - 	--> leaked: Avatar(10004).
 ERROR root [0x00002934] [2020-10-07 22:44:00,583] - 	--> leaked: Avatar(10013).
 ERROR root [0x00002934] [2020-10-07 22:44:00,584] - 	--> leaked: Avatar(10005).
 ERROR root [0x00002934] [2020-10-07 22:44:00,584] - 	--> leaked: Avatar(10007).
 ERROR root [0x00002934] [2020-10-07 22:44:00,585] - 	--> leaked: Avatar(10008).
 ERROR root [0x00002934] [2020-10-07 22:44:00,585] - 	--> leaked: Avatar(10011).
 ERROR root [0x00002934] [2020-10-07 22:44:00,587] - 	--> leaked: Avatar(10016).
 ERROR root [0x00002934] [2020-10-07 22:44:00,587] - 	--> leaked: Avatar(10014).
 ERROR root [0x00002934] [2020-10-07 22:44:00,588] - 	--> leaked: Avatar(10019).
 ERROR root [0x00002934] [2020-10-07 22:44:00,588] - 	--> leaked: Avatar(10017).
 ERROR root [0x00002934] [2020-10-07 22:44:00,589] - 	--> leaked: Avatar(10020).
 ERROR root [0x00002934] [2020-10-07 22:44:00,589] - 	--> leaked: Avatar(10022).
 ERROR root [0x00002934] [2020-10-07 22:44:00,590] - PyGC::debugTracing(): EntityCall : leaked(28)
 ERROR root [0x00002934] [2020-10-07 22:44:00,590] - PyGC::debugTracing(): Vector3 : leaked(42)
 ERROR root [0x00002934] [2020-10-07 22:44:00,591] - PyGC::debugTracing(): FixedArray : leaked(14)
 ERROR root [0x00002934] [2020-10-07 22:44:00,591] - PyGC::debugTracing(): Entity : leaked(14)
 DEBUG root [0x00002934] [2020-10-07 22:44:00,592] - Script::uninstall_py_dlls(): PyInit_pyexpat
 DEBUG root [0x00002934] [2020-10-07 22:44:00,592] - Script::uninstall_py_dlls(): PyInit__socket
 DEBUG root [0x00002934] [2020-10-07 22:44:00,592] - Script::uninstall_py_dlls(): PyInit__ssl
 DEBUG root [0x00002934] [2020-10-07 22:44:00,592] - Script::uninstall_py_dlls(): PyInit__hashlib
 DEBUG root [0x00002934] [2020-10-07 22:44:00,593] - Script::uninstall_py_dlls(): PyInit_select
 DEBUG root [0x00002934] [2020-10-07 22:44:00,593] - Script::uninstall_py_dlls(): PyInit__ctypes
 DEBUG root [0x00002934] [2020-10-07 22:44:00,593] - Script::uninstall_py_dlls(): PyInit__elementtree
 DEBUG root [0x00002934] [2020-10-07 22:44:00,593] - Script::uninstall_py_dlls(): PyInit_unicodedata
 DEBUG root [0x00002934] [2020-10-07 22:44:00,597] - Avatar::~Avatar(): 10004
 DEBUG root [0x00002934] [2020-10-07 22:44:00,597] - Avatar::~Avatar(): 10002
 DEBUG root [0x00002934] [2020-10-07 22:44:00,597] - Avatar::~Avatar(): 10007
 DEBUG root [0x00002934] [2020-10-07 22:44:00,597] - Avatar::~Avatar(): 10005
 DEBUG root [0x00002934] [2020-10-07 22:44:00,598] - Avatar::~Avatar(): 10010
 DEBUG root [0x00002934] [2020-10-07 22:44:00,598] - Avatar::~Avatar(): 10008
 DEBUG root [0x00002934] [2020-10-07 22:44:00,598] - Avatar::~Avatar(): 10013
 DEBUG root [0x00002934] [2020-10-07 22:44:00,598] - Avatar::~Avatar(): 10011
 DEBUG root [0x00002934] [2020-10-07 22:44:00,598] - Avatar::~Avatar(): 10016
 DEBUG root [0x00002934] [2020-10-07 22:44:00,598] - Avatar::~Avatar(): 10014
 DEBUG root [0x00002934] [2020-10-07 22:44:00,598] - Avatar::~Avatar(): 10019
 DEBUG root [0x00002934] [2020-10-07 22:44:00,599] - Avatar::~Avatar(): 10017
 DEBUG root [0x00002934] [2020-10-07 22:44:00,599] - Avatar::~Avatar(): 10022
 DEBUG root [0x00002934] [2020-10-07 22:44:00,599] - Avatar::~Avatar(): 10020
  INFO root [0x00002934] [2020-10-07 22:44:00,607] - Script::uninstall(): is successfully!
 DEBUG root [0x00002934] [2020-10-07 22:44:00,607] - ThreadPool::destroy(): starting size 2.
  INFO root [0x000035d8] [2020-10-07 22:50:17,365] - 
  INFO root [0x000035d8] [2020-10-07 22:50:17,366] - -----------------------------------------------------------------------------------------


  INFO root [0x000035d8] [2020-10-07 22:50:17,367] - Resmgr::initialize: KBE_ROOT=D:/kbengine_24pic/
  INFO root [0x000035d8] [2020-10-07 22:50:17,367] - Resmgr::initialize: KBE_RES_PATH=D:/kbengine_24pic/kbe/res/;D:/kbengine_24pic/kbengine_stone_assets/;D:/kbengine_24pic/kbengine_stone_assets/scripts/;D:/kbengine_24pic/kbengine_stone_assets/res/
  INFO root [0x000035d8] [2020-10-07 22:50:17,367] - Resmgr::initialize: KBE_BIN_PATH=D:/kbengine_24pic/kbe/bin/server/
  INFO root [0x000035d8] [2020-10-07 22:50:17,373] - NetworkInterface::initialize(INTERNAL): bound to all interfaces with default route interface on 192.168.2.246 ( 192.168.2.246:52106 )
  INFO root [0x000035d8] [2020-10-07 22:50:17,373] - NetworkInterface::initialize(INTERNAL): address 192.168.2.246:52106, SOMAXCONN=5.
  INFO root [0x000035d8] [2020-10-07 22:50:17,373] - server-configs:
  INFO root [0x000035d8] [2020-10-07 22:50:17,374] - 	gameUpdateHertz : 30
  INFO root [0x000035d8] [2020-10-07 22:50:17,374] - 	defaultViewRadius : 500
  INFO root [0x000035d8] [2020-10-07 22:50:17,374] - 	defaultViewHysteresisArea : 5
  INFO root [0x000035d8] [2020-10-07 22:50:17,374] - 	entryScriptFile : kbemain
  INFO root [0x000035d8] [2020-10-07 22:50:17,374] - 	internalAddr : 192.168.2.246:52106
  INFO root [0x000035d8] [2020-10-07 22:50:17,375] - 	componentID : 820012
  INFO root [0x000035d8] [2020-10-07 22:50:18,880] - ---- cellapp Version: 1.2.7. ScriptVersion: 0.1.0. Protocol: FB5AA4D149D453FC2A7CB28524DD1B1C. Config: Debug X86. Built: 19:02:49 Aug  4 2020. AppID: 820012. UID: 20322. PID: 5392 ----
  INFO root [0x000035d8] [2020-10-07 22:50:18,881] - Server : Intel(R) Core(TM) i5-10210U CPU @ 1.60GHz with 2097151kB RAM
  INFO root [0x000035d8] [2020-10-07 22:50:18,881] - ThreadPool::createThreadPool: creating  threadpool...
  INFO root [0x000035d8] [2020-10-07 22:50:18,881] - ThreadPool::createThreadPool: successfully(2), newThreadCount=1, normalMaxThreadCount=2, maxThreadCount=8
 DEBUG root [0x000035d8] [2020-10-07 22:50:19,009] - Script::install_py_dlls(): PyInit_pyexpat
 DEBUG root [0x000035d8] [2020-10-07 22:50:19,010] - Script::install_py_dlls(): PyInit__socket
 DEBUG root [0x000035d8] [2020-10-07 22:50:19,010] - Script::install_py_dlls(): PyInit__ssl
 DEBUG root [0x000035d8] [2020-10-07 22:50:19,013] - Script::install_py_dlls(): PyInit__hashlib
 DEBUG root [0x000035d8] [2020-10-07 22:50:19,013] - Script::install_py_dlls(): PyInit_select
 DEBUG root [0x000035d8] [2020-10-07 22:50:19,013] - Script::install_py_dlls(): PyInit__ctypes
 DEBUG root [0x000035d8] [2020-10-07 22:50:19,014] - Script::install_py_dlls(): PyInit__elementtree
 DEBUG root [0x000035d8] [2020-10-07 22:50:19,044] - Script::install_py_dlls(): PyInit_unicodedata
  INFO root [0x000035d8] [2020-10-07 22:50:19,074] - Script::install(): is successfully, Python=(3.4.2 (default, Aug  4 2020, 19:01:54) [MSC v.1925 32 bit (Intel)])!
  INFO root [0x000035d8] [2020-10-07 22:50:19,075] - Script::install(): KBExtra is successfully!
 DEBUG root [0x000035d8] [2020-10-07 22:50:19,098] - loaded script:Avatar(1).
 DEBUG root [0x000035d8] [2020-10-07 22:50:19,102] - loaded script:Room(3).
  INFO root [0x000035d8] [2020-10-07 22:50:19,102] - TelnetServer server is running on port 50000
  INFO root [0x000035d8] [2020-10-07 22:50:19,308] - ---- cellapp is running ----
 DEBUG root [0x000035d8] [2020-10-07 22:50:19,308] - Components::process(): Request for the process of identity...
  WARN root [0x000035d8] [2020-10-07 22:50:25,493] - EntityApp::checkTickPeriod: tick took 18739% (18.74 seconds)!
  INFO root [0x000035d8] [2020-10-07 22:50:26,509] - Components::findComponents: find logger(1)...
  INFO root [0x000035d8] [2020-10-07 22:50:26,521] - Components::findComponents: found logger, addr:192.168.2.246:52101
  INFO root [0x000035d8] [2020-10-07 22:50:26,522] - Components::addComponent: reset orderLog, uid=20322!
  INFO root [0x000035d8] [2020-10-07 22:50:26,523] - Components::addComponent[logger], uid=20322, componentID=210002, globalorderid=1, grouporderid=1, totalcount=1
  INFO root [0x000035d8] [2020-10-07 22:50:26,526] - Components::findComponents: find dbmgr(2)...
  INFO root [0x000035d8] [2020-10-07 22:50:26,624] - Components::findComponents: found logger, addr:192.168.2.246:52101
  INFO root [0x000035d8] [2020-10-07 22:50:26,632] - Components::findComponents: found dbmgr, addr:192.168.2.246:52102
  INFO root [0x000035d8] [2020-10-07 22:50:26,633] - Components::addComponent: reset orderLog, uid=20322!
  INFO root [0x000035d8] [2020-10-07 22:50:26,634] - Components::addComponent[dbmgr], uid=20322, componentID=42002, globalorderid=1, grouporderid=1, totalcount=1
  INFO root [0x000035d8] [2020-10-07 22:50:26,646] - Components::findComponents: found dbmgr, addr:192.168.2.246:52102
  WARN root [0x000035d8] [2020-10-07 22:50:27,646] - EntityApp::checkTickPeriod: tick took 3548% (3.55 seconds)!
  WARN root [0x000035d8] [2020-10-07 22:50:27,647] - Forwarding logs to logger[192.168.2.246:52101/0/0/0]...
 ERROR root [0x000035d8] [2020-10-07 23:09:17,976] - Components::removeComponentByChannel: logger : 210002, Abnormal exit! TCPPacketReceiver::processRecv(): errno=10054

  INFO root [0x000035d8] [2020-10-07 23:09:18,028] - The following logs sent to logger failed:
  WARN root [0x000035d8] [2020-10-07 23:09:18,029] - ==> [2020-10-07 23:09:17 976] TCPPacketReceiver::processPendingEvents(192.168.2.246:52101): Throwing REASON_GENERAL_NETWORK - WSAECONNRESET
 ERROR root [0x000035d8] [2020-10-07 23:09:18,030] - ==> [2020-10-07 23:09:17 978] Components::removeComponentByChannel: logger : 210002, Abnormal exit! TCPPacketReceiver::processRecv(): errno=10054

  WARN root [0x000035d8] [2020-10-07 23:09:18,031] - EntityApp::checkTickPeriod: tick took 203% (0.20 seconds)!
  WARN root [0x000035d8] [2020-10-07 23:09:18,116] - TCPPacketReceiver::processPendingEvents(192.168.2.246:52102): Throwing REASON_GENERAL_NETWORK - WSAECONNRESET
 ERROR root [0x000035d8] [2020-10-07 23:09:18,123] - Components::removeComponentByChannel: dbmgr : 42002, Abnormal exit! TCPPacketReceiver::processRecv(): errno=10054

  INFO root [0x000035d8] [2020-10-07 23:09:18,161] - Shutdowner::onShutdownBegin: shutting down(period=0, tickPeriod=1)
  INFO root [0x000035d8] [2020-10-07 23:09:18,175] - Shutdowner::onShutdown: shutting down
  INFO root [0x000035d8] [2020-10-07 23:09:18,176] - Shutdowner::onShutdownEnd: shutting down
 DEBUG root [0x000035d8] [2020-10-07 23:09:18,176] - EntityRef::destroyObjPool(): size 16.
 DEBUG root [0x000035d8] [2020-10-07 23:09:18,177] - Witness::destroyObjPool(): size 16.
 ERROR root [0x000035d8] [2020-10-07 23:09:18,195] - EntityGarbages::~EntityGarbages(): leaked, size=8.
 ERROR root [0x000035d8] [2020-10-07 23:09:18,204] - 	--> leaked: Avatar(10).
 ERROR root [0x000035d8] [2020-10-07 23:09:18,207] - 	--> leaked: Avatar(2).
 ERROR root [0x000035d8] [2020-10-07 23:09:18,212] - 	--> leaked: Avatar(4).
 ERROR root [0x000035d8] [2020-10-07 23:09:18,214] - 	--> leaked: Avatar(13).
 ERROR root [0x000035d8] [2020-10-07 23:09:18,216] - 	--> leaked: Avatar(5).
 ERROR root [0x000035d8] [2020-10-07 23:09:18,220] - 	--> leaked: Avatar(7).
 ERROR root [0x000035d8] [2020-10-07 23:09:18,224] - 	--> leaked: Avatar(8).
 ERROR root [0x000035d8] [2020-10-07 23:09:18,226] - 	--> leaked: Avatar(11).
 ERROR root [0x000035d8] [2020-10-07 23:09:18,227] - PyGC::debugTracing(): EntityCall : leaked(16)
 ERROR root [0x000035d8] [2020-10-07 23:09:18,233] - PyGC::debugTracing(): Vector3 : leaked(24)
 ERROR root [0x000035d8] [2020-10-07 23:09:18,234] - PyGC::debugTracing(): FixedArray : leaked(8)
 ERROR root [0x000035d8] [2020-10-07 23:09:18,236] - PyGC::debugTracing(): Entity : leaked(8)
 DEBUG root [0x000035d8] [2020-10-07 23:09:18,237] - Script::uninstall_py_dlls(): PyInit_pyexpat
 DEBUG root [0x000035d8] [2020-10-07 23:09:18,237] - Script::uninstall_py_dlls(): PyInit__socket
 DEBUG root [0x000035d8] [2020-10-07 23:09:18,237] - Script::uninstall_py_dlls(): PyInit__ssl
 DEBUG root [0x000035d8] [2020-10-07 23:09:18,237] - Script::uninstall_py_dlls(): PyInit__hashlib
 DEBUG root [0x000035d8] [2020-10-07 23:09:18,238] - Script::uninstall_py_dlls(): PyInit_select
 DEBUG root [0x000035d8] [2020-10-07 23:09:18,238] - Script::uninstall_py_dlls(): PyInit__ctypes
 DEBUG root [0x000035d8] [2020-10-07 23:09:18,238] - Script::uninstall_py_dlls(): PyInit__elementtree
 DEBUG root [0x000035d8] [2020-10-07 23:09:18,238] - Script::uninstall_py_dlls(): PyInit_unicodedata
 DEBUG root [0x000035d8] [2020-10-07 23:09:18,241] - Avatar::~Avatar(): 4
 DEBUG root [0x000035d8] [2020-10-07 23:09:18,241] - Avatar::~Avatar(): 2
 DEBUG root [0x000035d8] [2020-10-07 23:09:18,242] - Avatar::~Avatar(): 7
 DEBUG root [0x000035d8] [2020-10-07 23:09:18,242] - Avatar::~Avatar(): 5
 DEBUG root [0x000035d8] [2020-10-07 23:09:18,242] - Avatar::~Avatar(): 10
 DEBUG root [0x000035d8] [2020-10-07 23:09:18,242] - Avatar::~Avatar(): 8
 DEBUG root [0x000035d8] [2020-10-07 23:09:18,242] - Avatar::~Avatar(): 13
 DEBUG root [0x000035d8] [2020-10-07 23:09:18,243] - Avatar::~Avatar(): 11
  INFO root [0x000035d8] [2020-10-07 23:09:18,253] - Script::uninstall(): is successfully!
 DEBUG root [0x000035d8] [2020-10-07 23:09:18,254] - ThreadPool::destroy(): starting size 2.
  INFO root [0x00003234] [2020-10-07 23:10:48,922] - 
  INFO root [0x00003234] [2020-10-07 23:10:48,923] - -----------------------------------------------------------------------------------------


  INFO root [0x00003234] [2020-10-07 23:10:48,924] - Resmgr::initialize: KBE_ROOT=D:/kbengine_24pic/
  INFO root [0x00003234] [2020-10-07 23:10:48,925] - Resmgr::initialize: KBE_RES_PATH=D:/kbengine_24pic/kbe/res/;D:/kbengine_24pic/kbengine_stone_assets/;D:/kbengine_24pic/kbengine_stone_assets/scripts/;D:/kbengine_24pic/kbengine_stone_assets/res/
  INFO root [0x00003234] [2020-10-07 23:10:48,925] - Resmgr::initialize: KBE_BIN_PATH=D:/kbengine_24pic/kbe/bin/server/
  INFO root [0x00003234] [2020-10-07 23:10:48,931] - NetworkInterface::initialize(INTERNAL): bound to all interfaces with default route interface on 192.168.2.246 ( 192.168.2.246:52624 )
  INFO root [0x00003234] [2020-10-07 23:10:48,931] - NetworkInterface::initialize(INTERNAL): address 192.168.2.246:52624, SOMAXCONN=5.
  INFO root [0x00003234] [2020-10-07 23:10:48,931] - server-configs:
  INFO root [0x00003234] [2020-10-07 23:10:48,931] - 	gameUpdateHertz : 30
  INFO root [0x00003234] [2020-10-07 23:10:48,932] - 	defaultViewRadius : 500
  INFO root [0x00003234] [2020-10-07 23:10:48,932] - 	defaultViewHysteresisArea : 5
  INFO root [0x00003234] [2020-10-07 23:10:48,932] - 	entryScriptFile : kbemain
  INFO root [0x00003234] [2020-10-07 23:10:48,932] - 	internalAddr : 192.168.2.246:52624
  INFO root [0x00003234] [2020-10-07 23:10:48,932] - 	componentID : 820012
  INFO root [0x00003234] [2020-10-07 23:10:49,202] - Components::findLogger: found logger, addr:192.168.2.246:52618
  INFO root [0x00003234] [2020-10-07 23:10:49,203] - Components::addComponent: reset orderLog, uid=24345!
  INFO root [0x00003234] [2020-10-07 23:10:49,203] - Components::addComponent[logger], uid=24345, componentID=210002, globalorderid=1, grouporderid=1, totalcount=1
  INFO root [0x00003234] [2020-10-07 23:10:49,207] - ---- cellapp Version: 1.2.7. ScriptVersion: 0.1.0. Protocol: FB5AA4D149D453FC2A7CB28524DD1B1C. Config: Debug X86. Built: 19:02:49 Aug  4 2020. AppID: 820012. UID: 24345. PID: 13132 ----
  INFO root [0x00003234] [2020-10-07 23:10:49,207] - Server : Intel(R) Core(TM) i5-10210U CPU @ 1.60GHz with 2097151kB RAM
  INFO root [0x00003234] [2020-10-07 23:10:49,207] - ThreadPool::createThreadPool: creating  threadpool...
  INFO root [0x00003234] [2020-10-07 23:10:49,208] - ThreadPool::createThreadPool: successfully(2), newThreadCount=1, normalMaxThreadCount=2, maxThreadCount=8
 DEBUG root [0x00003234] [2020-10-07 23:10:49,331] - Script::install_py_dlls(): PyInit_pyexpat
 DEBUG root [0x00003234] [2020-10-07 23:10:49,332] - Script::install_py_dlls(): PyInit__socket
 DEBUG root [0x00003234] [2020-10-07 23:10:49,332] - Script::install_py_dlls(): PyInit__ssl
 DEBUG root [0x00003234] [2020-10-07 23:10:49,335] - Script::install_py_dlls(): PyInit__hashlib
 DEBUG root [0x00003234] [2020-10-07 23:10:49,336] - Script::install_py_dlls(): PyInit_select
 DEBUG root [0x00003234] [2020-10-07 23:10:49,336] - Script::install_py_dlls(): PyInit__ctypes
 DEBUG root [0x00003234] [2020-10-07 23:10:49,336] - Script::install_py_dlls(): PyInit__elementtree
 DEBUG root [0x00003234] [2020-10-07 23:10:49,366] - Script::install_py_dlls(): PyInit_unicodedata
  INFO root [0x00003234] [2020-10-07 23:10:49,399] - Script::install(): is successfully, Python=(3.4.2 (default, Aug  4 2020, 19:01:54) [MSC v.1925 32 bit (Intel)])!
  INFO root [0x00003234] [2020-10-07 23:10:49,399] - Script::install(): KBExtra is successfully!
 DEBUG root [0x00003234] [2020-10-07 23:10:49,424] - loaded script:Avatar(1).
 DEBUG root [0x00003234] [2020-10-07 23:10:49,426] - loaded script:Room(3).
  INFO root [0x00003234] [2020-10-07 23:10:49,427] - TelnetServer server is running on port 50000
  INFO root [0x00003234] [2020-10-07 23:10:49,729] - ---- cellapp is running ----
 DEBUG root [0x00003234] [2020-10-07 23:10:49,730] - Components::process(): Request for the process of identity...
  WARN root [0x00003234] [2020-10-07 23:10:55,979] - Forwarding logs to logger[192.168.2.246:52618/0/0/0]...
 ERROR root [0x00003234] [2020-10-07 23:18:57,828] - Components::removeComponentByChannel: logger : 210002, Abnormal exit! TCPPacketReceiver::processRecv(): errno=10054

  INFO root [0x00003234] [2020-10-07 23:18:57,828] - The following logs sent to logger failed:
  WARN root [0x00003234] [2020-10-07 23:18:57,828] - ==> [2020-10-07 23:18:57 836] TCPPacketReceiver::processPendingEvents(192.168.2.246:52618): Throwing REASON_GENERAL_NETWORK - WSAECONNRESET
 ERROR root [0x00003234] [2020-10-07 23:18:57,828] - ==> [2020-10-07 23:18:57 837] Components::removeComponentByChannel: logger : 210002, Abnormal exit! TCPPacketReceiver::processRecv(): errno=10054

  WARN root [0x00003234] [2020-10-07 23:18:57,906] - TCPPacketReceiver::processPendingEvents(192.168.2.246:52620): Throwing REASON_GENERAL_NETWORK - WSAECONNRESET
 ERROR root [0x00003234] [2020-10-07 23:18:57,906] - Components::removeComponentByChannel: dbmgr : 42002, Abnormal exit! TCPPacketReceiver::processRecv(): errno=10054

  INFO root [0x00003234] [2020-10-07 23:18:57,906] - Shutdowner::onShutdownBegin: shutting down(period=0, tickPeriod=1)
  INFO root [0x00003234] [2020-10-07 23:18:57,906] - Shutdowner::onShutdown: shutting down
  INFO root [0x00003234] [2020-10-07 23:18:57,906] - Shutdowner::onShutdownEnd: shutting down
 DEBUG root [0x00003234] [2020-10-07 23:18:57,906] - EntityRef::destroyObjPool(): size 16.
 DEBUG root [0x00003234] [2020-10-07 23:18:57,906] - Witness::destroyObjPool(): size 16.
 ERROR root [0x00003234] [2020-10-07 23:18:57,921] - EntityGarbages::~EntityGarbages(): leaked, size=6.
 ERROR root [0x00003234] [2020-10-07 23:18:57,921] - 	--> leaked: Avatar(10010).
 ERROR root [0x00003234] [2020-10-07 23:18:57,921] - 	--> leaked: Avatar(10002).
 ERROR root [0x00003234] [2020-10-07 23:18:57,921] - 	--> leaked: Avatar(10004).
 ERROR root [0x00003234] [2020-10-07 23:18:57,921] - 	--> leaked: Avatar(10008).
 ERROR root [0x00003234] [2020-10-07 23:18:57,921] - 	--> leaked: Avatar(10013).
 ERROR root [0x00003234] [2020-10-07 23:18:57,921] - 	--> leaked: Avatar(10011).
 ERROR root [0x00003234] [2020-10-07 23:18:57,921] - PyGC::debugTracing(): EntityCall : leaked(12)
 ERROR root [0x00003234] [2020-10-07 23:18:57,921] - PyGC::debugTracing(): Vector3 : leaked(18)
 ERROR root [0x00003234] [2020-10-07 23:18:57,921] - PyGC::debugTracing(): FixedArray : leaked(6)
 ERROR root [0x00003234] [2020-10-07 23:18:57,921] - PyGC::debugTracing(): Entity : leaked(6)
 DEBUG root [0x00003234] [2020-10-07 23:18:57,921] - Script::uninstall_py_dlls(): PyInit_pyexpat
 DEBUG root [0x00003234] [2020-10-07 23:18:57,921] - Script::uninstall_py_dlls(): PyInit__socket
 DEBUG root [0x00003234] [2020-10-07 23:18:57,921] - Script::uninstall_py_dlls(): PyInit__ssl
 DEBUG root [0x00003234] [2020-10-07 23:18:57,921] - Script::uninstall_py_dlls(): PyInit__hashlib
 DEBUG root [0x00003234] [2020-10-07 23:18:57,921] - Script::uninstall_py_dlls(): PyInit_select
 DEBUG root [0x00003234] [2020-10-07 23:18:57,921] - Script::uninstall_py_dlls(): PyInit__ctypes
 DEBUG root [0x00003234] [2020-10-07 23:18:57,921] - Script::uninstall_py_dlls(): PyInit__elementtree
 DEBUG root [0x00003234] [2020-10-07 23:18:57,921] - Script::uninstall_py_dlls(): PyInit_unicodedata
 DEBUG root [0x00003234] [2020-10-07 23:18:57,937] - Avatar::~Avatar(): 10004
 DEBUG root [0x00003234] [2020-10-07 23:18:57,937] - Avatar::~Avatar(): 10002
 DEBUG root [0x00003234] [2020-10-07 23:18:57,937] - Avatar::~Avatar(): 10010
 DEBUG root [0x00003234] [2020-10-07 23:18:57,937] - Avatar::~Avatar(): 10008
 DEBUG root [0x00003234] [2020-10-07 23:18:57,937] - Avatar::~Avatar(): 10013
 DEBUG root [0x00003234] [2020-10-07 23:18:57,937] - Avatar::~Avatar(): 10011
  INFO root [0x00003234] [2020-10-07 23:18:57,937] - Script::uninstall(): is successfully!
 DEBUG root [0x00003234] [2020-10-07 23:18:57,937] - ThreadPool::destroy(): starting size 2.
