  INFO root [0x0000066c] [2020-11-08 21:29:56,239] - 
  INFO root [0x0000066c] [2020-11-08 21:29:56,241] - -----------------------------------------------------------------------------------------


  INFO root [0x0000066c] [2020-11-08 21:29:56,243] - Resmgr::initialize: KBE_ROOT=D:/kbengine_24pic/
  INFO root [0x0000066c] [2020-11-08 21:29:56,243] - Resmgr::initialize: KBE_RES_PATH=D:/kbengine_24pic/kbe/res/;D:/kbengine_24pic/kbengine_stone_assets/;D:/kbengine_24pic/kbengine_stone_assets/scripts/;D:/kbengine_24pic/kbengine_stone_assets/res/
  INFO root [0x0000066c] [2020-11-08 21:29:56,244] - Resmgr::initialize: KBE_BIN_PATH=D:/kbengine_24pic/kbe/bin/server/
  INFO root [0x0000066c] [2020-11-08 21:29:56,258] - NetworkInterface::initialize(INTERNAL): bound to all interfaces with default route interface on 192.168.2.246 ( 192.168.2.246:51766 )
  INFO root [0x0000066c] [2020-11-08 21:29:56,259] - NetworkInterface::initialize(INTERNAL): address 192.168.2.246:51766, SOMAXCONN=5.
  INFO root [0x0000066c] [2020-11-08 21:29:56,259] - server-configs:
  INFO root [0x0000066c] [2020-11-08 21:29:56,259] - 	gameUpdateHertz : 30
  INFO root [0x0000066c] [2020-11-08 21:29:56,259] - 	defaultViewRadius : 500
  INFO root [0x0000066c] [2020-11-08 21:29:56,259] - 	defaultViewHysteresisArea : 5
  INFO root [0x0000066c] [2020-11-08 21:29:56,260] - 	entryScriptFile : kbemain
  INFO root [0x0000066c] [2020-11-08 21:29:56,260] - 	internalAddr : 192.168.2.246:51766
  INFO root [0x0000066c] [2020-11-08 21:29:56,260] - 	componentID : 820012
  INFO root [0x0000066c] [2020-11-08 21:29:57,770] - ---- cellapp Version: 1.2.7. ScriptVersion: 0.1.0. Protocol: FB5AA4D149D453FC2A7CB28524DD1B1C. Config: Debug X86. Built: 19:02:49 Aug  4 2020. AppID: 820012. UID: 22052. PID: 12656 ----
  INFO root [0x0000066c] [2020-11-08 21:29:57,771] - Server : Intel(R) Core(TM) i5-10210U CPU @ 1.60GHz with 2097151kB RAM
  INFO root [0x0000066c] [2020-11-08 21:29:57,771] - ThreadPool::createThreadPool: creating  threadpool...
  INFO root [0x0000066c] [2020-11-08 21:29:57,772] - ThreadPool::createThreadPool: successfully(2), newThreadCount=1, normalMaxThreadCount=2, maxThreadCount=8
 DEBUG root [0x0000066c] [2020-11-08 21:29:57,901] - Script::install_py_dlls(): PyInit_pyexpat
 DEBUG root [0x0000066c] [2020-11-08 21:29:57,902] - Script::install_py_dlls(): PyInit__socket
 DEBUG root [0x0000066c] [2020-11-08 21:29:57,903] - Script::install_py_dlls(): PyInit__ssl
 DEBUG root [0x0000066c] [2020-11-08 21:29:57,907] - Script::install_py_dlls(): PyInit__hashlib
 DEBUG root [0x0000066c] [2020-11-08 21:29:57,907] - Script::install_py_dlls(): PyInit_select
 DEBUG root [0x0000066c] [2020-11-08 21:29:57,908] - Script::install_py_dlls(): PyInit__ctypes
 DEBUG root [0x0000066c] [2020-11-08 21:29:57,908] - Script::install_py_dlls(): PyInit__elementtree
 DEBUG root [0x0000066c] [2020-11-08 21:29:57,957] - Script::install_py_dlls(): PyInit_unicodedata
  INFO root [0x0000066c] [2020-11-08 21:29:58,000] - Script::install(): is successfully, Python=(3.4.2 (default, Aug  4 2020, 19:01:54) [MSC v.1925 32 bit (Intel)])!
  INFO root [0x0000066c] [2020-11-08 21:29:58,000] - Script::install(): KBExtra is successfully!
 DEBUG root [0x0000066c] [2020-11-08 21:29:58,027] - loaded script:Avatar(1).
 DEBUG root [0x0000066c] [2020-11-08 21:29:58,029] - loaded script:Room(3).
 DEBUG root [0x0000066c] [2020-11-08 21:29:58,031] - loaded script:PrivateRoom(4).
  INFO root [0x0000066c] [2020-11-08 21:29:58,031] - TelnetServer server is running on port 50000
  INFO root [0x0000066c] [2020-11-08 21:29:58,294] - ---- cellapp is running ----
 DEBUG root [0x0000066c] [2020-11-08 21:29:58,294] - Components::process(): Request for the process of identity...
  WARN root [0x0000066c] [2020-11-08 21:30:04,518] - EntityApp::checkTickPeriod: tick took 18857% (18.86 seconds)!
  INFO root [0x0000066c] [2020-11-08 21:30:05,528] - Components::findComponents: find logger(1)...
  INFO root [0x0000066c] [2020-11-08 21:30:05,579] - Components::findComponents: found logger, addr:192.168.2.246:51760
  INFO root [0x0000066c] [2020-11-08 21:30:05,579] - Components::addComponent: reset orderLog, uid=22052!
  INFO root [0x0000066c] [2020-11-08 21:30:05,580] - Components::addComponent[logger], uid=22052, componentID=210002, globalorderid=1, grouporderid=1, totalcount=1
  INFO root [0x0000066c] [2020-11-08 21:30:05,581] - Components::findComponents: find dbmgr(2)...
  INFO root [0x0000066c] [2020-11-08 21:30:05,587] - Components::findComponents: found dbmgr, addr:192.168.2.246:51761
  INFO root [0x0000066c] [2020-11-08 21:30:05,588] - Components::addComponent: reset orderLog, uid=22052!
  INFO root [0x0000066c] [2020-11-08 21:30:05,588] - Components::addComponent[dbmgr], uid=22052, componentID=42002, globalorderid=1, grouporderid=1, totalcount=1
  INFO root [0x0000066c] [2020-11-08 21:30:05,690] - Components::findComponents: found dbmgr, addr:192.168.2.246:51761
  WARN root [0x0000066c] [2020-11-08 21:30:06,691] - EntityApp::checkTickPeriod: tick took 3621% (3.62 seconds)!
  WARN root [0x0000066c] [2020-11-08 21:30:06,693] - Forwarding logs to logger[192.168.2.246:51760/0/0/0]...
 ERROR root [0x0000066c] [2020-11-08 21:46:23,598] - Components::removeComponentByChannel: logger : 210002, Abnormal exit! TCPPacketReceiver::processRecv(): errno=10054

  INFO root [0x0000066c] [2020-11-08 21:46:23,634] - The following logs sent to logger failed:
  WARN root [0x0000066c] [2020-11-08 21:46:23,635] - ==> [2020-11-08 21:46:23 597] TCPPacketReceiver::processPendingEvents(192.168.2.246:51760): Throwing REASON_GENERAL_NETWORK - WSAECONNRESET
 ERROR root [0x0000066c] [2020-11-08 21:46:23,635] - ==> [2020-11-08 21:46:23 623] Components::removeComponentByChannel: logger : 210002, Abnormal exit! TCPPacketReceiver::processRecv(): errno=10054

  WARN root [0x0000066c] [2020-11-08 21:46:23,682] - TCPPacketReceiver::processPendingEvents(192.168.2.246:51761): Throwing REASON_GENERAL_NETWORK - WSAECONNRESET
 ERROR root [0x0000066c] [2020-11-08 21:46:23,684] - Components::removeComponentByChannel: dbmgr : 42002, Abnormal exit! TCPPacketReceiver::processRecv(): errno=10054

  INFO root [0x0000066c] [2020-11-08 21:46:23,696] - Shutdowner::onShutdownBegin: shutting down(period=0, tickPeriod=1)
  INFO root [0x0000066c] [2020-11-08 21:46:23,718] - Shutdowner::onShutdown: shutting down
  INFO root [0x0000066c] [2020-11-08 21:46:23,719] - Shutdowner::onShutdownEnd: shutting down
 DEBUG root [0x0000066c] [2020-11-08 21:46:23,724] - EntityRef::destroyObjPool(): size 16.
 DEBUG root [0x0000066c] [2020-11-08 21:46:23,726] - Witness::destroyObjPool(): size 16.
 ERROR root [0x0000066c] [2020-11-08 21:46:23,748] - EntityGarbages::~EntityGarbages(): leaked, size=5.
 ERROR root [0x0000066c] [2020-11-08 21:46:23,754] - 	--> leaked: Avatar(4).
 ERROR root [0x0000066c] [2020-11-08 21:46:23,756] - 	--> leaked: Avatar(2).
 ERROR root [0x0000066c] [2020-11-08 21:46:23,765] - 	--> leaked: Avatar(7).
 ERROR root [0x0000066c] [2020-11-08 21:46:23,767] - 	--> leaked: Avatar(8).
 ERROR root [0x0000066c] [2020-11-08 21:46:23,771] - 	--> leaked: Avatar(5).
 ERROR root [0x0000066c] [2020-11-08 21:46:23,774] - PyGC::debugTracing(): EntityCall : leaked(10)
 ERROR root [0x0000066c] [2020-11-08 21:46:23,777] - PyGC::debugTracing(): Vector3 : leaked(15)
 ERROR root [0x0000066c] [2020-11-08 21:46:23,781] - PyGC::debugTracing(): FixedArray : leaked(10)
 ERROR root [0x0000066c] [2020-11-08 21:46:23,782] - PyGC::debugTracing(): Entity : leaked(5)
 DEBUG root [0x0000066c] [2020-11-08 21:46:23,785] - Script::uninstall_py_dlls(): PyInit_pyexpat
 DEBUG root [0x0000066c] [2020-11-08 21:46:23,785] - Script::uninstall_py_dlls(): PyInit__socket
 DEBUG root [0x0000066c] [2020-11-08 21:46:23,785] - Script::uninstall_py_dlls(): PyInit__ssl
 DEBUG root [0x0000066c] [2020-11-08 21:46:23,785] - Script::uninstall_py_dlls(): PyInit__hashlib
 DEBUG root [0x0000066c] [2020-11-08 21:46:23,785] - Script::uninstall_py_dlls(): PyInit_select
 DEBUG root [0x0000066c] [2020-11-08 21:46:23,785] - Script::uninstall_py_dlls(): PyInit__ctypes
 DEBUG root [0x0000066c] [2020-11-08 21:46:23,786] - Script::uninstall_py_dlls(): PyInit__elementtree
 DEBUG root [0x0000066c] [2020-11-08 21:46:23,786] - Script::uninstall_py_dlls(): PyInit_unicodedata
 DEBUG root [0x0000066c] [2020-11-08 21:46:23,790] - Avatar::~Avatar(): 4
 DEBUG root [0x0000066c] [2020-11-08 21:46:23,790] - Avatar::~Avatar(): 2
 DEBUG root [0x0000066c] [2020-11-08 21:46:23,790] - Avatar::~Avatar(): 7
 DEBUG root [0x0000066c] [2020-11-08 21:46:23,791] - Avatar::~Avatar(): 8
 DEBUG root [0x0000066c] [2020-11-08 21:46:23,791] - Avatar::~Avatar(): 5
  INFO root [0x0000066c] [2020-11-08 21:46:23,803] - Script::uninstall(): is successfully!
 DEBUG root [0x0000066c] [2020-11-08 21:46:23,804] - ThreadPool::destroy(): starting size 2.
