 ERROR root [0x000017bc] [2020-10-28 00:00:36,610] - Components::removeComponentByChannel: logger : 210002, Abnormal exit! TCPPacketReceiver::processRecv(): errno=10054

  INFO root [0x000017bc] [2020-10-28 00:00:36,617] - The following logs sent to logger failed:
  WARN root [0x000017bc] [2020-10-28 00:00:36,618] - ==> [2020-10-28 00:00:36 610] TCPPacketReceiver::processPendingEvents(192.168.2.246:49801): Throwing REASON_GENERAL_NETWORK - WSAECONNRESET
 ERROR root [0x000017bc] [2020-10-28 00:00:36,618] - ==> [2020-10-28 00:00:36 614] Components::removeComponentByChannel: logger : 210002, Abnormal exit! TCPPacketReceiver::processRecv(): errno=10054

  WARN root [0x000017bc] [2020-10-28 00:00:36,694] - TCPPacketReceiver::processPendingEvents(192.168.2.246:49802): Throwing REASON_GENERAL_NETWORK - WSAECONNRESET
 ERROR root [0x000017bc] [2020-10-28 00:00:36,697] - Components::removeComponentByChannel: dbmgr : 42002, Abnormal exit! TCPPacketReceiver::processRecv(): errno=10054

  INFO root [0x000017bc] [2020-10-28 00:00:36,702] - Shutdowner::onShutdownBegin: shutting down(period=0, tickPeriod=1)
  INFO root [0x000017bc] [2020-10-28 00:00:36,702] - Shutdowner::onShutdown: shutting down
  INFO root [0x000017bc] [2020-10-28 00:00:36,703] - Shutdowner::onShutdownEnd: shutting down
 DEBUG root [0x000017bc] [2020-10-28 00:00:36,705] - EntityRef::destroyObjPool(): size 16.
 DEBUG root [0x000017bc] [2020-10-28 00:00:36,705] - Witness::destroyObjPool(): size 16.
 ERROR root [0x000017bc] [2020-10-28 00:00:36,722] - EntityGarbages::~EntityGarbages(): leaked, size=16.
 ERROR root [0x000017bc] [2020-10-28 00:00:36,723] - 	--> leaked: Avatar(10042).
 ERROR root [0x000017bc] [2020-10-28 00:00:36,724] - 	--> leaked: Avatar(10044).
 ERROR root [0x000017bc] [2020-10-28 00:00:36,725] - 	--> leaked: Avatar(10045).
 ERROR root [0x000017bc] [2020-10-28 00:00:36,726] - 	--> leaked: Avatar(10047).
 ERROR root [0x000017bc] [2020-10-28 00:00:36,727] - 	--> leaked: Avatar(10050).
 ERROR root [0x000017bc] [2020-10-28 00:00:36,727] - 	--> leaked: Avatar(10048).
 ERROR root [0x000017bc] [2020-10-28 00:00:36,727] - 	--> leaked: Avatar(10053).
 ERROR root [0x000017bc] [2020-10-28 00:00:36,728] - 	--> leaked: Avatar(10051).
 ERROR root [0x000017bc] [2020-10-28 00:00:36,728] - 	--> leaked: Avatar(10056).
 ERROR root [0x000017bc] [2020-10-28 00:00:36,728] - 	--> leaked: Avatar(10054).
 ERROR root [0x000017bc] [2020-10-28 00:00:36,729] - 	--> leaked: Avatar(10059).
 ERROR root [0x000017bc] [2020-10-28 00:00:36,729] - 	--> leaked: Avatar(10057).
 ERROR root [0x000017bc] [2020-10-28 00:00:36,730] - 	--> leaked: Avatar(10063).
 ERROR root [0x000017bc] [2020-10-28 00:00:36,730] - 	--> leaked: Avatar(10062).
 ERROR root [0x000017bc] [2020-10-28 00:00:36,730] - 	--> leaked: Avatar(10068).
 ERROR root [0x000017bc] [2020-10-28 00:00:36,731] - 	--> leaked: Avatar(10070).
 ERROR root [0x000017bc] [2020-10-28 00:00:36,733] - PyGC::debugTracing(): EntityCall : leaked(32)
 ERROR root [0x000017bc] [2020-10-28 00:00:36,733] - PyGC::debugTracing(): Vector3 : leaked(48)
 ERROR root [0x000017bc] [2020-10-28 00:00:36,734] - PyGC::debugTracing(): FixedArray : leaked(32)
 ERROR root [0x000017bc] [2020-10-28 00:00:36,734] - PyGC::debugTracing(): Entity : leaked(16)
 DEBUG root [0x000017bc] [2020-10-28 00:00:36,736] - Script::uninstall_py_dlls(): PyInit_pyexpat
 DEBUG root [0x000017bc] [2020-10-28 00:00:36,736] - Script::uninstall_py_dlls(): PyInit__socket
 DEBUG root [0x000017bc] [2020-10-28 00:00:36,736] - Script::uninstall_py_dlls(): PyInit__ssl
 DEBUG root [0x000017bc] [2020-10-28 00:00:36,736] - Script::uninstall_py_dlls(): PyInit__hashlib
 DEBUG root [0x000017bc] [2020-10-28 00:00:36,737] - Script::uninstall_py_dlls(): PyInit_select
 DEBUG root [0x000017bc] [2020-10-28 00:00:36,737] - Script::uninstall_py_dlls(): PyInit__ctypes
 DEBUG root [0x000017bc] [2020-10-28 00:00:36,737] - Script::uninstall_py_dlls(): PyInit__elementtree
 DEBUG root [0x000017bc] [2020-10-28 00:00:36,737] - Script::uninstall_py_dlls(): PyInit_unicodedata
 DEBUG root [0x000017bc] [2020-10-28 00:00:36,745] - Avatar::~Avatar(): 10044
 DEBUG root [0x000017bc] [2020-10-28 00:00:36,746] - Avatar::~Avatar(): 10042
 DEBUG root [0x000017bc] [2020-10-28 00:00:36,746] - Avatar::~Avatar(): 10047
 DEBUG root [0x000017bc] [2020-10-28 00:00:36,746] - Avatar::~Avatar(): 10045
 DEBUG root [0x000017bc] [2020-10-28 00:00:36,746] - Avatar::~Avatar(): 10050
 DEBUG root [0x000017bc] [2020-10-28 00:00:36,746] - Avatar::~Avatar(): 10048
 DEBUG root [0x000017bc] [2020-10-28 00:00:36,746] - Avatar::~Avatar(): 10053
 DEBUG root [0x000017bc] [2020-10-28 00:00:36,747] - Avatar::~Avatar(): 10051
 DEBUG root [0x000017bc] [2020-10-28 00:00:36,747] - Avatar::~Avatar(): 10056
 DEBUG root [0x000017bc] [2020-10-28 00:00:36,747] - Avatar::~Avatar(): 10054
 DEBUG root [0x000017bc] [2020-10-28 00:00:36,747] - Avatar::~Avatar(): 10059
 DEBUG root [0x000017bc] [2020-10-28 00:00:36,747] - Avatar::~Avatar(): 10057
 DEBUG root [0x000017bc] [2020-10-28 00:00:36,747] - Avatar::~Avatar(): 10062
 DEBUG root [0x000017bc] [2020-10-28 00:00:36,748] - Avatar::~Avatar(): 10063
 DEBUG root [0x000017bc] [2020-10-28 00:00:36,748] - Avatar::~Avatar(): 10070
 DEBUG root [0x000017bc] [2020-10-28 00:00:36,748] - Avatar::~Avatar(): 10068
  INFO root [0x000017bc] [2020-10-28 00:00:36,759] - Script::uninstall(): is successfully!
 DEBUG root [0x000017bc] [2020-10-28 00:00:36,759] - ThreadPool::destroy(): starting size 2.
  INFO root [0x000020d0] [2020-10-28 20:11:41,069] - 
  INFO root [0x000020d0] [2020-10-28 20:11:41,070] - -----------------------------------------------------------------------------------------


  INFO root [0x000020d0] [2020-10-28 20:11:41,071] - Resmgr::initialize: KBE_ROOT=D:/kbengine_24pic/
  INFO root [0x000020d0] [2020-10-28 20:11:41,072] - Resmgr::initialize: KBE_RES_PATH=D:/kbengine_24pic/kbe/res/;D:/kbengine_24pic/kbengine_stone_assets/;D:/kbengine_24pic/kbengine_stone_assets/scripts/;D:/kbengine_24pic/kbengine_stone_assets/res/
  INFO root [0x000020d0] [2020-10-28 20:11:41,072] - Resmgr::initialize: KBE_BIN_PATH=D:/kbengine_24pic/kbe/bin/server/
  INFO root [0x000020d0] [2020-10-28 20:11:41,077] - NetworkInterface::initialize(INTERNAL): bound to all interfaces with default route interface on 192.168.2.246 ( 192.168.2.246:50335 )
  INFO root [0x000020d0] [2020-10-28 20:11:41,077] - NetworkInterface::initialize(INTERNAL): address 192.168.2.246:50335, SOMAXCONN=5.
  INFO root [0x000020d0] [2020-10-28 20:11:41,077] - server-configs:
  INFO root [0x000020d0] [2020-10-28 20:11:41,077] - 	gameUpdateHertz : 30
  INFO root [0x000020d0] [2020-10-28 20:11:41,077] - 	defaultViewRadius : 500
  INFO root [0x000020d0] [2020-10-28 20:11:41,077] - 	defaultViewHysteresisArea : 5
  INFO root [0x000020d0] [2020-10-28 20:11:41,078] - 	entryScriptFile : kbemain
  INFO root [0x000020d0] [2020-10-28 20:11:41,078] - 	internalAddr : 192.168.2.246:50335
  INFO root [0x000020d0] [2020-10-28 20:11:41,078] - 	componentID : 820012
  INFO root [0x000020d0] [2020-10-28 20:11:41,102] - Components::findLogger: found logger, addr:192.168.2.246:50313
  INFO root [0x000020d0] [2020-10-28 20:11:41,102] - Components::addComponent: reset orderLog, uid=15930!
  INFO root [0x000020d0] [2020-10-28 20:11:41,102] - Components::addComponent[logger], uid=15930, componentID=210002, globalorderid=1, grouporderid=1, totalcount=1
  INFO root [0x000020d0] [2020-10-28 20:11:41,107] - ---- cellapp Version: 1.2.7. ScriptVersion: 0.1.0. Protocol: FB5AA4D149D453FC2A7CB28524DD1B1C. Config: Debug X86. Built: 19:02:49 Aug  4 2020. AppID: 820012. UID: 15930. PID: 11196 ----
  INFO root [0x000020d0] [2020-10-28 20:11:41,107] - Server : Intel(R) Core(TM) i5-10210U CPU @ 1.60GHz with 2097151kB RAM
  INFO root [0x000020d0] [2020-10-28 20:11:41,108] - ThreadPool::createThreadPool: creating  threadpool...
  INFO root [0x000020d0] [2020-10-28 20:11:41,108] - ThreadPool::createThreadPool: successfully(2), newThreadCount=1, normalMaxThreadCount=2, maxThreadCount=8
 DEBUG root [0x000020d0] [2020-10-28 20:11:41,237] - Script::install_py_dlls(): PyInit_pyexpat
 DEBUG root [0x000020d0] [2020-10-28 20:11:41,238] - Script::install_py_dlls(): PyInit__socket
 DEBUG root [0x000020d0] [2020-10-28 20:11:41,238] - Script::install_py_dlls(): PyInit__ssl
 DEBUG root [0x000020d0] [2020-10-28 20:11:41,241] - Script::install_py_dlls(): PyInit__hashlib
 DEBUG root [0x000020d0] [2020-10-28 20:11:41,241] - Script::install_py_dlls(): PyInit_select
 DEBUG root [0x000020d0] [2020-10-28 20:11:41,241] - Script::install_py_dlls(): PyInit__ctypes
 DEBUG root [0x000020d0] [2020-10-28 20:11:41,242] - Script::install_py_dlls(): PyInit__elementtree
 DEBUG root [0x000020d0] [2020-10-28 20:11:41,274] - Script::install_py_dlls(): PyInit_unicodedata
  INFO root [0x000020d0] [2020-10-28 20:11:41,307] - Script::install(): is successfully, Python=(3.4.2 (default, Aug  4 2020, 19:01:54) [MSC v.1925 32 bit (Intel)])!
  INFO root [0x000020d0] [2020-10-28 20:11:41,307] - Script::install(): KBExtra is successfully!
 DEBUG root [0x000020d0] [2020-10-28 20:11:41,351] - loaded script:Avatar(1).
 DEBUG root [0x000020d0] [2020-10-28 20:11:41,361] - loaded script:Room(3).
 DEBUG root [0x000020d0] [2020-10-28 20:11:41,369] - loaded script:PrivateRoom(4).
  INFO root [0x000020d0] [2020-10-28 20:11:41,369] - TelnetServer server is running on port 50000
  INFO root [0x000020d0] [2020-10-28 20:11:41,569] - ---- cellapp is running ----
 DEBUG root [0x000020d0] [2020-10-28 20:11:41,569] - Components::process(): Request for the process of identity...
  WARN root [0x000020d0] [2020-10-28 20:11:47,725] - Forwarding logs to logger[192.168.2.246:50313/0/0/0]...
 ERROR root [0x000020d0] [2020-10-28 21:30:52,343] - For a long time(3600s) not to empty the garbages, there may be a leak of the entitys(size:20), please use the "KBEngine.entities.garbages.items()" command query!
 ERROR root [0x000020d0] [2020-10-28 21:38:07,501] - Components::removeComponentByChannel: logger : 210002, Abnormal exit! TCPPacketReceiver::processRecv(): errno=10054

  INFO root [0x000020d0] [2020-10-28 21:38:07,501] - The following logs sent to logger failed:
  WARN root [0x000020d0] [2020-10-28 21:38:07,501] - ==> [2020-10-28 21:38:07 502] TCPPacketReceiver::processPendingEvents(192.168.2.246:50313): Throwing REASON_GENERAL_NETWORK - WSAECONNRESET
 ERROR root [0x000020d0] [2020-10-28 21:38:07,501] - ==> [2020-10-28 21:38:07 505] Components::removeComponentByChannel: logger : 210002, Abnormal exit! TCPPacketReceiver::processRecv(): errno=10054

  WARN root [0x000020d0] [2020-10-28 21:38:07,579] - TCPPacketReceiver::processPendingEvents(192.168.2.246:50314): Throwing REASON_GENERAL_NETWORK - WSAECONNRESET
 ERROR root [0x000020d0] [2020-10-28 21:38:07,595] - Components::removeComponentByChannel: dbmgr : 42002, Abnormal exit! TCPPacketReceiver::processRecv(): errno=10054

  INFO root [0x000020d0] [2020-10-28 21:38:07,595] - Shutdowner::onShutdownBegin: shutting down(period=0, tickPeriod=1)
  INFO root [0x000020d0] [2020-10-28 21:38:07,595] - Shutdowner::onShutdown: shutting down
 S_DBG root [0x000020d0] [2020-10-28 21:38:07,595] - Room::onDestroy: 47
 S_DBG root [0x000020d0] [2020-10-28 21:38:07,595] - Avatar::onDestroy: 46.
  INFO root [0x000020d0] [2020-10-28 21:38:07,595] - Spaces::destroySpace: 17.
  INFO root [0x000020d0] [2020-10-28 21:38:07,595] - Shutdowner::onShutdownEnd: shutting down
 DEBUG root [0x000020d0] [2020-10-28 21:38:07,595] - Room::~Room(): 47
 DEBUG root [0x000020d0] [2020-10-28 21:38:07,595] - EntityRef::destroyObjPool(): size 16.
 DEBUG root [0x000020d0] [2020-10-28 21:38:07,595] - Witness::destroyObjPool(): size 16.
 ERROR root [0x000020d0] [2020-10-28 21:38:07,626] - EntityGarbages::~EntityGarbages(): leaked, size=22.
 ERROR root [0x000020d0] [2020-10-28 21:38:07,626] - 	--> leaked: Avatar(4).
 ERROR root [0x000020d0] [2020-10-28 21:38:07,626] - 	--> leaked: Avatar(10).
 ERROR root [0x000020d0] [2020-10-28 21:38:07,626] - 	--> leaked: Avatar(2).
 ERROR root [0x000020d0] [2020-10-28 21:38:07,626] - 	--> leaked: Avatar(7).
 ERROR root [0x000020d0] [2020-10-28 21:38:07,626] - 	--> leaked: Avatar(13).
 ERROR root [0x000020d0] [2020-10-28 21:38:07,626] - 	--> leaked: Avatar(5).
 ERROR root [0x000020d0] [2020-10-28 21:38:07,626] - 	--> leaked: Avatar(8).
 ERROR root [0x000020d0] [2020-10-28 21:38:07,626] - 	--> leaked: Avatar(11).
 ERROR root [0x000020d0] [2020-10-28 21:38:07,626] - 	--> leaked: Avatar(14).
 ERROR root [0x000020d0] [2020-10-28 21:38:07,626] - 	--> leaked: Avatar(16).
 ERROR root [0x000020d0] [2020-10-28 21:38:07,642] - 	--> leaked: Avatar(25).
 ERROR root [0x000020d0] [2020-10-28 21:38:07,642] - 	--> leaked: Avatar(27).
 ERROR root [0x000020d0] [2020-10-28 21:38:07,642] - 	--> leaked: Avatar(30).
 ERROR root [0x000020d0] [2020-10-28 21:38:07,642] - 	--> leaked: Avatar(28).
 ERROR root [0x000020d0] [2020-10-28 21:38:07,642] - 	--> leaked: Avatar(33).
 ERROR root [0x000020d0] [2020-10-28 21:38:07,642] - 	--> leaked: Avatar(31).
 ERROR root [0x000020d0] [2020-10-28 21:38:07,642] - 	--> leaked: Avatar(36).
 ERROR root [0x000020d0] [2020-10-28 21:38:07,642] - 	--> leaked: Avatar(34).
 ERROR root [0x000020d0] [2020-10-28 21:38:07,642] - 	--> leaked: Avatar(39).
 ERROR root [0x000020d0] [2020-10-28 21:38:07,642] - 	--> leaked: Avatar(37).
 ERROR root [0x000020d0] [2020-10-28 21:38:07,642] - 	--> leaked: Avatar(48).
 ERROR root [0x000020d0] [2020-10-28 21:38:07,642] - 	--> leaked: Avatar(46).
 ERROR root [0x000020d0] [2020-10-28 21:38:07,642] - PyGC::debugTracing(): EntityCall : leaked(44)
 ERROR root [0x000020d0] [2020-10-28 21:38:07,642] - PyGC::debugTracing(): Vector3 : leaked(66)
 ERROR root [0x000020d0] [2020-10-28 21:38:07,642] - PyGC::debugTracing(): FixedArray : leaked(44)
 ERROR root [0x000020d0] [2020-10-28 21:38:07,642] - PyGC::debugTracing(): Entity : leaked(22)
 DEBUG root [0x000020d0] [2020-10-28 21:38:07,657] - Script::uninstall_py_dlls(): PyInit_pyexpat
 DEBUG root [0x000020d0] [2020-10-28 21:38:07,657] - Script::uninstall_py_dlls(): PyInit__socket
 DEBUG root [0x000020d0] [2020-10-28 21:38:07,657] - Script::uninstall_py_dlls(): PyInit__ssl
 DEBUG root [0x000020d0] [2020-10-28 21:38:07,657] - Script::uninstall_py_dlls(): PyInit__hashlib
 DEBUG root [0x000020d0] [2020-10-28 21:38:07,657] - Script::uninstall_py_dlls(): PyInit_select
 DEBUG root [0x000020d0] [2020-10-28 21:38:07,657] - Script::uninstall_py_dlls(): PyInit__ctypes
 DEBUG root [0x000020d0] [2020-10-28 21:38:07,657] - Script::uninstall_py_dlls(): PyInit__elementtree
 DEBUG root [0x000020d0] [2020-10-28 21:38:07,657] - Script::uninstall_py_dlls(): PyInit_unicodedata
 DEBUG root [0x000020d0] [2020-10-28 21:38:07,673] - Avatar::~Avatar(): 4
 DEBUG root [0x000020d0] [2020-10-28 21:38:07,673] - Avatar::~Avatar(): 2
 DEBUG root [0x000020d0] [2020-10-28 21:38:07,673] - Avatar::~Avatar(): 7
 DEBUG root [0x000020d0] [2020-10-28 21:38:07,673] - Avatar::~Avatar(): 5
 DEBUG root [0x000020d0] [2020-10-28 21:38:07,673] - Avatar::~Avatar(): 10
 DEBUG root [0x000020d0] [2020-10-28 21:38:07,673] - Avatar::~Avatar(): 8
 DEBUG root [0x000020d0] [2020-10-28 21:38:07,673] - Avatar::~Avatar(): 13
 DEBUG root [0x000020d0] [2020-10-28 21:38:07,673] - Avatar::~Avatar(): 11
 DEBUG root [0x000020d0] [2020-10-28 21:38:07,673] - Avatar::~Avatar(): 16
 DEBUG root [0x000020d0] [2020-10-28 21:38:07,673] - Avatar::~Avatar(): 14
 DEBUG root [0x000020d0] [2020-10-28 21:38:07,673] - Avatar::~Avatar(): 27
 DEBUG root [0x000020d0] [2020-10-28 21:38:07,673] - Avatar::~Avatar(): 25
 DEBUG root [0x000020d0] [2020-10-28 21:38:07,673] - Avatar::~Avatar(): 30
 DEBUG root [0x000020d0] [2020-10-28 21:38:07,673] - Avatar::~Avatar(): 28
 DEBUG root [0x000020d0] [2020-10-28 21:38:07,673] - Avatar::~Avatar(): 33
 DEBUG root [0x000020d0] [2020-10-28 21:38:07,673] - Avatar::~Avatar(): 31
 DEBUG root [0x000020d0] [2020-10-28 21:38:07,673] - Avatar::~Avatar(): 36
 DEBUG root [0x000020d0] [2020-10-28 21:38:07,673] - Avatar::~Avatar(): 34
 DEBUG root [0x000020d0] [2020-10-28 21:38:07,673] - Avatar::~Avatar(): 39
 DEBUG root [0x000020d0] [2020-10-28 21:38:07,673] - Avatar::~Avatar(): 37
 DEBUG root [0x000020d0] [2020-10-28 21:38:07,673] - Avatar::~Avatar(): 48
 DEBUG root [0x000020d0] [2020-10-28 21:38:07,673] - Avatar::~Avatar(): 46
  INFO root [0x000020d0] [2020-10-28 21:38:07,704] - Script::uninstall(): is successfully!
 DEBUG root [0x000020d0] [2020-10-28 21:38:07,704] - ThreadPool::destroy(): starting size 2.
