  INFO root [0x00002bd0] [2020-10-03 07:20:23,883] - 
  INFO root [0x00002bd0] [2020-10-03 07:20:23,883] - -----------------------------------------------------------------------------------------


  INFO root [0x00002bd0] [2020-10-03 07:20:23,883] - Resmgr::initialize: KBE_ROOT=D:/kbengine_24pic/
  INFO root [0x00002bd0] [2020-10-03 07:20:23,883] - Resmgr::initialize: KBE_RES_PATH=D:/kbengine_24pic/kbe/res/;D:/kbengine_24pic/kbengine_stone_assets/;D:/kbengine_24pic/kbengine_stone_assets/scripts/;D:/kbengine_24pic/kbengine_stone_assets/res/
  INFO root [0x00002bd0] [2020-10-03 07:20:23,883] - Resmgr::initialize: KBE_BIN_PATH=D:/kbengine_24pic/kbe/bin/server/
  INFO root [0x00002bd0] [2020-10-03 07:20:23,883] - NetworkInterface::initialize(INTERNAL): bound to all interfaces with default route interface on 192.168.2.246 ( 192.168.2.246:50285 )
  INFO root [0x00002bd0] [2020-10-03 07:20:23,899] - NetworkInterface::initialize(INTERNAL): address 192.168.2.246:50285, SOMAXCONN=5.
  INFO root [0x00002bd0] [2020-10-03 07:20:23,899] - server-configs:
  INFO root [0x00002bd0] [2020-10-03 07:20:23,899] - 	gameUpdateHertz : 30
  INFO root [0x00002bd0] [2020-10-03 07:20:23,899] - 	defaultViewRadius : 500
  INFO root [0x00002bd0] [2020-10-03 07:20:23,899] - 	defaultViewHysteresisArea : 5
  INFO root [0x00002bd0] [2020-10-03 07:20:23,899] - 	entryScriptFile : kbemain
  INFO root [0x00002bd0] [2020-10-03 07:20:23,899] - 	internalAddr : 192.168.2.246:50285
  INFO root [0x00002bd0] [2020-10-03 07:20:23,899] - 	componentID : 820012
  INFO root [0x00002bd0] [2020-10-03 07:20:23,914] - Components::findLogger: found logger, addr:192.168.2.246:50261
  INFO root [0x00002bd0] [2020-10-03 07:20:23,914] - Components::addComponent: reset orderLog, uid=20118!
  INFO root [0x00002bd0] [2020-10-03 07:20:23,914] - Components::addComponent[logger], uid=20118, componentID=210002, globalorderid=1, grouporderid=1, totalcount=1
  INFO root [0x00002bd0] [2020-10-03 07:20:23,914] - ---- cellapp Version: 1.2.7. ScriptVersion: 0.1.0. Protocol: FB5AA4D149D453FC2A7CB28524DD1B1C. Config: Debug X86. Built: 19:02:49 Aug  4 2020. AppID: 820012. UID: 20118. PID: 5212 ----
  INFO root [0x00002bd0] [2020-10-03 07:20:23,914] - Server : Intel(R) Core(TM) i5-10210U CPU @ 1.60GHz with 2097151kB RAM
  INFO root [0x00002bd0] [2020-10-03 07:20:23,914] - ThreadPool::createThreadPool: creating  threadpool...
  INFO root [0x00002bd0] [2020-10-03 07:20:23,930] - ThreadPool::createThreadPool: successfully(2), newThreadCount=1, normalMaxThreadCount=2, maxThreadCount=8
 DEBUG root [0x00002bd0] [2020-10-03 07:20:24,055] - Script::install_py_dlls(): PyInit_pyexpat
 DEBUG root [0x00002bd0] [2020-10-03 07:20:24,055] - Script::install_py_dlls(): PyInit__socket
 DEBUG root [0x00002bd0] [2020-10-03 07:20:24,055] - Script::install_py_dlls(): PyInit__ssl
 DEBUG root [0x00002bd0] [2020-10-03 07:20:24,070] - Script::install_py_dlls(): PyInit__hashlib
 DEBUG root [0x00002bd0] [2020-10-03 07:20:24,070] - Script::install_py_dlls(): PyInit_select
 DEBUG root [0x00002bd0] [2020-10-03 07:20:24,070] - Script::install_py_dlls(): PyInit__ctypes
 DEBUG root [0x00002bd0] [2020-10-03 07:20:24,070] - Script::install_py_dlls(): PyInit__elementtree
 DEBUG root [0x00002bd0] [2020-10-03 07:20:24,102] - Script::install_py_dlls(): PyInit_unicodedata
  INFO root [0x00002bd0] [2020-10-03 07:20:24,133] - Script::install(): is successfully, Python=(3.4.2 (default, Aug  4 2020, 19:01:54) [MSC v.1925 32 bit (Intel)])!
  INFO root [0x00002bd0] [2020-10-03 07:20:24,133] - Script::install(): KBExtra is successfully!
 ERROR root [0x00002bd0] [2020-10-03 07:20:24,164] - EntityDef::initialize: Could not load module[Avatar]
 S_ERR root [0x00002bd0] [2020-10-03 07:20:24,164] -   File "D:/kbengine_24pic/kbengine_stone_assets/scripts/cell\Avatar.py", line 148
    def newTurn(self, exposed):
    ^
IndentationError: unexpected indent
 ERROR root [0x00002bd0] [2020-10-03 07:20:24,164] - app::initialize(): initialization failed!
 DEBUG root [0x00002bd0] [2020-10-03 07:20:24,164] - EntityRef::destroyObjPool(): size 0.
 DEBUG root [0x00002bd0] [2020-10-03 07:20:24,164] - Witness::destroyObjPool(): size 0.
 DEBUG root [0x00002bd0] [2020-10-03 07:20:24,164] - Script::uninstall_py_dlls(): PyInit_pyexpat
 DEBUG root [0x00002bd0] [2020-10-03 07:20:24,164] - Script::uninstall_py_dlls(): PyInit__socket
 DEBUG root [0x00002bd0] [2020-10-03 07:20:24,164] - Script::uninstall_py_dlls(): PyInit__ssl
 DEBUG root [0x00002bd0] [2020-10-03 07:20:24,164] - Script::uninstall_py_dlls(): PyInit__hashlib
 DEBUG root [0x00002bd0] [2020-10-03 07:20:24,164] - Script::uninstall_py_dlls(): PyInit_select
 DEBUG root [0x00002bd0] [2020-10-03 07:20:24,164] - Script::uninstall_py_dlls(): PyInit__ctypes
 DEBUG root [0x00002bd0] [2020-10-03 07:20:24,164] - Script::uninstall_py_dlls(): PyInit__elementtree
 DEBUG root [0x00002bd0] [2020-10-03 07:20:24,164] - Script::uninstall_py_dlls(): PyInit_unicodedata
  INFO root [0x00002bd0] [2020-10-03 07:20:24,164] - Script::uninstall(): is successfully!
 DEBUG root [0x00002bd0] [2020-10-03 07:20:24,164] - ThreadPool::destroy(): starting size 2.
  WARN root [0x00002bd0] [2020-10-03 07:20:24,477] - ThreadPool::destroy(): waiting for thread(2)[0xb25948,0xb25878,], try=1
 DEBUG root [0x00002bd0] [2020-10-03 07:20:24,898] - TPThread::~TPThread(): 0xb25948
 DEBUG root [0x00002bd0] [2020-10-03 07:20:24,898] - TPThread::~TPThread(): 0xb25878
 DEBUG root [0x00002bd0] [2020-10-03 07:20:24,898] - ThreadPool::destroy(): successfully!
 DEBUG root [0x00002bd0] [2020-10-03 07:20:24,898] - Bundle::destroyObjPool(): size 15.
 DEBUG root [0x00002bd0] [2020-10-03 07:20:24,898] - Channel::destroyObjPool(): size 15.
 DEBUG root [0x00002bd0] [2020-10-03 07:20:24,898] - TCPPacket::destroyObjPool(): size 0.
 DEBUG root [0x00002bd0] [2020-10-03 07:20:24,898] - UDPPacket::destroyObjPool(): size 14.
 DEBUG root [0x00002bd0] [2020-10-03 07:20:24,898] - EndPoint::destroyObjPool(): size 15.
 DEBUG root [0x00002bd0] [2020-10-03 07:20:24,898] - Address::destroyObjPool(): size 0.
 DEBUG root [0x00002bd0] [2020-10-03 07:20:24,898] - TCPPacketReceiver::destroyObjPool(): size 0.
 DEBUG root [0x00002bd0] [2020-10-03 07:20:24,898] - UDPPacketReceiver::destroyObjPool(): size 0.
  WARN root [0x00002bd0] [2020-10-03 07:20:24,898] - Forwarding logs to logger[192.168.2.246:50261/0/0/0]...
  INFO root [0x00002bd0] [2020-10-03 07:20:31,448] - EventDispatcher()::~EventDispatcher: Num timers = 1
  INFO root [0x00002d74] [2020-10-03 07:20:41,164] - 
  INFO root [0x00002d74] [2020-10-03 07:20:41,164] - -----------------------------------------------------------------------------------------


  INFO root [0x00002d74] [2020-10-03 07:20:41,164] - Resmgr::initialize: KBE_ROOT=D:/kbengine_24pic/
  INFO root [0x00002d74] [2020-10-03 07:20:41,180] - Resmgr::initialize: KBE_RES_PATH=D:/kbengine_24pic/kbe/res/;D:/kbengine_24pic/kbengine_stone_assets/;D:/kbengine_24pic/kbengine_stone_assets/scripts/;D:/kbengine_24pic/kbengine_stone_assets/res/
  INFO root [0x00002d74] [2020-10-03 07:20:41,180] - Resmgr::initialize: KBE_BIN_PATH=D:/kbengine_24pic/kbe/bin/server/
  INFO root [0x00002d74] [2020-10-03 07:20:41,180] - NetworkInterface::initialize(INTERNAL): bound to all interfaces with default route interface on 192.168.2.246 ( 192.168.2.246:50299 )
  INFO root [0x00002d74] [2020-10-03 07:20:41,180] - NetworkInterface::initialize(INTERNAL): address 192.168.2.246:50299, SOMAXCONN=5.
  INFO root [0x00002d74] [2020-10-03 07:20:41,180] - server-configs:
  INFO root [0x00002d74] [2020-10-03 07:20:41,180] - 	gameUpdateHertz : 30
  INFO root [0x00002d74] [2020-10-03 07:20:41,180] - 	defaultViewRadius : 500
  INFO root [0x00002d74] [2020-10-03 07:20:41,180] - 	defaultViewHysteresisArea : 5
  INFO root [0x00002d74] [2020-10-03 07:20:41,180] - 	entryScriptFile : kbemain
  INFO root [0x00002d74] [2020-10-03 07:20:41,180] - 	internalAddr : 192.168.2.246:50299
  INFO root [0x00002d74] [2020-10-03 07:20:41,180] - 	componentID : 820012
  INFO root [0x00002d74] [2020-10-03 07:20:42,695] - ---- cellapp Version: 1.2.7. ScriptVersion: 0.1.0. Protocol: FB5AA4D149D453FC2A7CB28524DD1B1C. Config: Debug X86. Built: 19:02:49 Aug  4 2020. AppID: 820012. UID: 20317. PID: 12820 ----
  INFO root [0x00002d74] [2020-10-03 07:20:42,695] - Server : Intel(R) Core(TM) i5-10210U CPU @ 1.60GHz with 2097151kB RAM
  INFO root [0x00002d74] [2020-10-03 07:20:42,695] - ThreadPool::createThreadPool: creating  threadpool...
  INFO root [0x00002d74] [2020-10-03 07:20:42,695] - ThreadPool::createThreadPool: successfully(2), newThreadCount=1, normalMaxThreadCount=2, maxThreadCount=8
 DEBUG root [0x00002d74] [2020-10-03 07:20:42,836] - Script::install_py_dlls(): PyInit_pyexpat
 DEBUG root [0x00002d74] [2020-10-03 07:20:42,836] - Script::install_py_dlls(): PyInit__socket
 DEBUG root [0x00002d74] [2020-10-03 07:20:42,836] - Script::install_py_dlls(): PyInit__ssl
 DEBUG root [0x00002d74] [2020-10-03 07:20:42,836] - Script::install_py_dlls(): PyInit__hashlib
 DEBUG root [0x00002d74] [2020-10-03 07:20:42,836] - Script::install_py_dlls(): PyInit_select
 DEBUG root [0x00002d74] [2020-10-03 07:20:42,836] - Script::install_py_dlls(): PyInit__ctypes
 DEBUG root [0x00002d74] [2020-10-03 07:20:42,836] - Script::install_py_dlls(): PyInit__elementtree
 DEBUG root [0x00002d74] [2020-10-03 07:20:42,867] - Script::install_py_dlls(): PyInit_unicodedata
  INFO root [0x00002d74] [2020-10-03 07:20:42,914] - Script::install(): is successfully, Python=(3.4.2 (default, Aug  4 2020, 19:01:54) [MSC v.1925 32 bit (Intel)])!
  INFO root [0x00002d74] [2020-10-03 07:20:42,914] - Script::install(): KBExtra is successfully!
 ERROR root [0x00002d74] [2020-10-03 07:20:42,930] - EntityDef::initialize: Could not load module[Avatar]
 S_ERR root [0x00002d74] [2020-10-03 07:20:42,930] -   File "D:/kbengine_24pic/kbengine_stone_assets/scripts/cell\Avatar.py", line 148
    def newTurn(self, exposed):
    ^
IndentationError: unexpected indent
 ERROR root [0x00002d74] [2020-10-03 07:20:42,930] - app::initialize(): initialization failed!
 DEBUG root [0x00002d74] [2020-10-03 07:20:42,930] - EntityRef::destroyObjPool(): size 0.
 DEBUG root [0x00002d74] [2020-10-03 07:20:42,930] - Witness::destroyObjPool(): size 0.
 DEBUG root [0x00002d74] [2020-10-03 07:20:42,930] - Script::uninstall_py_dlls(): PyInit_pyexpat
 DEBUG root [0x00002d74] [2020-10-03 07:20:42,930] - Script::uninstall_py_dlls(): PyInit__socket
 DEBUG root [0x00002d74] [2020-10-03 07:20:42,930] - Script::uninstall_py_dlls(): PyInit__ssl
 DEBUG root [0x00002d74] [2020-10-03 07:20:42,930] - Script::uninstall_py_dlls(): PyInit__hashlib
 DEBUG root [0x00002d74] [2020-10-03 07:20:42,930] - Script::uninstall_py_dlls(): PyInit_select
 DEBUG root [0x00002d74] [2020-10-03 07:20:42,930] - Script::uninstall_py_dlls(): PyInit__ctypes
 DEBUG root [0x00002d74] [2020-10-03 07:20:42,930] - Script::uninstall_py_dlls(): PyInit__elementtree
 DEBUG root [0x00002d74] [2020-10-03 07:20:42,930] - Script::uninstall_py_dlls(): PyInit_unicodedata
  INFO root [0x00002d74] [2020-10-03 07:20:42,945] - Script::uninstall(): is successfully!
 DEBUG root [0x00002d74] [2020-10-03 07:20:42,945] - ThreadPool::destroy(): starting size 2.
  WARN root [0x00002d74] [2020-10-03 07:20:43,258] - ThreadPool::destroy(): waiting for thread(2)[0x2805728,0x2805860,], try=1
 DEBUG root [0x00002d74] [2020-10-03 07:20:43,679] - TPThread::~TPThread(): 0x2805728
 DEBUG root [0x00002d74] [2020-10-03 07:20:43,679] - TPThread::~TPThread(): 0x2805860
 DEBUG root [0x00002d74] [2020-10-03 07:20:43,679] - ThreadPool::destroy(): successfully!
 DEBUG root [0x00002d74] [2020-10-03 07:20:43,679] - Bundle::destroyObjPool(): size 2.
 DEBUG root [0x00002d74] [2020-10-03 07:20:43,679] - Channel::destroyObjPool(): size 0.
 DEBUG root [0x00002d74] [2020-10-03 07:20:43,679] - TCPPacket::destroyObjPool(): size 0.
 DEBUG root [0x00002d74] [2020-10-03 07:20:43,679] - UDPPacket::destroyObjPool(): size 14.
 DEBUG root [0x00002d74] [2020-10-03 07:20:43,679] - EndPoint::destroyObjPool(): size 0.
 DEBUG root [0x00002d74] [2020-10-03 07:20:43,679] - Address::destroyObjPool(): size 0.
 DEBUG root [0x00002d74] [2020-10-03 07:20:43,679] - TCPPacketReceiver::destroyObjPool(): size 0.
 DEBUG root [0x00002d74] [2020-10-03 07:20:43,679] - UDPPacketReceiver::destroyObjPool(): size 0.
  INFO root [0x00002d74] [2020-10-03 07:20:50,241] - EventDispatcher()::~EventDispatcher: Num timers = 1
  INFO root [0x00000cd4] [2020-10-03 07:26:46,572] - 
  INFO root [0x00000cd4] [2020-10-03 07:26:46,572] - -----------------------------------------------------------------------------------------


  INFO root [0x00000cd4] [2020-10-03 07:26:46,572] - Resmgr::initialize: KBE_ROOT=D:/kbengine_24pic/
  INFO root [0x00000cd4] [2020-10-03 07:26:46,572] - Resmgr::initialize: KBE_RES_PATH=D:/kbengine_24pic/kbe/res/;D:/kbengine_24pic/kbengine_stone_assets/;D:/kbengine_24pic/kbengine_stone_assets/scripts/;D:/kbengine_24pic/kbengine_stone_assets/res/
  INFO root [0x00000cd4] [2020-10-03 07:26:46,572] - Resmgr::initialize: KBE_BIN_PATH=D:/kbengine_24pic/kbe/bin/server/
  INFO root [0x00000cd4] [2020-10-03 07:26:46,572] - NetworkInterface::initialize(INTERNAL): bound to all interfaces with default route interface on 192.168.2.246 ( 192.168.2.246:50345 )
  INFO root [0x00000cd4] [2020-10-03 07:26:46,572] - NetworkInterface::initialize(INTERNAL): address 192.168.2.246:50345, SOMAXCONN=5.
  INFO root [0x00000cd4] [2020-10-03 07:26:46,572] - server-configs:
  INFO root [0x00000cd4] [2020-10-03 07:26:46,572] - 	gameUpdateHertz : 30
  INFO root [0x00000cd4] [2020-10-03 07:26:46,572] - 	defaultViewRadius : 500
  INFO root [0x00000cd4] [2020-10-03 07:26:46,572] - 	defaultViewHysteresisArea : 5
  INFO root [0x00000cd4] [2020-10-03 07:26:46,572] - 	entryScriptFile : kbemain
  INFO root [0x00000cd4] [2020-10-03 07:26:46,572] - 	internalAddr : 192.168.2.246:50345
  INFO root [0x00000cd4] [2020-10-03 07:26:46,572] - 	componentID : 820012
  INFO root [0x00000cd4] [2020-10-03 07:26:46,791] - Components::findLogger: found logger, addr:192.168.2.246:50341
  INFO root [0x00000cd4] [2020-10-03 07:26:46,791] - Components::addComponent: reset orderLog, uid=21509!
  INFO root [0x00000cd4] [2020-10-03 07:26:46,791] - Components::addComponent[logger], uid=21509, componentID=210002, globalorderid=1, grouporderid=1, totalcount=1
  INFO root [0x00000cd4] [2020-10-03 07:26:46,807] - ---- cellapp Version: 1.2.7. ScriptVersion: 0.1.0. Protocol: FB5AA4D149D453FC2A7CB28524DD1B1C. Config: Debug X86. Built: 19:02:49 Aug  4 2020. AppID: 820012. UID: 21509. PID: 10528 ----
  INFO root [0x00000cd4] [2020-10-03 07:26:46,807] - Server : Intel(R) Core(TM) i5-10210U CPU @ 1.60GHz with 2097151kB RAM
  INFO root [0x00000cd4] [2020-10-03 07:26:46,807] - ThreadPool::createThreadPool: creating  threadpool...
  INFO root [0x00000cd4] [2020-10-03 07:26:46,807] - ThreadPool::createThreadPool: successfully(2), newThreadCount=1, normalMaxThreadCount=2, maxThreadCount=8
 DEBUG root [0x00000cd4] [2020-10-03 07:26:46,932] - Script::install_py_dlls(): PyInit_pyexpat
 DEBUG root [0x00000cd4] [2020-10-03 07:26:46,932] - Script::install_py_dlls(): PyInit__socket
 DEBUG root [0x00000cd4] [2020-10-03 07:26:46,932] - Script::install_py_dlls(): PyInit__ssl
 DEBUG root [0x00000cd4] [2020-10-03 07:26:46,947] - Script::install_py_dlls(): PyInit__hashlib
 DEBUG root [0x00000cd4] [2020-10-03 07:26:46,947] - Script::install_py_dlls(): PyInit_select
 DEBUG root [0x00000cd4] [2020-10-03 07:26:46,947] - Script::install_py_dlls(): PyInit__ctypes
 DEBUG root [0x00000cd4] [2020-10-03 07:26:46,947] - Script::install_py_dlls(): PyInit__elementtree
 DEBUG root [0x00000cd4] [2020-10-03 07:26:46,978] - Script::install_py_dlls(): PyInit_unicodedata
  INFO root [0x00000cd4] [2020-10-03 07:26:47,025] - Script::install(): is successfully, Python=(3.4.2 (default, Aug  4 2020, 19:01:54) [MSC v.1925 32 bit (Intel)])!
  INFO root [0x00000cd4] [2020-10-03 07:26:47,025] - Script::install(): KBExtra is successfully!
 DEBUG root [0x00000cd4] [2020-10-03 07:26:47,072] - loaded script:Avatar(1).
 DEBUG root [0x00000cd4] [2020-10-03 07:26:47,103] - loaded script:Room(3).
  INFO root [0x00000cd4] [2020-10-03 07:26:47,103] - TelnetServer server is running on port 50000
  INFO root [0x00000cd4] [2020-10-03 07:26:47,353] - ---- cellapp is running ----
 DEBUG root [0x00000cd4] [2020-10-03 07:26:47,353] - Components::process(): Request for the process of identity...
  WARN root [0x00000cd4] [2020-10-03 07:26:51,056] - BundleBroadcast::BundleBroadcast: Cannot bind to port 20954, errorno=10048
  WARN root [0x00000cd4] [2020-10-03 07:26:54,181] - Forwarding logs to logger[192.168.2.246:50341/0/0/0]...
 ERROR root [0x00000cd4] [2020-10-03 08:25:04,578] - 192.168.2.246:50341: TCPPacketSender::processSend(internal): Exception occurred: REASON_CLIENT_DISCONNECTED , errno: 10053, 192.168.2.246:50341/0/0/0
 ERROR root [0x00000cd4] [2020-10-03 08:25:05,051] - Components::removeComponentByChannel: logger : 210002, Abnormal exit! TCPPacketSender::processSend: errno=10053
  INFO root [0x00000cd4] [2020-10-03 08:25:05,188] - The following logs sent to logger failed:
 ERROR root [0x00000cd4] [2020-10-03 08:25:05,191] - ==> [2020-10-03 08:25:04 579] 192.168.2.246:50341: TCPPacketSender::processSend(internal): Exception occurred: REASON_CLIENT_DISCONNECTED , errno: 10053, 192.168.2.246:50341/0/0/0
  WARN root [0x00000cd4] [2020-10-03 08:25:05,192] - ==> [2020-10-03 08:25:04 885] EntityApp::checkTickPeriod: tick took 927% (0.93 seconds)!
 ERROR root [0x00000cd4] [2020-10-03 08:25:05,192] - ==> [2020-10-03 08:25:05 052] Components::removeComponentByChannel: logger : 210002, Abnormal exit! TCPPacketSender::processSend: errno=10053
  WARN root [0x00000cd4] [2020-10-03 08:25:05,193] - D:\kbengine-1.2.7\kbe\src\server\cellapp\cellapp.cpp:260: Profile gameTick took 0.31 seconds
  WARN root [0x00000cd4] [2020-10-03 08:25:05,248] - EntityApp::checkTickPeriod: tick took 1103% (1.10 seconds)!
 ERROR root [0x00000cd4] [2020-10-03 08:25:05,334] - 192.168.2.246:50343: TCPPacketSender::processSend(internal): Exception occurred: REASON_CLIENT_DISCONNECTED , errno: 10054, 192.168.2.246:50343/0/0/0
 ERROR root [0x00000cd4] [2020-10-03 08:25:05,407] - Components::removeComponentByChannel: cellappmgr : 610002, Abnormal exit! TCPPacketSender::processSend: errno=10054
  INFO root [0x00000cd4] [2020-10-03 08:25:05,533] - Shutdowner::onShutdownBegin: shutting down(period=1, tickPeriod=1)
  WARN root [0x00000cd4] [2020-10-03 08:25:05,573] - D:\kbengine-1.2.7\kbe\src\server\cellapp\cellapp.cpp:260: Profile gameTick took 0.32 seconds
  WARN root [0x00000cd4] [2020-10-03 08:25:05,654] - EntityApp::checkTickPeriod: tick took 1227% (1.23 seconds)!
  WARN root [0x00000cd4] [2020-10-03 08:25:05,778] - D:\kbengine-1.2.7\kbe\src\server\cellapp\cellapp.cpp:260: Profile gameTick took 0.12 seconds
  WARN root [0x00000cd4] [2020-10-03 08:25:05,853] - EntityApp::checkTickPeriod: tick took 593% (0.59 seconds)!
  WARN root [0x00000cd4] [2020-10-03 08:25:05,923] - D:\kbengine-1.2.7\kbe\src\server\cellapp\cellapp.cpp:260: Profile gameTick took 0.07 seconds
  WARN root [0x00000cd4] [2020-10-03 08:25:05,963] - EntityApp::checkTickPeriod: tick took 339% (0.34 seconds)!
  INFO root [0x00000cd4] [2020-10-03 08:25:05,988] - ServerApp::onChannelTimeOut: Channel 192.168.2.246:50342/0/0/0 timeout!
  INFO root [0x00000cd4] [2020-10-03 08:25:05,989] - Components::removeComponentByChannel: dbmgr : 42002, Normal exit!
  WARN root [0x00000cd4] [2020-10-03 08:25:05,989] - ServerApp::shutDown:  In shuttingdown!
  INFO root [0x00000cd4] [2020-10-03 08:25:06,027] - ServerApp::onChannelTimeOut: Channel 192.168.2.246:50373/0/0/0 timeout!
  INFO root [0x00000cd4] [2020-10-03 08:25:06,028] - Components::removeComponentByChannel: baseapp : 720012, Normal exit!
  INFO root [0x00000cd4] [2020-10-03 08:25:06,028] - ServerApp::onChannelTimeOut: Channel 192.168.2.246:50344/0/0/0 timeout!
  INFO root [0x00000cd4] [2020-10-03 08:25:06,029] - Components::removeComponentByChannel: baseappmgr : 510002, Normal exit!
  WARN root [0x00000cd4] [2020-10-03 08:25:06,992] - D:\kbengine-1.2.7\kbe\src\lib\network\event_dispatcher.cpp:171: Profile callSystemTimers took 2.61 seconds
  INFO root [0x00000cd4] [2020-10-03 08:25:06,993] - Shutdowner::onShutdown: shutting down
  INFO root [0x00000cd4] [2020-10-03 08:25:07,994] - Shutdowner::onShutdownEnd: shutting down
 DEBUG root [0x00000cd4] [2020-10-03 08:25:07,994] - EntityRef::destroyObjPool(): size 16.
 DEBUG root [0x00000cd4] [2020-10-03 08:25:07,995] - Witness::destroyObjPool(): size 16.
 ERROR root [0x00000cd4] [2020-10-03 08:25:08,008] - EntityGarbages::~EntityGarbages(): leaked, size=2.
 ERROR root [0x00000cd4] [2020-10-03 08:25:08,009] - 	--> leaked: Avatar(4).
 ERROR root [0x00000cd4] [2020-10-03 08:25:08,009] - 	--> leaked: Avatar(2).
 ERROR root [0x00000cd4] [2020-10-03 08:25:08,010] - PyGC::debugTracing(): EntityCall : leaked(4)
 ERROR root [0x00000cd4] [2020-10-03 08:25:08,011] - PyGC::debugTracing(): Vector3 : leaked(6)
 ERROR root [0x00000cd4] [2020-10-03 08:25:08,011] - PyGC::debugTracing(): FixedArray : leaked(2)
 ERROR root [0x00000cd4] [2020-10-03 08:25:08,012] - PyGC::debugTracing(): Entity : leaked(2)
 DEBUG root [0x00000cd4] [2020-10-03 08:25:08,013] - Script::uninstall_py_dlls(): PyInit_pyexpat
 DEBUG root [0x00000cd4] [2020-10-03 08:25:08,013] - Script::uninstall_py_dlls(): PyInit__socket
 DEBUG root [0x00000cd4] [2020-10-03 08:25:08,013] - Script::uninstall_py_dlls(): PyInit__ssl
 DEBUG root [0x00000cd4] [2020-10-03 08:25:08,013] - Script::uninstall_py_dlls(): PyInit__hashlib
 DEBUG root [0x00000cd4] [2020-10-03 08:25:08,014] - Script::uninstall_py_dlls(): PyInit_select
 DEBUG root [0x00000cd4] [2020-10-03 08:25:08,014] - Script::uninstall_py_dlls(): PyInit__ctypes
 DEBUG root [0x00000cd4] [2020-10-03 08:25:08,014] - Script::uninstall_py_dlls(): PyInit__elementtree
 DEBUG root [0x00000cd4] [2020-10-03 08:25:08,014] - Script::uninstall_py_dlls(): PyInit_unicodedata
 DEBUG root [0x00000cd4] [2020-10-03 08:25:08,018] - Avatar::~Avatar(): 4
 DEBUG root [0x00000cd4] [2020-10-03 08:25:08,019] - Avatar::~Avatar(): 2
  INFO root [0x00000cd4] [2020-10-03 08:25:08,033] - Script::uninstall(): is successfully!
 DEBUG root [0x00000cd4] [2020-10-03 08:25:08,033] - ThreadPool::destroy(): starting size 2.
  WARN root [0x00000cd4] [2020-10-03 08:25:08,335] - ThreadPool::destroy(): waiting for thread(2)[0x718ab0,0x718910,], try=1
 DEBUG root [0x00000cd4] [2020-10-03 08:25:08,736] - TPThread::~TPThread(): 0x718ab0
 DEBUG root [0x00000cd4] [2020-10-03 08:25:08,736] - TPThread::~TPThread(): 0x718910
 DEBUG root [0x00000cd4] [2020-10-03 08:25:08,736] - ThreadPool::destroy(): successfully!
 DEBUG root [0x00000cd4] [2020-10-03 08:25:08,737] - Bundle::destroyObjPool(): size 2.
 DEBUG root [0x00000cd4] [2020-10-03 08:25:08,737] - Channel::destroyObjPool(): size 16.
 DEBUG root [0x00000cd4] [2020-10-03 08:25:08,737] - TCPPacket::destroyObjPool(): size 0.
 DEBUG root [0x00000cd4] [2020-10-03 08:25:08,737] - UDPPacket::destroyObjPool(): size 14.
 DEBUG root [0x00000cd4] [2020-10-03 08:25:08,737] - EndPoint::destroyObjPool(): size 16.
 DEBUG root [0x00000cd4] [2020-10-03 08:25:08,738] - Address::destroyObjPool(): size 0.
 DEBUG root [0x00000cd4] [2020-10-03 08:25:08,738] - TCPPacketReceiver::destroyObjPool(): size 0.
 DEBUG root [0x00000cd4] [2020-10-03 08:25:08,738] - UDPPacketReceiver::destroyObjPool(): size 0.
  INFO root [0x00000cd4] [2020-10-03 08:25:08,738] - cellapp(820012) has shut down.
  INFO root [0x00000cd4] [2020-10-03 08:25:09,741] - EventDispatcher()::~EventDispatcher: Num timers = 1
  INFO root [0x000029c8] [2020-10-03 08:25:59,972] - 
  INFO root [0x000029c8] [2020-10-03 08:25:59,972] - -----------------------------------------------------------------------------------------


  INFO root [0x000029c8] [2020-10-03 08:25:59,974] - Resmgr::initialize: KBE_ROOT=D:/kbengine_24pic/
  INFO root [0x000029c8] [2020-10-03 08:25:59,974] - Resmgr::initialize: KBE_RES_PATH=D:/kbengine_24pic/kbe/res/;D:/kbengine_24pic/kbengine_stone_assets/;D:/kbengine_24pic/kbengine_stone_assets/scripts/;D:/kbengine_24pic/kbengine_stone_assets/res/
  INFO root [0x000029c8] [2020-10-03 08:25:59,975] - Resmgr::initialize: KBE_BIN_PATH=D:/kbengine_24pic/kbe/bin/server/
  INFO root [0x000029c8] [2020-10-03 08:25:59,980] - NetworkInterface::initialize(INTERNAL): bound to all interfaces with default route interface on 192.168.2.246 ( 192.168.2.246:50827 )
  INFO root [0x000029c8] [2020-10-03 08:25:59,981] - NetworkInterface::initialize(INTERNAL): address 192.168.2.246:50827, SOMAXCONN=5.
  INFO root [0x000029c8] [2020-10-03 08:25:59,981] - server-configs:
  INFO root [0x000029c8] [2020-10-03 08:25:59,981] - 	gameUpdateHertz : 30
  INFO root [0x000029c8] [2020-10-03 08:25:59,981] - 	defaultViewRadius : 500
  INFO root [0x000029c8] [2020-10-03 08:25:59,981] - 	defaultViewHysteresisArea : 5
  INFO root [0x000029c8] [2020-10-03 08:25:59,982] - 	entryScriptFile : kbemain
  INFO root [0x000029c8] [2020-10-03 08:25:59,982] - 	internalAddr : 192.168.2.246:50827
  INFO root [0x000029c8] [2020-10-03 08:25:59,982] - 	componentID : 820012
  INFO root [0x000029c8] [2020-10-03 08:26:00,267] - Components::findLogger: found logger, addr:192.168.2.246:50821
  INFO root [0x000029c8] [2020-10-03 08:26:00,267] - Components::addComponent: reset orderLog, uid=343!
  INFO root [0x000029c8] [2020-10-03 08:26:00,268] - Components::addComponent[logger], uid=343, componentID=210002, globalorderid=1, grouporderid=1, totalcount=1
  INFO root [0x000029c8] [2020-10-03 08:26:00,274] - ---- cellapp Version: 1.2.7. ScriptVersion: 0.1.0. Protocol: FB5AA4D149D453FC2A7CB28524DD1B1C. Config: Debug X86. Built: 19:02:49 Aug  4 2020. AppID: 820012. UID: 343. PID: 10748 ----
  INFO root [0x000029c8] [2020-10-03 08:26:00,275] - Server : Intel(R) Core(TM) i5-10210U CPU @ 1.60GHz with 2097151kB RAM
  INFO root [0x000029c8] [2020-10-03 08:26:00,275] - ThreadPool::createThreadPool: creating  threadpool...
  INFO root [0x000029c8] [2020-10-03 08:26:00,292] - ThreadPool::createThreadPool: successfully(2), newThreadCount=1, normalMaxThreadCount=2, maxThreadCount=8
 DEBUG root [0x000029c8] [2020-10-03 08:26:00,451] - Script::install_py_dlls(): PyInit_pyexpat
 DEBUG root [0x000029c8] [2020-10-03 08:26:00,452] - Script::install_py_dlls(): PyInit__socket
 DEBUG root [0x000029c8] [2020-10-03 08:26:00,453] - Script::install_py_dlls(): PyInit__ssl
 DEBUG root [0x000029c8] [2020-10-03 08:26:00,457] - Script::install_py_dlls(): PyInit__hashlib
 DEBUG root [0x000029c8] [2020-10-03 08:26:00,457] - Script::install_py_dlls(): PyInit_select
 DEBUG root [0x000029c8] [2020-10-03 08:26:00,458] - Script::install_py_dlls(): PyInit__ctypes
 DEBUG root [0x000029c8] [2020-10-03 08:26:00,459] - Script::install_py_dlls(): PyInit__elementtree
 DEBUG root [0x000029c8] [2020-10-03 08:26:00,526] - Script::install_py_dlls(): PyInit_unicodedata
  INFO root [0x000029c8] [2020-10-03 08:26:00,582] - Script::install(): is successfully, Python=(3.4.2 (default, Aug  4 2020, 19:01:54) [MSC v.1925 32 bit (Intel)])!
  INFO root [0x000029c8] [2020-10-03 08:26:00,582] - Script::install(): KBExtra is successfully!
 DEBUG root [0x000029c8] [2020-10-03 08:26:00,622] - loaded script:Avatar(1).
 DEBUG root [0x000029c8] [2020-10-03 08:26:00,625] - loaded script:Room(3).
  INFO root [0x000029c8] [2020-10-03 08:26:00,625] - TelnetServer server is running on port 50000
  INFO root [0x000029c8] [2020-10-03 08:26:01,230] - ---- cellapp is running ----
 DEBUG root [0x000029c8] [2020-10-03 08:26:01,235] - Components::process(): Request for the process of identity...
  WARN root [0x000029c8] [2020-10-03 08:26:07,514] - Forwarding logs to logger[192.168.2.246:50821/0/0/0]...
 ERROR root [0x000029c8] [2020-10-03 08:52:29,011] - 192.168.2.246:50821: TCPPacketSender::processSend(internal): Exception occurred: REASON_CLIENT_DISCONNECTED , errno: 10053, 192.168.2.246:50821/0/0/0
  INFO root [0x00003fdc] [2020-10-03 09:02:43,664] - 
  INFO root [0x00003fdc] [2020-10-03 09:02:43,667] - -----------------------------------------------------------------------------------------


  INFO root [0x00003fdc] [2020-10-03 09:02:43,669] - Resmgr::initialize: KBE_ROOT=D:/kbengine_24pic/
  INFO root [0x00003fdc] [2020-10-03 09:02:43,669] - Resmgr::initialize: KBE_RES_PATH=D:/kbengine_24pic/kbe/res/;D:/kbengine_24pic/kbengine_stone_assets/;D:/kbengine_24pic/kbengine_stone_assets/scripts/;D:/kbengine_24pic/kbengine_stone_assets/res/
  INFO root [0x00003fdc] [2020-10-03 09:02:43,670] - Resmgr::initialize: KBE_BIN_PATH=D:/kbengine_24pic/kbe/bin/server/
  INFO root [0x00003fdc] [2020-10-03 09:02:43,687] - NetworkInterface::initialize(INTERNAL): bound to all interfaces with default route interface on 192.168.2.246 ( 192.168.2.246:51212 )
  INFO root [0x00003fdc] [2020-10-03 09:02:43,692] - NetworkInterface::initialize(INTERNAL): address 192.168.2.246:51212, SOMAXCONN=5.
  INFO root [0x00003fdc] [2020-10-03 09:02:43,692] - server-configs:
  INFO root [0x00003fdc] [2020-10-03 09:02:43,692] - 	gameUpdateHertz : 30
  INFO root [0x00003fdc] [2020-10-03 09:02:43,693] - 	defaultViewRadius : 500
  INFO root [0x00003fdc] [2020-10-03 09:02:43,693] - 	defaultViewHysteresisArea : 5
  INFO root [0x00003fdc] [2020-10-03 09:02:43,693] - 	entryScriptFile : kbemain
  INFO root [0x00003fdc] [2020-10-03 09:02:43,694] - 	internalAddr : 192.168.2.246:51212
  INFO root [0x00003fdc] [2020-10-03 09:02:43,694] - 	componentID : 820012
  INFO root [0x00003fdc] [2020-10-03 09:02:45,211] - ---- cellapp Version: 1.2.7. ScriptVersion: 0.1.0. Protocol: FB5AA4D149D453FC2A7CB28524DD1B1C. Config: Debug X86. Built: 19:02:49 Aug  4 2020. AppID: 820012. UID: 7541. PID: 10004 ----
  INFO root [0x00003fdc] [2020-10-03 09:02:45,213] - Server : Intel(R) Core(TM) i5-10210U CPU @ 1.60GHz with 2097151kB RAM
  INFO root [0x00003fdc] [2020-10-03 09:02:45,214] - ThreadPool::createThreadPool: creating  threadpool...
  INFO root [0x00003fdc] [2020-10-03 09:02:45,215] - ThreadPool::createThreadPool: successfully(2), newThreadCount=1, normalMaxThreadCount=2, maxThreadCount=8
 DEBUG root [0x00003fdc] [2020-10-03 09:02:45,383] - Script::install_py_dlls(): PyInit_pyexpat
 DEBUG root [0x00003fdc] [2020-10-03 09:02:45,387] - Script::install_py_dlls(): PyInit__socket
 DEBUG root [0x00003fdc] [2020-10-03 09:02:45,388] - Script::install_py_dlls(): PyInit__ssl
 DEBUG root [0x00003fdc] [2020-10-03 09:02:45,394] - Script::install_py_dlls(): PyInit__hashlib
 DEBUG root [0x00003fdc] [2020-10-03 09:02:45,395] - Script::install_py_dlls(): PyInit_select
 DEBUG root [0x00003fdc] [2020-10-03 09:02:45,395] - Script::install_py_dlls(): PyInit__ctypes
 DEBUG root [0x00003fdc] [2020-10-03 09:02:45,395] - Script::install_py_dlls(): PyInit__elementtree
 DEBUG root [0x00003fdc] [2020-10-03 09:02:45,483] - Script::install_py_dlls(): PyInit_unicodedata
  INFO root [0x00003fdc] [2020-10-03 09:02:45,572] - Script::install(): is successfully, Python=(3.4.2 (default, Aug  4 2020, 19:01:54) [MSC v.1925 32 bit (Intel)])!
  INFO root [0x00003fdc] [2020-10-03 09:02:45,572] - Script::install(): KBExtra is successfully!
 DEBUG root [0x00003fdc] [2020-10-03 09:02:45,682] - loaded script:Avatar(1).
 DEBUG root [0x00003fdc] [2020-10-03 09:02:45,731] - loaded script:Room(3).
  INFO root [0x00003fdc] [2020-10-03 09:02:45,732] - TelnetServer server is running on port 50000
  INFO root [0x00003fdc] [2020-10-03 09:02:46,521] - ---- cellapp is running ----
 DEBUG root [0x00003fdc] [2020-10-03 09:02:46,521] - Components::process(): Request for the process of identity...
  WARN root [0x00003fdc] [2020-10-03 09:02:53,013] - EntityApp::checkTickPeriod: tick took 19678% (19.68 seconds)!
  INFO root [0x00003fdc] [2020-10-03 09:02:54,057] - Components::findComponents: find logger(1)...
  INFO root [0x00003fdc] [2020-10-03 09:02:54,105] - Components::findComponents: found logger, addr:192.168.2.246:51209
  INFO root [0x00003fdc] [2020-10-03 09:02:54,110] - Components::addComponent: reset orderLog, uid=7541!
  INFO root [0x00003fdc] [2020-10-03 09:02:54,111] - Components::addComponent[logger], uid=7541, componentID=210002, globalorderid=1, grouporderid=1, totalcount=1
  INFO root [0x00003fdc] [2020-10-03 09:02:54,114] - Components::findComponents: find dbmgr(2)...
  INFO root [0x00003fdc] [2020-10-03 09:02:54,126] - Components::findComponents: found logger, addr:192.168.2.246:51209
  INFO root [0x00003fdc] [2020-10-03 09:02:54,128] - Components::findComponents: found dbmgr, addr:192.168.2.246:51210
  INFO root [0x00003fdc] [2020-10-03 09:02:54,128] - Components::addComponent: reset orderLog, uid=7541!
  INFO root [0x00003fdc] [2020-10-03 09:02:54,133] - Components::addComponent[dbmgr], uid=7541, componentID=42002, globalorderid=1, grouporderid=1, totalcount=1
  INFO root [0x00003fdc] [2020-10-03 09:02:54,233] - Components::findComponents: found dbmgr, addr:192.168.2.246:51210
  WARN root [0x00003fdc] [2020-10-03 09:02:55,236] - EntityApp::checkTickPeriod: tick took 3681% (3.68 seconds)!
  WARN root [0x00003fdc] [2020-10-03 09:02:55,261] - Forwarding logs to logger[192.168.2.246:51209/0/0/0]...
 ERROR root [0x00003fdc] [2020-10-03 09:07:20,941] - Components::removeComponentByChannel: logger : 210002, Abnormal exit! TCPPacketReceiver::processRecv(): errno=10054

  INFO root [0x00003fdc] [2020-10-03 09:07:20,950] - The following logs sent to logger failed:
  WARN root [0x00003fdc] [2020-10-03 09:07:20,950] - ==> [2020-10-03 09:07:20 940] TCPPacketReceiver::processPendingEvents(192.168.2.246:51209): Throwing REASON_GENERAL_NETWORK - WSAECONNRESET
 ERROR root [0x00003fdc] [2020-10-03 09:07:20,951] - ==> [2020-10-03 09:07:20 942] Components::removeComponentByChannel: logger : 210002, Abnormal exit! TCPPacketReceiver::processRecv(): errno=10054

  WARN root [0x00003fdc] [2020-10-03 09:07:21,054] - TCPPacketReceiver::processPendingEvents(192.168.2.246:51210): Throwing REASON_GENERAL_NETWORK - WSAECONNRESET
 ERROR root [0x00003fdc] [2020-10-03 09:07:21,056] - Components::removeComponentByChannel: dbmgr : 42002, Abnormal exit! TCPPacketReceiver::processRecv(): errno=10054

  INFO root [0x00003fdc] [2020-10-03 09:07:21,072] - Shutdowner::onShutdownBegin: shutting down(period=0, tickPeriod=1)
  INFO root [0x00003fdc] [2020-10-03 09:07:21,075] - Shutdowner::onShutdown: shutting down
  INFO root [0x00003fdc] [2020-10-03 09:07:21,076] - Shutdowner::onShutdownEnd: shutting down
 DEBUG root [0x00003fdc] [2020-10-03 09:07:21,077] - EntityRef::destroyObjPool(): size 16.
 DEBUG root [0x00003fdc] [2020-10-03 09:07:21,078] - Witness::destroyObjPool(): size 16.
 ERROR root [0x00003fdc] [2020-10-03 09:07:21,104] - EntityGarbages::~EntityGarbages(): leaked, size=2.
 ERROR root [0x00003fdc] [2020-10-03 09:07:21,108] - 	--> leaked: Avatar(2).
 ERROR root [0x00003fdc] [2020-10-03 09:07:21,112] - 	--> leaked: Avatar(4).
 ERROR root [0x00003fdc] [2020-10-03 09:07:21,114] - PyGC::debugTracing(): EntityCall : leaked(4)
 ERROR root [0x00003fdc] [2020-10-03 09:07:21,117] - PyGC::debugTracing(): Vector3 : leaked(6)
 ERROR root [0x00003fdc] [2020-10-03 09:07:21,123] - PyGC::debugTracing(): FixedArray : leaked(2)
 ERROR root [0x00003fdc] [2020-10-03 09:07:21,126] - PyGC::debugTracing(): Entity : leaked(2)
 DEBUG root [0x00003fdc] [2020-10-03 09:07:21,128] - Script::uninstall_py_dlls(): PyInit_pyexpat
 DEBUG root [0x00003fdc] [2020-10-03 09:07:21,129] - Script::uninstall_py_dlls(): PyInit__socket
 DEBUG root [0x00003fdc] [2020-10-03 09:07:21,129] - Script::uninstall_py_dlls(): PyInit__ssl
 DEBUG root [0x00003fdc] [2020-10-03 09:07:21,130] - Script::uninstall_py_dlls(): PyInit__hashlib
 DEBUG root [0x00003fdc] [2020-10-03 09:07:21,130] - Script::uninstall_py_dlls(): PyInit_select
 DEBUG root [0x00003fdc] [2020-10-03 09:07:21,131] - Script::uninstall_py_dlls(): PyInit__ctypes
 DEBUG root [0x00003fdc] [2020-10-03 09:07:21,131] - Script::uninstall_py_dlls(): PyInit__elementtree
 DEBUG root [0x00003fdc] [2020-10-03 09:07:21,131] - Script::uninstall_py_dlls(): PyInit_unicodedata
 DEBUG root [0x00003fdc] [2020-10-03 09:07:21,136] - Avatar::~Avatar(): 4
 DEBUG root [0x00003fdc] [2020-10-03 09:07:21,137] - Avatar::~Avatar(): 2
  INFO root [0x00003fdc] [2020-10-03 09:07:21,152] - Script::uninstall(): is successfully!
 DEBUG root [0x00003fdc] [2020-10-03 09:07:21,153] - ThreadPool::destroy(): starting size 2.
  WARN root [0x00003fdc] [2020-10-03 09:07:21,454] - ThreadPool::destroy(): waiting for thread(2)[0x2a6a6d8,0x2a6a948,], try=1
  INFO root [0x00002474] [2020-10-03 09:09:32,636] - 
  INFO root [0x00002474] [2020-10-03 09:09:32,637] - -----------------------------------------------------------------------------------------


  INFO root [0x00002474] [2020-10-03 09:09:32,639] - Resmgr::initialize: KBE_ROOT=D:/kbengine_24pic/
  INFO root [0x00002474] [2020-10-03 09:09:32,640] - Resmgr::initialize: KBE_RES_PATH=D:/kbengine_24pic/kbe/res/;D:/kbengine_24pic/kbengine_stone_assets/;D:/kbengine_24pic/kbengine_stone_assets/scripts/;D:/kbengine_24pic/kbengine_stone_assets/res/
  INFO root [0x00002474] [2020-10-03 09:09:32,640] - Resmgr::initialize: KBE_BIN_PATH=D:/kbengine_24pic/kbe/bin/server/
  INFO root [0x00002474] [2020-10-03 09:09:32,648] - NetworkInterface::initialize(INTERNAL): bound to all interfaces with default route interface on 192.168.2.246 ( 192.168.2.246:51407 )
  INFO root [0x00002474] [2020-10-03 09:09:32,648] - NetworkInterface::initialize(INTERNAL): address 192.168.2.246:51407, SOMAXCONN=5.
  INFO root [0x00002474] [2020-10-03 09:09:32,649] - server-configs:
  INFO root [0x00002474] [2020-10-03 09:09:32,649] - 	gameUpdateHertz : 30
  INFO root [0x00002474] [2020-10-03 09:09:32,649] - 	defaultViewRadius : 500
  INFO root [0x00002474] [2020-10-03 09:09:32,649] - 	defaultViewHysteresisArea : 5
  INFO root [0x00002474] [2020-10-03 09:09:32,649] - 	entryScriptFile : kbemain
  INFO root [0x00002474] [2020-10-03 09:09:32,650] - 	internalAddr : 192.168.2.246:51407
  INFO root [0x00002474] [2020-10-03 09:09:32,650] - 	componentID : 820012
  INFO root [0x00002474] [2020-10-03 09:09:32,665] - Components::findLogger: found logger, addr:192.168.2.246:51380
  INFO root [0x00002474] [2020-10-03 09:09:32,665] - Components::addComponent: reset orderLog, uid=8759!
  INFO root [0x00002474] [2020-10-03 09:09:32,665] - Components::addComponent[logger], uid=8759, componentID=210002, globalorderid=1, grouporderid=1, totalcount=1
  INFO root [0x00002474] [2020-10-03 09:09:32,674] - ---- cellapp Version: 1.2.7. ScriptVersion: 0.1.0. Protocol: FB5AA4D149D453FC2A7CB28524DD1B1C. Config: Debug X86. Built: 19:02:49 Aug  4 2020. AppID: 820012. UID: 8759. PID: 15052 ----
  INFO root [0x00002474] [2020-10-03 09:09:32,674] - Server : Intel(R) Core(TM) i5-10210U CPU @ 1.60GHz with 2097151kB RAM
  INFO root [0x00002474] [2020-10-03 09:09:32,677] - ThreadPool::createThreadPool: creating  threadpool...
  INFO root [0x00002474] [2020-10-03 09:09:32,679] - ThreadPool::createThreadPool: successfully(2), newThreadCount=1, normalMaxThreadCount=2, maxThreadCount=8
 DEBUG root [0x00002474] [2020-10-03 09:09:32,832] - Script::install_py_dlls(): PyInit_pyexpat
 DEBUG root [0x00002474] [2020-10-03 09:09:32,832] - Script::install_py_dlls(): PyInit__socket
 DEBUG root [0x00002474] [2020-10-03 09:09:32,833] - Script::install_py_dlls(): PyInit__ssl
 DEBUG root [0x00002474] [2020-10-03 09:09:32,833] - Script::install_py_dlls(): PyInit__hashlib
 DEBUG root [0x00002474] [2020-10-03 09:09:32,833] - Script::install_py_dlls(): PyInit_select
 DEBUG root [0x00002474] [2020-10-03 09:09:32,833] - Script::install_py_dlls(): PyInit__ctypes
 DEBUG root [0x00002474] [2020-10-03 09:09:32,833] - Script::install_py_dlls(): PyInit__elementtree
 DEBUG root [0x00002474] [2020-10-03 09:09:32,868] - Script::install_py_dlls(): PyInit_unicodedata
  INFO root [0x00002474] [2020-10-03 09:09:32,896] - Script::install(): is successfully, Python=(3.4.2 (default, Aug  4 2020, 19:01:54) [MSC v.1925 32 bit (Intel)])!
  INFO root [0x00002474] [2020-10-03 09:09:32,900] - Script::install(): KBExtra is successfully!
 DEBUG root [0x00002474] [2020-10-03 09:09:33,001] - loaded script:Avatar(1).
 DEBUG root [0x00002474] [2020-10-03 09:09:33,021] - loaded script:Room(3).
  INFO root [0x00002474] [2020-10-03 09:09:33,021] - TelnetServer server is running on port 50000
  INFO root [0x00002474] [2020-10-03 09:09:33,232] - ---- cellapp is running ----
 DEBUG root [0x00002474] [2020-10-03 09:09:33,232] - Components::process(): Request for the process of identity...
  WARN root [0x00002474] [2020-10-03 09:09:39,488] - Forwarding logs to logger[192.168.2.246:51380/0/0/0]...
 ERROR root [0x00002474] [2020-10-03 09:16:17,537] - Components::removeComponentByChannel: logger : 210002, Abnormal exit! TCPPacketReceiver::processRecv(): errno=10054

  INFO root [0x00002474] [2020-10-03 09:16:17,548] - The following logs sent to logger failed:
  WARN root [0x00002474] [2020-10-03 09:16:17,549] - ==> [2020-10-03 09:16:17 537] TCPPacketReceiver::processPendingEvents(192.168.2.246:51380): Throwing REASON_GENERAL_NETWORK - WSAECONNRESET
 ERROR root [0x00002474] [2020-10-03 09:16:17,550] - ==> [2020-10-03 09:16:17 539] Components::removeComponentByChannel: logger : 210002, Abnormal exit! TCPPacketReceiver::processRecv(): errno=10054

  WARN root [0x00002474] [2020-10-03 09:16:17,679] - TCPPacketReceiver::processPendingEvents(192.168.2.246:51381): Throwing REASON_GENERAL_NETWORK - WSAECONNRESET
 ERROR root [0x00002474] [2020-10-03 09:16:17,682] - Components::removeComponentByChannel: dbmgr : 42002, Abnormal exit! TCPPacketReceiver::processRecv(): errno=10054

  INFO root [0x00002474] [2020-10-03 09:16:17,713] - Shutdowner::onShutdownBegin: shutting down(period=0, tickPeriod=1)
  INFO root [0x00002474] [2020-10-03 09:16:17,733] - Shutdowner::onShutdown: shutting down
  INFO root [0x00002474] [2020-10-03 09:16:17,734] - Shutdowner::onShutdownEnd: shutting down
 DEBUG root [0x00002474] [2020-10-03 09:16:17,735] - EntityRef::destroyObjPool(): size 16.
 DEBUG root [0x00002474] [2020-10-03 09:16:17,739] - Witness::destroyObjPool(): size 16.
 ERROR root [0x00002474] [2020-10-03 09:16:17,766] - EntityGarbages::~EntityGarbages(): leaked, size=2.
 ERROR root [0x00002474] [2020-10-03 09:16:17,777] - 	--> leaked: Avatar(4).
 ERROR root [0x00002474] [2020-10-03 09:16:17,778] - 	--> leaked: Avatar(2).
 ERROR root [0x00002474] [2020-10-03 09:16:17,780] - PyGC::debugTracing(): EntityCall : leaked(4)
 ERROR root [0x00002474] [2020-10-03 09:16:17,784] - PyGC::debugTracing(): Vector3 : leaked(6)
 ERROR root [0x00002474] [2020-10-03 09:16:17,786] - PyGC::debugTracing(): FixedArray : leaked(2)
 ERROR root [0x00002474] [2020-10-03 09:16:17,788] - PyGC::debugTracing(): Entity : leaked(2)
 DEBUG root [0x00002474] [2020-10-03 09:16:17,791] - Script::uninstall_py_dlls(): PyInit_pyexpat
 DEBUG root [0x00002474] [2020-10-03 09:16:17,791] - Script::uninstall_py_dlls(): PyInit__socket
 DEBUG root [0x00002474] [2020-10-03 09:16:17,791] - Script::uninstall_py_dlls(): PyInit__ssl
 DEBUG root [0x00002474] [2020-10-03 09:16:17,792] - Script::uninstall_py_dlls(): PyInit__hashlib
 DEBUG root [0x00002474] [2020-10-03 09:16:17,792] - Script::uninstall_py_dlls(): PyInit_select
 DEBUG root [0x00002474] [2020-10-03 09:16:17,792] - Script::uninstall_py_dlls(): PyInit__ctypes
 DEBUG root [0x00002474] [2020-10-03 09:16:17,793] - Script::uninstall_py_dlls(): PyInit__elementtree
 DEBUG root [0x00002474] [2020-10-03 09:16:17,793] - Script::uninstall_py_dlls(): PyInit_unicodedata
 DEBUG root [0x00002474] [2020-10-03 09:16:17,797] - Avatar::~Avatar(): 4
 DEBUG root [0x00002474] [2020-10-03 09:16:17,797] - Avatar::~Avatar(): 2
  INFO root [0x00002474] [2020-10-03 09:16:17,807] - Script::uninstall(): is successfully!
 DEBUG root [0x00002474] [2020-10-03 09:16:17,808] - ThreadPool::destroy(): starting size 2.
  WARN root [0x00002474] [2020-10-03 09:16:18,109] - ThreadPool::destroy(): waiting for thread(2)[0x768a18,0x768ae8,], try=1
  INFO root [0x00003d20] [2020-10-03 09:16:22,760] - 
  INFO root [0x00003d20] [2020-10-03 09:16:22,761] - -----------------------------------------------------------------------------------------


  INFO root [0x00003d20] [2020-10-03 09:16:22,762] - Resmgr::initialize: KBE_ROOT=D:/kbengine_24pic/
  INFO root [0x00003d20] [2020-10-03 09:16:22,762] - Resmgr::initialize: KBE_RES_PATH=D:/kbengine_24pic/kbe/res/;D:/kbengine_24pic/kbengine_stone_assets/;D:/kbengine_24pic/kbengine_stone_assets/scripts/;D:/kbengine_24pic/kbengine_stone_assets/res/
  INFO root [0x00003d20] [2020-10-03 09:16:22,763] - Resmgr::initialize: KBE_BIN_PATH=D:/kbengine_24pic/kbe/bin/server/
  INFO root [0x00003d20] [2020-10-03 09:16:22,767] - NetworkInterface::initialize(INTERNAL): bound to all interfaces with default route interface on 192.168.2.246 ( 192.168.2.246:51575 )
  INFO root [0x00003d20] [2020-10-03 09:16:22,767] - NetworkInterface::initialize(INTERNAL): address 192.168.2.246:51575, SOMAXCONN=5.
  INFO root [0x00003d20] [2020-10-03 09:16:22,767] - server-configs:
  INFO root [0x00003d20] [2020-10-03 09:16:22,770] - 	gameUpdateHertz : 30
  INFO root [0x00003d20] [2020-10-03 09:16:22,770] - 	defaultViewRadius : 500
  INFO root [0x00003d20] [2020-10-03 09:16:22,770] - 	defaultViewHysteresisArea : 5
  INFO root [0x00003d20] [2020-10-03 09:16:22,770] - 	entryScriptFile : kbemain
  INFO root [0x00003d20] [2020-10-03 09:16:22,770] - 	internalAddr : 192.168.2.246:51575
  INFO root [0x00003d20] [2020-10-03 09:16:22,771] - 	componentID : 820012
  INFO root [0x00003d20] [2020-10-03 09:16:23,479] - Components::findLogger: found logger, addr:192.168.2.246:51570
  INFO root [0x00003d20] [2020-10-03 09:16:23,480] - Components::addComponent: reset orderLog, uid=10215!
  INFO root [0x00003d20] [2020-10-03 09:16:23,480] - Components::addComponent[logger], uid=10215, componentID=210002, globalorderid=1, grouporderid=1, totalcount=1
  INFO root [0x00003d20] [2020-10-03 09:16:23,488] - ---- cellapp Version: 1.2.7. ScriptVersion: 0.1.0. Protocol: FB5AA4D149D453FC2A7CB28524DD1B1C. Config: Debug X86. Built: 19:02:49 Aug  4 2020. AppID: 820012. UID: 10215. PID: 2016 ----
  INFO root [0x00003d20] [2020-10-03 09:16:23,488] - Server : Intel(R) Core(TM) i5-10210U CPU @ 1.60GHz with 2097151kB RAM
  INFO root [0x00003d20] [2020-10-03 09:16:23,491] - ThreadPool::createThreadPool: creating  threadpool...
  INFO root [0x00003d20] [2020-10-03 09:16:23,492] - ThreadPool::createThreadPool: successfully(2), newThreadCount=1, normalMaxThreadCount=2, maxThreadCount=8
 DEBUG root [0x00003d20] [2020-10-03 09:16:23,654] - Script::install_py_dlls(): PyInit_pyexpat
 DEBUG root [0x00003d20] [2020-10-03 09:16:23,654] - Script::install_py_dlls(): PyInit__socket
 DEBUG root [0x00003d20] [2020-10-03 09:16:23,655] - Script::install_py_dlls(): PyInit__ssl
 DEBUG root [0x00003d20] [2020-10-03 09:16:23,659] - Script::install_py_dlls(): PyInit__hashlib
 DEBUG root [0x00003d20] [2020-10-03 09:16:23,659] - Script::install_py_dlls(): PyInit_select
 DEBUG root [0x00003d20] [2020-10-03 09:16:23,659] - Script::install_py_dlls(): PyInit__ctypes
 DEBUG root [0x00003d20] [2020-10-03 09:16:23,659] - Script::install_py_dlls(): PyInit__elementtree
 DEBUG root [0x00003d20] [2020-10-03 09:16:23,706] - Script::install_py_dlls(): PyInit_unicodedata
  INFO root [0x00003d20] [2020-10-03 09:16:23,741] - Script::install(): is successfully, Python=(3.4.2 (default, Aug  4 2020, 19:01:54) [MSC v.1925 32 bit (Intel)])!
  INFO root [0x00003d20] [2020-10-03 09:16:23,741] - Script::install(): KBExtra is successfully!
 DEBUG root [0x00003d20] [2020-10-03 09:16:23,760] - loaded script:Avatar(1).
 DEBUG root [0x00003d20] [2020-10-03 09:16:23,852] - loaded script:Room(3).
  INFO root [0x00003d20] [2020-10-03 09:16:23,853] - TelnetServer server is running on port 50000
  INFO root [0x00003d20] [2020-10-03 09:16:24,211] - ---- cellapp is running ----
 DEBUG root [0x00003d20] [2020-10-03 09:16:24,213] - Components::process(): Request for the process of identity...
  WARN root [0x00003d20] [2020-10-03 09:16:30,550] - Forwarding logs to logger[192.168.2.246:51570/0/0/0]...
 ERROR root [0x00003d20] [2020-10-03 09:20:10,246] - Components::removeComponentByChannel: logger : 210002, Abnormal exit! TCPPacketReceiver::processRecv(): errno=10054

  INFO root [0x00003d20] [2020-10-03 09:20:10,259] - The following logs sent to logger failed:
  WARN root [0x00003d20] [2020-10-03 09:20:10,260] - ==> [2020-10-03 09:20:10 247] TCPPacketReceiver::processPendingEvents(192.168.2.246:51570): Throwing REASON_GENERAL_NETWORK - WSAECONNRESET
 ERROR root [0x00003d20] [2020-10-03 09:20:10,260] - ==> [2020-10-03 09:20:10 249] Components::removeComponentByChannel: logger : 210002, Abnormal exit! TCPPacketReceiver::processRecv(): errno=10054

  WARN root [0x00003d20] [2020-10-03 09:20:10,366] - TCPPacketReceiver::processPendingEvents(192.168.2.246:51572): Throwing REASON_GENERAL_NETWORK - WSAECONNRESET
 ERROR root [0x00003d20] [2020-10-03 09:20:10,367] - Components::removeComponentByChannel: dbmgr : 42002, Abnormal exit! TCPPacketReceiver::processRecv(): errno=10054

  INFO root [0x00003d20] [2020-10-03 09:20:10,378] - Shutdowner::onShutdownBegin: shutting down(period=0, tickPeriod=1)
  INFO root [0x00003d20] [2020-10-03 09:20:10,378] - Shutdowner::onShutdown: shutting down
  INFO root [0x00003d20] [2020-10-03 09:20:10,379] - Shutdowner::onShutdownEnd: shutting down
 DEBUG root [0x00003d20] [2020-10-03 09:20:10,379] - EntityRef::destroyObjPool(): size 16.
 DEBUG root [0x00003d20] [2020-10-03 09:20:10,380] - Witness::destroyObjPool(): size 16.
 ERROR root [0x00003d20] [2020-10-03 09:20:10,390] - EntityGarbages::~EntityGarbages(): leaked, size=2.
 ERROR root [0x00003d20] [2020-10-03 09:20:10,398] - 	--> leaked: Avatar(10002).
 ERROR root [0x00003d20] [2020-10-03 09:20:10,400] - 	--> leaked: Avatar(10004).
 ERROR root [0x00003d20] [2020-10-03 09:20:10,403] - PyGC::debugTracing(): EntityCall : leaked(4)
 ERROR root [0x00003d20] [2020-10-03 09:20:10,405] - PyGC::debugTracing(): Vector3 : leaked(6)
 ERROR root [0x00003d20] [2020-10-03 09:20:10,407] - PyGC::debugTracing(): FixedArray : leaked(2)
 ERROR root [0x00003d20] [2020-10-03 09:20:10,408] - PyGC::debugTracing(): Entity : leaked(2)
 DEBUG root [0x00003d20] [2020-10-03 09:20:10,410] - Script::uninstall_py_dlls(): PyInit_pyexpat
 DEBUG root [0x00003d20] [2020-10-03 09:20:10,410] - Script::uninstall_py_dlls(): PyInit__socket
 DEBUG root [0x00003d20] [2020-10-03 09:20:10,411] - Script::uninstall_py_dlls(): PyInit__ssl
 DEBUG root [0x00003d20] [2020-10-03 09:20:10,411] - Script::uninstall_py_dlls(): PyInit__hashlib
 DEBUG root [0x00003d20] [2020-10-03 09:20:10,412] - Script::uninstall_py_dlls(): PyInit_select
 DEBUG root [0x00003d20] [2020-10-03 09:20:10,412] - Script::uninstall_py_dlls(): PyInit__ctypes
 DEBUG root [0x00003d20] [2020-10-03 09:20:10,412] - Script::uninstall_py_dlls(): PyInit__elementtree
 DEBUG root [0x00003d20] [2020-10-03 09:20:10,412] - Script::uninstall_py_dlls(): PyInit_unicodedata
 DEBUG root [0x00003d20] [2020-10-03 09:20:10,417] - Avatar::~Avatar(): 10004
 DEBUG root [0x00003d20] [2020-10-03 09:20:10,417] - Avatar::~Avatar(): 10002
  INFO root [0x00003d20] [2020-10-03 09:20:10,432] - Script::uninstall(): is successfully!
 DEBUG root [0x00003d20] [2020-10-03 09:20:10,433] - ThreadPool::destroy(): starting size 2.
  WARN root [0x00003d20] [2020-10-03 09:20:10,734] - ThreadPool::destroy(): waiting for thread(2)[0x2dead40,0x2deaba0,], try=1
  INFO root [0x00003c90] [2020-10-03 09:20:14,949] - 
  INFO root [0x00003c90] [2020-10-03 09:20:14,972] - -----------------------------------------------------------------------------------------


  INFO root [0x00003c90] [2020-10-03 09:20:14,975] - Resmgr::initialize: KBE_ROOT=D:/kbengine_24pic/
  INFO root [0x00003c90] [2020-10-03 09:20:14,975] - Resmgr::initialize: KBE_RES_PATH=D:/kbengine_24pic/kbe/res/;D:/kbengine_24pic/kbengine_stone_assets/;D:/kbengine_24pic/kbengine_stone_assets/scripts/;D:/kbengine_24pic/kbengine_stone_assets/res/
  INFO root [0x00003c90] [2020-10-03 09:20:14,976] - Resmgr::initialize: KBE_BIN_PATH=D:/kbengine_24pic/kbe/bin/server/
  INFO root [0x00003c90] [2020-10-03 09:20:15,007] - NetworkInterface::initialize(INTERNAL): bound to all interfaces with default route interface on 192.168.2.246 ( 192.168.2.246:51699 )
  INFO root [0x00003c90] [2020-10-03 09:20:15,011] - NetworkInterface::initialize(INTERNAL): address 192.168.2.246:51699, SOMAXCONN=5.
  INFO root [0x00003c90] [2020-10-03 09:20:15,011] - server-configs:
  INFO root [0x00003c90] [2020-10-03 09:20:15,011] - 	gameUpdateHertz : 30
  INFO root [0x00003c90] [2020-10-03 09:20:15,011] - 	defaultViewRadius : 500
  INFO root [0x00003c90] [2020-10-03 09:20:15,011] - 	defaultViewHysteresisArea : 5
  INFO root [0x00003c90] [2020-10-03 09:20:15,015] - 	entryScriptFile : kbemain
  INFO root [0x00003c90] [2020-10-03 09:20:15,015] - 	internalAddr : 192.168.2.246:51699
  INFO root [0x00003c90] [2020-10-03 09:20:15,015] - 	componentID : 820012
  INFO root [0x00003c90] [2020-10-03 09:20:16,531] - ---- cellapp Version: 1.2.7. ScriptVersion: 0.1.0. Protocol: FB5AA4D149D453FC2A7CB28524DD1B1C. Config: Debug X86. Built: 19:02:49 Aug  4 2020. AppID: 820012. UID: 10973. PID: 1696 ----
  INFO root [0x00003c90] [2020-10-03 09:20:16,535] - Server : Intel(R) Core(TM) i5-10210U CPU @ 1.60GHz with 2097151kB RAM
  INFO root [0x00003c90] [2020-10-03 09:20:16,537] - ThreadPool::createThreadPool: creating  threadpool...
  INFO root [0x00003c90] [2020-10-03 09:20:16,538] - ThreadPool::createThreadPool: successfully(2), newThreadCount=1, normalMaxThreadCount=2, maxThreadCount=8
 DEBUG root [0x00003c90] [2020-10-03 09:20:16,714] - Script::install_py_dlls(): PyInit_pyexpat
 DEBUG root [0x00003c90] [2020-10-03 09:20:16,714] - Script::install_py_dlls(): PyInit__socket
 DEBUG root [0x00003c90] [2020-10-03 09:20:16,718] - Script::install_py_dlls(): PyInit__ssl
 DEBUG root [0x00003c90] [2020-10-03 09:20:16,726] - Script::install_py_dlls(): PyInit__hashlib
 DEBUG root [0x00003c90] [2020-10-03 09:20:16,727] - Script::install_py_dlls(): PyInit_select
 DEBUG root [0x00003c90] [2020-10-03 09:20:16,727] - Script::install_py_dlls(): PyInit__ctypes
 DEBUG root [0x00003c90] [2020-10-03 09:20:16,727] - Script::install_py_dlls(): PyInit__elementtree
 DEBUG root [0x00003c90] [2020-10-03 09:20:16,829] - Script::install_py_dlls(): PyInit_unicodedata
  INFO root [0x00003c90] [2020-10-03 09:20:16,928] - Script::install(): is successfully, Python=(3.4.2 (default, Aug  4 2020, 19:01:54) [MSC v.1925 32 bit (Intel)])!
  INFO root [0x00003c90] [2020-10-03 09:20:16,928] - Script::install(): KBExtra is successfully!
 DEBUG root [0x00003c90] [2020-10-03 09:20:16,989] - loaded script:Avatar(1).
 DEBUG root [0x00003c90] [2020-10-03 09:20:17,064] - loaded script:Room(3).
  INFO root [0x00003c90] [2020-10-03 09:20:17,064] - TelnetServer server is running on port 50000
  INFO root [0x00003c90] [2020-10-03 09:20:17,739] - ---- cellapp is running ----
 DEBUG root [0x00003c90] [2020-10-03 09:20:17,740] - Components::process(): Request for the process of identity...
  WARN root [0x00003c90] [2020-10-03 09:20:24,105] - EntityApp::checkTickPeriod: tick took 19296% (19.30 seconds)!
  INFO root [0x00003c90] [2020-10-03 09:20:25,143] - Components::findComponents: find logger(1)...
  INFO root [0x00003c90] [2020-10-03 09:20:25,166] - Components::findComponents: found logger, addr:192.168.2.246:51697
  INFO root [0x00003c90] [2020-10-03 09:20:25,166] - Components::addComponent: reset orderLog, uid=10973!
  INFO root [0x00003c90] [2020-10-03 09:20:25,166] - Components::addComponent[logger], uid=10973, componentID=210002, globalorderid=1, grouporderid=1, totalcount=1
  INFO root [0x00003c90] [2020-10-03 09:20:25,170] - Components::findComponents: find dbmgr(2)...
  INFO root [0x00003c90] [2020-10-03 09:20:25,277] - Components::findComponents: found dbmgr, addr:192.168.2.246:51702
  INFO root [0x00003c90] [2020-10-03 09:20:25,277] - Components::addComponent: reset orderLog, uid=10973!
  INFO root [0x00003c90] [2020-10-03 09:20:25,277] - Components::addComponent[dbmgr], uid=10973, componentID=42002, globalorderid=1, grouporderid=1, totalcount=1
  INFO root [0x00003c90] [2020-10-03 09:20:25,281] - Components::findComponents: found dbmgr, addr:192.168.2.246:51702
  WARN root [0x00003c90] [2020-10-03 09:20:26,283] - EntityApp::checkTickPeriod: tick took 3563% (3.56 seconds)!
  WARN root [0x00003c90] [2020-10-03 09:20:26,284] - Forwarding logs to logger[192.168.2.246:51697/0/0/0]...
 ERROR root [0x00003c90] [2020-10-03 09:27:14,060] - Components::removeComponentByChannel: logger : 210002, Abnormal exit! TCPPacketReceiver::processRecv(): errno=10054

  INFO root [0x00003c90] [2020-10-03 09:27:14,073] - The following logs sent to logger failed:
  WARN root [0x00003c90] [2020-10-03 09:27:14,075] - ==> [2020-10-03 09:27:14 060] TCPPacketReceiver::processPendingEvents(192.168.2.246:51697): Throwing REASON_GENERAL_NETWORK - WSAECONNRESET
 ERROR root [0x00003c90] [2020-10-03 09:27:14,075] - ==> [2020-10-03 09:27:14 061] Components::removeComponentByChannel: logger : 210002, Abnormal exit! TCPPacketReceiver::processRecv(): errno=10054

  WARN root [0x00003c90] [2020-10-03 09:27:14,195] - TCPPacketReceiver::processPendingEvents(192.168.2.246:51702): Throwing REASON_GENERAL_NETWORK - WSAECONNRESET
 ERROR root [0x00003c90] [2020-10-03 09:27:14,196] - Components::removeComponentByChannel: dbmgr : 42002, Abnormal exit! TCPPacketReceiver::processRecv(): errno=10054

  INFO root [0x00003c90] [2020-10-03 09:27:14,223] - Shutdowner::onShutdownBegin: shutting down(period=0, tickPeriod=1)
  INFO root [0x00003c90] [2020-10-03 09:27:14,241] - Shutdowner::onShutdown: shutting down
  INFO root [0x00003c90] [2020-10-03 09:27:14,242] - Shutdowner::onShutdownEnd: shutting down
 DEBUG root [0x00003c90] [2020-10-03 09:27:14,243] - EntityRef::destroyObjPool(): size 0.
 DEBUG root [0x00003c90] [2020-10-03 09:27:14,244] - Witness::destroyObjPool(): size 0.
 DEBUG root [0x00003c90] [2020-10-03 09:27:14,273] - Script::uninstall_py_dlls(): PyInit_pyexpat
 DEBUG root [0x00003c90] [2020-10-03 09:27:14,273] - Script::uninstall_py_dlls(): PyInit__socket
 DEBUG root [0x00003c90] [2020-10-03 09:27:14,274] - Script::uninstall_py_dlls(): PyInit__ssl
 DEBUG root [0x00003c90] [2020-10-03 09:27:14,274] - Script::uninstall_py_dlls(): PyInit__hashlib
 DEBUG root [0x00003c90] [2020-10-03 09:27:14,275] - Script::uninstall_py_dlls(): PyInit_select
 DEBUG root [0x00003c90] [2020-10-03 09:27:14,275] - Script::uninstall_py_dlls(): PyInit__ctypes
 DEBUG root [0x00003c90] [2020-10-03 09:27:14,276] - Script::uninstall_py_dlls(): PyInit__elementtree
 DEBUG root [0x00003c90] [2020-10-03 09:27:14,277] - Script::uninstall_py_dlls(): PyInit_unicodedata
  INFO root [0x00003c90] [2020-10-03 09:27:14,306] - Script::uninstall(): is successfully!
 DEBUG root [0x00003c90] [2020-10-03 09:27:14,306] - ThreadPool::destroy(): starting size 2.
  WARN root [0x00003c90] [2020-10-03 09:27:14,609] - ThreadPool::destroy(): waiting for thread(2)[0x9e0af8,0x9e0b60,], try=1
  INFO root [0x00003b4c] [2020-10-03 09:27:18,197] - 
  INFO root [0x00003b4c] [2020-10-03 09:27:18,199] - -----------------------------------------------------------------------------------------


  INFO root [0x00003b4c] [2020-10-03 09:27:18,201] - Resmgr::initialize: KBE_ROOT=D:/kbengine_24pic/
  INFO root [0x00003b4c] [2020-10-03 09:27:18,201] - Resmgr::initialize: KBE_RES_PATH=D:/kbengine_24pic/kbe/res/;D:/kbengine_24pic/kbengine_stone_assets/;D:/kbengine_24pic/kbengine_stone_assets/scripts/;D:/kbengine_24pic/kbengine_stone_assets/res/
  INFO root [0x00003b4c] [2020-10-03 09:27:18,202] - Resmgr::initialize: KBE_BIN_PATH=D:/kbengine_24pic/kbe/bin/server/
  INFO root [0x00003b4c] [2020-10-03 09:27:18,219] - NetworkInterface::initialize(INTERNAL): bound to all interfaces with default route interface on 192.168.2.246 ( 192.168.2.246:51756 )
  INFO root [0x00003b4c] [2020-10-03 09:27:18,219] - NetworkInterface::initialize(INTERNAL): address 192.168.2.246:51756, SOMAXCONN=5.
  INFO root [0x00003b4c] [2020-10-03 09:27:18,219] - server-configs:
  INFO root [0x00003b4c] [2020-10-03 09:27:18,220] - 	gameUpdateHertz : 30
  INFO root [0x00003b4c] [2020-10-03 09:27:18,220] - 	defaultViewRadius : 500
  INFO root [0x00003b4c] [2020-10-03 09:27:18,220] - 	defaultViewHysteresisArea : 5
  INFO root [0x00003b4c] [2020-10-03 09:27:18,220] - 	entryScriptFile : kbemain
  INFO root [0x00003b4c] [2020-10-03 09:27:18,221] - 	internalAddr : 192.168.2.246:51756
  INFO root [0x00003b4c] [2020-10-03 09:27:18,221] - 	componentID : 820012
  WARN root [0x00003b4c] [2020-10-03 09:27:18,619] - BundleBroadcast::BundleBroadcast: Cannot bind to port 20478, errorno=10048
  INFO root [0x00003b4c] [2020-10-03 09:27:18,629] - ---- cellapp Version: 1.2.7. ScriptVersion: 0.1.0. Protocol: FB5AA4D149D453FC2A7CB28524DD1B1C. Config: Debug X86. Built: 19:02:49 Aug  4 2020. AppID: 820012. UID: 12354. PID: 7580 ----
  INFO root [0x00003b4c] [2020-10-03 09:27:18,629] - Server : Intel(R) Core(TM) i5-10210U CPU @ 1.60GHz with 2097151kB RAM
  INFO root [0x00003b4c] [2020-10-03 09:27:18,629] - ThreadPool::createThreadPool: creating  threadpool...
  INFO root [0x00003b4c] [2020-10-03 09:27:18,634] - ThreadPool::createThreadPool: successfully(2), newThreadCount=1, normalMaxThreadCount=2, maxThreadCount=8
 DEBUG root [0x00003b4c] [2020-10-03 09:27:18,809] - Script::install_py_dlls(): PyInit_pyexpat
 DEBUG root [0x00003b4c] [2020-10-03 09:27:18,809] - Script::install_py_dlls(): PyInit__socket
 DEBUG root [0x00003b4c] [2020-10-03 09:27:18,813] - Script::install_py_dlls(): PyInit__ssl
 DEBUG root [0x00003b4c] [2020-10-03 09:27:18,822] - Script::install_py_dlls(): PyInit__hashlib
 DEBUG root [0x00003b4c] [2020-10-03 09:27:18,824] - Script::install_py_dlls(): PyInit_select
 DEBUG root [0x00003b4c] [2020-10-03 09:27:18,824] - Script::install_py_dlls(): PyInit__ctypes
 DEBUG root [0x00003b4c] [2020-10-03 09:27:18,825] - Script::install_py_dlls(): PyInit__elementtree
 DEBUG root [0x00003b4c] [2020-10-03 09:27:18,914] - Script::install_py_dlls(): PyInit_unicodedata
  INFO root [0x00003b4c] [2020-10-03 09:27:18,996] - Script::install(): is successfully, Python=(3.4.2 (default, Aug  4 2020, 19:01:54) [MSC v.1925 32 bit (Intel)])!
  INFO root [0x00003b4c] [2020-10-03 09:27:18,997] - Script::install(): KBExtra is successfully!
 DEBUG root [0x00003b4c] [2020-10-03 09:27:19,043] - loaded script:Avatar(1).
 DEBUG root [0x00003b4c] [2020-10-03 09:27:19,114] - loaded script:Room(3).
  INFO root [0x00003b4c] [2020-10-03 09:27:19,114] - TelnetServer server is running on port 50000
  INFO root [0x00003b4c] [2020-10-03 09:27:19,435] - ---- cellapp is running ----
 DEBUG root [0x00003b4c] [2020-10-03 09:27:19,435] - Components::process(): Request for the process of identity...
  WARN root [0x00003b4c] [2020-10-03 09:27:25,721] - EntityApp::checkTickPeriod: tick took 19051% (19.05 seconds)!
  INFO root [0x00003b4c] [2020-10-03 09:27:26,737] - Components::findComponents: find logger(1)...
  INFO root [0x00003b4c] [2020-10-03 09:27:26,845] - Components::findComponents: found logger, addr:192.168.2.246:51752
  INFO root [0x00003b4c] [2020-10-03 09:27:26,849] - Components::addComponent: reset orderLog, uid=12354!
  INFO root [0x00003b4c] [2020-10-03 09:27:26,849] - Components::addComponent[logger], uid=12354, componentID=210002, globalorderid=1, grouporderid=1, totalcount=1
  INFO root [0x00003b4c] [2020-10-03 09:27:26,852] - Components::findComponents: find dbmgr(2)...
  INFO root [0x00003b4c] [2020-10-03 09:27:26,859] - Components::findComponents: found dbmgr, addr:192.168.2.246:51755
  INFO root [0x00003b4c] [2020-10-03 09:27:26,859] - Components::addComponent: reset orderLog, uid=12354!
  INFO root [0x00003b4c] [2020-10-03 09:27:26,859] - Components::addComponent[dbmgr], uid=12354, componentID=42002, globalorderid=1, grouporderid=1, totalcount=1
  INFO root [0x00003b4c] [2020-10-03 09:27:26,866] - Components::findComponents: found logger, addr:192.168.2.246:51752
  INFO root [0x00003b4c] [2020-10-03 09:27:26,874] - Components::findComponents: found dbmgr, addr:192.168.2.246:51755
  WARN root [0x00003b4c] [2020-10-03 09:27:27,875] - EntityApp::checkTickPeriod: tick took 3548% (3.55 seconds)!
  WARN root [0x00003b4c] [2020-10-03 09:27:27,876] - Forwarding logs to logger[192.168.2.246:51752/0/0/0]...
