  INFO root [0x00002804] [2020-10-24 23:00:38,239] - 
  INFO root [0x00002804] [2020-10-24 23:00:38,239] - -----------------------------------------------------------------------------------------


  INFO root [0x00002804] [2020-10-24 23:00:38,240] - Resmgr::initialize: KBE_ROOT=D:/kbengine_24pic/
  INFO root [0x00002804] [2020-10-24 23:00:38,241] - Resmgr::initialize: KBE_RES_PATH=D:/kbengine_24pic/kbe/res/;D:/kbengine_24pic/kbengine_stone_assets/;D:/kbengine_24pic/kbengine_stone_assets/scripts/;D:/kbengine_24pic/kbengine_stone_assets/res/
  INFO root [0x00002804] [2020-10-24 23:00:38,241] - Resmgr::initialize: KBE_BIN_PATH=D:/kbengine_24pic/kbe/bin/server/
  INFO root [0x00002804] [2020-10-24 23:00:38,246] - NetworkInterface::initialize(INTERNAL): bound to all interfaces with default route interface on 192.168.2.246 ( 192.168.2.246:51283 )
  INFO root [0x00002804] [2020-10-24 23:00:38,247] - NetworkInterface::initialize(INTERNAL): address 192.168.2.246:51283, SOMAXCONN=5.
  INFO root [0x00002804] [2020-10-24 23:00:38,247] - server-configs:
  INFO root [0x00002804] [2020-10-24 23:00:38,247] - 	gameUpdateHertz : 30
  INFO root [0x00002804] [2020-10-24 23:00:38,247] - 	defaultViewRadius : 500
  INFO root [0x00002804] [2020-10-24 23:00:38,248] - 	defaultViewHysteresisArea : 5
  INFO root [0x00002804] [2020-10-24 23:00:38,248] - 	entryScriptFile : kbemain
  INFO root [0x00002804] [2020-10-24 23:00:38,248] - 	internalAddr : 192.168.2.246:51283
  INFO root [0x00002804] [2020-10-24 23:00:38,248] - 	componentID : 820012
  INFO root [0x00002804] [2020-10-24 23:00:39,752] - ---- cellapp Version: 1.2.7. ScriptVersion: 0.1.0. Protocol: FB5AA4D149D453FC2A7CB28524DD1B1C. Config: Debug X86. Built: 19:02:49 Aug  4 2020. AppID: 820012. UID: 1937. PID: 15628 ----
  INFO root [0x00002804] [2020-10-24 23:00:39,753] - Server : Intel(R) Core(TM) i5-10210U CPU @ 1.60GHz with 2097151kB RAM
  INFO root [0x00002804] [2020-10-24 23:00:39,753] - ThreadPool::createThreadPool: creating  threadpool...
  INFO root [0x00002804] [2020-10-24 23:00:39,754] - ThreadPool::createThreadPool: successfully(2), newThreadCount=1, normalMaxThreadCount=2, maxThreadCount=8
 DEBUG root [0x00002804] [2020-10-24 23:00:39,892] - Script::install_py_dlls(): PyInit_pyexpat
 DEBUG root [0x00002804] [2020-10-24 23:00:39,893] - Script::install_py_dlls(): PyInit__socket
 DEBUG root [0x00002804] [2020-10-24 23:00:39,893] - Script::install_py_dlls(): PyInit__ssl
 DEBUG root [0x00002804] [2020-10-24 23:00:39,896] - Script::install_py_dlls(): PyInit__hashlib
 DEBUG root [0x00002804] [2020-10-24 23:00:39,897] - Script::install_py_dlls(): PyInit_select
 DEBUG root [0x00002804] [2020-10-24 23:00:39,897] - Script::install_py_dlls(): PyInit__ctypes
 DEBUG root [0x00002804] [2020-10-24 23:00:39,897] - Script::install_py_dlls(): PyInit__elementtree
 DEBUG root [0x00002804] [2020-10-24 23:00:39,936] - Script::install_py_dlls(): PyInit_unicodedata
  INFO root [0x00002804] [2020-10-24 23:00:39,977] - Script::install(): is successfully, Python=(3.4.2 (default, Aug  4 2020, 19:01:54) [MSC v.1925 32 bit (Intel)])!
  INFO root [0x00002804] [2020-10-24 23:00:39,978] - Script::install(): KBExtra is successfully!
 DEBUG root [0x00002804] [2020-10-24 23:00:40,011] - loaded script:Avatar(1).
 DEBUG root [0x00002804] [2020-10-24 23:00:40,015] - loaded script:Room(3).
 DEBUG root [0x00002804] [2020-10-24 23:00:40,018] - loaded script:PrivateRoom(4).
  INFO root [0x00002804] [2020-10-24 23:00:40,019] - TelnetServer server is running on port 50000
  INFO root [0x00002804] [2020-10-24 23:00:40,280] - ---- cellapp is running ----
 DEBUG root [0x00002804] [2020-10-24 23:00:40,280] - Components::process(): Request for the process of identity...
  WARN root [0x00002804] [2020-10-24 23:00:46,471] - EntityApp::checkTickPeriod: tick took 18760% (18.76 seconds)!
  INFO root [0x00002804] [2020-10-24 23:00:47,480] - Components::findComponents: find logger(1)...
  INFO root [0x00002804] [2020-10-24 23:00:47,580] - Components::findComponents: found logger, addr:192.168.2.246:51278
  INFO root [0x00002804] [2020-10-24 23:00:47,581] - Components::addComponent: reset orderLog, uid=1937!
  INFO root [0x00002804] [2020-10-24 23:00:47,582] - Components::addComponent[logger], uid=1937, componentID=210002, globalorderid=1, grouporderid=1, totalcount=1
  INFO root [0x00002804] [2020-10-24 23:00:47,585] - Components::findComponents: find dbmgr(2)...
  INFO root [0x00002804] [2020-10-24 23:00:47,688] - Components::findComponents: found dbmgr, addr:192.168.2.246:51279
  INFO root [0x00002804] [2020-10-24 23:00:47,688] - Components::addComponent: reset orderLog, uid=1937!
  INFO root [0x00002804] [2020-10-24 23:00:47,688] - Components::addComponent[dbmgr], uid=1937, componentID=42002, globalorderid=1, grouporderid=1, totalcount=1
  INFO root [0x00002804] [2020-10-24 23:00:47,697] - Components::findComponents: found dbmgr, addr:192.168.2.246:51279
  WARN root [0x00002804] [2020-10-24 23:00:48,698] - EntityApp::checkTickPeriod: tick took 3790% (3.79 seconds)!
  WARN root [0x00002804] [2020-10-24 23:00:48,699] - Forwarding logs to logger[192.168.2.246:51278/0/0/0]...
 ERROR root [0x00002804] [2020-10-24 23:57:22,960] - Components::removeComponentByChannel: logger : 210002, Abnormal exit! TCPPacketReceiver::processRecv(): errno=10054

  INFO root [0x00002804] [2020-10-24 23:57:22,960] - The following logs sent to logger failed:
  WARN root [0x00002804] [2020-10-24 23:57:22,960] - ==> [2020-10-24 23:57:22 965] TCPPacketReceiver::processPendingEvents(192.168.2.246:51278): Throwing REASON_GENERAL_NETWORK - WSAECONNRESET
 ERROR root [0x00002804] [2020-10-24 23:57:22,960] - ==> [2020-10-24 23:57:22 967] Components::removeComponentByChannel: logger : 210002, Abnormal exit! TCPPacketReceiver::processRecv(): errno=10054

  WARN root [0x00002804] [2020-10-24 23:57:23,038] - TCPPacketReceiver::processPendingEvents(192.168.2.246:51279): Throwing REASON_GENERAL_NETWORK - WSAECONNRESET
 ERROR root [0x00002804] [2020-10-24 23:57:23,038] - Components::removeComponentByChannel: dbmgr : 42002, Abnormal exit! TCPPacketReceiver::processRecv(): errno=10054

  INFO root [0x00002804] [2020-10-24 23:57:23,038] - Shutdowner::onShutdownBegin: shutting down(period=0, tickPeriod=1)
  INFO root [0x00002804] [2020-10-24 23:57:23,038] - Shutdowner::onShutdown: shutting down
 S_DBG root [0x00002804] [2020-10-24 23:57:23,038] - Room::onDestroy: 10006
 S_DBG root [0x00002804] [2020-10-24 23:57:23,054] - Avatar::onDestroy: 10008.
  INFO root [0x00002804] [2020-10-24 23:57:23,054] - Spaces::destroySpace: 2.
  INFO root [0x00002804] [2020-10-24 23:57:23,054] - Shutdowner::onShutdownEnd: shutting down
 DEBUG root [0x00002804] [2020-10-24 23:57:23,054] - PrivateRoom::~PrivateRoom(): 10006
 DEBUG root [0x00002804] [2020-10-24 23:57:23,054] - Avatar::~Avatar(): 10008
 DEBUG root [0x00002804] [2020-10-24 23:57:23,054] - EntityRef::destroyObjPool(): size 16.
 DEBUG root [0x00002804] [2020-10-24 23:57:23,054] - Witness::destroyObjPool(): size 16.
 DEBUG root [0x00002804] [2020-10-24 23:57:23,070] - Script::uninstall_py_dlls(): PyInit_pyexpat
 DEBUG root [0x00002804] [2020-10-24 23:57:23,070] - Script::uninstall_py_dlls(): PyInit__socket
 DEBUG root [0x00002804] [2020-10-24 23:57:23,070] - Script::uninstall_py_dlls(): PyInit__ssl
 DEBUG root [0x00002804] [2020-10-24 23:57:23,085] - Script::uninstall_py_dlls(): PyInit__hashlib
 DEBUG root [0x00002804] [2020-10-24 23:57:23,085] - Script::uninstall_py_dlls(): PyInit_select
 DEBUG root [0x00002804] [2020-10-24 23:57:23,085] - Script::uninstall_py_dlls(): PyInit__ctypes
 DEBUG root [0x00002804] [2020-10-24 23:57:23,085] - Script::uninstall_py_dlls(): PyInit__elementtree
 DEBUG root [0x00002804] [2020-10-24 23:57:23,085] - Script::uninstall_py_dlls(): PyInit_unicodedata
  INFO root [0x00002804] [2020-10-24 23:57:23,101] - Script::uninstall(): is successfully!
 DEBUG root [0x00002804] [2020-10-24 23:57:23,101] - ThreadPool::destroy(): starting size 2.
