  INFO root [0x000024e8] [2020-10-25 19:20:50,679] - 
  INFO root [0x000024e8] [2020-10-25 19:20:50,682] - -----------------------------------------------------------------------------------------


  INFO root [0x000024e8] [2020-10-25 19:20:50,685] - Resmgr::initialize: KBE_ROOT=D:/kbengine_24pic/
  INFO root [0x000024e8] [2020-10-25 19:20:50,685] - Resmgr::initialize: KBE_RES_PATH=D:/kbengine_24pic/kbe/res/;D:/kbengine_24pic/kbengine_stone_assets/;D:/kbengine_24pic/kbengine_stone_assets/scripts/;D:/kbengine_24pic/kbengine_stone_assets/res/
  INFO root [0x000024e8] [2020-10-25 19:20:50,689] - Resmgr::initialize: KBE_BIN_PATH=D:/kbengine_24pic/kbe/bin/server/
  INFO root [0x000024e8] [2020-10-25 19:20:50,700] - NetworkInterface::initialize(INTERNAL): bound to all interfaces with default route interface on 192.168.2.246 ( 192.168.2.246:51618 )
  INFO root [0x000024e8] [2020-10-25 19:20:50,701] - NetworkInterface::initialize(INTERNAL): address 192.168.2.246:51618, SOMAXCONN=5.
  INFO root [0x000024e8] [2020-10-25 19:20:50,702] - server-configs:
  INFO root [0x000024e8] [2020-10-25 19:20:50,702] - 	gameUpdateHertz : 30
  INFO root [0x000024e8] [2020-10-25 19:20:50,702] - 	defaultViewRadius : 500
  INFO root [0x000024e8] [2020-10-25 19:20:50,702] - 	defaultViewHysteresisArea : 5
  INFO root [0x000024e8] [2020-10-25 19:20:50,702] - 	entryScriptFile : kbemain
  INFO root [0x000024e8] [2020-10-25 19:20:50,703] - 	internalAddr : 192.168.2.246:51618
  INFO root [0x000024e8] [2020-10-25 19:20:50,703] - 	componentID : 820012
  INFO root [0x000024e8] [2020-10-25 19:20:50,991] - Components::findLogger: found logger, addr:192.168.2.246:51613
  INFO root [0x000024e8] [2020-10-25 19:20:50,991] - Components::addComponent: reset orderLog, uid=11640!
  INFO root [0x000024e8] [2020-10-25 19:20:50,991] - Components::addComponent[logger], uid=11640, componentID=210002, globalorderid=1, grouporderid=1, totalcount=1
  INFO root [0x000024e8] [2020-10-25 19:20:50,996] - ---- cellapp Version: 1.2.7. ScriptVersion: 0.1.0. Protocol: FB5AA4D149D453FC2A7CB28524DD1B1C. Config: Debug X86. Built: 19:02:49 Aug  4 2020. AppID: 820012. UID: 11640. PID: 7116 ----
  INFO root [0x000024e8] [2020-10-25 19:20:50,997] - Server : Intel(R) Core(TM) i5-10210U CPU @ 1.60GHz with 2097151kB RAM
  INFO root [0x000024e8] [2020-10-25 19:20:50,997] - ThreadPool::createThreadPool: creating  threadpool...
  INFO root [0x000024e8] [2020-10-25 19:20:50,997] - ThreadPool::createThreadPool: successfully(2), newThreadCount=1, normalMaxThreadCount=2, maxThreadCount=8
 DEBUG root [0x000024e8] [2020-10-25 19:20:51,126] - Script::install_py_dlls(): PyInit_pyexpat
 DEBUG root [0x000024e8] [2020-10-25 19:20:51,127] - Script::install_py_dlls(): PyInit__socket
 DEBUG root [0x000024e8] [2020-10-25 19:20:51,127] - Script::install_py_dlls(): PyInit__ssl
 DEBUG root [0x000024e8] [2020-10-25 19:20:51,129] - Script::install_py_dlls(): PyInit__hashlib
 DEBUG root [0x000024e8] [2020-10-25 19:20:51,130] - Script::install_py_dlls(): PyInit_select
 DEBUG root [0x000024e8] [2020-10-25 19:20:51,130] - Script::install_py_dlls(): PyInit__ctypes
 DEBUG root [0x000024e8] [2020-10-25 19:20:51,131] - Script::install_py_dlls(): PyInit__elementtree
 DEBUG root [0x000024e8] [2020-10-25 19:20:51,159] - Script::install_py_dlls(): PyInit_unicodedata
  INFO root [0x000024e8] [2020-10-25 19:20:51,189] - Script::install(): is successfully, Python=(3.4.2 (default, Aug  4 2020, 19:01:54) [MSC v.1925 32 bit (Intel)])!
  INFO root [0x000024e8] [2020-10-25 19:20:51,189] - Script::install(): KBExtra is successfully!
 DEBUG root [0x000024e8] [2020-10-25 19:20:51,225] - loaded script:Avatar(1).
 DEBUG root [0x000024e8] [2020-10-25 19:20:51,227] - loaded script:Room(3).
 DEBUG root [0x000024e8] [2020-10-25 19:20:51,254] - loaded script:PrivateRoom(4).
  INFO root [0x000024e8] [2020-10-25 19:20:51,254] - TelnetServer server is running on port 50000
  INFO root [0x000024e8] [2020-10-25 19:20:51,482] - ---- cellapp is running ----
 DEBUG root [0x000024e8] [2020-10-25 19:20:51,483] - Components::process(): Request for the process of identity...
  WARN root [0x000024e8] [2020-10-25 19:20:57,672] - Forwarding logs to logger[192.168.2.246:51613/0/0/0]...
 ERROR root [0x000024e8] [2020-10-25 19:27:50,778] - Components::removeComponentByChannel: logger : 210002, Abnormal exit! TCPPacketReceiver::processRecv(): errno=10054

  INFO root [0x000024e8] [2020-10-25 19:27:50,786] - The following logs sent to logger failed:
  WARN root [0x000024e8] [2020-10-25 19:27:50,788] - ==> [2020-10-25 19:27:50 776] TCPPacketReceiver::processPendingEvents(192.168.2.246:51613): Throwing REASON_GENERAL_NETWORK - WSAECONNRESET
 ERROR root [0x000024e8] [2020-10-25 19:27:50,790] - ==> [2020-10-25 19:27:50 778] Components::removeComponentByChannel: logger : 210002, Abnormal exit! TCPPacketReceiver::processRecv(): errno=10054

  WARN root [0x000024e8] [2020-10-25 19:27:50,903] - TCPPacketReceiver::processPendingEvents(192.168.2.246:51614): Throwing REASON_GENERAL_NETWORK - WSAECONNRESET
 ERROR root [0x000024e8] [2020-10-25 19:27:50,906] - Components::removeComponentByChannel: dbmgr : 42002, Abnormal exit! TCPPacketReceiver::processRecv(): errno=10054

  INFO root [0x000024e8] [2020-10-25 19:27:50,933] - Shutdowner::onShutdownBegin: shutting down(period=0, tickPeriod=1)
  INFO root [0x000024e8] [2020-10-25 19:27:50,938] - Shutdowner::onShutdown: shutting down
  INFO root [0x000024e8] [2020-10-25 19:27:50,939] - Shutdowner::onShutdownEnd: shutting down
 DEBUG root [0x000024e8] [2020-10-25 19:27:50,940] - EntityRef::destroyObjPool(): size 0.
 DEBUG root [0x000024e8] [2020-10-25 19:27:50,941] - Witness::destroyObjPool(): size 16.
 DEBUG root [0x000024e8] [2020-10-25 19:27:50,964] - Script::uninstall_py_dlls(): PyInit_pyexpat
 DEBUG root [0x000024e8] [2020-10-25 19:27:50,965] - Script::uninstall_py_dlls(): PyInit__socket
 DEBUG root [0x000024e8] [2020-10-25 19:27:50,966] - Script::uninstall_py_dlls(): PyInit__ssl
 DEBUG root [0x000024e8] [2020-10-25 19:27:50,966] - Script::uninstall_py_dlls(): PyInit__hashlib
 DEBUG root [0x000024e8] [2020-10-25 19:27:50,967] - Script::uninstall_py_dlls(): PyInit_select
 DEBUG root [0x000024e8] [2020-10-25 19:27:50,967] - Script::uninstall_py_dlls(): PyInit__ctypes
 DEBUG root [0x000024e8] [2020-10-25 19:27:50,968] - Script::uninstall_py_dlls(): PyInit__elementtree
 DEBUG root [0x000024e8] [2020-10-25 19:27:50,968] - Script::uninstall_py_dlls(): PyInit_unicodedata
  INFO root [0x000024e8] [2020-10-25 19:27:51,005] - Script::uninstall(): is successfully!
 DEBUG root [0x000024e8] [2020-10-25 19:27:51,006] - ThreadPool::destroy(): starting size 2.
  WARN root [0x000024e8] [2020-10-25 19:27:51,307] - ThreadPool::destroy(): waiting for thread(2)[0x2bc55d8,0x2bc5778,], try=1
  INFO root [0x00003858] [2020-10-25 19:27:54,662] - 
  INFO root [0x00003858] [2020-10-25 19:27:54,662] - -----------------------------------------------------------------------------------------


  INFO root [0x00003858] [2020-10-25 19:27:54,664] - Resmgr::initialize: KBE_ROOT=D:/kbengine_24pic/
  INFO root [0x00003858] [2020-10-25 19:27:54,664] - Resmgr::initialize: KBE_RES_PATH=D:/kbengine_24pic/kbe/res/;D:/kbengine_24pic/kbengine_stone_assets/;D:/kbengine_24pic/kbengine_stone_assets/scripts/;D:/kbengine_24pic/kbengine_stone_assets/res/
  INFO root [0x00003858] [2020-10-25 19:27:54,664] - Resmgr::initialize: KBE_BIN_PATH=D:/kbengine_24pic/kbe/bin/server/
  INFO root [0x00003858] [2020-10-25 19:27:54,670] - NetworkInterface::initialize(INTERNAL): bound to all interfaces with default route interface on 192.168.2.246 ( 192.168.2.246:51746 )
  INFO root [0x00003858] [2020-10-25 19:27:54,670] - NetworkInterface::initialize(INTERNAL): address 192.168.2.246:51746, SOMAXCONN=5.
  INFO root [0x00003858] [2020-10-25 19:27:54,671] - server-configs:
  INFO root [0x00003858] [2020-10-25 19:27:54,671] - 	gameUpdateHertz : 30
  INFO root [0x00003858] [2020-10-25 19:27:54,671] - 	defaultViewRadius : 500
  INFO root [0x00003858] [2020-10-25 19:27:54,671] - 	defaultViewHysteresisArea : 5
  INFO root [0x00003858] [2020-10-25 19:27:54,671] - 	entryScriptFile : kbemain
  INFO root [0x00003858] [2020-10-25 19:27:54,672] - 	internalAddr : 192.168.2.246:51746
  INFO root [0x00003858] [2020-10-25 19:27:54,672] - 	componentID : 820012
  INFO root [0x00003858] [2020-10-25 19:27:54,900] - Components::findLogger: found logger, addr:192.168.2.246:51741
  INFO root [0x00003858] [2020-10-25 19:27:54,901] - Components::addComponent: reset orderLog, uid=13025!
  INFO root [0x00003858] [2020-10-25 19:27:54,901] - Components::addComponent[logger], uid=13025, componentID=210002, globalorderid=1, grouporderid=1, totalcount=1
  INFO root [0x00003858] [2020-10-25 19:27:54,906] - ---- cellapp Version: 1.2.7. ScriptVersion: 0.1.0. Protocol: FB5AA4D149D453FC2A7CB28524DD1B1C. Config: Debug X86. Built: 19:02:49 Aug  4 2020. AppID: 820012. UID: 13025. PID: 6268 ----
  INFO root [0x00003858] [2020-10-25 19:27:54,907] - Server : Intel(R) Core(TM) i5-10210U CPU @ 1.60GHz with 2097151kB RAM
  INFO root [0x00003858] [2020-10-25 19:27:54,907] - ThreadPool::createThreadPool: creating  threadpool...
  INFO root [0x00003858] [2020-10-25 19:27:54,907] - ThreadPool::createThreadPool: successfully(2), newThreadCount=1, normalMaxThreadCount=2, maxThreadCount=8
 DEBUG root [0x00003858] [2020-10-25 19:27:55,036] - Script::install_py_dlls(): PyInit_pyexpat
 DEBUG root [0x00003858] [2020-10-25 19:27:55,037] - Script::install_py_dlls(): PyInit__socket
 DEBUG root [0x00003858] [2020-10-25 19:27:55,037] - Script::install_py_dlls(): PyInit__ssl
 DEBUG root [0x00003858] [2020-10-25 19:27:55,041] - Script::install_py_dlls(): PyInit__hashlib
 DEBUG root [0x00003858] [2020-10-25 19:27:55,042] - Script::install_py_dlls(): PyInit_select
 DEBUG root [0x00003858] [2020-10-25 19:27:55,042] - Script::install_py_dlls(): PyInit__ctypes
 DEBUG root [0x00003858] [2020-10-25 19:27:55,043] - Script::install_py_dlls(): PyInit__elementtree
 DEBUG root [0x00003858] [2020-10-25 19:27:55,082] - Script::install_py_dlls(): PyInit_unicodedata
  INFO root [0x00003858] [2020-10-25 19:27:55,120] - Script::install(): is successfully, Python=(3.4.2 (default, Aug  4 2020, 19:01:54) [MSC v.1925 32 bit (Intel)])!
  INFO root [0x00003858] [2020-10-25 19:27:55,120] - Script::install(): KBExtra is successfully!
 DEBUG root [0x00003858] [2020-10-25 19:27:55,147] - loaded script:Avatar(1).
 DEBUG root [0x00003858] [2020-10-25 19:27:55,217] - loaded script:Room(3).
 DEBUG root [0x00003858] [2020-10-25 19:27:55,250] - loaded script:PrivateRoom(4).
  INFO root [0x00003858] [2020-10-25 19:27:55,251] - TelnetServer server is running on port 50000
  INFO root [0x00003858] [2020-10-25 19:27:55,512] - ---- cellapp is running ----
 DEBUG root [0x00003858] [2020-10-25 19:27:55,513] - Components::process(): Request for the process of identity...
  WARN root [0x00003858] [2020-10-25 19:28:01,725] - Forwarding logs to logger[192.168.2.246:51741/0/0/0]...
 ERROR root [0x00003858] [2020-10-25 23:03:02,842] - Components::removeComponentByChannel: logger : 210002, Abnormal exit! TCPPacketReceiver::processRecv(): errno=10054

  INFO root [0x00003858] [2020-10-25 23:03:02,859] - The following logs sent to logger failed:
  WARN root [0x00003858] [2020-10-25 23:03:02,860] - ==> [2020-10-25 23:03:02 833] TCPPacketReceiver::processPendingEvents(192.168.2.246:51741): Throwing REASON_GENERAL_NETWORK - WSAECONNRESET
 ERROR root [0x00003858] [2020-10-25 23:03:02,861] - ==> [2020-10-25 23:03:02 856] Components::removeComponentByChannel: logger : 210002, Abnormal exit! TCPPacketReceiver::processRecv(): errno=10054

  WARN root [0x00003858] [2020-10-25 23:03:02,918] - TCPPacketReceiver::processPendingEvents(192.168.2.246:51743): Throwing REASON_GENERAL_NETWORK - WSAECONNRESET
 ERROR root [0x00003858] [2020-10-25 23:03:02,919] - Components::removeComponentByChannel: dbmgr : 42002, Abnormal exit! TCPPacketReceiver::processRecv(): errno=10054

  INFO root [0x00003858] [2020-10-25 23:03:02,925] - Shutdowner::onShutdownBegin: shutting down(period=0, tickPeriod=1)
  INFO root [0x00003858] [2020-10-25 23:03:02,926] - Shutdowner::onShutdown: shutting down
  INFO root [0x00003858] [2020-10-25 23:03:02,927] - Shutdowner::onShutdownEnd: shutting down
 DEBUG root [0x00003858] [2020-10-25 23:03:02,932] - EntityRef::destroyObjPool(): size 16.
 DEBUG root [0x00003858] [2020-10-25 23:03:02,933] - Witness::destroyObjPool(): size 16.
 ERROR root [0x00003858] [2020-10-25 23:03:02,960] - EntityGarbages::~EntityGarbages(): leaked, size=2.
 ERROR root [0x00003858] [2020-10-25 23:03:02,961] - 	--> leaked: Avatar(41).
 ERROR root [0x00003858] [2020-10-25 23:03:02,961] - 	--> leaked: Avatar(43).
 ERROR root [0x00003858] [2020-10-25 23:03:02,965] - PyGC::debugTracing(): EntityCall : leaked(4)
 ERROR root [0x00003858] [2020-10-25 23:03:02,966] - PyGC::debugTracing(): Vector3 : leaked(6)
 ERROR root [0x00003858] [2020-10-25 23:03:02,966] - PyGC::debugTracing(): FixedArray : leaked(4)
 ERROR root [0x00003858] [2020-10-25 23:03:02,966] - PyGC::debugTracing(): Entity : leaked(2)
 DEBUG root [0x00003858] [2020-10-25 23:03:02,972] - Script::uninstall_py_dlls(): PyInit_pyexpat
 DEBUG root [0x00003858] [2020-10-25 23:03:02,972] - Script::uninstall_py_dlls(): PyInit__socket
 DEBUG root [0x00003858] [2020-10-25 23:03:02,972] - Script::uninstall_py_dlls(): PyInit__ssl
 DEBUG root [0x00003858] [2020-10-25 23:03:02,972] - Script::uninstall_py_dlls(): PyInit__hashlib
 DEBUG root [0x00003858] [2020-10-25 23:03:02,973] - Script::uninstall_py_dlls(): PyInit_select
 DEBUG root [0x00003858] [2020-10-25 23:03:02,973] - Script::uninstall_py_dlls(): PyInit__ctypes
 DEBUG root [0x00003858] [2020-10-25 23:03:02,973] - Script::uninstall_py_dlls(): PyInit__elementtree
 DEBUG root [0x00003858] [2020-10-25 23:03:02,973] - Script::uninstall_py_dlls(): PyInit_unicodedata
 DEBUG root [0x00003858] [2020-10-25 23:03:02,989] - Avatar::~Avatar(): 43
 DEBUG root [0x00003858] [2020-10-25 23:03:02,990] - Avatar::~Avatar(): 41
  INFO root [0x00003858] [2020-10-25 23:03:03,005] - Script::uninstall(): is successfully!
 DEBUG root [0x00003858] [2020-10-25 23:03:03,006] - ThreadPool::destroy(): starting size 2.
