  INFO root [0x00003d50] [2020-10-18 17:17:09,342] - 
  INFO root [0x00003d50] [2020-10-18 17:17:09,343] - -----------------------------------------------------------------------------------------


  INFO root [0x00003d50] [2020-10-18 17:17:09,346] - Resmgr::initialize: KBE_ROOT=D:/kbengine_24pic/
  INFO root [0x00003d50] [2020-10-18 17:17:09,348] - Resmgr::initialize: KBE_RES_PATH=D:/kbengine_24pic/kbe/res/;D:/kbengine_24pic/kbengine_stone_assets/;D:/kbengine_24pic/kbengine_stone_assets/scripts/;D:/kbengine_24pic/kbengine_stone_assets/res/
  INFO root [0x00003d50] [2020-10-18 17:17:09,350] - Resmgr::initialize: KBE_BIN_PATH=D:/kbengine_24pic/kbe/bin/server/
  INFO root [0x00003d50] [2020-10-18 17:17:09,356] - NetworkInterface::initialize(INTERNAL): bound to all interfaces with default route interface on 192.168.2.246 ( 192.168.2.246:56979 )
  INFO root [0x00003d50] [2020-10-18 17:17:09,357] - NetworkInterface::initialize(INTERNAL): address 192.168.2.246:56979, SOMAXCONN=5.
  INFO root [0x00003d50] [2020-10-18 17:17:09,357] - server-configs:
  INFO root [0x00003d50] [2020-10-18 17:17:09,357] - 	gameUpdateHertz : 30
  INFO root [0x00003d50] [2020-10-18 17:17:09,358] - 	defaultViewRadius : 500
  INFO root [0x00003d50] [2020-10-18 17:17:09,358] - 	defaultViewHysteresisArea : 5
  INFO root [0x00003d50] [2020-10-18 17:17:09,358] - 	entryScriptFile : kbemain
  INFO root [0x00003d50] [2020-10-18 17:17:09,358] - 	internalAddr : 192.168.2.246:56979
  INFO root [0x00003d50] [2020-10-18 17:17:09,358] - 	componentID : 820012
  INFO root [0x00003d50] [2020-10-18 17:17:10,864] - ---- cellapp Version: 1.2.7. ScriptVersion: 0.1.0. Protocol: FB5AA4D149D453FC2A7CB28524DD1B1C. Config: Debug X86. Built: 19:02:49 Aug  4 2020. AppID: 820012. UID: 11232. PID: 13336 ----
  INFO root [0x00003d50] [2020-10-18 17:17:10,864] - Server : Intel(R) Core(TM) i5-10210U CPU @ 1.60GHz with 2097151kB RAM
  INFO root [0x00003d50] [2020-10-18 17:17:10,865] - ThreadPool::createThreadPool: creating  threadpool...
  INFO root [0x00003d50] [2020-10-18 17:17:10,866] - ThreadPool::createThreadPool: successfully(2), newThreadCount=1, normalMaxThreadCount=2, maxThreadCount=8
 DEBUG root [0x00003d50] [2020-10-18 17:17:11,018] - Script::install_py_dlls(): PyInit_pyexpat
 DEBUG root [0x00003d50] [2020-10-18 17:17:11,021] - Script::install_py_dlls(): PyInit__socket
 DEBUG root [0x00003d50] [2020-10-18 17:17:11,022] - Script::install_py_dlls(): PyInit__ssl
 DEBUG root [0x00003d50] [2020-10-18 17:17:11,025] - Script::install_py_dlls(): PyInit__hashlib
 DEBUG root [0x00003d50] [2020-10-18 17:17:11,026] - Script::install_py_dlls(): PyInit_select
 DEBUG root [0x00003d50] [2020-10-18 17:17:11,026] - Script::install_py_dlls(): PyInit__ctypes
 DEBUG root [0x00003d50] [2020-10-18 17:17:11,027] - Script::install_py_dlls(): PyInit__elementtree
 DEBUG root [0x00003d50] [2020-10-18 17:17:11,095] - Script::install_py_dlls(): PyInit_unicodedata
  INFO root [0x00003d50] [2020-10-18 17:17:11,156] - Script::install(): is successfully, Python=(3.4.2 (default, Aug  4 2020, 19:01:54) [MSC v.1925 32 bit (Intel)])!
  INFO root [0x00003d50] [2020-10-18 17:17:11,156] - Script::install(): KBExtra is successfully!
 DEBUG root [0x00003d50] [2020-10-18 17:17:11,212] - loaded script:Avatar(1).
 DEBUG root [0x00003d50] [2020-10-18 17:17:11,220] - loaded script:Room(3).
  INFO root [0x00003d50] [2020-10-18 17:17:11,221] - TelnetServer server is running on port 50000
  INFO root [0x00003d50] [2020-10-18 17:17:11,670] - ---- cellapp is running ----
 DEBUG root [0x00003d50] [2020-10-18 17:17:11,670] - Components::process(): Request for the process of identity...
  WARN root [0x00003d50] [2020-10-18 17:17:17,933] - EntityApp::checkTickPeriod: tick took 18978% (18.98 seconds)!
  INFO root [0x00003d50] [2020-10-18 17:17:18,938] - Components::findComponents: find logger(1)...
  INFO root [0x00003d50] [2020-10-18 17:17:18,964] - Components::findComponents: found logger, addr:192.168.2.246:56974
  INFO root [0x00003d50] [2020-10-18 17:17:18,964] - Components::addComponent: reset orderLog, uid=11232!
  INFO root [0x00003d50] [2020-10-18 17:17:18,964] - Components::addComponent[logger], uid=11232, componentID=210002, globalorderid=1, grouporderid=1, totalcount=1
  INFO root [0x00003d50] [2020-10-18 17:17:18,965] - Components::findComponents: find dbmgr(2)...
  INFO root [0x00003d50] [2020-10-18 17:17:19,068] - Components::findComponents: found dbmgr, addr:192.168.2.246:56971
  INFO root [0x00003d50] [2020-10-18 17:17:19,069] - Components::addComponent: reset orderLog, uid=11232!
  INFO root [0x00003d50] [2020-10-18 17:17:19,069] - Components::addComponent[dbmgr], uid=11232, componentID=42002, globalorderid=1, grouporderid=1, totalcount=1
  INFO root [0x00003d50] [2020-10-18 17:17:19,083] - Components::findComponents: found dbmgr, addr:192.168.2.246:56971
  WARN root [0x00003d50] [2020-10-18 17:17:20,084] - EntityApp::checkTickPeriod: tick took 3572% (3.57 seconds)!
  WARN root [0x00003d50] [2020-10-18 17:17:20,084] - Forwarding logs to logger[192.168.2.246:56974/0/0/0]...
 ERROR root [0x00003d50] [2020-10-18 17:30:29,531] - Components::removeComponentByChannel: logger : 210002, Abnormal exit! TCPPacketReceiver::processRecv(): errno=10054

  INFO root [0x00003d50] [2020-10-18 17:30:29,553] - The following logs sent to logger failed:
  WARN root [0x00003d50] [2020-10-18 17:30:29,553] - ==> [2020-10-18 17:30:29 531] TCPPacketReceiver::processPendingEvents(192.168.2.246:56974): Throwing REASON_GENERAL_NETWORK - WSAECONNRESET
 ERROR root [0x00003d50] [2020-10-18 17:30:29,554] - ==> [2020-10-18 17:30:29 533] Components::removeComponentByChannel: logger : 210002, Abnormal exit! TCPPacketReceiver::processRecv(): errno=10054

  WARN root [0x00003d50] [2020-10-18 17:30:29,628] - TCPPacketReceiver::processPendingEvents(192.168.2.246:56971): Throwing REASON_GENERAL_NETWORK - WSAECONNRESET
 ERROR root [0x00003d50] [2020-10-18 17:30:29,629] - Components::removeComponentByChannel: dbmgr : 42002, Abnormal exit! TCPPacketReceiver::processRecv(): errno=10054

  INFO root [0x00003d50] [2020-10-18 17:30:29,656] - Shutdowner::onShutdownBegin: shutting down(period=0, tickPeriod=1)
  INFO root [0x00003d50] [2020-10-18 17:30:29,664] - Shutdowner::onShutdown: shutting down
  INFO root [0x00003d50] [2020-10-18 17:30:29,666] - Shutdowner::onShutdownEnd: shutting down
 DEBUG root [0x00003d50] [2020-10-18 17:30:29,667] - EntityRef::destroyObjPool(): size 16.
 DEBUG root [0x00003d50] [2020-10-18 17:30:29,668] - Witness::destroyObjPool(): size 16.
 ERROR root [0x00003d50] [2020-10-18 17:30:29,687] - EntityGarbages::~EntityGarbages(): leaked, size=2.
 ERROR root [0x00003d50] [2020-10-18 17:30:29,692] - 	--> leaked: Avatar(10004).
 ERROR root [0x00003d50] [2020-10-18 17:30:29,695] - 	--> leaked: Avatar(10002).
 ERROR root [0x00003d50] [2020-10-18 17:30:29,696] - PyGC::debugTracing(): EntityCall : leaked(4)
 ERROR root [0x00003d50] [2020-10-18 17:30:29,700] - PyGC::debugTracing(): Vector3 : leaked(6)
 ERROR root [0x00003d50] [2020-10-18 17:30:29,701] - PyGC::debugTracing(): FixedArray : leaked(2)
 ERROR root [0x00003d50] [2020-10-18 17:30:29,702] - PyGC::debugTracing(): Entity : leaked(2)
 DEBUG root [0x00003d50] [2020-10-18 17:30:29,706] - Script::uninstall_py_dlls(): PyInit_pyexpat
 DEBUG root [0x00003d50] [2020-10-18 17:30:29,706] - Script::uninstall_py_dlls(): PyInit__socket
 DEBUG root [0x00003d50] [2020-10-18 17:30:29,706] - Script::uninstall_py_dlls(): PyInit__ssl
 DEBUG root [0x00003d50] [2020-10-18 17:30:29,707] - Script::uninstall_py_dlls(): PyInit__hashlib
 DEBUG root [0x00003d50] [2020-10-18 17:30:29,707] - Script::uninstall_py_dlls(): PyInit_select
 DEBUG root [0x00003d50] [2020-10-18 17:30:29,708] - Script::uninstall_py_dlls(): PyInit__ctypes
 DEBUG root [0x00003d50] [2020-10-18 17:30:29,708] - Script::uninstall_py_dlls(): PyInit__elementtree
 DEBUG root [0x00003d50] [2020-10-18 17:30:29,708] - Script::uninstall_py_dlls(): PyInit_unicodedata
 DEBUG root [0x00003d50] [2020-10-18 17:30:29,717] - Avatar::~Avatar(): 10004
 DEBUG root [0x00003d50] [2020-10-18 17:30:29,717] - Avatar::~Avatar(): 10002
  INFO root [0x00003d50] [2020-10-18 17:30:29,726] - Script::uninstall(): is successfully!
 DEBUG root [0x00003d50] [2020-10-18 17:30:29,746] - ThreadPool::destroy(): starting size 2.
  INFO root [0x00003ec4] [2020-10-18 17:30:31,374] - 
  INFO root [0x00003ec4] [2020-10-18 17:30:31,375] - -----------------------------------------------------------------------------------------


  INFO root [0x00003ec4] [2020-10-18 17:30:31,377] - Resmgr::initialize: KBE_ROOT=D:/kbengine_24pic/
  INFO root [0x00003ec4] [2020-10-18 17:30:31,378] - Resmgr::initialize: KBE_RES_PATH=D:/kbengine_24pic/kbe/res/;D:/kbengine_24pic/kbengine_stone_assets/;D:/kbengine_24pic/kbengine_stone_assets/scripts/;D:/kbengine_24pic/kbengine_stone_assets/res/
  INFO root [0x00003ec4] [2020-10-18 17:30:31,378] - Resmgr::initialize: KBE_BIN_PATH=D:/kbengine_24pic/kbe/bin/server/
  INFO root [0x00003ec4] [2020-10-18 17:30:31,397] - NetworkInterface::initialize(INTERNAL): bound to all interfaces with default route interface on 192.168.2.246 ( 192.168.2.246:57425 )
  INFO root [0x00003ec4] [2020-10-18 17:30:31,398] - NetworkInterface::initialize(INTERNAL): address 192.168.2.246:57425, SOMAXCONN=5.
  INFO root [0x00003ec4] [2020-10-18 17:30:31,398] - server-configs:
  INFO root [0x00003ec4] [2020-10-18 17:30:31,398] - 	gameUpdateHertz : 30
  INFO root [0x00003ec4] [2020-10-18 17:30:31,398] - 	defaultViewRadius : 500
  INFO root [0x00003ec4] [2020-10-18 17:30:31,399] - 	defaultViewHysteresisArea : 5
  INFO root [0x00003ec4] [2020-10-18 17:30:31,399] - 	entryScriptFile : kbemain
  INFO root [0x00003ec4] [2020-10-18 17:30:31,399] - 	internalAddr : 192.168.2.246:57425
  INFO root [0x00003ec4] [2020-10-18 17:30:31,399] - 	componentID : 820012
  WARN root [0x00003ec4] [2020-10-18 17:30:31,740] - BundleBroadcast::BundleBroadcast: Cannot bind to port 20589, errorno=10048
  INFO root [0x00003ec4] [2020-10-18 17:30:31,744] - ---- cellapp Version: 1.2.7. ScriptVersion: 0.1.0. Protocol: FB5AA4D149D453FC2A7CB28524DD1B1C. Config: Debug X86. Built: 19:02:49 Aug  4 2020. AppID: 820012. UID: 13851. PID: 16036 ----
  INFO root [0x00003ec4] [2020-10-18 17:30:31,745] - Server : Intel(R) Core(TM) i5-10210U CPU @ 1.60GHz with 2097151kB RAM
  INFO root [0x00003ec4] [2020-10-18 17:30:31,745] - ThreadPool::createThreadPool: creating  threadpool...
  INFO root [0x00003ec4] [2020-10-18 17:30:31,746] - ThreadPool::createThreadPool: successfully(2), newThreadCount=1, normalMaxThreadCount=2, maxThreadCount=8
 DEBUG root [0x00003ec4] [2020-10-18 17:30:31,885] - Script::install_py_dlls(): PyInit_pyexpat
 DEBUG root [0x00003ec4] [2020-10-18 17:30:31,886] - Script::install_py_dlls(): PyInit__socket
 DEBUG root [0x00003ec4] [2020-10-18 17:30:31,887] - Script::install_py_dlls(): PyInit__ssl
 DEBUG root [0x00003ec4] [2020-10-18 17:30:31,891] - Script::install_py_dlls(): PyInit__hashlib
 DEBUG root [0x00003ec4] [2020-10-18 17:30:31,891] - Script::install_py_dlls(): PyInit_select
 DEBUG root [0x00003ec4] [2020-10-18 17:30:31,892] - Script::install_py_dlls(): PyInit__ctypes
 DEBUG root [0x00003ec4] [2020-10-18 17:30:31,893] - Script::install_py_dlls(): PyInit__elementtree
 DEBUG root [0x00003ec4] [2020-10-18 17:30:31,936] - Script::install_py_dlls(): PyInit_unicodedata
  INFO root [0x00003ec4] [2020-10-18 17:30:31,980] - Script::install(): is successfully, Python=(3.4.2 (default, Aug  4 2020, 19:01:54) [MSC v.1925 32 bit (Intel)])!
  INFO root [0x00003ec4] [2020-10-18 17:30:31,980] - Script::install(): KBExtra is successfully!
 DEBUG root [0x00003ec4] [2020-10-18 17:30:32,009] - loaded script:Avatar(1).
 DEBUG root [0x00003ec4] [2020-10-18 17:30:32,012] - loaded script:Room(3).
  INFO root [0x00003ec4] [2020-10-18 17:30:32,013] - TelnetServer server is running on port 50000
  INFO root [0x00003ec4] [2020-10-18 17:30:32,307] - ---- cellapp is running ----
 DEBUG root [0x00003ec4] [2020-10-18 17:30:32,308] - Components::process(): Request for the process of identity...
  INFO root [0x00003b30] [2020-10-18 17:30:36,064] - 
  INFO root [0x00003b30] [2020-10-18 17:30:36,065] - -----------------------------------------------------------------------------------------


  INFO root [0x00003b30] [2020-10-18 17:30:36,066] - Resmgr::initialize: KBE_ROOT=D:/kbengine_24pic/
  INFO root [0x00003b30] [2020-10-18 17:30:36,066] - Resmgr::initialize: KBE_RES_PATH=D:/kbengine_24pic/kbe/res/;D:/kbengine_24pic/kbengine_stone_assets/;D:/kbengine_24pic/kbengine_stone_assets/scripts/;D:/kbengine_24pic/kbengine_stone_assets/res/
  INFO root [0x00003b30] [2020-10-18 17:30:36,066] - Resmgr::initialize: KBE_BIN_PATH=D:/kbengine_24pic/kbe/bin/server/
  INFO root [0x00003b30] [2020-10-18 17:30:36,070] - NetworkInterface::initialize(INTERNAL): bound to all interfaces with default route interface on 192.168.2.246 ( 192.168.2.246:57437 )
  INFO root [0x00003b30] [2020-10-18 17:30:36,071] - NetworkInterface::initialize(INTERNAL): address 192.168.2.246:57437, SOMAXCONN=5.
  INFO root [0x00003b30] [2020-10-18 17:30:36,071] - server-configs:
  INFO root [0x00003b30] [2020-10-18 17:30:36,071] - 	gameUpdateHertz : 30
  INFO root [0x00003b30] [2020-10-18 17:30:36,071] - 	defaultViewRadius : 500
  INFO root [0x00003b30] [2020-10-18 17:30:36,072] - 	defaultViewHysteresisArea : 5
  INFO root [0x00003b30] [2020-10-18 17:30:36,072] - 	entryScriptFile : kbemain
  INFO root [0x00003b30] [2020-10-18 17:30:36,072] - 	internalAddr : 192.168.2.246:57437
  INFO root [0x00003b30] [2020-10-18 17:30:36,072] - 	componentID : 820012
  INFO root [0x00003b30] [2020-10-18 17:30:37,580] - ---- cellapp Version: 1.2.7. ScriptVersion: 0.1.0. Protocol: FB5AA4D149D453FC2A7CB28524DD1B1C. Config: Debug X86. Built: 19:02:49 Aug  4 2020. AppID: 820012. UID: 13867. PID: 14784 ----
  INFO root [0x00003b30] [2020-10-18 17:30:37,581] - Server : Intel(R) Core(TM) i5-10210U CPU @ 1.60GHz with 2097151kB RAM
  INFO root [0x00003b30] [2020-10-18 17:30:37,581] - ThreadPool::createThreadPool: creating  threadpool...
  INFO root [0x00003b30] [2020-10-18 17:30:37,581] - ThreadPool::createThreadPool: successfully(2), newThreadCount=1, normalMaxThreadCount=2, maxThreadCount=8
 DEBUG root [0x00003b30] [2020-10-18 17:30:37,711] - Script::install_py_dlls(): PyInit_pyexpat
 DEBUG root [0x00003b30] [2020-10-18 17:30:37,711] - Script::install_py_dlls(): PyInit__socket
 DEBUG root [0x00003b30] [2020-10-18 17:30:37,711] - Script::install_py_dlls(): PyInit__ssl
 DEBUG root [0x00003b30] [2020-10-18 17:30:37,714] - Script::install_py_dlls(): PyInit__hashlib
 DEBUG root [0x00003b30] [2020-10-18 17:30:37,714] - Script::install_py_dlls(): PyInit_select
 DEBUG root [0x00003b30] [2020-10-18 17:30:37,715] - Script::install_py_dlls(): PyInit__ctypes
 DEBUG root [0x00003b30] [2020-10-18 17:30:37,715] - Script::install_py_dlls(): PyInit__elementtree
 DEBUG root [0x00003b30] [2020-10-18 17:30:37,748] - Script::install_py_dlls(): PyInit_unicodedata
  INFO root [0x00003b30] [2020-10-18 17:30:37,782] - Script::install(): is successfully, Python=(3.4.2 (default, Aug  4 2020, 19:01:54) [MSC v.1925 32 bit (Intel)])!
  INFO root [0x00003b30] [2020-10-18 17:30:37,782] - Script::install(): KBExtra is successfully!
 DEBUG root [0x00003b30] [2020-10-18 17:30:37,804] - loaded script:Avatar(1).
 DEBUG root [0x00003b30] [2020-10-18 17:30:37,807] - loaded script:Room(3).
  INFO root [0x00003b30] [2020-10-18 17:30:37,807] - TelnetServer server is running on port 50000
  INFO root [0x00003b30] [2020-10-18 17:30:38,020] - ---- cellapp is running ----
 DEBUG root [0x00003b30] [2020-10-18 17:30:38,021] - Components::process(): Request for the process of identity...
  WARN root [0x00003b30] [2020-10-18 17:30:44,182] - EntityApp::checkTickPeriod: tick took 18669% (18.67 seconds)!
  INFO root [0x00003b30] [2020-10-18 17:30:45,188] - Components::findComponents: find logger(1)...
  INFO root [0x00003b30] [2020-10-18 17:30:45,291] - Components::findComponents: found logger, addr:192.168.2.246:57433
  INFO root [0x00003b30] [2020-10-18 17:30:45,292] - Components::addComponent: reset orderLog, uid=13867!
  INFO root [0x00003b30] [2020-10-18 17:30:45,292] - Components::addComponent[logger], uid=13867, componentID=210002, globalorderid=1, grouporderid=1, totalcount=1
  INFO root [0x00003b30] [2020-10-18 17:30:45,294] - Components::findComponents: find dbmgr(2)...
  INFO root [0x00003b30] [2020-10-18 17:30:45,299] - Components::findComponents: found logger, addr:192.168.2.246:57433
  INFO root [0x00003b30] [2020-10-18 17:30:45,302] - Components::findComponents: found dbmgr, addr:192.168.2.246:57434
  INFO root [0x00003b30] [2020-10-18 17:30:45,302] - Components::addComponent: reset orderLog, uid=13867!
  INFO root [0x00003b30] [2020-10-18 17:30:45,302] - Components::addComponent[dbmgr], uid=13867, componentID=42002, globalorderid=1, grouporderid=1, totalcount=1
  INFO root [0x00003b30] [2020-10-18 17:30:45,405] - Components::findComponents: found dbmgr, addr:192.168.2.246:57434
  WARN root [0x00003b30] [2020-10-18 17:30:46,406] - EntityApp::checkTickPeriod: tick took 3790% (3.79 seconds)!
  WARN root [0x00003b30] [2020-10-18 17:30:46,407] - Forwarding logs to logger[192.168.2.246:57433/0/0/0]...
 ERROR root [0x00003b30] [2020-10-18 17:48:14,640] - Components::removeComponentByChannel: logger : 210002, Abnormal exit! TCPPacketReceiver::processRecv(): errno=10054

  INFO root [0x00003b30] [2020-10-18 17:48:14,659] - The following logs sent to logger failed:
  WARN root [0x00003b30] [2020-10-18 17:48:14,660] - ==> [2020-10-18 17:48:14 640] TCPPacketReceiver::processPendingEvents(192.168.2.246:57433): Throwing REASON_GENERAL_NETWORK - WSAECONNRESET
 ERROR root [0x00003b30] [2020-10-18 17:48:14,660] - ==> [2020-10-18 17:48:14 642] Components::removeComponentByChannel: logger : 210002, Abnormal exit! TCPPacketReceiver::processRecv(): errno=10054

  WARN root [0x00003b30] [2020-10-18 17:48:14,736] - TCPPacketReceiver::processPendingEvents(192.168.2.246:57434): Throwing REASON_GENERAL_NETWORK - WSAECONNRESET
 ERROR root [0x00003b30] [2020-10-18 17:48:14,739] - Components::removeComponentByChannel: dbmgr : 42002, Abnormal exit! TCPPacketReceiver::processRecv(): errno=10054

  INFO root [0x00003b30] [2020-10-18 17:48:14,768] - Shutdowner::onShutdownBegin: shutting down(period=0, tickPeriod=1)
  INFO root [0x00003b30] [2020-10-18 17:48:14,790] - Shutdowner::onShutdown: shutting down
  INFO root [0x00003b30] [2020-10-18 17:48:14,793] - Shutdowner::onShutdownEnd: shutting down
 DEBUG root [0x00003b30] [2020-10-18 17:48:14,795] - EntityRef::destroyObjPool(): size 16.
 DEBUG root [0x00003b30] [2020-10-18 17:48:14,795] - Witness::destroyObjPool(): size 16.
 ERROR root [0x00003b30] [2020-10-18 17:48:14,813] - EntityGarbages::~EntityGarbages(): leaked, size=2.
 ERROR root [0x00003b30] [2020-10-18 17:48:14,814] - 	--> leaked: Avatar(2).
 ERROR root [0x00003b30] [2020-10-18 17:48:14,819] - 	--> leaked: Avatar(4).
 ERROR root [0x00003b30] [2020-10-18 17:48:14,823] - PyGC::debugTracing(): EntityCall : leaked(4)
 ERROR root [0x00003b30] [2020-10-18 17:48:14,828] - PyGC::debugTracing(): Vector3 : leaked(6)
 ERROR root [0x00003b30] [2020-10-18 17:48:14,828] - PyGC::debugTracing(): FixedArray : leaked(2)
 ERROR root [0x00003b30] [2020-10-18 17:48:14,832] - PyGC::debugTracing(): Entity : leaked(2)
 DEBUG root [0x00003b30] [2020-10-18 17:48:14,834] - Script::uninstall_py_dlls(): PyInit_pyexpat
 DEBUG root [0x00003b30] [2020-10-18 17:48:14,834] - Script::uninstall_py_dlls(): PyInit__socket
 DEBUG root [0x00003b30] [2020-10-18 17:48:14,835] - Script::uninstall_py_dlls(): PyInit__ssl
 DEBUG root [0x00003b30] [2020-10-18 17:48:14,835] - Script::uninstall_py_dlls(): PyInit__hashlib
 DEBUG root [0x00003b30] [2020-10-18 17:48:14,835] - Script::uninstall_py_dlls(): PyInit_select
 DEBUG root [0x00003b30] [2020-10-18 17:48:14,836] - Script::uninstall_py_dlls(): PyInit__ctypes
 DEBUG root [0x00003b30] [2020-10-18 17:48:14,836] - Script::uninstall_py_dlls(): PyInit__elementtree
 DEBUG root [0x00003b30] [2020-10-18 17:48:14,836] - Script::uninstall_py_dlls(): PyInit_unicodedata
 DEBUG root [0x00003b30] [2020-10-18 17:48:14,841] - Avatar::~Avatar(): 4
 DEBUG root [0x00003b30] [2020-10-18 17:48:14,842] - Avatar::~Avatar(): 2
  INFO root [0x00003b30] [2020-10-18 17:48:14,849] - Script::uninstall(): is successfully!
 DEBUG root [0x00003b30] [2020-10-18 17:48:14,850] - ThreadPool::destroy(): starting size 2.
  INFO root [0x0000182c] [2020-10-18 17:48:17,971] - 
  INFO root [0x0000182c] [2020-10-18 17:48:17,972] - -----------------------------------------------------------------------------------------


  INFO root [0x0000182c] [2020-10-18 17:48:17,975] - Resmgr::initialize: KBE_ROOT=D:/kbengine_24pic/
  INFO root [0x0000182c] [2020-10-18 17:48:17,975] - Resmgr::initialize: KBE_RES_PATH=D:/kbengine_24pic/kbe/res/;D:/kbengine_24pic/kbengine_stone_assets/;D:/kbengine_24pic/kbengine_stone_assets/scripts/;D:/kbengine_24pic/kbengine_stone_assets/res/
  INFO root [0x0000182c] [2020-10-18 17:48:17,975] - Resmgr::initialize: KBE_BIN_PATH=D:/kbengine_24pic/kbe/bin/server/
  INFO root [0x0000182c] [2020-10-18 17:48:17,980] - NetworkInterface::initialize(INTERNAL): bound to all interfaces with default route interface on 192.168.2.246 ( 192.168.2.246:58003 )
  INFO root [0x0000182c] [2020-10-18 17:48:17,981] - NetworkInterface::initialize(INTERNAL): address 192.168.2.246:58003, SOMAXCONN=5.
  INFO root [0x0000182c] [2020-10-18 17:48:17,981] - server-configs:
  INFO root [0x0000182c] [2020-10-18 17:48:17,981] - 	gameUpdateHertz : 30
  INFO root [0x0000182c] [2020-10-18 17:48:17,981] - 	defaultViewRadius : 500
  INFO root [0x0000182c] [2020-10-18 17:48:17,982] - 	defaultViewHysteresisArea : 5
  INFO root [0x0000182c] [2020-10-18 17:48:17,982] - 	entryScriptFile : kbemain
  INFO root [0x0000182c] [2020-10-18 17:48:17,982] - 	internalAddr : 192.168.2.246:58003
  INFO root [0x0000182c] [2020-10-18 17:48:17,982] - 	componentID : 820012
  INFO root [0x0000182c] [2020-10-18 17:48:18,212] - Components::findLogger: found logger, addr:192.168.2.246:57997
  INFO root [0x0000182c] [2020-10-18 17:48:18,213] - Components::addComponent: reset orderLog, uid=17335!
  INFO root [0x0000182c] [2020-10-18 17:48:18,213] - Components::addComponent[logger], uid=17335, componentID=210002, globalorderid=1, grouporderid=1, totalcount=1
  INFO root [0x0000182c] [2020-10-18 17:48:18,219] - ---- cellapp Version: 1.2.7. ScriptVersion: 0.1.0. Protocol: FB5AA4D149D453FC2A7CB28524DD1B1C. Config: Debug X86. Built: 19:02:49 Aug  4 2020. AppID: 820012. UID: 17335. PID: 9816 ----
  INFO root [0x0000182c] [2020-10-18 17:48:18,219] - Server : Intel(R) Core(TM) i5-10210U CPU @ 1.60GHz with 2097151kB RAM
  INFO root [0x0000182c] [2020-10-18 17:48:18,219] - ThreadPool::createThreadPool: creating  threadpool...
  INFO root [0x0000182c] [2020-10-18 17:48:18,220] - ThreadPool::createThreadPool: successfully(2), newThreadCount=1, normalMaxThreadCount=2, maxThreadCount=8
 DEBUG root [0x0000182c] [2020-10-18 17:48:18,351] - Script::install_py_dlls(): PyInit_pyexpat
 DEBUG root [0x0000182c] [2020-10-18 17:48:18,352] - Script::install_py_dlls(): PyInit__socket
 DEBUG root [0x0000182c] [2020-10-18 17:48:18,352] - Script::install_py_dlls(): PyInit__ssl
 DEBUG root [0x0000182c] [2020-10-18 17:48:18,356] - Script::install_py_dlls(): PyInit__hashlib
 DEBUG root [0x0000182c] [2020-10-18 17:48:18,357] - Script::install_py_dlls(): PyInit_select
 DEBUG root [0x0000182c] [2020-10-18 17:48:18,357] - Script::install_py_dlls(): PyInit__ctypes
 DEBUG root [0x0000182c] [2020-10-18 17:48:18,358] - Script::install_py_dlls(): PyInit__elementtree
 DEBUG root [0x0000182c] [2020-10-18 17:48:18,397] - Script::install_py_dlls(): PyInit_unicodedata
  INFO root [0x0000182c] [2020-10-18 17:48:18,438] - Script::install(): is successfully, Python=(3.4.2 (default, Aug  4 2020, 19:01:54) [MSC v.1925 32 bit (Intel)])!
  INFO root [0x0000182c] [2020-10-18 17:48:18,438] - Script::install(): KBExtra is successfully!
 DEBUG root [0x0000182c] [2020-10-18 17:48:18,465] - loaded script:Avatar(1).
 DEBUG root [0x0000182c] [2020-10-18 17:48:18,506] - loaded script:Room(3).
  INFO root [0x0000182c] [2020-10-18 17:48:18,507] - TelnetServer server is running on port 50000
  INFO root [0x0000182c] [2020-10-18 17:48:18,810] - ---- cellapp is running ----
 DEBUG root [0x0000182c] [2020-10-18 17:48:18,810] - Components::process(): Request for the process of identity...
  WARN root [0x0000182c] [2020-10-18 17:48:25,029] - Forwarding logs to logger[192.168.2.246:57997/0/0/0]...
 ERROR root [0x0000182c] [2020-10-18 17:56:18,828] - Components::removeComponentByChannel: logger : 210002, Abnormal exit! TCPPacketReceiver::processRecv(): errno=10054

  INFO root [0x0000182c] [2020-10-18 17:56:18,849] - The following logs sent to logger failed:
  WARN root [0x0000182c] [2020-10-18 17:56:18,850] - ==> [2020-10-18 17:56:18 824] TCPPacketReceiver::processPendingEvents(192.168.2.246:57997): Throwing REASON_GENERAL_NETWORK - WSAECONNRESET
 ERROR root [0x0000182c] [2020-10-18 17:56:18,851] - ==> [2020-10-18 17:56:18 829] Components::removeComponentByChannel: logger : 210002, Abnormal exit! TCPPacketReceiver::processRecv(): errno=10054

  WARN root [0x0000182c] [2020-10-18 17:56:18,919] - TCPPacketReceiver::processPendingEvents(192.168.2.246:57999): Throwing REASON_GENERAL_NETWORK - WSAECONNRESET
 ERROR root [0x0000182c] [2020-10-18 17:56:18,921] - Components::removeComponentByChannel: dbmgr : 42002, Abnormal exit! TCPPacketReceiver::processRecv(): errno=10054

  INFO root [0x0000182c] [2020-10-18 17:56:18,945] - Shutdowner::onShutdownBegin: shutting down(period=0, tickPeriod=1)
  INFO root [0x0000182c] [2020-10-18 17:56:18,965] - Shutdowner::onShutdown: shutting down
  INFO root [0x0000182c] [2020-10-18 17:56:18,967] - Shutdowner::onShutdownEnd: shutting down
 DEBUG root [0x0000182c] [2020-10-18 17:56:18,969] - EntityRef::destroyObjPool(): size 16.
 DEBUG root [0x0000182c] [2020-10-18 17:56:18,969] - Witness::destroyObjPool(): size 16.
 ERROR root [0x0000182c] [2020-10-18 17:56:18,985] - EntityGarbages::~EntityGarbages(): leaked, size=4.
 ERROR root [0x0000182c] [2020-10-18 17:56:18,989] - 	--> leaked: Avatar(4).
 ERROR root [0x0000182c] [2020-10-18 17:56:18,991] - 	--> leaked: Avatar(2).
 ERROR root [0x0000182c] [2020-10-18 17:56:18,996] - 	--> leaked: Avatar(7).
 ERROR root [0x0000182c] [2020-10-18 17:56:18,998] - 	--> leaked: Avatar(5).
 ERROR root [0x0000182c] [2020-10-18 17:56:19,002] - PyGC::debugTracing(): EntityCall : leaked(8)
 ERROR root [0x0000182c] [2020-10-18 17:56:19,004] - PyGC::debugTracing(): Vector3 : leaked(12)
 ERROR root [0x0000182c] [2020-10-18 17:56:19,006] - PyGC::debugTracing(): FixedArray : leaked(4)
 ERROR root [0x0000182c] [2020-10-18 17:56:19,007] - PyGC::debugTracing(): Entity : leaked(4)
 DEBUG root [0x0000182c] [2020-10-18 17:56:19,008] - Script::uninstall_py_dlls(): PyInit_pyexpat
 DEBUG root [0x0000182c] [2020-10-18 17:56:19,008] - Script::uninstall_py_dlls(): PyInit__socket
 DEBUG root [0x0000182c] [2020-10-18 17:56:19,008] - Script::uninstall_py_dlls(): PyInit__ssl
 DEBUG root [0x0000182c] [2020-10-18 17:56:19,008] - Script::uninstall_py_dlls(): PyInit__hashlib
 DEBUG root [0x0000182c] [2020-10-18 17:56:19,009] - Script::uninstall_py_dlls(): PyInit_select
 DEBUG root [0x0000182c] [2020-10-18 17:56:19,009] - Script::uninstall_py_dlls(): PyInit__ctypes
 DEBUG root [0x0000182c] [2020-10-18 17:56:19,009] - Script::uninstall_py_dlls(): PyInit__elementtree
 DEBUG root [0x0000182c] [2020-10-18 17:56:19,009] - Script::uninstall_py_dlls(): PyInit_unicodedata
 DEBUG root [0x0000182c] [2020-10-18 17:56:19,015] - Avatar::~Avatar(): 4
 DEBUG root [0x0000182c] [2020-10-18 17:56:19,015] - Avatar::~Avatar(): 2
 DEBUG root [0x0000182c] [2020-10-18 17:56:19,015] - Avatar::~Avatar(): 7
 DEBUG root [0x0000182c] [2020-10-18 17:56:19,016] - Avatar::~Avatar(): 5
  INFO root [0x0000182c] [2020-10-18 17:56:19,024] - Script::uninstall(): is successfully!
 DEBUG root [0x0000182c] [2020-10-18 17:56:19,024] - ThreadPool::destroy(): starting size 2.
  INFO root [0x00000590] [2020-10-18 17:56:22,622] - 
  INFO root [0x00000590] [2020-10-18 17:56:22,623] - -----------------------------------------------------------------------------------------


  INFO root [0x00000590] [2020-10-18 17:56:22,624] - Resmgr::initialize: KBE_ROOT=D:/kbengine_24pic/
  INFO root [0x00000590] [2020-10-18 17:56:22,625] - Resmgr::initialize: KBE_RES_PATH=D:/kbengine_24pic/kbe/res/;D:/kbengine_24pic/kbengine_stone_assets/;D:/kbengine_24pic/kbengine_stone_assets/scripts/;D:/kbengine_24pic/kbengine_stone_assets/res/
  INFO root [0x00000590] [2020-10-18 17:56:22,625] - Resmgr::initialize: KBE_BIN_PATH=D:/kbengine_24pic/kbe/bin/server/
  INFO root [0x00000590] [2020-10-18 17:56:22,630] - NetworkInterface::initialize(INTERNAL): bound to all interfaces with default route interface on 192.168.2.246 ( 192.168.2.246:58389 )
  INFO root [0x00000590] [2020-10-18 17:56:22,631] - NetworkInterface::initialize(INTERNAL): address 192.168.2.246:58389, SOMAXCONN=5.
  INFO root [0x00000590] [2020-10-18 17:56:22,631] - server-configs:
  INFO root [0x00000590] [2020-10-18 17:56:22,631] - 	gameUpdateHertz : 30
  INFO root [0x00000590] [2020-10-18 17:56:22,632] - 	defaultViewRadius : 500
  INFO root [0x00000590] [2020-10-18 17:56:22,632] - 	defaultViewHysteresisArea : 5
  INFO root [0x00000590] [2020-10-18 17:56:22,632] - 	entryScriptFile : kbemain
  INFO root [0x00000590] [2020-10-18 17:56:22,632] - 	internalAddr : 192.168.2.246:58389
  INFO root [0x00000590] [2020-10-18 17:56:22,632] - 	componentID : 820012
  INFO root [0x00000590] [2020-10-18 17:56:24,137] - ---- cellapp Version: 1.2.7. ScriptVersion: 0.1.0. Protocol: FB5AA4D149D453FC2A7CB28524DD1B1C. Config: Debug X86. Built: 19:02:49 Aug  4 2020. AppID: 820012. UID: 18916. PID: 12112 ----
  INFO root [0x00000590] [2020-10-18 17:56:24,138] - Server : Intel(R) Core(TM) i5-10210U CPU @ 1.60GHz with 2097151kB RAM
  INFO root [0x00000590] [2020-10-18 17:56:24,138] - ThreadPool::createThreadPool: creating  threadpool...
  INFO root [0x00000590] [2020-10-18 17:56:24,139] - ThreadPool::createThreadPool: successfully(2), newThreadCount=1, normalMaxThreadCount=2, maxThreadCount=8
 DEBUG root [0x00000590] [2020-10-18 17:56:24,268] - Script::install_py_dlls(): PyInit_pyexpat
 DEBUG root [0x00000590] [2020-10-18 17:56:24,268] - Script::install_py_dlls(): PyInit__socket
 DEBUG root [0x00000590] [2020-10-18 17:56:24,269] - Script::install_py_dlls(): PyInit__ssl
 DEBUG root [0x00000590] [2020-10-18 17:56:24,272] - Script::install_py_dlls(): PyInit__hashlib
 DEBUG root [0x00000590] [2020-10-18 17:56:24,273] - Script::install_py_dlls(): PyInit_select
 DEBUG root [0x00000590] [2020-10-18 17:56:24,273] - Script::install_py_dlls(): PyInit__ctypes
 DEBUG root [0x00000590] [2020-10-18 17:56:24,274] - Script::install_py_dlls(): PyInit__elementtree
 DEBUG root [0x00000590] [2020-10-18 17:56:24,307] - Script::install_py_dlls(): PyInit_unicodedata
  INFO root [0x00000590] [2020-10-18 17:56:24,338] - Script::install(): is successfully, Python=(3.4.2 (default, Aug  4 2020, 19:01:54) [MSC v.1925 32 bit (Intel)])!
  INFO root [0x00000590] [2020-10-18 17:56:24,338] - Script::install(): KBExtra is successfully!
 DEBUG root [0x00000590] [2020-10-18 17:56:24,359] - loaded script:Avatar(1).
 DEBUG root [0x00000590] [2020-10-18 17:56:24,390] - loaded script:Room(3).
  INFO root [0x00000590] [2020-10-18 17:56:24,396] - TelnetServer server is running on port 50000
  INFO root [0x00000590] [2020-10-18 17:56:24,621] - ---- cellapp is running ----
 DEBUG root [0x00000590] [2020-10-18 17:56:24,622] - Components::process(): Request for the process of identity...
  WARN root [0x00000590] [2020-10-18 17:56:30,792] - EntityApp::checkTickPeriod: tick took 18696% (18.70 seconds)!
  INFO root [0x00000590] [2020-10-18 17:56:31,821] - Components::findComponents: find logger(1)...
  INFO root [0x00000590] [2020-10-18 17:56:31,858] - Components::findComponents: found logger, addr:192.168.2.246:58384
  INFO root [0x00000590] [2020-10-18 17:56:31,858] - Components::addComponent: reset orderLog, uid=18916!
  INFO root [0x00000590] [2020-10-18 17:56:31,858] - Components::addComponent[logger], uid=18916, componentID=210002, globalorderid=1, grouporderid=1, totalcount=1
  INFO root [0x00000590] [2020-10-18 17:56:31,859] - Components::findComponents: find dbmgr(2)...
  INFO root [0x00000590] [2020-10-18 17:56:31,967] - Components::findComponents: found dbmgr, addr:192.168.2.246:58385
  INFO root [0x00000590] [2020-10-18 17:56:31,967] - Components::addComponent: reset orderLog, uid=18916!
  INFO root [0x00000590] [2020-10-18 17:56:31,968] - Components::addComponent[dbmgr], uid=18916, componentID=42002, globalorderid=1, grouporderid=1, totalcount=1
  INFO root [0x00000590] [2020-10-18 17:56:31,968] - Components::findComponents: found dbmgr, addr:192.168.2.246:58385
  WARN root [0x00000590] [2020-10-18 17:56:32,969] - EntityApp::checkTickPeriod: tick took 3575% (3.58 seconds)!
  WARN root [0x00000590] [2020-10-18 17:56:32,971] - Forwarding logs to logger[192.168.2.246:58384/0/0/0]...
 ERROR root [0x00000590] [2020-10-18 18:26:07,028] - Components::removeComponentByChannel: logger : 210002, Abnormal exit! TCPPacketReceiver::processRecv(): errno=10054

  INFO root [0x00000590] [2020-10-18 18:26:07,091] - The following logs sent to logger failed:
  WARN root [0x00000590] [2020-10-18 18:26:07,091] - ==> [2020-10-18 18:26:07 042] TCPPacketReceiver::processPendingEvents(192.168.2.246:58384): Throwing REASON_GENERAL_NETWORK - WSAECONNRESET
 ERROR root [0x00000590] [2020-10-18 18:26:07,091] - ==> [2020-10-18 18:26:07 049] Components::removeComponentByChannel: logger : 210002, Abnormal exit! TCPPacketReceiver::processRecv(): errno=10054

  WARN root [0x00000590] [2020-10-18 18:26:07,091] - EntityApp::checkTickPeriod: tick took 248% (0.25 seconds)!
  WARN root [0x00000590] [2020-10-18 18:26:07,137] - TCPPacketReceiver::processPendingEvents(192.168.2.246:58385): Throwing REASON_GENERAL_NETWORK - WSAECONNRESET
 ERROR root [0x00000590] [2020-10-18 18:26:07,137] - Components::removeComponentByChannel: dbmgr : 42002, Abnormal exit! TCPPacketReceiver::processRecv(): errno=10054

  INFO root [0x00000590] [2020-10-18 18:26:07,153] - Shutdowner::onShutdownBegin: shutting down(period=0, tickPeriod=1)
  INFO root [0x00000590] [2020-10-18 18:26:07,169] - Shutdowner::onShutdown: shutting down
  INFO root [0x00000590] [2020-10-18 18:26:07,169] - Shutdowner::onShutdownEnd: shutting down
 DEBUG root [0x00000590] [2020-10-18 18:26:07,169] - EntityRef::destroyObjPool(): size 16.
 DEBUG root [0x00000590] [2020-10-18 18:26:07,169] - Witness::destroyObjPool(): size 16.
 ERROR root [0x00000590] [2020-10-18 18:26:07,200] - EntityGarbages::~EntityGarbages(): leaked, size=8.
 ERROR root [0x00000590] [2020-10-18 18:26:07,200] - 	--> leaked: Avatar(4).
 ERROR root [0x00000590] [2020-10-18 18:26:07,216] - 	--> leaked: Avatar(10).
 ERROR root [0x00000590] [2020-10-18 18:26:07,216] - 	--> leaked: Avatar(2).
 ERROR root [0x00000590] [2020-10-18 18:26:07,216] - 	--> leaked: Avatar(13).
 ERROR root [0x00000590] [2020-10-18 18:26:07,231] - 	--> leaked: Avatar(5).
 ERROR root [0x00000590] [2020-10-18 18:26:07,231] - 	--> leaked: Avatar(7).
 ERROR root [0x00000590] [2020-10-18 18:26:07,231] - 	--> leaked: Avatar(8).
 ERROR root [0x00000590] [2020-10-18 18:26:07,231] - 	--> leaked: Avatar(11).
 ERROR root [0x00000590] [2020-10-18 18:26:07,231] - PyGC::debugTracing(): EntityCall : leaked(16)
 ERROR root [0x00000590] [2020-10-18 18:26:07,231] - PyGC::debugTracing(): Vector3 : leaked(24)
 ERROR root [0x00000590] [2020-10-18 18:26:07,231] - PyGC::debugTracing(): FixedArray : leaked(8)
 ERROR root [0x00000590] [2020-10-18 18:26:07,231] - PyGC::debugTracing(): Entity : leaked(8)
 DEBUG root [0x00000590] [2020-10-18 18:26:07,231] - Script::uninstall_py_dlls(): PyInit_pyexpat
 DEBUG root [0x00000590] [2020-10-18 18:26:07,231] - Script::uninstall_py_dlls(): PyInit__socket
 DEBUG root [0x00000590] [2020-10-18 18:26:07,231] - Script::uninstall_py_dlls(): PyInit__ssl
 DEBUG root [0x00000590] [2020-10-18 18:26:07,231] - Script::uninstall_py_dlls(): PyInit__hashlib
 DEBUG root [0x00000590] [2020-10-18 18:26:07,231] - Script::uninstall_py_dlls(): PyInit_select
 DEBUG root [0x00000590] [2020-10-18 18:26:07,231] - Script::uninstall_py_dlls(): PyInit__ctypes
 DEBUG root [0x00000590] [2020-10-18 18:26:07,231] - Script::uninstall_py_dlls(): PyInit__elementtree
 DEBUG root [0x00000590] [2020-10-18 18:26:07,231] - Script::uninstall_py_dlls(): PyInit_unicodedata
 DEBUG root [0x00000590] [2020-10-18 18:26:07,247] - Avatar::~Avatar(): 4
 DEBUG root [0x00000590] [2020-10-18 18:26:07,247] - Avatar::~Avatar(): 2
 DEBUG root [0x00000590] [2020-10-18 18:26:07,247] - Avatar::~Avatar(): 7
 DEBUG root [0x00000590] [2020-10-18 18:26:07,247] - Avatar::~Avatar(): 5
 DEBUG root [0x00000590] [2020-10-18 18:26:07,247] - Avatar::~Avatar(): 10
 DEBUG root [0x00000590] [2020-10-18 18:26:07,247] - Avatar::~Avatar(): 8
 DEBUG root [0x00000590] [2020-10-18 18:26:07,247] - Avatar::~Avatar(): 13
 DEBUG root [0x00000590] [2020-10-18 18:26:07,247] - Avatar::~Avatar(): 11
  INFO root [0x00000590] [2020-10-18 18:26:07,262] - Script::uninstall(): is successfully!
 DEBUG root [0x00000590] [2020-10-18 18:26:07,262] - ThreadPool::destroy(): starting size 2.
