  INFO root [0x00003368] [2020-10-02 16:33:05,828] - 
  INFO root [0x00003368] [2020-10-02 16:33:05,830] - -----------------------------------------------------------------------------------------


  INFO root [0x00003368] [2020-10-02 16:33:05,832] - Resmgr::initialize: KBE_ROOT=D:/kbengine_24pic/
  INFO root [0x00003368] [2020-10-02 16:33:05,832] - Resmgr::initialize: KBE_RES_PATH=D:/kbengine_24pic/kbe/res/;D:/kbengine_24pic/kbengine_stone_assets/;D:/kbengine_24pic/kbengine_stone_assets/scripts/;D:/kbengine_24pic/kbengine_stone_assets/res/
  INFO root [0x00003368] [2020-10-02 16:33:05,833] - Resmgr::initialize: KBE_BIN_PATH=D:/kbengine_24pic/kbe/bin/server/
  INFO root [0x00003368] [2020-10-02 16:33:05,841] - NetworkInterface::initialize(INTERNAL): bound to all interfaces with default route interface on 192.168.2.246 ( 192.168.2.246:55014 )
  INFO root [0x00003368] [2020-10-02 16:33:05,841] - NetworkInterface::initialize(INTERNAL): address 192.168.2.246:55014, SOMAXCONN=5.
  INFO root [0x00003368] [2020-10-02 16:33:05,842] - server-configs:
  INFO root [0x00003368] [2020-10-02 16:33:05,842] - 	gameUpdateHertz : 30
  INFO root [0x00003368] [2020-10-02 16:33:05,842] - 	defaultViewRadius : 500
  INFO root [0x00003368] [2020-10-02 16:33:05,842] - 	defaultViewHysteresisArea : 5
  INFO root [0x00003368] [2020-10-02 16:33:05,842] - 	entryScriptFile : kbemain
  INFO root [0x00003368] [2020-10-02 16:33:05,842] - 	internalAddr : 192.168.2.246:55014
  INFO root [0x00003368] [2020-10-02 16:33:05,843] - 	componentID : 820012
  INFO root [0x00003368] [2020-10-02 16:33:07,350] - ---- cellapp Version: 1.2.7. ScriptVersion: 0.1.0. Protocol: FB5AA4D149D453FC2A7CB28524DD1B1C. Config: Debug X86. Built: 19:02:49 Aug  4 2020. AppID: 820012. UID: 10245. PID: 1204 ----
  INFO root [0x00003368] [2020-10-02 16:33:07,351] - Server : Intel(R) Core(TM) i5-10210U CPU @ 1.60GHz with 2097151kB RAM
  INFO root [0x00003368] [2020-10-02 16:33:07,351] - ThreadPool::createThreadPool: creating  threadpool...
  INFO root [0x00003368] [2020-10-02 16:33:07,351] - ThreadPool::createThreadPool: successfully(2), newThreadCount=1, normalMaxThreadCount=2, maxThreadCount=8
 DEBUG root [0x00003368] [2020-10-02 16:33:07,499] - Script::install_py_dlls(): PyInit_pyexpat
 DEBUG root [0x00003368] [2020-10-02 16:33:07,500] - Script::install_py_dlls(): PyInit__socket
 DEBUG root [0x00003368] [2020-10-02 16:33:07,501] - Script::install_py_dlls(): PyInit__ssl
 DEBUG root [0x00003368] [2020-10-02 16:33:07,505] - Script::install_py_dlls(): PyInit__hashlib
 DEBUG root [0x00003368] [2020-10-02 16:33:07,506] - Script::install_py_dlls(): PyInit_select
 DEBUG root [0x00003368] [2020-10-02 16:33:07,507] - Script::install_py_dlls(): PyInit__ctypes
 DEBUG root [0x00003368] [2020-10-02 16:33:07,508] - Script::install_py_dlls(): PyInit__elementtree
 DEBUG root [0x00003368] [2020-10-02 16:33:07,567] - Script::install_py_dlls(): PyInit_unicodedata
  INFO root [0x00003368] [2020-10-02 16:33:07,624] - Script::install(): is successfully, Python=(3.4.2 (default, Aug  4 2020, 19:01:54) [MSC v.1925 32 bit (Intel)])!
  INFO root [0x00003368] [2020-10-02 16:33:07,625] - Script::install(): KBExtra is successfully!
 DEBUG root [0x00003368] [2020-10-02 16:33:07,665] - loaded script:Avatar(1).
 DEBUG root [0x00003368] [2020-10-02 16:33:07,704] - loaded script:Room(3).
 DEBUG root [0x00003368] [2020-10-02 16:33:07,706] - loaded script:Item(4).
  INFO root [0x00003368] [2020-10-02 16:33:07,706] - TelnetServer server is running on port 50000
  INFO root [0x00003368] [2020-10-02 16:33:07,924] - ---- cellapp is running ----
 DEBUG root [0x00003368] [2020-10-02 16:33:07,924] - Components::process(): Request for the process of identity...
  WARN root [0x00003368] [2020-10-02 16:33:14,095] - EntityApp::checkTickPeriod: tick took 18696% (18.70 seconds)!
  INFO root [0x00003368] [2020-10-02 16:33:15,124] - Components::findComponents: find logger(1)...
  INFO root [0x00003368] [2020-10-02 16:33:15,188] - Components::findComponents: found logger, addr:192.168.2.246:55010
  INFO root [0x00003368] [2020-10-02 16:33:15,189] - Components::addComponent: reset orderLog, uid=10245!
  INFO root [0x00003368] [2020-10-02 16:33:15,190] - Components::addComponent[logger], uid=10245, componentID=210002, globalorderid=1, grouporderid=1, totalcount=1
  INFO root [0x00003368] [2020-10-02 16:33:15,192] - Components::findComponents: find dbmgr(2)...
  INFO root [0x00003368] [2020-10-02 16:33:15,294] - Components::findComponents: found dbmgr, addr:192.168.2.246:55012
  INFO root [0x00003368] [2020-10-02 16:33:15,294] - Components::addComponent: reset orderLog, uid=10245!
  INFO root [0x00003368] [2020-10-02 16:33:15,294] - Components::addComponent[dbmgr], uid=10245, componentID=42002, globalorderid=1, grouporderid=1, totalcount=1
  INFO root [0x00003368] [2020-10-02 16:33:15,294] - Components::findComponents: found dbmgr, addr:192.168.2.246:55012
  WARN root [0x00003368] [2020-10-02 16:33:16,295] - EntityApp::checkTickPeriod: tick took 3648% (3.65 seconds)!
  WARN root [0x00003368] [2020-10-02 16:33:16,297] - Forwarding logs to logger[192.168.2.246:55010/0/0/0]...
 ERROR root [0x00003368] [2020-10-02 16:37:16,025] - Components::removeComponentByChannel: logger : 210002, Abnormal exit! TCPPacketReceiver::processRecv(): errno=10054

  INFO root [0x00003368] [2020-10-02 16:37:16,029] - The following logs sent to logger failed:
  WARN root [0x00003368] [2020-10-02 16:37:16,030] - ==> [2020-10-02 16:37:16 025] TCPPacketReceiver::processPendingEvents(192.168.2.246:55010): Throwing REASON_GENERAL_NETWORK - WSAECONNRESET
 ERROR root [0x00003368] [2020-10-02 16:37:16,030] - ==> [2020-10-02 16:37:16 026] Components::removeComponentByChannel: logger : 210002, Abnormal exit! TCPPacketReceiver::processRecv(): errno=10054

  WARN root [0x00003368] [2020-10-02 16:37:16,113] - TCPPacketReceiver::processPendingEvents(192.168.2.246:55012): Throwing REASON_GENERAL_NETWORK - WSAECONNRESET
 ERROR root [0x00003368] [2020-10-02 16:37:16,116] - Components::removeComponentByChannel: dbmgr : 42002, Abnormal exit! TCPPacketReceiver::processRecv(): errno=10054

  INFO root [0x00003368] [2020-10-02 16:37:16,123] - Shutdowner::onShutdownBegin: shutting down(period=0, tickPeriod=1)
  INFO root [0x00003368] [2020-10-02 16:37:16,124] - Shutdowner::onShutdown: shutting down
 S_DBG root [0x00003368] [2020-10-02 16:37:16,124] - Avatar::onDestroy: 7.
  INFO root [0x00003368] [2020-10-02 16:37:16,125] - Spaces::destroySpace: 1.
  INFO root [0x00003368] [2020-10-02 16:37:16,125] - Shutdowner::onShutdownEnd: shutting down
 DEBUG root [0x00003368] [2020-10-02 16:37:16,126] - EntityRef::destroyObjPool(): size 16.
 DEBUG root [0x00003368] [2020-10-02 16:37:16,126] - Witness::destroyObjPool(): size 16.
 ERROR root [0x00003368] [2020-10-02 16:37:16,137] - EntityGarbages::~EntityGarbages(): leaked, size=5.
 ERROR root [0x00003368] [2020-10-02 16:37:16,138] - 	--> leaked: Avatar(2).
 ERROR root [0x00003368] [2020-10-02 16:37:16,139] - 	--> leaked: Avatar(5).
 ERROR root [0x00003368] [2020-10-02 16:37:16,140] - 	--> leaked: Avatar(6).
 ERROR root [0x00003368] [2020-10-02 16:37:16,140] - 	--> leaked: Avatar(4).
 ERROR root [0x00003368] [2020-10-02 16:37:16,141] - 	--> leaked: Avatar(7).
 ERROR root [0x00003368] [2020-10-02 16:37:16,142] - PyGC::debugTracing(): EntityCall : leaked(10)
 ERROR root [0x00003368] [2020-10-02 16:37:16,142] - PyGC::debugTracing(): Vector3 : leaked(15)
 ERROR root [0x00003368] [2020-10-02 16:37:16,143] - PyGC::debugTracing(): FixedArray : leaked(5)
 ERROR root [0x00003368] [2020-10-02 16:37:16,143] - PyGC::debugTracing(): Entity : leaked(5)
 DEBUG root [0x00003368] [2020-10-02 16:37:16,144] - Script::uninstall_py_dlls(): PyInit_pyexpat
 DEBUG root [0x00003368] [2020-10-02 16:37:16,144] - Script::uninstall_py_dlls(): PyInit__socket
 DEBUG root [0x00003368] [2020-10-02 16:37:16,145] - Script::uninstall_py_dlls(): PyInit__ssl
 DEBUG root [0x00003368] [2020-10-02 16:37:16,145] - Script::uninstall_py_dlls(): PyInit__hashlib
 DEBUG root [0x00003368] [2020-10-02 16:37:16,145] - Script::uninstall_py_dlls(): PyInit_select
 DEBUG root [0x00003368] [2020-10-02 16:37:16,145] - Script::uninstall_py_dlls(): PyInit__ctypes
 DEBUG root [0x00003368] [2020-10-02 16:37:16,146] - Script::uninstall_py_dlls(): PyInit__elementtree
 DEBUG root [0x00003368] [2020-10-02 16:37:16,146] - Script::uninstall_py_dlls(): PyInit_unicodedata
 DEBUG root [0x00003368] [2020-10-02 16:37:16,152] - Avatar::~Avatar(): 2
 DEBUG root [0x00003368] [2020-10-02 16:37:16,153] - Avatar::~Avatar(): 5
 DEBUG root [0x00003368] [2020-10-02 16:37:16,153] - Avatar::~Avatar(): 6
 DEBUG root [0x00003368] [2020-10-02 16:37:16,153] - Avatar::~Avatar(): 4
 DEBUG root [0x00003368] [2020-10-02 16:37:16,153] - Avatar::~Avatar(): 7
  INFO root [0x00003368] [2020-10-02 16:37:16,161] - Script::uninstall(): is successfully!
 DEBUG root [0x00003368] [2020-10-02 16:37:16,161] - ThreadPool::destroy(): starting size 2.
  INFO root [0x00002b50] [2020-10-02 16:37:21,391] - 
  INFO root [0x00002b50] [2020-10-02 16:37:21,391] - -----------------------------------------------------------------------------------------


  INFO root [0x00002b50] [2020-10-02 16:37:21,392] - Resmgr::initialize: KBE_ROOT=D:/kbengine_24pic/
  INFO root [0x00002b50] [2020-10-02 16:37:21,392] - Resmgr::initialize: KBE_RES_PATH=D:/kbengine_24pic/kbe/res/;D:/kbengine_24pic/kbengine_stone_assets/;D:/kbengine_24pic/kbengine_stone_assets/scripts/;D:/kbengine_24pic/kbengine_stone_assets/res/
  INFO root [0x00002b50] [2020-10-02 16:37:21,392] - Resmgr::initialize: KBE_BIN_PATH=D:/kbengine_24pic/kbe/bin/server/
  INFO root [0x00002b50] [2020-10-02 16:37:21,397] - NetworkInterface::initialize(INTERNAL): bound to all interfaces with default route interface on 192.168.2.246 ( 192.168.2.246:55352 )
  INFO root [0x00002b50] [2020-10-02 16:37:21,397] - NetworkInterface::initialize(INTERNAL): address 192.168.2.246:55352, SOMAXCONN=5.
  INFO root [0x00002b50] [2020-10-02 16:37:21,397] - server-configs:
  INFO root [0x00002b50] [2020-10-02 16:37:21,397] - 	gameUpdateHertz : 30
  INFO root [0x00002b50] [2020-10-02 16:37:21,398] - 	defaultViewRadius : 500
  INFO root [0x00002b50] [2020-10-02 16:37:21,398] - 	defaultViewHysteresisArea : 5
  INFO root [0x00002b50] [2020-10-02 16:37:21,398] - 	entryScriptFile : kbemain
  INFO root [0x00002b50] [2020-10-02 16:37:21,398] - 	internalAddr : 192.168.2.246:55352
  INFO root [0x00002b50] [2020-10-02 16:37:21,398] - 	componentID : 820012
  INFO root [0x00002b50] [2020-10-02 16:37:21,650] - Components::findLogger: found logger, addr:192.168.2.246:55346
  INFO root [0x00002b50] [2020-10-02 16:37:21,650] - Components::addComponent: reset orderLog, uid=11081!
  INFO root [0x00002b50] [2020-10-02 16:37:21,651] - Components::addComponent[logger], uid=11081, componentID=210002, globalorderid=1, grouporderid=1, totalcount=1
  INFO root [0x00002b50] [2020-10-02 16:37:21,655] - ---- cellapp Version: 1.2.7. ScriptVersion: 0.1.0. Protocol: FB5AA4D149D453FC2A7CB28524DD1B1C. Config: Debug X86. Built: 19:02:49 Aug  4 2020. AppID: 820012. UID: 11081. PID: 3532 ----
  INFO root [0x00002b50] [2020-10-02 16:37:21,656] - Server : Intel(R) Core(TM) i5-10210U CPU @ 1.60GHz with 2097151kB RAM
  INFO root [0x00002b50] [2020-10-02 16:37:21,656] - ThreadPool::createThreadPool: creating  threadpool...
  INFO root [0x00002b50] [2020-10-02 16:37:21,656] - ThreadPool::createThreadPool: successfully(2), newThreadCount=1, normalMaxThreadCount=2, maxThreadCount=8
 DEBUG root [0x00002b50] [2020-10-02 16:37:21,791] - Script::install_py_dlls(): PyInit_pyexpat
 DEBUG root [0x00002b50] [2020-10-02 16:37:21,791] - Script::install_py_dlls(): PyInit__socket
 DEBUG root [0x00002b50] [2020-10-02 16:37:21,792] - Script::install_py_dlls(): PyInit__ssl
 DEBUG root [0x00002b50] [2020-10-02 16:37:21,795] - Script::install_py_dlls(): PyInit__hashlib
 DEBUG root [0x00002b50] [2020-10-02 16:37:21,795] - Script::install_py_dlls(): PyInit_select
 DEBUG root [0x00002b50] [2020-10-02 16:37:21,795] - Script::install_py_dlls(): PyInit__ctypes
 DEBUG root [0x00002b50] [2020-10-02 16:37:21,796] - Script::install_py_dlls(): PyInit__elementtree
 DEBUG root [0x00002b50] [2020-10-02 16:37:21,835] - Script::install_py_dlls(): PyInit_unicodedata
  INFO root [0x00002b50] [2020-10-02 16:37:21,876] - Script::install(): is successfully, Python=(3.4.2 (default, Aug  4 2020, 19:01:54) [MSC v.1925 32 bit (Intel)])!
  INFO root [0x00002b50] [2020-10-02 16:37:21,876] - Script::install(): KBExtra is successfully!
 DEBUG root [0x00002b50] [2020-10-02 16:37:21,912] - loaded script:Avatar(1).
 DEBUG root [0x00002b50] [2020-10-02 16:37:21,941] - loaded script:Room(3).
 DEBUG root [0x00002b50] [2020-10-02 16:37:21,943] - loaded script:Item(4).
  INFO root [0x00002b50] [2020-10-02 16:37:21,944] - TelnetServer server is running on port 50000
  INFO root [0x00002b50] [2020-10-02 16:37:22,234] - ---- cellapp is running ----
 DEBUG root [0x00002b50] [2020-10-02 16:37:22,234] - Components::process(): Request for the process of identity...
  WARN root [0x00002b50] [2020-10-02 16:37:22,565] - BundleBroadcast::BundleBroadcast: Cannot bind to port 20086, errorno=10048
  WARN root [0x00002b50] [2020-10-02 16:37:28,757] - Forwarding logs to logger[192.168.2.246:55346/0/0/0]...
 ERROR root [0x00002b50] [2020-10-02 16:40:15,602] - Components::removeComponentByChannel: logger : 210002, Abnormal exit! TCPPacketReceiver::processRecv(): errno=10054

  INFO root [0x00002b50] [2020-10-02 16:40:15,606] - The following logs sent to logger failed:
  WARN root [0x00002b50] [2020-10-02 16:40:15,607] - ==> [2020-10-02 16:40:15 602] TCPPacketReceiver::processPendingEvents(192.168.2.246:55346): Throwing REASON_GENERAL_NETWORK - WSAECONNRESET
 ERROR root [0x00002b50] [2020-10-02 16:40:15,607] - ==> [2020-10-02 16:40:15 603] Components::removeComponentByChannel: logger : 210002, Abnormal exit! TCPPacketReceiver::processRecv(): errno=10054

  WARN root [0x00002b50] [2020-10-02 16:40:15,697] - TCPPacketReceiver::processPendingEvents(192.168.2.246:55348): Throwing REASON_GENERAL_NETWORK - WSAECONNRESET
 ERROR root [0x00002b50] [2020-10-02 16:40:15,698] - Components::removeComponentByChannel: dbmgr : 42002, Abnormal exit! TCPPacketReceiver::processRecv(): errno=10054

  INFO root [0x00002b50] [2020-10-02 16:40:15,704] - Shutdowner::onShutdownBegin: shutting down(period=0, tickPeriod=1)
  INFO root [0x00002b50] [2020-10-02 16:40:15,707] - Shutdowner::onShutdown: shutting down
  INFO root [0x00002b50] [2020-10-02 16:40:15,708] - Shutdowner::onShutdownEnd: shutting down
 DEBUG root [0x00002b50] [2020-10-02 16:40:15,710] - EntityRef::destroyObjPool(): size 0.
 DEBUG root [0x00002b50] [2020-10-02 16:40:15,711] - Witness::destroyObjPool(): size 0.
 DEBUG root [0x00002b50] [2020-10-02 16:40:15,730] - Script::uninstall_py_dlls(): PyInit_pyexpat
 DEBUG root [0x00002b50] [2020-10-02 16:40:15,732] - Script::uninstall_py_dlls(): PyInit__socket
 DEBUG root [0x00002b50] [2020-10-02 16:40:15,736] - Script::uninstall_py_dlls(): PyInit__ssl
 DEBUG root [0x00002b50] [2020-10-02 16:40:15,736] - Script::uninstall_py_dlls(): PyInit__hashlib
 DEBUG root [0x00002b50] [2020-10-02 16:40:15,736] - Script::uninstall_py_dlls(): PyInit_select
 DEBUG root [0x00002b50] [2020-10-02 16:40:15,737] - Script::uninstall_py_dlls(): PyInit__ctypes
 DEBUG root [0x00002b50] [2020-10-02 16:40:15,737] - Script::uninstall_py_dlls(): PyInit__elementtree
 DEBUG root [0x00002b50] [2020-10-02 16:40:15,738] - Script::uninstall_py_dlls(): PyInit_unicodedata
  INFO root [0x00002b50] [2020-10-02 16:40:15,766] - Script::uninstall(): is successfully!
 DEBUG root [0x00002b50] [2020-10-02 16:40:15,766] - ThreadPool::destroy(): starting size 2.
  INFO root [0x00003f3c] [2020-10-02 17:22:56,097] - 
  INFO root [0x00003f3c] [2020-10-02 17:22:56,101] - -----------------------------------------------------------------------------------------


  INFO root [0x00003f3c] [2020-10-02 17:22:56,103] - Resmgr::initialize: KBE_ROOT=D:/kbengine_24pic/
  INFO root [0x00003f3c] [2020-10-02 17:22:56,104] - Resmgr::initialize: KBE_RES_PATH=D:/kbengine_24pic/kbe/res/;D:/kbengine_24pic/kbengine_stone_assets/;D:/kbengine_24pic/kbengine_stone_assets/scripts/;D:/kbengine_24pic/kbengine_stone_assets/res/
  INFO root [0x00003f3c] [2020-10-02 17:22:56,104] - Resmgr::initialize: KBE_BIN_PATH=D:/kbengine_24pic/kbe/bin/server/
  INFO root [0x00003f3c] [2020-10-02 17:22:56,109] - NetworkInterface::initialize(INTERNAL): bound to all interfaces with default route interface on 192.168.2.246 ( 192.168.2.246:56561 )
  INFO root [0x00003f3c] [2020-10-02 17:22:56,110] - NetworkInterface::initialize(INTERNAL): address 192.168.2.246:56561, SOMAXCONN=5.
  INFO root [0x00003f3c] [2020-10-02 17:22:56,110] - server-configs:
  INFO root [0x00003f3c] [2020-10-02 17:22:56,111] - 	gameUpdateHertz : 30
  INFO root [0x00003f3c] [2020-10-02 17:22:56,111] - 	defaultViewRadius : 500
  INFO root [0x00003f3c] [2020-10-02 17:22:56,111] - 	defaultViewHysteresisArea : 5
  INFO root [0x00003f3c] [2020-10-02 17:22:56,111] - 	entryScriptFile : kbemain
  INFO root [0x00003f3c] [2020-10-02 17:22:56,111] - 	internalAddr : 192.168.2.246:56561
  INFO root [0x00003f3c] [2020-10-02 17:22:56,112] - 	componentID : 820012
  INFO root [0x00003f3c] [2020-10-02 17:22:57,616] - ---- cellapp Version: 1.2.7. ScriptVersion: 0.1.0. Protocol: FB5AA4D149D453FC2A7CB28524DD1B1C. Config: Debug X86. Built: 19:02:49 Aug  4 2020. AppID: 820012. UID: 20009. PID: 7508 ----
  INFO root [0x00003f3c] [2020-10-02 17:22:57,617] - Server : Intel(R) Core(TM) i5-10210U CPU @ 1.60GHz with 2097151kB RAM
  INFO root [0x00003f3c] [2020-10-02 17:22:57,617] - ThreadPool::createThreadPool: creating  threadpool...
  INFO root [0x00003f3c] [2020-10-02 17:22:57,617] - ThreadPool::createThreadPool: successfully(2), newThreadCount=1, normalMaxThreadCount=2, maxThreadCount=8
 DEBUG root [0x00003f3c] [2020-10-02 17:22:57,822] - Script::install_py_dlls(): PyInit_pyexpat
 DEBUG root [0x00003f3c] [2020-10-02 17:22:57,823] - Script::install_py_dlls(): PyInit__socket
 DEBUG root [0x00003f3c] [2020-10-02 17:22:57,824] - Script::install_py_dlls(): PyInit__ssl
 DEBUG root [0x00003f3c] [2020-10-02 17:22:57,828] - Script::install_py_dlls(): PyInit__hashlib
 DEBUG root [0x00003f3c] [2020-10-02 17:22:57,829] - Script::install_py_dlls(): PyInit_select
 DEBUG root [0x00003f3c] [2020-10-02 17:22:57,829] - Script::install_py_dlls(): PyInit__ctypes
 DEBUG root [0x00003f3c] [2020-10-02 17:22:57,830] - Script::install_py_dlls(): PyInit__elementtree
 DEBUG root [0x00003f3c] [2020-10-02 17:22:57,889] - Script::install_py_dlls(): PyInit_unicodedata
  INFO root [0x00003f3c] [2020-10-02 17:22:57,940] - Script::install(): is successfully, Python=(3.4.2 (default, Aug  4 2020, 19:01:54) [MSC v.1925 32 bit (Intel)])!
  INFO root [0x00003f3c] [2020-10-02 17:22:57,940] - Script::install(): KBExtra is successfully!
 DEBUG root [0x00003f3c] [2020-10-02 17:22:57,985] - loaded script:Avatar(1).
 DEBUG root [0x00003f3c] [2020-10-02 17:22:57,992] - loaded script:Room(3).
 DEBUG root [0x00003f3c] [2020-10-02 17:22:57,993] - loaded script:Item(4).
  INFO root [0x00003f3c] [2020-10-02 17:22:57,994] - TelnetServer server is running on port 50000
  INFO root [0x00003f3c] [2020-10-02 17:22:58,271] - ---- cellapp is running ----
 DEBUG root [0x00003f3c] [2020-10-02 17:22:58,272] - Components::process(): Request for the process of identity...
  WARN root [0x00003f3c] [2020-10-02 17:23:04,461] - EntityApp::checkTickPeriod: tick took 18754% (18.75 seconds)!
  INFO root [0x00003f3c] [2020-10-02 17:23:05,473] - Components::findComponents: find logger(1)...
  INFO root [0x00003f3c] [2020-10-02 17:23:05,533] - Components::findComponents: found logger, addr:192.168.2.246:56555
  INFO root [0x00003f3c] [2020-10-02 17:23:05,533] - Components::addComponent: reset orderLog, uid=20009!
  INFO root [0x00003f3c] [2020-10-02 17:23:05,533] - Components::addComponent[logger], uid=20009, componentID=210002, globalorderid=1, grouporderid=1, totalcount=1
  INFO root [0x00003f3c] [2020-10-02 17:23:05,534] - Components::findComponents: find dbmgr(2)...
  INFO root [0x00003f3c] [2020-10-02 17:23:05,636] - Components::findComponents: found dbmgr, addr:192.168.2.246:56556
  INFO root [0x00003f3c] [2020-10-02 17:23:05,636] - Components::addComponent: reset orderLog, uid=20009!
  INFO root [0x00003f3c] [2020-10-02 17:23:05,637] - Components::addComponent[dbmgr], uid=20009, componentID=42002, globalorderid=1, grouporderid=1, totalcount=1
  INFO root [0x00003f3c] [2020-10-02 17:23:05,637] - Components::findComponents: found dbmgr, addr:192.168.2.246:56556
  WARN root [0x00003f3c] [2020-10-02 17:23:06,638] - EntityApp::checkTickPeriod: tick took 3630% (3.63 seconds)!
  WARN root [0x00003f3c] [2020-10-02 17:23:06,638] - Forwarding logs to logger[192.168.2.246:56555/0/0/0]...
 ERROR root [0x00003f3c] [2020-10-02 18:53:13,962] - For a long time(3600s) not to empty the garbages, there may be a leak of the entitys(size:16), please use the "KBEngine.entities.garbages.items()" command query!
 ERROR root [0x00003f3c] [2020-10-02 19:50:02,700] - Components::removeComponentByChannel: logger : 210002, Abnormal exit! TCPPacketReceiver::processRecv(): errno=10054

  INFO root [0x00003f3c] [2020-10-02 19:50:02,702] - The following logs sent to logger failed:
  WARN root [0x00003f3c] [2020-10-02 19:50:02,705] - ==> [2020-10-02 19:50:02 697] TCPPacketReceiver::processPendingEvents(192.168.2.246:56555): Throwing REASON_GENERAL_NETWORK - WSAECONNRESET
 ERROR root [0x00003f3c] [2020-10-02 19:50:02,707] - ==> [2020-10-02 19:50:02 701] Components::removeComponentByChannel: logger : 210002, Abnormal exit! TCPPacketReceiver::processRecv(): errno=10054

  WARN root [0x00003f3c] [2020-10-02 19:50:02,792] - TCPPacketReceiver::processPendingEvents(192.168.2.246:56556): Throwing REASON_GENERAL_NETWORK - WSAECONNRESET
 ERROR root [0x00003f3c] [2020-10-02 19:50:02,794] - Components::removeComponentByChannel: dbmgr : 42002, Abnormal exit! TCPPacketReceiver::processRecv(): errno=10054

  INFO root [0x00003f3c] [2020-10-02 19:50:02,798] - Shutdowner::onShutdownBegin: shutting down(period=0, tickPeriod=1)
  INFO root [0x00003f3c] [2020-10-02 19:50:02,800] - Shutdowner::onShutdown: shutting down
  INFO root [0x00003f3c] [2020-10-02 19:50:02,801] - Shutdowner::onShutdownEnd: shutting down
 DEBUG root [0x00003f3c] [2020-10-02 19:50:02,802] - EntityRef::destroyObjPool(): size 16.
 DEBUG root [0x00003f3c] [2020-10-02 19:50:02,802] - Witness::destroyObjPool(): size 16.
 ERROR root [0x00003f3c] [2020-10-02 19:50:02,814] - EntityGarbages::~EntityGarbages(): leaked, size=28.
 ERROR root [0x00003f3c] [2020-10-02 19:50:02,815] - 	--> leaked: Avatar(4).
 ERROR root [0x00003f3c] [2020-10-02 19:50:02,816] - 	--> leaked: Avatar(10).
 ERROR root [0x00003f3c] [2020-10-02 19:50:02,817] - 	--> leaked: Avatar(2).
 ERROR root [0x00003f3c] [2020-10-02 19:50:02,819] - 	--> leaked: Avatar(7).
 ERROR root [0x00003f3c] [2020-10-02 19:50:02,821] - 	--> leaked: Avatar(13).
 ERROR root [0x00003f3c] [2020-10-02 19:50:02,822] - 	--> leaked: Avatar(5).
 ERROR root [0x00003f3c] [2020-10-02 19:50:02,822] - 	--> leaked: Avatar(8).
 ERROR root [0x00003f3c] [2020-10-02 19:50:02,823] - 	--> leaked: Avatar(11).
 ERROR root [0x00003f3c] [2020-10-02 19:50:02,823] - 	--> leaked: Avatar(16).
 ERROR root [0x00003f3c] [2020-10-02 19:50:02,824] - 	--> leaked: Avatar(14).
 ERROR root [0x00003f3c] [2020-10-02 19:50:02,824] - 	--> leaked: Avatar(19).
 ERROR root [0x00003f3c] [2020-10-02 19:50:02,825] - 	--> leaked: Avatar(17).
 ERROR root [0x00003f3c] [2020-10-02 19:50:02,825] - 	--> leaked: Avatar(22).
 ERROR root [0x00003f3c] [2020-10-02 19:50:02,825] - 	--> leaked: Avatar(20).
 ERROR root [0x00003f3c] [2020-10-02 19:50:02,826] - 	--> leaked: Avatar(23).
 ERROR root [0x00003f3c] [2020-10-02 19:50:02,826] - 	--> leaked: Avatar(25).
 ERROR root [0x00003f3c] [2020-10-02 19:50:02,826] - 	--> leaked: Avatar(28).
 ERROR root [0x00003f3c] [2020-10-02 19:50:02,826] - 	--> leaked: Avatar(26).
 ERROR root [0x00003f3c] [2020-10-02 19:50:02,827] - 	--> leaked: Avatar(31).
 ERROR root [0x00003f3c] [2020-10-02 19:50:02,827] - 	--> leaked: Avatar(29).
 ERROR root [0x00003f3c] [2020-10-02 19:50:02,827] - 	--> leaked: Avatar(34).
 ERROR root [0x00003f3c] [2020-10-02 19:50:02,828] - 	--> leaked: Avatar(32).
 ERROR root [0x00003f3c] [2020-10-02 19:50:02,828] - 	--> leaked: Avatar(37).
 ERROR root [0x00003f3c] [2020-10-02 19:50:02,829] - 	--> leaked: Avatar(35).
 ERROR root [0x00003f3c] [2020-10-02 19:50:02,829] - 	--> leaked: Avatar(40).
 ERROR root [0x00003f3c] [2020-10-02 19:50:02,829] - 	--> leaked: Avatar(38).
 ERROR root [0x00003f3c] [2020-10-02 19:50:02,829] - 	--> leaked: Avatar(43).
 ERROR root [0x00003f3c] [2020-10-02 19:50:02,830] - 	--> leaked: Avatar(41).
 ERROR root [0x00003f3c] [2020-10-02 19:50:02,831] - PyGC::debugTracing(): EntityCall : leaked(56)
 ERROR root [0x00003f3c] [2020-10-02 19:50:02,831] - PyGC::debugTracing(): Vector3 : leaked(84)
 ERROR root [0x00003f3c] [2020-10-02 19:50:02,832] - PyGC::debugTracing(): FixedArray : leaked(28)
 ERROR root [0x00003f3c] [2020-10-02 19:50:02,832] - PyGC::debugTracing(): Entity : leaked(28)
 DEBUG root [0x00003f3c] [2020-10-02 19:50:02,833] - Script::uninstall_py_dlls(): PyInit_pyexpat
 DEBUG root [0x00003f3c] [2020-10-02 19:50:02,833] - Script::uninstall_py_dlls(): PyInit__socket
 DEBUG root [0x00003f3c] [2020-10-02 19:50:02,833] - Script::uninstall_py_dlls(): PyInit__ssl
 DEBUG root [0x00003f3c] [2020-10-02 19:50:02,834] - Script::uninstall_py_dlls(): PyInit__hashlib
 DEBUG root [0x00003f3c] [2020-10-02 19:50:02,834] - Script::uninstall_py_dlls(): PyInit_select
 DEBUG root [0x00003f3c] [2020-10-02 19:50:02,835] - Script::uninstall_py_dlls(): PyInit__ctypes
 DEBUG root [0x00003f3c] [2020-10-02 19:50:02,835] - Script::uninstall_py_dlls(): PyInit__elementtree
 DEBUG root [0x00003f3c] [2020-10-02 19:50:02,835] - Script::uninstall_py_dlls(): PyInit_unicodedata
 DEBUG root [0x00003f3c] [2020-10-02 19:50:02,842] - Avatar::~Avatar(): 4
 DEBUG root [0x00003f3c] [2020-10-02 19:50:02,843] - Avatar::~Avatar(): 2
 DEBUG root [0x00003f3c] [2020-10-02 19:50:02,843] - Avatar::~Avatar(): 7
 DEBUG root [0x00003f3c] [2020-10-02 19:50:02,843] - Avatar::~Avatar(): 5
 DEBUG root [0x00003f3c] [2020-10-02 19:50:02,843] - Avatar::~Avatar(): 10
 DEBUG root [0x00003f3c] [2020-10-02 19:50:02,844] - Avatar::~Avatar(): 8
 DEBUG root [0x00003f3c] [2020-10-02 19:50:02,844] - Avatar::~Avatar(): 13
 DEBUG root [0x00003f3c] [2020-10-02 19:50:02,844] - Avatar::~Avatar(): 11
 DEBUG root [0x00003f3c] [2020-10-02 19:50:02,844] - Avatar::~Avatar(): 16
 DEBUG root [0x00003f3c] [2020-10-02 19:50:02,844] - Avatar::~Avatar(): 14
 DEBUG root [0x00003f3c] [2020-10-02 19:50:02,844] - Avatar::~Avatar(): 19
 DEBUG root [0x00003f3c] [2020-10-02 19:50:02,844] - Avatar::~Avatar(): 17
 DEBUG root [0x00003f3c] [2020-10-02 19:50:02,844] - Avatar::~Avatar(): 22
 DEBUG root [0x00003f3c] [2020-10-02 19:50:02,845] - Avatar::~Avatar(): 20
 DEBUG root [0x00003f3c] [2020-10-02 19:50:02,845] - Avatar::~Avatar(): 25
 DEBUG root [0x00003f3c] [2020-10-02 19:50:02,845] - Avatar::~Avatar(): 23
 DEBUG root [0x00003f3c] [2020-10-02 19:50:02,845] - Avatar::~Avatar(): 28
 DEBUG root [0x00003f3c] [2020-10-02 19:50:02,845] - Avatar::~Avatar(): 26
 DEBUG root [0x00003f3c] [2020-10-02 19:50:02,845] - Avatar::~Avatar(): 31
 DEBUG root [0x00003f3c] [2020-10-02 19:50:02,846] - Avatar::~Avatar(): 29
 DEBUG root [0x00003f3c] [2020-10-02 19:50:02,846] - Avatar::~Avatar(): 34
 DEBUG root [0x00003f3c] [2020-10-02 19:50:02,846] - Avatar::~Avatar(): 32
 DEBUG root [0x00003f3c] [2020-10-02 19:50:02,846] - Avatar::~Avatar(): 37
 DEBUG root [0x00003f3c] [2020-10-02 19:50:02,846] - Avatar::~Avatar(): 35
 DEBUG root [0x00003f3c] [2020-10-02 19:50:02,846] - Avatar::~Avatar(): 40
 DEBUG root [0x00003f3c] [2020-10-02 19:50:02,846] - Avatar::~Avatar(): 38
 DEBUG root [0x00003f3c] [2020-10-02 19:50:02,847] - Avatar::~Avatar(): 43
 DEBUG root [0x00003f3c] [2020-10-02 19:50:02,847] - Avatar::~Avatar(): 41
  INFO root [0x00003f3c] [2020-10-02 19:50:02,858] - Script::uninstall(): is successfully!
 DEBUG root [0x00003f3c] [2020-10-02 19:50:02,858] - ThreadPool::destroy(): starting size 2.
  INFO root [0x00000e8c] [2020-10-02 19:50:06,778] - 
  INFO root [0x00000e8c] [2020-10-02 19:50:06,779] - -----------------------------------------------------------------------------------------


  INFO root [0x00000e8c] [2020-10-02 19:50:06,780] - Resmgr::initialize: KBE_ROOT=D:/kbengine_24pic/
  INFO root [0x00000e8c] [2020-10-02 19:50:06,780] - Resmgr::initialize: KBE_RES_PATH=D:/kbengine_24pic/kbe/res/;D:/kbengine_24pic/kbengine_stone_assets/;D:/kbengine_24pic/kbengine_stone_assets/scripts/;D:/kbengine_24pic/kbengine_stone_assets/res/
  INFO root [0x00000e8c] [2020-10-02 19:50:06,781] - Resmgr::initialize: KBE_BIN_PATH=D:/kbengine_24pic/kbe/bin/server/
  INFO root [0x00000e8c] [2020-10-02 19:50:06,786] - NetworkInterface::initialize(INTERNAL): bound to all interfaces with default route interface on 192.168.2.246 ( 192.168.2.246:58632 )
  INFO root [0x00000e8c] [2020-10-02 19:50:06,786] - NetworkInterface::initialize(INTERNAL): address 192.168.2.246:58632, SOMAXCONN=5.
  INFO root [0x00000e8c] [2020-10-02 19:50:06,786] - server-configs:
  INFO root [0x00000e8c] [2020-10-02 19:50:06,787] - 	gameUpdateHertz : 30
  INFO root [0x00000e8c] [2020-10-02 19:50:06,787] - 	defaultViewRadius : 500
  INFO root [0x00000e8c] [2020-10-02 19:50:06,787] - 	defaultViewHysteresisArea : 5
  INFO root [0x00000e8c] [2020-10-02 19:50:06,787] - 	entryScriptFile : kbemain
  INFO root [0x00000e8c] [2020-10-02 19:50:06,787] - 	internalAddr : 192.168.2.246:58632
  INFO root [0x00000e8c] [2020-10-02 19:50:06,787] - 	componentID : 820012
  INFO root [0x00000e8c] [2020-10-02 19:50:08,292] - ---- cellapp Version: 1.2.7. ScriptVersion: 0.1.0. Protocol: FB5AA4D149D453FC2A7CB28524DD1B1C. Config: Debug X86. Built: 19:02:49 Aug  4 2020. AppID: 820012. UID: 16080. PID: 16460 ----
  INFO root [0x00000e8c] [2020-10-02 19:50:08,293] - Server : Intel(R) Core(TM) i5-10210U CPU @ 1.60GHz with 2097151kB RAM
  INFO root [0x00000e8c] [2020-10-02 19:50:08,293] - ThreadPool::createThreadPool: creating  threadpool...
  INFO root [0x00000e8c] [2020-10-02 19:50:08,293] - ThreadPool::createThreadPool: successfully(2), newThreadCount=1, normalMaxThreadCount=2, maxThreadCount=8
 DEBUG root [0x00000e8c] [2020-10-02 19:50:08,429] - Script::install_py_dlls(): PyInit_pyexpat
 DEBUG root [0x00000e8c] [2020-10-02 19:50:08,429] - Script::install_py_dlls(): PyInit__socket
 DEBUG root [0x00000e8c] [2020-10-02 19:50:08,430] - Script::install_py_dlls(): PyInit__ssl
 DEBUG root [0x00000e8c] [2020-10-02 19:50:08,432] - Script::install_py_dlls(): PyInit__hashlib
 DEBUG root [0x00000e8c] [2020-10-02 19:50:08,433] - Script::install_py_dlls(): PyInit_select
 DEBUG root [0x00000e8c] [2020-10-02 19:50:08,433] - Script::install_py_dlls(): PyInit__ctypes
 DEBUG root [0x00000e8c] [2020-10-02 19:50:08,433] - Script::install_py_dlls(): PyInit__elementtree
 DEBUG root [0x00000e8c] [2020-10-02 19:50:08,470] - Script::install_py_dlls(): PyInit_unicodedata
  INFO root [0x00000e8c] [2020-10-02 19:50:08,513] - Script::install(): is successfully, Python=(3.4.2 (default, Aug  4 2020, 19:01:54) [MSC v.1925 32 bit (Intel)])!
  INFO root [0x00000e8c] [2020-10-02 19:50:08,513] - Script::install(): KBExtra is successfully!
 DEBUG root [0x00000e8c] [2020-10-02 19:50:08,545] - loaded script:Avatar(1).
 DEBUG root [0x00000e8c] [2020-10-02 19:50:08,576] - loaded script:Room(3).
 DEBUG root [0x00000e8c] [2020-10-02 19:50:08,578] - loaded script:Item(4).
  INFO root [0x00000e8c] [2020-10-02 19:50:08,578] - TelnetServer server is running on port 50000
  INFO root [0x00000e8c] [2020-10-02 19:50:08,799] - ---- cellapp is running ----
 DEBUG root [0x00000e8c] [2020-10-02 19:50:08,799] - Components::process(): Request for the process of identity...
  WARN root [0x00000e8c] [2020-10-02 19:50:14,972] - EntityApp::checkTickPeriod: tick took 18706% (18.71 seconds)!
  INFO root [0x00000e8c] [2020-10-02 19:50:15,981] - Components::findComponents: find logger(1)...
  INFO root [0x00000e8c] [2020-10-02 19:50:16,021] - Components::findComponents: found logger, addr:192.168.2.246:58628
  INFO root [0x00000e8c] [2020-10-02 19:50:16,023] - Components::addComponent: reset orderLog, uid=16080!
  INFO root [0x00000e8c] [2020-10-02 19:50:16,023] - Components::addComponent[logger], uid=16080, componentID=210002, globalorderid=1, grouporderid=1, totalcount=1
  INFO root [0x00000e8c] [2020-10-02 19:50:16,023] - Components::findComponents: find dbmgr(2)...
  INFO root [0x00000e8c] [2020-10-02 19:50:16,130] - Components::findComponents: found dbmgr, addr:192.168.2.246:58629
  INFO root [0x00000e8c] [2020-10-02 19:50:16,131] - Components::addComponent: reset orderLog, uid=16080!
  INFO root [0x00000e8c] [2020-10-02 19:50:16,131] - Components::addComponent[dbmgr], uid=16080, componentID=42002, globalorderid=1, grouporderid=1, totalcount=1
  INFO root [0x00000e8c] [2020-10-02 19:50:16,131] - Components::findComponents: found dbmgr, addr:192.168.2.246:58629
  WARN root [0x00000e8c] [2020-10-02 19:50:17,131] - Forwarding logs to logger[192.168.2.246:58628/0/0/0]...
 ERROR root [0x00000e8c] [2020-10-02 19:55:02,108] - Components::removeComponentByChannel: logger : 210002, Abnormal exit! TCPPacketReceiver::processRecv(): errno=10054

  INFO root [0x00000e8c] [2020-10-02 19:55:02,113] - The following logs sent to logger failed:
  WARN root [0x00000e8c] [2020-10-02 19:55:02,113] - ==> [2020-10-02 19:55:02 107] TCPPacketReceiver::processPendingEvents(192.168.2.246:58628): Throwing REASON_GENERAL_NETWORK - WSAECONNRESET
 ERROR root [0x00000e8c] [2020-10-02 19:55:02,114] - ==> [2020-10-02 19:55:02 109] Components::removeComponentByChannel: logger : 210002, Abnormal exit! TCPPacketReceiver::processRecv(): errno=10054

  WARN root [0x00000e8c] [2020-10-02 19:55:02,203] - TCPPacketReceiver::processPendingEvents(192.168.2.246:58629): Throwing REASON_GENERAL_NETWORK - WSAECONNRESET
 ERROR root [0x00000e8c] [2020-10-02 19:55:02,204] - Components::removeComponentByChannel: dbmgr : 42002, Abnormal exit! TCPPacketReceiver::processRecv(): errno=10054

  INFO root [0x00000e8c] [2020-10-02 19:55:02,208] - Shutdowner::onShutdownBegin: shutting down(period=0, tickPeriod=1)
  INFO root [0x00000e8c] [2020-10-02 19:55:02,209] - Shutdowner::onShutdown: shutting down
  INFO root [0x00000e8c] [2020-10-02 19:55:02,209] - Shutdowner::onShutdownEnd: shutting down
 DEBUG root [0x00000e8c] [2020-10-02 19:55:02,210] - EntityRef::destroyObjPool(): size 16.
 DEBUG root [0x00000e8c] [2020-10-02 19:55:02,210] - Witness::destroyObjPool(): size 16.
 ERROR root [0x00000e8c] [2020-10-02 19:55:02,222] - EntityGarbages::~EntityGarbages(): leaked, size=2.
 ERROR root [0x00000e8c] [2020-10-02 19:55:02,222] - 	--> leaked: Avatar(4).
 ERROR root [0x00000e8c] [2020-10-02 19:55:02,223] - 	--> leaked: Avatar(2).
 ERROR root [0x00000e8c] [2020-10-02 19:55:02,224] - PyGC::debugTracing(): EntityCall : leaked(4)
 ERROR root [0x00000e8c] [2020-10-02 19:55:02,224] - PyGC::debugTracing(): Vector3 : leaked(6)
 ERROR root [0x00000e8c] [2020-10-02 19:55:02,225] - PyGC::debugTracing(): FixedArray : leaked(2)
 ERROR root [0x00000e8c] [2020-10-02 19:55:02,226] - PyGC::debugTracing(): Entity : leaked(2)
 DEBUG root [0x00000e8c] [2020-10-02 19:55:02,228] - Script::uninstall_py_dlls(): PyInit_pyexpat
 DEBUG root [0x00000e8c] [2020-10-02 19:55:02,229] - Script::uninstall_py_dlls(): PyInit__socket
 DEBUG root [0x00000e8c] [2020-10-02 19:55:02,229] - Script::uninstall_py_dlls(): PyInit__ssl
 DEBUG root [0x00000e8c] [2020-10-02 19:55:02,229] - Script::uninstall_py_dlls(): PyInit__hashlib
 DEBUG root [0x00000e8c] [2020-10-02 19:55:02,229] - Script::uninstall_py_dlls(): PyInit_select
 DEBUG root [0x00000e8c] [2020-10-02 19:55:02,230] - Script::uninstall_py_dlls(): PyInit__ctypes
 DEBUG root [0x00000e8c] [2020-10-02 19:55:02,230] - Script::uninstall_py_dlls(): PyInit__elementtree
 DEBUG root [0x00000e8c] [2020-10-02 19:55:02,230] - Script::uninstall_py_dlls(): PyInit_unicodedata
 DEBUG root [0x00000e8c] [2020-10-02 19:55:02,236] - Avatar::~Avatar(): 4
 DEBUG root [0x00000e8c] [2020-10-02 19:55:02,237] - Avatar::~Avatar(): 2
  INFO root [0x00000e8c] [2020-10-02 19:55:02,248] - Script::uninstall(): is successfully!
 DEBUG root [0x00000e8c] [2020-10-02 19:55:02,248] - ThreadPool::destroy(): starting size 2.
