  INFO root [2020-11-08 21:29:55,893] - 
  INFO root [2020-11-08 21:29:55,893] - -----------------------------------------------------------------------------------------


  INFO root [2020-11-08 21:29:55,894] - Resmgr::initialize: KBE_ROOT=D:/kbengine_24pic/
  INFO root [2020-11-08 21:29:55,894] - Resmgr::initialize: KBE_RES_PATH=D:/kbengine_24pic/kbe/res/;D:/kbengine_24pic/kbengine_stone_assets/;D:/kbengine_24pic/kbengine_stone_assets/scripts/;D:/kbengine_24pic/kbengine_stone_assets/res/
  INFO root [2020-11-08 21:29:55,894] - Resmgr::initialize: KBE_BIN_PATH=D:/kbengine_24pic/kbe/bin/server/
  INFO root [2020-11-08 21:29:55,897] - NetworkInterface::initialize(INTERNAL): bound to all interfaces with default route interface on 192.168.2.246 ( 192.168.2.246:51761 )
  INFO root [2020-11-08 21:29:55,898] - NetworkInterface::initialize(INTERNAL): address 192.168.2.246:51761, SOMAXCONN=5.
  INFO root [2020-11-08 21:29:55,898] - server-configs:
  INFO root [2020-11-08 21:29:55,898] - 	internalAddr : 192.168.2.246:51761
  INFO root [2020-11-08 21:29:55,898] - 	componentID : 42002
  INFO root [2020-11-08 21:29:57,411] - ---- dbmgr Version: 1.2.7. ScriptVersion: 0.1.0. Protocol: 149F584B8A9DE9211BFBD70F243BB430. Config: Debug X86. Built: 19:01:34 Aug  4 2020. AppID: 42002. UID: 22052. PID: 13900 ----
  INFO root [2020-11-08 21:29:57,412] - Server : Intel(R) Core(TM) i5-10210U CPU @ 1.60GHz with 2097151kB RAM
  INFO root [2020-11-08 21:29:57,413] - ThreadPool::createThreadPool: creating  threadpool...
  INFO root [2020-11-08 21:29:57,414] - ThreadPool::createThreadPool: successfully(2), newThreadCount=1, normalMaxThreadCount=2, maxThreadCount=8
 DEBUG root [2020-11-08 21:29:57,545] - Script::install_py_dlls(): PyInit_pyexpat
 DEBUG root [2020-11-08 21:29:57,545] - Script::install_py_dlls(): PyInit__socket
 DEBUG root [2020-11-08 21:29:57,546] - Script::install_py_dlls(): PyInit__ssl
 DEBUG root [2020-11-08 21:29:57,548] - Script::install_py_dlls(): PyInit__hashlib
 DEBUG root [2020-11-08 21:29:57,549] - Script::install_py_dlls(): PyInit_select
 DEBUG root [2020-11-08 21:29:57,549] - Script::install_py_dlls(): PyInit__ctypes
 DEBUG root [2020-11-08 21:29:57,549] - Script::install_py_dlls(): PyInit__elementtree
 DEBUG root [2020-11-08 21:29:57,578] - Script::install_py_dlls(): PyInit_unicodedata
  INFO root [2020-11-08 21:29:57,607] - Script::install(): is successfully, Python=(3.4.2 (default, Aug  4 2020, 19:01:25) [MSC v.1925 32 bit (Intel)])!
  INFO root [2020-11-08 21:29:57,607] - Script::install(): KBExtra is successfully!
  INFO root [2020-11-08 21:29:57,619] - Dbmgr::initializeEnd: digest(2548923D1C863F6175955614711E8D68)
S_INFO root [2020-11-08 21:29:57,619] - onDBMgrReady: bootstrapGroupIndex=0, bootstrapGlobalIndex=0
  INFO root [2020-11-08 21:29:57,619] - TelnetServer server is running on port 32000
  INFO root [2020-11-08 21:29:57,620] - Dbmgr::initInterfacesHandler: interfaces addr(127.0.0.1:30099), accountType:(interfaces), chargeType:(interfaces).
  WARN root [2020-11-08 21:29:57,761] - DBUtil::initialize: db(default) password is not encrypted!
please use password(rsa):
7322062545FD75994F05441A09F37516161DBA72CF1474E2D0F414E62C1285C88EFDCD2063B1E2DEB204D01A9393F9FA58A07C50DAFC8841960EE395B16834F80E52974E4ECB3ED6445450FDC500C53E86A9DEA7E74DED82C94B7B55D8AAB823502C4D298B2D4B938E917EF1AB4BD6DA4D2EBDDCCCD71BFDCF5099E987D00285
 DEBUG root [2020-11-08 21:29:57,764] - DBInterfaceMysql::attach: connect: localhost:3306 starting...
 DEBUG root [2020-11-08 21:29:57,815] - DBInterfaceMysql::attach: successfully! addr: localhost:3306
  INFO root [2020-11-08 21:29:57,815] - DBUtil::createInterface[0x98f1c8]: interface=default, dbtype=mysql, ip=localhost, port=3306, currdatabase=kbe, username=kbe, connected=yes.

  INFO root [2020-11-08 21:29:57,815] - ThreadPool::createThreadPool: creating  threadpool...
  INFO root [2020-11-08 21:29:57,815] - ThreadPool::createThreadPool: successfully(5), newThreadCount=5, normalMaxThreadCount=5, maxThreadCount=5
 DEBUG root [2020-11-08 21:29:57,816] - DBInterfaceMysql::attach: connect: localhost:3306 starting...
 DEBUG root [2020-11-08 21:29:57,816] - DBInterfaceMysql::attach: connect: localhost:3306 starting...
 DEBUG root [2020-11-08 21:29:57,816] - DBInterfaceMysql::attach: connect: localhost:3306 starting...
 DEBUG root [2020-11-08 21:29:57,816] - DBInterfaceMysql::attach: connect: localhost:3306 starting...
 DEBUG root [2020-11-08 21:29:57,817] - DBInterfaceMysql::attach: connect: localhost:3306 starting...
 DEBUG root [2020-11-08 21:29:57,843] - DBInterfaceMysql::attach: successfully! addr: localhost:3306
 DEBUG root [2020-11-08 21:29:57,844] - DBThread::onStart(): 0x470cf70!
 DEBUG root [2020-11-08 21:29:57,852] - DBInterfaceMysql::attach: successfully! addr: localhost:3306
 DEBUG root [2020-11-08 21:29:57,853] - DBThread::onStart(): 0x470d190!
 DEBUG root [2020-11-08 21:29:57,860] - DBInterfaceMysql::attach: successfully! addr: localhost:3306
 DEBUG root [2020-11-08 21:29:57,860] - DBThread::onStart(): 0x470c998!
 DEBUG root [2020-11-08 21:29:57,867] - DBInterfaceMysql::attach: successfully! addr: localhost:3306
 DEBUG root [2020-11-08 21:29:57,867] - DBThread::onStart(): 0x470cff8!
 DEBUG root [2020-11-08 21:29:57,875] - DBInterfaceMysql::attach: successfully! addr: localhost:3306
 DEBUG root [2020-11-08 21:29:57,875] - DBThread::onStart(): 0x470d218!
  INFO root [2020-11-08 21:29:57,923] - DBInterfaceMysql::query: successfully!
  INFO root [2020-11-08 21:29:57,928] - DBInterfaceMysql::query: successfully!
  INFO root [2020-11-08 21:29:57,930] - DBInterfaceMysql::query: successfully!
  INFO root [2020-11-08 21:29:57,932] - DBInterfaceMysql::query: successfully!
  INFO root [2020-11-08 21:29:57,932] - DBInterfaceMysql::query: successfully!
  INFO root [2020-11-08 21:29:57,933] - DBInterfaceMysql::query: successfully!
  INFO root [2020-11-08 21:29:57,938] - DBInterfaceMysql::query: successfully!
  INFO root [2020-11-08 21:29:57,938] - DBInterfaceMysql::query: successfully!
  INFO root [2020-11-08 21:29:57,939] - DBInterfaceMysql::query: successfully!
  WARN root [2020-11-08 21:29:57,970] - D:\kbengine-1.2.7\kbe\src\server\dbmgr\dbmgr.cpp:324: Profile scriptCall took 0.35 seconds
  INFO root [2020-11-08 21:29:58,229] - ---- dbmgr is running ----
 DEBUG root [2020-11-08 21:29:58,230] - Components::process(): Request for the process of identity...
  INFO root [2020-11-08 21:30:04,520] - ServerApp::onRegisterNewApp: uid:22052, username:, componentType:interfaces, componentID:320002, globalorderID=-1, grouporderID=-1, intaddr:192.168.2.246, intport:30099, extaddr:nonsupport, extport:0,  from 127.0.0.1:30099/0/0/0.
  INFO root [2020-11-08 21:30:04,520] - Components::addComponent: reset orderLog, uid=22052!
  INFO root [2020-11-08 21:30:04,521] - Components::addComponent[interfaces], uid=22052, componentID=320002, globalorderid=1, grouporderid=1, totalcount=1
  INFO root [2020-11-08 21:30:05,539] - Components::findComponents: find logger(1)...
  INFO root [2020-11-08 21:30:05,580] - Components::findComponents: found logger, addr:192.168.2.246:51760
  INFO root [2020-11-08 21:30:05,580] - Components::addComponent: reset orderLog, uid=22052!
  INFO root [2020-11-08 21:30:05,580] - Components::addComponent[logger], uid=22052, componentID=210002, globalorderid=1, grouporderid=1, totalcount=1
  INFO root [2020-11-08 21:30:05,595] - Components::process(): Found all the components!
  WARN root [2020-11-08 21:30:05,595] - Forwarding logs to logger[192.168.2.246:51760/0/0/0]...
 ERROR root [2020-11-08 21:46:23,621] - Components::removeComponentByChannel: logger : 210002, Abnormal exit! TCPPacketReceiver::processRecv(): errno=10054

  INFO root [2020-11-08 21:46:23,629] - The following logs sent to logger failed:
  WARN root [2020-11-08 21:46:23,631] - ==> [2020-11-08 21:46:23 621] TCPPacketReceiver::processPendingEvents(192.168.2.246:51760): Throwing REASON_GENERAL_NETWORK - WSAECONNRESET
 ERROR root [2020-11-08 21:46:23,631] - ==> [2020-11-08 21:46:23 624] Components::removeComponentByChannel: logger : 210002, Abnormal exit! TCPPacketReceiver::processRecv(): errno=10054

