 ERROR root [2020-10-28 00:00:36,611] - Components::removeComponentByChannel: logger : 210002, Abnormal exit! TCPPacketReceiver::processRecv(): errno=10054

  INFO root [2020-10-28 00:00:36,618] - The following logs sent to logger failed:
  WARN root [2020-10-28 00:00:36,620] - ==> [2020-10-28 00:00:36 611] TCPPacketReceiver::processPendingEvents(192.168.2.246:49801): Throwing REASON_GENERAL_NETWORK - WSAECONNRESET
 ERROR root [2020-10-28 00:00:36,621] - ==> [2020-10-28 00:00:36 615] Components::removeComponentByChannel: logger : 210002, Abnormal exit! TCPPacketReceiver::processRecv(): errno=10054

  INFO root [2020-10-28 20:11:15,227] - 
  INFO root [2020-10-28 20:11:15,227] - -----------------------------------------------------------------------------------------


  INFO root [2020-10-28 20:11:15,229] - Resmgr::initialize: KBE_ROOT=D:/kbengine_24pic/
  INFO root [2020-10-28 20:11:15,229] - Resmgr::initialize: KBE_RES_PATH=D:/kbengine_24pic/kbe/res/;D:/kbengine_24pic/kbengine_stone_assets/;D:/kbengine_24pic/kbengine_stone_assets/scripts/;D:/kbengine_24pic/kbengine_stone_assets/res/
  INFO root [2020-10-28 20:11:15,229] - Resmgr::initialize: KBE_BIN_PATH=D:/kbengine_24pic/kbe/bin/server/
  INFO root [2020-10-28 20:11:15,234] - NetworkInterface::initialize(INTERNAL): bound to all interfaces with default route interface on 192.168.2.246 ( 192.168.2.246:50314 )
  INFO root [2020-10-28 20:11:15,234] - NetworkInterface::initialize(INTERNAL): address 192.168.2.246:50314, SOMAXCONN=5.
  INFO root [2020-10-28 20:11:15,234] - server-configs:
  INFO root [2020-10-28 20:11:15,234] - 	internalAddr : 192.168.2.246:50314
  INFO root [2020-10-28 20:11:15,234] - 	componentID : 42002
  INFO root [2020-10-28 20:11:15,295] - Components::findLogger: found logger, addr:192.168.2.246:50313
  INFO root [2020-10-28 20:11:15,295] - Components::addComponent: reset orderLog, uid=15930!
  INFO root [2020-10-28 20:11:15,295] - Components::addComponent[logger], uid=15930, componentID=210002, globalorderid=1, grouporderid=1, totalcount=1
  INFO root [2020-10-28 20:11:15,299] - ---- dbmgr Version: 1.2.7. ScriptVersion: 0.1.0. Protocol: 149F584B8A9DE9211BFBD70F243BB430. Config: Debug X86. Built: 19:01:34 Aug  4 2020. AppID: 42002. UID: 15930. PID: 12660 ----
  INFO root [2020-10-28 20:11:15,299] - Server : Intel(R) Core(TM) i5-10210U CPU @ 1.60GHz with 2097151kB RAM
  INFO root [2020-10-28 20:11:15,299] - ThreadPool::createThreadPool: creating  threadpool...
  INFO root [2020-10-28 20:11:15,299] - ThreadPool::createThreadPool: successfully(2), newThreadCount=1, normalMaxThreadCount=2, maxThreadCount=8
 DEBUG root [2020-10-28 20:11:15,433] - Script::install_py_dlls(): PyInit_pyexpat
 DEBUG root [2020-10-28 20:11:15,434] - Script::install_py_dlls(): PyInit__socket
 DEBUG root [2020-10-28 20:11:15,434] - Script::install_py_dlls(): PyInit__ssl
 DEBUG root [2020-10-28 20:11:15,437] - Script::install_py_dlls(): PyInit__hashlib
 DEBUG root [2020-10-28 20:11:15,437] - Script::install_py_dlls(): PyInit_select
 DEBUG root [2020-10-28 20:11:15,437] - Script::install_py_dlls(): PyInit__ctypes
 DEBUG root [2020-10-28 20:11:15,438] - Script::install_py_dlls(): PyInit__elementtree
 DEBUG root [2020-10-28 20:11:15,468] - Script::install_py_dlls(): PyInit_unicodedata
  INFO root [2020-10-28 20:11:15,496] - Script::install(): is successfully, Python=(3.4.2 (default, Aug  4 2020, 19:01:25) [MSC v.1925 32 bit (Intel)])!
  INFO root [2020-10-28 20:11:15,497] - Script::install(): KBExtra is successfully!
  INFO root [2020-10-28 20:11:15,540] - Dbmgr::initializeEnd: digest(0F3E620F5AA14649435B0C4581B15EC8)
S_INFO root [2020-10-28 20:11:15,540] - onDBMgrReady: bootstrapGroupIndex=0, bootstrapGlobalIndex=0
  INFO root [2020-10-28 20:11:15,540] - TelnetServer server is running on port 32000
  INFO root [2020-10-28 20:11:15,541] - Dbmgr::initInterfacesHandler: interfaces addr(127.0.0.1:30099), accountType:(interfaces), chargeType:(interfaces).
  WARN root [2020-10-28 20:11:15,679] - DBUtil::initialize: db(default) password is not encrypted!
please use password(rsa):
3D65B20FE79AA5FFFF5F8666186CC71D14BC3202B35E35D3492DDCD5B2BA0F2BFA70620EF55DFA018E10C1EDF3F2F598991E62C317DC7C38C3B62B692F33669E0E620A72E9FF62F78387C3FEDA69A06E5B0C57C8751D7B6FC84751B0C69288EBD03CC0776873ADAE67C7FB5520DD6696B4EA9408B007997F38BD2568A3979A56
 DEBUG root [2020-10-28 20:11:15,691] - DBInterfaceMysql::attach: connect: localhost:3306 starting...
 DEBUG root [2020-10-28 20:11:15,733] - DBInterfaceMysql::attach: successfully! addr: localhost:3306
  INFO root [2020-10-28 20:11:15,733] - DBUtil::createInterface[0x6ff188]: interface=default, dbtype=mysql, ip=localhost, port=3306, currdatabase=kbe, username=kbe, connected=yes.

  INFO root [2020-10-28 20:11:15,733] - ThreadPool::createThreadPool: creating  threadpool...
  INFO root [2020-10-28 20:11:15,734] - ThreadPool::createThreadPool: successfully(5), newThreadCount=5, normalMaxThreadCount=5, maxThreadCount=5
 DEBUG root [2020-10-28 20:11:15,734] - DBInterfaceMysql::attach: connect: localhost:3306 starting...
 DEBUG root [2020-10-28 20:11:15,734] - DBInterfaceMysql::attach: connect: localhost:3306 starting...
 DEBUG root [2020-10-28 20:11:15,735] - DBInterfaceMysql::attach: connect: localhost:3306 starting...
 DEBUG root [2020-10-28 20:11:15,735] - DBInterfaceMysql::attach: connect: localhost:3306 starting...
 DEBUG root [2020-10-28 20:11:15,735] - DBInterfaceMysql::attach: connect: localhost:3306 starting...
 DEBUG root [2020-10-28 20:11:15,756] - DBInterfaceMysql::attach: successfully! addr: localhost:3306
 DEBUG root [2020-10-28 20:11:15,756] - DBThread::onStart(): 0x413ab28!
 DEBUG root [2020-10-28 20:11:15,766] - DBInterfaceMysql::attach: successfully! addr: localhost:3306
 DEBUG root [2020-10-28 20:11:15,766] - DBThread::onStart(): 0x413af68!
 DEBUG root [2020-10-28 20:11:15,774] - DBInterfaceMysql::attach: successfully! addr: localhost:3306
 DEBUG root [2020-10-28 20:11:15,774] - DBThread::onStart(): 0x413ae58!
 DEBUG root [2020-10-28 20:11:15,783] - DBInterfaceMysql::attach: successfully! addr: localhost:3306
 DEBUG root [2020-10-28 20:11:15,783] - DBThread::onStart(): 0x413a550!
 DEBUG root [2020-10-28 20:11:15,790] - DBInterfaceMysql::attach: successfully! addr: localhost:3306
 DEBUG root [2020-10-28 20:11:15,791] - DBThread::onStart(): 0x413a4c8!
  INFO root [2020-10-28 20:11:15,860] - DBInterfaceMysql::query: successfully!
  INFO root [2020-10-28 20:11:15,872] - DBInterfaceMysql::query: successfully!
  INFO root [2020-10-28 20:11:15,875] - DBInterfaceMysql::query: successfully!
  INFO root [2020-10-28 20:11:15,875] - DBInterfaceMysql::query: successfully!
  INFO root [2020-10-28 20:11:15,875] - DBInterfaceMysql::query: successfully!
  INFO root [2020-10-28 20:11:15,883] - DBInterfaceMysql::query: successfully!
  INFO root [2020-10-28 20:11:15,884] - DBInterfaceMysql::query: successfully!
  INFO root [2020-10-28 20:11:15,884] - DBInterfaceMysql::query: successfully!
  INFO root [2020-10-28 20:11:15,919] - DBInterfaceMysql::query: successfully!
  WARN root [2020-10-28 20:11:15,937] - D:\kbengine-1.2.7\kbe\src\server\dbmgr\dbmgr.cpp:324: Profile scriptCall took 0.40 seconds
  INFO root [2020-10-28 20:11:16,127] - ---- dbmgr is running ----
 DEBUG root [2020-10-28 20:11:16,127] - Components::process(): Request for the process of identity...
  WARN root [2020-10-28 20:11:22,293] - Forwarding logs to logger[192.168.2.246:50313/0/0/0]...
 ERROR root [2020-10-28 21:38:07,501] - Components::removeComponentByChannel: logger : 210002, Abnormal exit! TCPPacketReceiver::processRecv(): errno=10054

  INFO root [2020-10-28 21:38:07,532] - The following logs sent to logger failed:
  WARN root [2020-10-28 21:38:07,532] - ==> [2020-10-28 21:38:07 502] TCPPacketReceiver::processPendingEvents(192.168.2.246:50313): Throwing REASON_GENERAL_NETWORK - WSAECONNRESET
 ERROR root [2020-10-28 21:38:07,532] - ==> [2020-10-28 21:38:07 531] Components::removeComponentByChannel: logger : 210002, Abnormal exit! TCPPacketReceiver::processRecv(): errno=10054

