  INFO root [2020-10-03 07:19:58,092] - 
  INFO root [2020-10-03 07:19:58,092] - -----------------------------------------------------------------------------------------


  INFO root [2020-10-03 07:19:58,092] - Resmgr::initialize: KBE_ROOT=D:/kbengine_24pic/
  INFO root [2020-10-03 07:19:58,092] - Resmgr::initialize: KBE_RES_PATH=D:/kbengine_24pic/kbe/res/;D:/kbengine_24pic/kbengine_stone_assets/;D:/kbengine_24pic/kbengine_stone_assets/scripts/;D:/kbengine_24pic/kbengine_stone_assets/res/
  INFO root [2020-10-03 07:19:58,092] - Resmgr::initialize: KBE_BIN_PATH=D:/kbengine_24pic/kbe/bin/server/
  INFO root [2020-10-03 07:19:58,092] - NetworkInterface::initialize(INTERNAL): bound to all interfaces with default route interface on 192.168.2.246 ( 192.168.2.246:50264 )
  INFO root [2020-10-03 07:19:58,092] - NetworkInterface::initialize(INTERNAL): address 192.168.2.246:50264, SOMAXCONN=5.
  INFO root [2020-10-03 07:19:58,092] - server-configs:
  INFO root [2020-10-03 07:19:58,092] - 	internalAddr : 192.168.2.246:50264
  INFO root [2020-10-03 07:19:58,092] - 	componentID : 42002
  INFO root [2020-10-03 07:19:58,155] - Components::findLogger: found logger, addr:192.168.2.246:50261
  INFO root [2020-10-03 07:19:58,155] - Components::addComponent: reset orderLog, uid=20118!
  INFO root [2020-10-03 07:19:58,155] - Components::addComponent[logger], uid=20118, componentID=210002, globalorderid=1, grouporderid=1, totalcount=1
  INFO root [2020-10-03 07:19:58,155] - ---- dbmgr Version: 1.2.7. ScriptVersion: 0.1.0. Protocol: 149F584B8A9DE9211BFBD70F243BB430. Config: Debug X86. Built: 19:01:34 Aug  4 2020. AppID: 42002. UID: 20118. PID: 2244 ----
  INFO root [2020-10-03 07:19:58,155] - Server : Intel(R) Core(TM) i5-10210U CPU @ 1.60GHz with 2097151kB RAM
  INFO root [2020-10-03 07:19:58,155] - ThreadPool::createThreadPool: creating  threadpool...
  INFO root [2020-10-03 07:19:58,155] - ThreadPool::createThreadPool: successfully(2), newThreadCount=1, normalMaxThreadCount=2, maxThreadCount=8
 DEBUG root [2020-10-03 07:19:58,280] - Script::install_py_dlls(): PyInit_pyexpat
 DEBUG root [2020-10-03 07:19:58,280] - Script::install_py_dlls(): PyInit__socket
 DEBUG root [2020-10-03 07:19:58,280] - Script::install_py_dlls(): PyInit__ssl
 DEBUG root [2020-10-03 07:19:58,280] - Script::install_py_dlls(): PyInit__hashlib
 DEBUG root [2020-10-03 07:19:58,280] - Script::install_py_dlls(): PyInit_select
 DEBUG root [2020-10-03 07:19:58,280] - Script::install_py_dlls(): PyInit__ctypes
 DEBUG root [2020-10-03 07:19:58,280] - Script::install_py_dlls(): PyInit__elementtree
 DEBUG root [2020-10-03 07:19:58,311] - Script::install_py_dlls(): PyInit_unicodedata
  INFO root [2020-10-03 07:19:58,342] - Script::install(): is successfully, Python=(3.4.2 (default, Aug  4 2020, 19:01:25) [MSC v.1925 32 bit (Intel)])!
  INFO root [2020-10-03 07:19:58,342] - Script::install(): KBExtra is successfully!
  INFO root [2020-10-03 07:19:58,373] - Dbmgr::initializeEnd: digest(655A07EE2A159885C2BBB8C2838F8AEE)
S_INFO root [2020-10-03 07:19:58,373] - onDBMgrReady: bootstrapGroupIndex=0, bootstrapGlobalIndex=0
  INFO root [2020-10-03 07:19:58,373] - TelnetServer server is running on port 32000
  INFO root [2020-10-03 07:19:58,373] - Dbmgr::initInterfacesHandler: interfaces addr(127.0.0.1:30099), accountType:(interfaces), chargeType:(interfaces).
  WARN root [2020-10-03 07:19:58,561] - DBUtil::initialize: db(default) password is not encrypted!
please use password(rsa):
6F96E9E3F7C00A38D370F4ECBD3A42F4AB45CBBB9A09D4450C08E395BF70D2D8180E390A30F1D06813CF104AE4C67DC629940F7717E2E2ADF73364A7F69C9E5B1A32C20124DB8C6D3213176BD95BAF3FA1E183303FEBB30452F8B7F38AA8A61A5DABEAE53BBC70673F7BBC2180384AA1B77A6649290A624D62137244CD5F4E11
 DEBUG root [2020-10-03 07:19:58,576] - DBInterfaceMysql::attach: connect: localhost:3306 starting...
 DEBUG root [2020-10-03 07:19:58,623] - DBInterfaceMysql::attach: successfully! addr: localhost:3306
  INFO root [2020-10-03 07:19:58,623] - DBUtil::createInterface[0x1d3f138]: interface=default, dbtype=mysql, ip=localhost, port=3306, currdatabase=kbe, username=kbe, connected=yes.

  INFO root [2020-10-03 07:19:58,623] - ThreadPool::createThreadPool: creating  threadpool...
  INFO root [2020-10-03 07:19:58,623] - ThreadPool::createThreadPool: successfully(5), newThreadCount=5, normalMaxThreadCount=5, maxThreadCount=5
 DEBUG root [2020-10-03 07:19:58,623] - DBInterfaceMysql::attach: connect: localhost:3306 starting...
 DEBUG root [2020-10-03 07:19:58,623] - DBInterfaceMysql::attach: connect: localhost:3306 starting...
 DEBUG root [2020-10-03 07:19:58,623] - DBInterfaceMysql::attach: connect: localhost:3306 starting...
 DEBUG root [2020-10-03 07:19:58,623] - DBInterfaceMysql::attach: connect: localhost:3306 starting...
 DEBUG root [2020-10-03 07:19:58,623] - DBInterfaceMysql::attach: connect: localhost:3306 starting...
 DEBUG root [2020-10-03 07:19:58,654] - DBInterfaceMysql::attach: successfully! addr: localhost:3306
 DEBUG root [2020-10-03 07:19:58,654] - DBThread::onStart(): 0x459c8a8!
 DEBUG root [2020-10-03 07:19:58,654] - DBInterfaceMysql::attach: successfully! addr: localhost:3306
 DEBUG root [2020-10-03 07:19:58,654] - DBThread::onStart(): 0x459c4f0!
 DEBUG root [2020-10-03 07:19:58,686] - DBInterfaceMysql::attach: successfully! addr: localhost:3306
 DEBUG root [2020-10-03 07:19:58,686] - DBThread::onStart(): 0x459c688!
 DEBUG root [2020-10-03 07:19:58,686] - DBInterfaceMysql::attach: successfully! addr: localhost:3306
 DEBUG root [2020-10-03 07:19:58,686] - DBThread::onStart(): 0x459c0b0!
 DEBUG root [2020-10-03 07:19:58,701] - DBInterfaceMysql::attach: successfully! addr: localhost:3306
 DEBUG root [2020-10-03 07:19:58,701] - DBThread::onStart(): 0x459ca40!
  INFO root [2020-10-03 07:19:58,748] - DBInterfaceMysql::query: successfully!
  INFO root [2020-10-03 07:19:58,764] - DBInterfaceMysql::query: successfully!
  INFO root [2020-10-03 07:19:58,779] - DBInterfaceMysql::query: successfully!
  INFO root [2020-10-03 07:19:58,779] - DBInterfaceMysql::query: successfully!
  INFO root [2020-10-03 07:19:58,779] - DBInterfaceMysql::query: successfully!
  INFO root [2020-10-03 07:19:58,795] - DBInterfaceMysql::query: successfully!
  INFO root [2020-10-03 07:19:58,795] - DBInterfaceMysql::query: successfully!
  INFO root [2020-10-03 07:19:58,795] - DBInterfaceMysql::query: successfully!
  INFO root [2020-10-03 07:19:58,811] - DBInterfaceMysql::query: successfully!
 DEBUG root [2020-10-03 07:19:58,842] - DBInterfaceMysql::dropEntityTableFromDB: tbl_item.
  INFO root [2020-10-03 07:19:58,857] - DBInterfaceMysql::query: successfully!
  WARN root [2020-10-03 07:19:58,857] - D:\kbengine-1.2.7\kbe\src\server\dbmgr\dbmgr.cpp:324: Profile scriptCall took 0.49 seconds
  INFO root [2020-10-03 07:19:59,061] - ---- dbmgr is running ----
 DEBUG root [2020-10-03 07:19:59,061] - Components::process(): Request for the process of identity...
  WARN root [2020-10-03 07:20:05,372] - Forwarding logs to logger[192.168.2.246:50261/0/0/0]...
 ERROR root [2020-10-03 07:20:36,963] - Components::removeComponentByChannel: logger : 210002, Abnormal exit! TCPPacketReceiver::processRecv(): errno=10054

  INFO root [2020-10-03 07:20:36,979] - The following logs sent to logger failed:
  WARN root [2020-10-03 07:20:36,979] - ==> [2020-10-03 07:20:36 977] TCPPacketReceiver::processPendingEvents(192.168.2.246:50261): Throwing REASON_GENERAL_NETWORK - WSAECONNRESET
 ERROR root [2020-10-03 07:20:36,979] - ==> [2020-10-03 07:20:36 978] Components::removeComponentByChannel: logger : 210002, Abnormal exit! TCPPacketReceiver::processRecv(): errno=10054

  INFO root [2020-10-03 07:20:40,961] - 
  INFO root [2020-10-03 07:20:40,961] - -----------------------------------------------------------------------------------------


  INFO root [2020-10-03 07:20:40,961] - Resmgr::initialize: KBE_ROOT=D:/kbengine_24pic/
  INFO root [2020-10-03 07:20:40,961] - Resmgr::initialize: KBE_RES_PATH=D:/kbengine_24pic/kbe/res/;D:/kbengine_24pic/kbengine_stone_assets/;D:/kbengine_24pic/kbengine_stone_assets/scripts/;D:/kbengine_24pic/kbengine_stone_assets/res/
  INFO root [2020-10-03 07:20:40,961] - Resmgr::initialize: KBE_BIN_PATH=D:/kbengine_24pic/kbe/bin/server/
  INFO root [2020-10-03 07:20:40,961] - NetworkInterface::initialize(INTERNAL): bound to all interfaces with default route interface on 192.168.2.246 ( 192.168.2.246:50295 )
  INFO root [2020-10-03 07:20:40,961] - NetworkInterface::initialize(INTERNAL): address 192.168.2.246:50295, SOMAXCONN=5.
  INFO root [2020-10-03 07:20:40,961] - server-configs:
  INFO root [2020-10-03 07:20:40,961] - 	internalAddr : 192.168.2.246:50295
  INFO root [2020-10-03 07:20:40,961] - 	componentID : 42002
  INFO root [2020-10-03 07:20:42,462] - ---- dbmgr Version: 1.2.7. ScriptVersion: 0.1.0. Protocol: 149F584B8A9DE9211BFBD70F243BB430. Config: Debug X86. Built: 19:01:34 Aug  4 2020. AppID: 42002. UID: 20317. PID: 7276 ----
  INFO root [2020-10-03 07:20:42,462] - Server : Intel(R) Core(TM) i5-10210U CPU @ 1.60GHz with 2097151kB RAM
  INFO root [2020-10-03 07:20:42,462] - ThreadPool::createThreadPool: creating  threadpool...
  INFO root [2020-10-03 07:20:42,462] - ThreadPool::createThreadPool: successfully(2), newThreadCount=1, normalMaxThreadCount=2, maxThreadCount=8
 DEBUG root [2020-10-03 07:20:42,602] - Script::install_py_dlls(): PyInit_pyexpat
 DEBUG root [2020-10-03 07:20:42,602] - Script::install_py_dlls(): PyInit__socket
 DEBUG root [2020-10-03 07:20:42,602] - Script::install_py_dlls(): PyInit__ssl
 DEBUG root [2020-10-03 07:20:42,602] - Script::install_py_dlls(): PyInit__hashlib
 DEBUG root [2020-10-03 07:20:42,602] - Script::install_py_dlls(): PyInit_select
 DEBUG root [2020-10-03 07:20:42,602] - Script::install_py_dlls(): PyInit__ctypes
 DEBUG root [2020-10-03 07:20:42,602] - Script::install_py_dlls(): PyInit__elementtree
 DEBUG root [2020-10-03 07:20:42,633] - Script::install_py_dlls(): PyInit_unicodedata
  INFO root [2020-10-03 07:20:42,648] - Script::install(): is successfully, Python=(3.4.2 (default, Aug  4 2020, 19:01:25) [MSC v.1925 32 bit (Intel)])!
  INFO root [2020-10-03 07:20:42,648] - Script::install(): KBExtra is successfully!
  INFO root [2020-10-03 07:20:42,664] - Dbmgr::initializeEnd: digest(655A07EE2A159885C2BBB8C2838F8AEE)
S_INFO root [2020-10-03 07:20:42,664] - onDBMgrReady: bootstrapGroupIndex=0, bootstrapGlobalIndex=0
  INFO root [2020-10-03 07:20:42,664] - TelnetServer server is running on port 32000
  INFO root [2020-10-03 07:20:42,664] - Dbmgr::initInterfacesHandler: interfaces addr(127.0.0.1:30099), accountType:(interfaces), chargeType:(interfaces).
  WARN root [2020-10-03 07:20:42,883] - DBUtil::initialize: db(default) password is not encrypted!
please use password(rsa):
2A3E7950E980270908420A08004BFEA864486298E2940821A8667E6BE73AF37C48C816014A2D5B34B6B01EB00781A89BAEE3ECC17F09011691216DF21214A35822868061D7953B0822A269E1B4C78695CD3AA8F03F2206ACD6D06CFF01570BB4D5A6C212B26309C20851C78692DB6DA2BA63C6A93C1C4BEBF17E53CD64CB5E25
 DEBUG root [2020-10-03 07:20:42,883] - DBInterfaceMysql::attach: connect: localhost:3306 starting...
 DEBUG root [2020-10-03 07:20:42,930] - DBInterfaceMysql::attach: successfully! addr: localhost:3306
  INFO root [2020-10-03 07:20:42,930] - DBUtil::createInterface[0x1d3f108]: interface=default, dbtype=mysql, ip=localhost, port=3306, currdatabase=kbe, username=kbe, connected=yes.

  INFO root [2020-10-03 07:20:42,930] - ThreadPool::createThreadPool: creating  threadpool...
  INFO root [2020-10-03 07:20:42,930] - ThreadPool::createThreadPool: successfully(5), newThreadCount=5, normalMaxThreadCount=5, maxThreadCount=5
 DEBUG root [2020-10-03 07:20:42,930] - DBInterfaceMysql::attach: connect: localhost:3306 starting...
 DEBUG root [2020-10-03 07:20:42,930] - DBInterfaceMysql::attach: connect: localhost:3306 starting...
 DEBUG root [2020-10-03 07:20:42,930] - DBInterfaceMysql::attach: connect: localhost:3306 starting...
 DEBUG root [2020-10-03 07:20:42,930] - DBInterfaceMysql::attach: connect: localhost:3306 starting...
 DEBUG root [2020-10-03 07:20:42,930] - DBInterfaceMysql::attach: connect: localhost:3306 starting...
 DEBUG root [2020-10-03 07:20:42,961] - DBInterfaceMysql::attach: successfully! addr: localhost:3306
 DEBUG root [2020-10-03 07:20:42,961] - DBThread::onStart(): 0x44de5e8!
 DEBUG root [2020-10-03 07:20:42,961] - DBInterfaceMysql::attach: successfully! addr: localhost:3306
 DEBUG root [2020-10-03 07:20:42,961] - DBThread::onStart(): 0x44deab0!
 DEBUG root [2020-10-03 07:20:42,976] - DBInterfaceMysql::attach: successfully! addr: localhost:3306
 DEBUG root [2020-10-03 07:20:42,976] - DBThread::onStart(): 0x44dede0!
 DEBUG root [2020-10-03 07:20:42,976] - DBInterfaceMysql::attach: successfully! addr: localhost:3306
 DEBUG root [2020-10-03 07:20:42,976] - DBThread::onStart(): 0x44de808!
 DEBUG root [2020-10-03 07:20:42,992] - DBInterfaceMysql::attach: successfully! addr: localhost:3306
 DEBUG root [2020-10-03 07:20:42,992] - DBThread::onStart(): 0x44decd0!
  INFO root [2020-10-03 07:20:43,039] - DBInterfaceMysql::query: successfully!
  INFO root [2020-10-03 07:20:43,039] - DBInterfaceMysql::query: successfully!
  INFO root [2020-10-03 07:20:43,039] - DBInterfaceMysql::query: successfully!
  INFO root [2020-10-03 07:20:43,039] - DBInterfaceMysql::query: successfully!
  INFO root [2020-10-03 07:20:43,039] - DBInterfaceMysql::query: successfully!
  INFO root [2020-10-03 07:20:43,039] - DBInterfaceMysql::query: successfully!
  INFO root [2020-10-03 07:20:43,039] - DBInterfaceMysql::query: successfully!
  INFO root [2020-10-03 07:20:43,039] - DBInterfaceMysql::query: successfully!
  INFO root [2020-10-03 07:20:43,039] - DBInterfaceMysql::query: successfully!
  WARN root [2020-10-03 07:20:43,086] - D:\kbengine-1.2.7\kbe\src\server\dbmgr\dbmgr.cpp:324: Profile scriptCall took 0.42 seconds
  INFO root [2020-10-03 07:20:43,289] - ---- dbmgr is running ----
 DEBUG root [2020-10-03 07:20:43,289] - Components::process(): Request for the process of identity...
  INFO root [2020-10-03 07:20:49,569] - ServerApp::onRegisterNewApp: uid:20317, username:, componentType:interfaces, componentID:320002, globalorderID=-1, grouporderID=-1, intaddr:192.168.2.246, intport:30099, extaddr:nonsupport, extport:0,  from 127.0.0.1:30099/0/0/0.
  INFO root [2020-10-03 07:20:49,569] - Components::addComponent: reset orderLog, uid=20317!
  INFO root [2020-10-03 07:20:49,569] - Components::addComponent[interfaces], uid=20317, componentID=320002, globalorderid=1, grouporderid=1, totalcount=1
  INFO root [2020-10-03 07:20:50,585] - Components::findComponents: find logger(1)...
  INFO root [2020-10-03 07:20:50,647] - Components::findComponents: found logger, addr:192.168.2.246:50294
  INFO root [2020-10-03 07:20:50,647] - Components::addComponent: reset orderLog, uid=20317!
  INFO root [2020-10-03 07:20:50,647] - Components::addComponent[logger], uid=20317, componentID=210002, globalorderid=1, grouporderid=1, totalcount=1
  WARN root [2020-10-03 07:20:50,647] - Forwarding logs to logger[192.168.2.246:50294/0/0/0]...
 ERROR root [2020-10-03 07:20:51,381] - Components::removeComponentByChannel: logger : 210002, Abnormal exit! TCPPacketReceiver::processRecv(): errno=10054

  INFO root [2020-10-03 07:20:51,381] - The following logs sent to logger failed:
  WARN root [2020-10-03 07:20:51,381] - ==> [2020-10-03 07:20:51 388] TCPPacketReceiver::processPendingEvents(192.168.2.246:50294): Throwing REASON_GENERAL_NETWORK - WSAECONNRESET
 ERROR root [2020-10-03 07:20:51,381] - ==> [2020-10-03 07:20:51 388] Components::removeComponentByChannel: logger : 210002, Abnormal exit! TCPPacketReceiver::processRecv(): errno=10054

  INFO root [2020-10-03 07:26:46,369] - 
  INFO root [2020-10-03 07:26:46,369] - -----------------------------------------------------------------------------------------


  INFO root [2020-10-03 07:26:46,369] - Resmgr::initialize: KBE_ROOT=D:/kbengine_24pic/
  INFO root [2020-10-03 07:26:46,369] - Resmgr::initialize: KBE_RES_PATH=D:/kbengine_24pic/kbe/res/;D:/kbengine_24pic/kbengine_stone_assets/;D:/kbengine_24pic/kbengine_stone_assets/scripts/;D:/kbengine_24pic/kbengine_stone_assets/res/
  INFO root [2020-10-03 07:26:46,369] - Resmgr::initialize: KBE_BIN_PATH=D:/kbengine_24pic/kbe/bin/server/
  INFO root [2020-10-03 07:26:46,369] - NetworkInterface::initialize(INTERNAL): bound to all interfaces with default route interface on 192.168.2.246 ( 192.168.2.246:50342 )
  INFO root [2020-10-03 07:26:46,369] - NetworkInterface::initialize(INTERNAL): address 192.168.2.246:50342, SOMAXCONN=5.
  INFO root [2020-10-03 07:26:46,369] - server-configs:
  INFO root [2020-10-03 07:26:46,369] - 	internalAddr : 192.168.2.246:50342
  INFO root [2020-10-03 07:26:46,369] - 	componentID : 42002
  INFO root [2020-10-03 07:26:47,869] - ---- dbmgr Version: 1.2.7. ScriptVersion: 0.1.0. Protocol: 149F584B8A9DE9211BFBD70F243BB430. Config: Debug X86. Built: 19:01:34 Aug  4 2020. AppID: 42002. UID: 21509. PID: 4580 ----
  INFO root [2020-10-03 07:26:47,869] - Server : Intel(R) Core(TM) i5-10210U CPU @ 1.60GHz with 2097151kB RAM
  INFO root [2020-10-03 07:26:47,869] - ThreadPool::createThreadPool: creating  threadpool...
  INFO root [2020-10-03 07:26:47,869] - ThreadPool::createThreadPool: successfully(2), newThreadCount=1, normalMaxThreadCount=2, maxThreadCount=8
 DEBUG root [2020-10-03 07:26:48,009] - Script::install_py_dlls(): PyInit_pyexpat
 DEBUG root [2020-10-03 07:26:48,009] - Script::install_py_dlls(): PyInit__socket
 DEBUG root [2020-10-03 07:26:48,009] - Script::install_py_dlls(): PyInit__ssl
 DEBUG root [2020-10-03 07:26:48,009] - Script::install_py_dlls(): PyInit__hashlib
 DEBUG root [2020-10-03 07:26:48,009] - Script::install_py_dlls(): PyInit_select
 DEBUG root [2020-10-03 07:26:48,009] - Script::install_py_dlls(): PyInit__ctypes
 DEBUG root [2020-10-03 07:26:48,009] - Script::install_py_dlls(): PyInit__elementtree
 DEBUG root [2020-10-03 07:26:48,041] - Script::install_py_dlls(): PyInit_unicodedata
  INFO root [2020-10-03 07:26:48,072] - Script::install(): is successfully, Python=(3.4.2 (default, Aug  4 2020, 19:01:25) [MSC v.1925 32 bit (Intel)])!
  INFO root [2020-10-03 07:26:48,072] - Script::install(): KBExtra is successfully!
  INFO root [2020-10-03 07:26:48,072] - Dbmgr::initializeEnd: digest(655A07EE2A159885C2BBB8C2838F8AEE)
S_INFO root [2020-10-03 07:26:48,072] - onDBMgrReady: bootstrapGroupIndex=0, bootstrapGlobalIndex=0
  INFO root [2020-10-03 07:26:48,072] - TelnetServer server is running on port 32000
  INFO root [2020-10-03 07:26:48,072] - Dbmgr::initInterfacesHandler: interfaces addr(127.0.0.1:30099), accountType:(interfaces), chargeType:(interfaces).
  WARN root [2020-10-03 07:26:48,275] - DBUtil::initialize: db(default) password is not encrypted!
please use password(rsa):
CF9A2137584FB81443FDE1DF3381D9608695BD08D69FFBDD15388FD61AF6506F704F27FC931AEA53EF64D4EEA844CE2A93B162339D909CB8AAD7EE0F4B488414225C7329BEBC6E3E4B1B63EE5B91B336D9D0814D341E10AF6FC07A271A0C259EF3319A698D9620F960BBC4ADE06EF6B42863E803694FF5374834E018CE9495BD
 DEBUG root [2020-10-03 07:26:48,275] - DBInterfaceMysql::attach: connect: localhost:3306 starting...
 DEBUG root [2020-10-03 07:26:48,322] - DBInterfaceMysql::attach: successfully! addr: localhost:3306
  INFO root [2020-10-03 07:26:48,322] - DBUtil::createInterface[0x1d3ecac]: interface=default, dbtype=mysql, ip=localhost, port=3306, currdatabase=kbe, username=kbe, connected=yes.

  INFO root [2020-10-03 07:26:48,322] - ThreadPool::createThreadPool: creating  threadpool...
 DEBUG root [2020-10-03 07:26:48,322] - DBInterfaceMysql::attach: connect: localhost:3306 starting...
  INFO root [2020-10-03 07:26:48,322] - ThreadPool::createThreadPool: successfully(5), newThreadCount=5, normalMaxThreadCount=5, maxThreadCount=5
 DEBUG root [2020-10-03 07:26:48,322] - DBInterfaceMysql::attach: connect: localhost:3306 starting...
 DEBUG root [2020-10-03 07:26:48,322] - DBInterfaceMysql::attach: connect: localhost:3306 starting...
 DEBUG root [2020-10-03 07:26:48,322] - DBInterfaceMysql::attach: connect: localhost:3306 starting...
 DEBUG root [2020-10-03 07:26:48,322] - DBInterfaceMysql::attach: connect: localhost:3306 starting...
 DEBUG root [2020-10-03 07:26:48,353] - DBInterfaceMysql::attach: successfully! addr: localhost:3306
 DEBUG root [2020-10-03 07:26:48,353] - DBThread::onStart(): 0x4568fe0!
 DEBUG root [2020-10-03 07:26:48,369] - DBInterfaceMysql::attach: successfully! addr: localhost:3306
 DEBUG root [2020-10-03 07:26:48,369] - DBThread::onStart(): 0x4569310!
 DEBUG root [2020-10-03 07:26:48,369] - DBInterfaceMysql::attach: successfully! addr: localhost:3306
 DEBUG root [2020-10-03 07:26:48,369] - DBThread::onStart(): 0x4569288!
 DEBUG root [2020-10-03 07:26:48,385] - DBInterfaceMysql::attach: successfully! addr: localhost:3306
 DEBUG root [2020-10-03 07:26:48,385] - DBThread::onStart(): 0x4569068!
 DEBUG root [2020-10-03 07:26:48,400] - DBInterfaceMysql::attach: successfully! addr: localhost:3306
 DEBUG root [2020-10-03 07:26:48,400] - DBThread::onStart(): 0x4569200!
  INFO root [2020-10-03 07:26:48,432] - DBInterfaceMysql::query: successfully!
  INFO root [2020-10-03 07:26:48,432] - DBInterfaceMysql::query: successfully!
  INFO root [2020-10-03 07:26:48,432] - DBInterfaceMysql::query: successfully!
  INFO root [2020-10-03 07:26:48,432] - DBInterfaceMysql::query: successfully!
  INFO root [2020-10-03 07:26:48,432] - DBInterfaceMysql::query: successfully!
  INFO root [2020-10-03 07:26:48,432] - DBInterfaceMysql::query: successfully!
  INFO root [2020-10-03 07:26:48,432] - DBInterfaceMysql::query: successfully!
  INFO root [2020-10-03 07:26:48,432] - DBInterfaceMysql::query: successfully!
  INFO root [2020-10-03 07:26:48,432] - DBInterfaceMysql::query: successfully!
  WARN root [2020-10-03 07:26:48,479] - D:\kbengine-1.2.7\kbe\src\server\dbmgr\dbmgr.cpp:324: Profile scriptCall took 0.39 seconds
  INFO root [2020-10-03 07:26:48,666] - ---- dbmgr is running ----
 DEBUG root [2020-10-03 07:26:48,666] - Components::process(): Request for the process of identity...
  INFO root [2020-10-03 07:26:54,915] - ServerApp::onRegisterNewApp: uid:21509, username:, componentType:interfaces, componentID:320002, globalorderID=-1, grouporderID=-1, intaddr:192.168.2.246, intport:30099, extaddr:nonsupport, extport:0,  from 127.0.0.1:30099/0/0/0.
  INFO root [2020-10-03 07:26:54,915] - Components::addComponent: reset orderLog, uid=21509!
  INFO root [2020-10-03 07:26:54,915] - Components::addComponent[interfaces], uid=21509, componentID=320002, globalorderid=1, grouporderid=1, totalcount=1
  INFO root [2020-10-03 07:26:55,930] - Components::findComponents: find logger(1)...
  INFO root [2020-10-03 07:26:56,024] - Components::findComponents: found logger, addr:192.168.2.246:50341
  INFO root [2020-10-03 07:26:56,024] - Components::addComponent: reset orderLog, uid=21509!
  INFO root [2020-10-03 07:26:56,024] - Components::addComponent[logger], uid=21509, componentID=210002, globalorderid=1, grouporderid=1, totalcount=1
  WARN root [2020-10-03 07:26:56,024] - Forwarding logs to logger[192.168.2.246:50341/0/0/0]...
 ERROR root [2020-10-03 08:25:04,376] - Components::removeComponentByChannel: logger : 210002, Abnormal exit! timedout
  INFO root [2020-10-03 08:25:04,754] - The following logs sent to logger failed:
  INFO root [2020-10-03 08:25:04,754] - ==> [2020-10-03 08:25:04 377] ServerApp::onChannelTimeOut: Channel 192.168.2.246:50341/0/0/0 timeout!
 ERROR root [2020-10-03 08:25:04,754] - ==> [2020-10-03 08:25:04 378] Components::removeComponentByChannel: logger : 210002, Abnormal exit! timedout
  INFO root [2020-10-03 08:25:04,756] - ServerApp::onChannelTimeOut: Channel 192.168.2.246:50363/0/0/0 timeout!
 ERROR root [2020-10-03 08:25:04,756] - Components::removeComponentByChannel: loginapp : 920002, Abnormal exit! timedout
  INFO root [2020-10-03 08:25:04,764] - ServerApp::onChannelTimeOut: Channel 192.168.2.246:50365/0/0/0 timeout!
 ERROR root [2020-10-03 08:25:04,765] - Components::removeComponentByChannel: baseappmgr : 510002, Abnormal exit! timedout
  INFO root [2020-10-03 08:25:04,931] - ServerApp::onChannelTimeOut: Channel 192.168.2.246:50367/0/0/0 timeout!
 ERROR root [2020-10-03 08:25:04,932] - Components::removeComponentByChannel: cellappmgr : 610002, Abnormal exit! timedout
  INFO root [2020-10-03 08:25:05,121] - ServerApp::onChannelTimeOut: Channel 192.168.2.246:50369/0/0/0 timeout!
  WARN root [2020-10-03 08:25:05,126] - Dbmgr::onChannelDeregister(): If the process cannot be resumed, the entitylog(baseapp=720012) will be cleaned up after 60 seconds!
 ERROR root [2020-10-03 08:25:05,178] - Components::removeComponentByChannel: baseapp : 720012, Abnormal exit! timedout
  INFO root [2020-10-03 08:25:05,314] - ServerApp::onChannelTimeOut: Channel 192.168.2.246:50372/0/0/0 timeout!
 ERROR root [2020-10-03 08:25:05,315] - Components::removeComponentByChannel: cellapp : 820012, Abnormal exit! timedout
  WARN root [2020-10-03 08:25:06,693] - D:\kbengine-1.2.7\kbe\src\lib\network\event_dispatcher.cpp:171: Profile callSystemTimers took 2.33 seconds
  INFO root [2020-10-03 08:25:59,836] - 
  INFO root [2020-10-03 08:25:59,836] - -----------------------------------------------------------------------------------------


  INFO root [2020-10-03 08:25:59,837] - Resmgr::initialize: KBE_ROOT=D:/kbengine_24pic/
  INFO root [2020-10-03 08:25:59,837] - Resmgr::initialize: KBE_RES_PATH=D:/kbengine_24pic/kbe/res/;D:/kbengine_24pic/kbengine_stone_assets/;D:/kbengine_24pic/kbengine_stone_assets/scripts/;D:/kbengine_24pic/kbengine_stone_assets/res/
  INFO root [2020-10-03 08:25:59,838] - Resmgr::initialize: KBE_BIN_PATH=D:/kbengine_24pic/kbe/bin/server/
  INFO root [2020-10-03 08:25:59,842] - NetworkInterface::initialize(INTERNAL): bound to all interfaces with default route interface on 192.168.2.246 ( 192.168.2.246:50822 )
  INFO root [2020-10-03 08:25:59,843] - NetworkInterface::initialize(INTERNAL): address 192.168.2.246:50822, SOMAXCONN=5.
  INFO root [2020-10-03 08:25:59,843] - server-configs:
  INFO root [2020-10-03 08:25:59,843] - 	internalAddr : 192.168.2.246:50822
  INFO root [2020-10-03 08:25:59,843] - 	componentID : 42002
  INFO root [2020-10-03 08:26:00,157] - Components::findLogger: found logger, addr:192.168.2.246:50821
  INFO root [2020-10-03 08:26:00,158] - Components::addComponent: reset orderLog, uid=343!
  INFO root [2020-10-03 08:26:00,158] - Components::addComponent[logger], uid=343, componentID=210002, globalorderid=1, grouporderid=1, totalcount=1
  INFO root [2020-10-03 08:26:00,166] - ---- dbmgr Version: 1.2.7. ScriptVersion: 0.1.0. Protocol: 149F584B8A9DE9211BFBD70F243BB430. Config: Debug X86. Built: 19:01:34 Aug  4 2020. AppID: 42002. UID: 343. PID: 15120 ----
  INFO root [2020-10-03 08:26:00,168] - Server : Intel(R) Core(TM) i5-10210U CPU @ 1.60GHz with 2097151kB RAM
  INFO root [2020-10-03 08:26:00,170] - ThreadPool::createThreadPool: creating  threadpool...
  INFO root [2020-10-03 08:26:00,172] - ThreadPool::createThreadPool: successfully(2), newThreadCount=1, normalMaxThreadCount=2, maxThreadCount=8
 DEBUG root [2020-10-03 08:26:00,344] - Script::install_py_dlls(): PyInit_pyexpat
 DEBUG root [2020-10-03 08:26:00,345] - Script::install_py_dlls(): PyInit__socket
 DEBUG root [2020-10-03 08:26:00,346] - Script::install_py_dlls(): PyInit__ssl
 DEBUG root [2020-10-03 08:26:00,355] - Script::install_py_dlls(): PyInit__hashlib
 DEBUG root [2020-10-03 08:26:00,356] - Script::install_py_dlls(): PyInit_select
 DEBUG root [2020-10-03 08:26:00,357] - Script::install_py_dlls(): PyInit__ctypes
 DEBUG root [2020-10-03 08:26:00,358] - Script::install_py_dlls(): PyInit__elementtree
 DEBUG root [2020-10-03 08:26:00,431] - Script::install_py_dlls(): PyInit_unicodedata
  INFO root [2020-10-03 08:26:00,501] - Script::install(): is successfully, Python=(3.4.2 (default, Aug  4 2020, 19:01:25) [MSC v.1925 32 bit (Intel)])!
  INFO root [2020-10-03 08:26:00,501] - Script::install(): KBExtra is successfully!
  INFO root [2020-10-03 08:26:00,518] - Dbmgr::initializeEnd: digest(655A07EE2A159885C2BBB8C2838F8AEE)
S_INFO root [2020-10-03 08:26:00,518] - onDBMgrReady: bootstrapGroupIndex=0, bootstrapGlobalIndex=0
  INFO root [2020-10-03 08:26:00,519] - TelnetServer server is running on port 32000
  INFO root [2020-10-03 08:26:00,523] - Dbmgr::initInterfacesHandler: interfaces addr(127.0.0.1:30099), accountType:(interfaces), chargeType:(interfaces).
  WARN root [2020-10-03 08:26:01,095] - DBUtil::initialize: db(default) password is not encrypted!
please use password(rsa):
679C32CF679157A343AF8B1D0DF7FB096031E599C70FE9A5F7BB550E573AF63715C5EE17433E3CBE6AC6827E2FBBD4544BE0FC4E0792652737EB499252BED75C20F10A34D7A05FE2996BE575CC8E3F5FDA73AE8720FB894E19CEFD76FDC0684E6ECD0FEC43018DE20773AB933FFA8E5690840BF0C44478343938A9E9BB2E0DC5
 DEBUG root [2020-10-03 08:26:01,106] - DBInterfaceMysql::attach: connect: localhost:3306 starting...
 DEBUG root [2020-10-03 08:26:01,137] - DBInterfaceMysql::attach: successfully! addr: localhost:3306
  INFO root [2020-10-03 08:26:01,138] - DBUtil::createInterface[0x1d3f080]: interface=default, dbtype=mysql, ip=localhost, port=3306, currdatabase=kbe, username=kbe, connected=yes.

  INFO root [2020-10-03 08:26:01,138] - ThreadPool::createThreadPool: creating  threadpool...
  INFO root [2020-10-03 08:26:01,139] - ThreadPool::createThreadPool: successfully(5), newThreadCount=5, normalMaxThreadCount=5, maxThreadCount=5
 DEBUG root [2020-10-03 08:26:01,157] - DBInterfaceMysql::attach: connect: localhost:3306 starting...
 DEBUG root [2020-10-03 08:26:01,159] - DBInterfaceMysql::attach: connect: localhost:3306 starting...
 DEBUG root [2020-10-03 08:26:01,160] - DBInterfaceMysql::attach: connect: localhost:3306 starting...
 DEBUG root [2020-10-03 08:26:01,162] - DBInterfaceMysql::attach: connect: localhost:3306 starting...
 DEBUG root [2020-10-03 08:26:01,171] - DBInterfaceMysql::attach: connect: localhost:3306 starting...
 DEBUG root [2020-10-03 08:26:01,185] - DBInterfaceMysql::attach: successfully! addr: localhost:3306
 DEBUG root [2020-10-03 08:26:01,185] - DBThread::onStart(): 0x42259f8!
 DEBUG root [2020-10-03 08:26:01,194] - DBInterfaceMysql::attach: successfully! addr: localhost:3306
 DEBUG root [2020-10-03 08:26:01,194] - DBThread::onStart(): 0x42256c8!
 DEBUG root [2020-10-03 08:26:01,203] - DBInterfaceMysql::attach: successfully! addr: localhost:3306
 DEBUG root [2020-10-03 08:26:01,203] - DBThread::onStart(): 0x42258e8!
 DEBUG root [2020-10-03 08:26:01,210] - DBInterfaceMysql::attach: successfully! addr: localhost:3306
 DEBUG root [2020-10-03 08:26:01,211] - DBThread::onStart(): 0x4225860!
 DEBUG root [2020-10-03 08:26:01,219] - DBInterfaceMysql::attach: successfully! addr: localhost:3306
 DEBUG root [2020-10-03 08:26:01,219] - DBThread::onStart(): 0x4225970!
  INFO root [2020-10-03 08:26:01,245] - DBInterfaceMysql::query: successfully!
  INFO root [2020-10-03 08:26:01,249] - DBInterfaceMysql::query: successfully!
  INFO root [2020-10-03 08:26:01,251] - DBInterfaceMysql::query: successfully!
  INFO root [2020-10-03 08:26:01,252] - DBInterfaceMysql::query: successfully!
  INFO root [2020-10-03 08:26:01,252] - DBInterfaceMysql::query: successfully!
  INFO root [2020-10-03 08:26:01,253] - DBInterfaceMysql::query: successfully!
  INFO root [2020-10-03 08:26:01,254] - DBInterfaceMysql::query: successfully!
  INFO root [2020-10-03 08:26:01,254] - DBInterfaceMysql::query: successfully!
  INFO root [2020-10-03 08:26:01,257] - DBInterfaceMysql::query: successfully!
  WARN root [2020-10-03 08:26:01,280] - D:\kbengine-1.2.7\kbe\src\server\dbmgr\dbmgr.cpp:324: Profile scriptCall took 0.76 seconds
  INFO root [2020-10-03 08:26:01,547] - ---- dbmgr is running ----
 DEBUG root [2020-10-03 08:26:01,547] - Components::process(): Request for the process of identity...
  WARN root [2020-10-03 08:26:07,762] - Forwarding logs to logger[192.168.2.246:50821/0/0/0]...
 ERROR root [2020-10-03 08:52:28,987] - Components::removeComponentByChannel: logger : 210002, Abnormal exit! timedout
  INFO root [2020-10-03 08:52:28,991] - The following logs sent to logger failed:
  INFO root [2020-10-03 08:52:28,991] - ==> [2020-10-03 08:52:28 987] ServerApp::onChannelTimeOut: Channel 192.168.2.246:50821/0/0/0 timeout!
 ERROR root [2020-10-03 08:52:28,991] - ==> [2020-10-03 08:52:28 988] Components::removeComponentByChannel: logger : 210002, Abnormal exit! timedout
  INFO root [2020-10-03 08:52:28,999] - ServerApp::onChannelTimeOut: Channel 192.168.2.246:50849/0/0/0 timeout!
 ERROR root [2020-10-03 08:52:28,999] - Components::removeComponentByChannel: cellappmgr : 610002, Abnormal exit! timedout
  INFO root [2020-10-03 08:52:28,999] - ServerApp::onChannelTimeOut: Channel 192.168.2.246:50851/0/0/0 timeout!
 ERROR root [2020-10-03 08:52:29,003] - Components::removeComponentByChannel: baseappmgr : 510002, Abnormal exit! timedout
  INFO root [2020-10-03 08:52:29,007] - ServerApp::onChannelTimeOut: Channel 192.168.2.246:50853/0/0/0 timeout!
 ERROR root [2020-10-03 08:52:29,007] - Components::removeComponentByChannel: cellapp : 820012, Abnormal exit! timedout
  INFO root [2020-10-03 08:52:29,366] - ServerApp::onChannelTimeOut: Channel 192.168.2.246:50856/0/0/0 timeout!
  WARN root [2020-10-03 08:52:29,366] - Dbmgr::onChannelDeregister(): If the process cannot be resumed, the entitylog(baseapp=720012) will be cleaned up after 60 seconds!
 ERROR root [2020-10-03 08:52:29,366] - Components::removeComponentByChannel: baseapp : 720012, Abnormal exit! timedout
  INFO root [2020-10-03 08:52:29,369] - ServerApp::onChannelTimeOut: Channel 192.168.2.246:50860/0/0/0 timeout!
 ERROR root [2020-10-03 08:52:29,369] - Components::removeComponentByChannel: loginapp : 920002, Abnormal exit! timedout
  WARN root [2020-10-03 08:52:29,590] - D:\kbengine-1.2.7\kbe\src\server\dbmgr\dbmgr.cpp:232: Profile mainTick took 0.04 seconds
  WARN root [2020-10-03 08:52:29,827] - D:\kbengine-1.2.7\kbe\src\lib\network\event_dispatcher.cpp:171: Profile callSystemTimers took 0.84 seconds
  INFO root [2020-10-03 09:02:43,555] - 
  INFO root [2020-10-03 09:02:43,556] - -----------------------------------------------------------------------------------------


  INFO root [2020-10-03 09:02:43,558] - Resmgr::initialize: KBE_ROOT=D:/kbengine_24pic/
  INFO root [2020-10-03 09:02:43,558] - Resmgr::initialize: KBE_RES_PATH=D:/kbengine_24pic/kbe/res/;D:/kbengine_24pic/kbengine_stone_assets/;D:/kbengine_24pic/kbengine_stone_assets/scripts/;D:/kbengine_24pic/kbengine_stone_assets/res/
  INFO root [2020-10-03 09:02:43,558] - Resmgr::initialize: KBE_BIN_PATH=D:/kbengine_24pic/kbe/bin/server/
  INFO root [2020-10-03 09:02:43,567] - NetworkInterface::initialize(INTERNAL): bound to all interfaces with default route interface on 192.168.2.246 ( 192.168.2.246:51210 )
  INFO root [2020-10-03 09:02:43,571] - NetworkInterface::initialize(INTERNAL): address 192.168.2.246:51210, SOMAXCONN=5.
  INFO root [2020-10-03 09:02:43,571] - server-configs:
  INFO root [2020-10-03 09:02:43,571] - 	internalAddr : 192.168.2.246:51210
  INFO root [2020-10-03 09:02:43,572] - 	componentID : 42002
  INFO root [2020-10-03 09:02:45,083] - ---- dbmgr Version: 1.2.7. ScriptVersion: 0.1.0. Protocol: 149F584B8A9DE9211BFBD70F243BB430. Config: Debug X86. Built: 19:01:34 Aug  4 2020. AppID: 42002. UID: 7541. PID: 13608 ----
  INFO root [2020-10-03 09:02:45,085] - Server : Intel(R) Core(TM) i5-10210U CPU @ 1.60GHz with 2097151kB RAM
  INFO root [2020-10-03 09:02:45,085] - ThreadPool::createThreadPool: creating  threadpool...
  INFO root [2020-10-03 09:02:45,085] - ThreadPool::createThreadPool: successfully(2), newThreadCount=1, normalMaxThreadCount=2, maxThreadCount=8
 DEBUG root [2020-10-03 09:02:45,259] - Script::install_py_dlls(): PyInit_pyexpat
 DEBUG root [2020-10-03 09:02:45,259] - Script::install_py_dlls(): PyInit__socket
 DEBUG root [2020-10-03 09:02:45,263] - Script::install_py_dlls(): PyInit__ssl
 DEBUG root [2020-10-03 09:02:45,267] - Script::install_py_dlls(): PyInit__hashlib
 DEBUG root [2020-10-03 09:02:45,271] - Script::install_py_dlls(): PyInit_select
 DEBUG root [2020-10-03 09:02:45,271] - Script::install_py_dlls(): PyInit__ctypes
 DEBUG root [2020-10-03 09:02:45,273] - Script::install_py_dlls(): PyInit__elementtree
 DEBUG root [2020-10-03 09:02:45,351] - Script::install_py_dlls(): PyInit_unicodedata
  INFO root [2020-10-03 09:02:45,431] - Script::install(): is successfully, Python=(3.4.2 (default, Aug  4 2020, 19:01:25) [MSC v.1925 32 bit (Intel)])!
  INFO root [2020-10-03 09:02:45,432] - Script::install(): KBExtra is successfully!
  INFO root [2020-10-03 09:02:45,455] - Dbmgr::initializeEnd: digest(655A07EE2A159885C2BBB8C2838F8AEE)
S_INFO root [2020-10-03 09:02:45,455] - onDBMgrReady: bootstrapGroupIndex=0, bootstrapGlobalIndex=0
  INFO root [2020-10-03 09:02:45,455] - TelnetServer server is running on port 32000
  INFO root [2020-10-03 09:02:45,455] - Dbmgr::initInterfacesHandler: interfaces addr(127.0.0.1:30099), accountType:(interfaces), chargeType:(interfaces).
  WARN root [2020-10-03 09:02:46,183] - DBUtil::initialize: db(default) password is not encrypted!
please use password(rsa):
39ADF81862E2275D3F660DE13BD200322F00BEC8A726EE3C07EE2A22223ED13F09BB1BB33E22D1E0DB3A8AC26F92570BB9DEB72A19E2822EEBA15E3A912DD4E690116FA5F06DD002E485433FA45CEFF8B47E34B16D2868B8FB614A0A6C6E65C8B63ED9D5913D3C2225500FE32C988BF27A8AE079C4FA7068A9CAED427E62301A
 DEBUG root [2020-10-03 09:02:46,189] - DBInterfaceMysql::attach: connect: localhost:3306 starting...
 DEBUG root [2020-10-03 09:02:46,265] - DBInterfaceMysql::attach: successfully! addr: localhost:3306
  INFO root [2020-10-03 09:02:46,265] - DBUtil::createInterface[0x1d3ede8]: interface=default, dbtype=mysql, ip=localhost, port=3306, currdatabase=kbe, username=kbe, connected=yes.

  INFO root [2020-10-03 09:02:46,267] - ThreadPool::createThreadPool: creating  threadpool...
 DEBUG root [2020-10-03 09:02:46,267] - DBInterfaceMysql::attach: connect: localhost:3306 starting...
 DEBUG root [2020-10-03 09:02:46,268] - DBInterfaceMysql::attach: connect: localhost:3306 starting...
  INFO root [2020-10-03 09:02:46,268] - ThreadPool::createThreadPool: successfully(5), newThreadCount=5, normalMaxThreadCount=5, maxThreadCount=5
 DEBUG root [2020-10-03 09:02:46,269] - DBInterfaceMysql::attach: connect: localhost:3306 starting...
 DEBUG root [2020-10-03 09:02:46,269] - DBInterfaceMysql::attach: connect: localhost:3306 starting...
 DEBUG root [2020-10-03 09:02:46,269] - DBInterfaceMysql::attach: connect: localhost:3306 starting...
 DEBUG root [2020-10-03 09:02:46,306] - DBInterfaceMysql::attach: successfully! addr: localhost:3306
 DEBUG root [2020-10-03 09:02:46,307] - DBThread::onStart(): 0x4641180!
 DEBUG root [2020-10-03 09:02:46,315] - DBInterfaceMysql::attach: successfully! addr: localhost:3306
 DEBUG root [2020-10-03 09:02:46,316] - DBThread::onStart(): 0x4640f60!
 DEBUG root [2020-10-03 09:02:46,324] - DBInterfaceMysql::attach: successfully! addr: localhost:3306
 DEBUG root [2020-10-03 09:02:46,324] - DBThread::onStart(): 0x4641070!
 DEBUG root [2020-10-03 09:02:46,331] - DBInterfaceMysql::attach: successfully! addr: localhost:3306
 DEBUG root [2020-10-03 09:02:46,331] - DBThread::onStart(): 0x4640dc8!
 DEBUG root [2020-10-03 09:02:46,339] - DBInterfaceMysql::attach: successfully! addr: localhost:3306
 DEBUG root [2020-10-03 09:02:46,339] - DBThread::onStart(): 0x46413a0!
  INFO root [2020-10-03 09:02:46,380] - DBInterfaceMysql::query: successfully!
  INFO root [2020-10-03 09:02:46,390] - DBInterfaceMysql::query: successfully!
  INFO root [2020-10-03 09:02:46,390] - DBInterfaceMysql::query: successfully!
  INFO root [2020-10-03 09:02:46,392] - DBInterfaceMysql::query: successfully!
  INFO root [2020-10-03 09:02:46,392] - DBInterfaceMysql::query: successfully!
  INFO root [2020-10-03 09:02:46,394] - DBInterfaceMysql::query: successfully!
  INFO root [2020-10-03 09:02:46,395] - DBInterfaceMysql::query: successfully!
  INFO root [2020-10-03 09:02:46,396] - DBInterfaceMysql::query: successfully!
  INFO root [2020-10-03 09:02:46,397] - DBInterfaceMysql::query: successfully!
  WARN root [2020-10-03 09:02:46,431] - D:\kbengine-1.2.7\kbe\src\server\dbmgr\dbmgr.cpp:324: Profile scriptCall took 0.97 seconds
  INFO root [2020-10-03 09:02:47,052] - ---- dbmgr is running ----
 DEBUG root [2020-10-03 09:02:47,052] - Components::process(): Request for the process of identity...
  INFO root [2020-10-03 09:02:53,460] - ServerApp::onRegisterNewApp: uid:7541, username:, componentType:interfaces, componentID:320002, globalorderID=-1, grouporderID=-1, intaddr:192.168.2.246, intport:30099, extaddr:nonsupport, extport:0,  from 127.0.0.1:30099/0/0/0.
  INFO root [2020-10-03 09:02:53,463] - Components::addComponent: reset orderLog, uid=7541!
  INFO root [2020-10-03 09:02:53,464] - Components::addComponent[interfaces], uid=7541, componentID=320002, globalorderid=1, grouporderid=1, totalcount=1
  INFO root [2020-10-03 09:02:54,477] - Components::findComponents: find logger(1)...
  INFO root [2020-10-03 09:02:54,568] - Components::findComponents: found logger, addr:192.168.2.246:51209
  INFO root [2020-10-03 09:02:54,568] - Components::addComponent: reset orderLog, uid=7541!
  INFO root [2020-10-03 09:02:54,571] - Components::addComponent[logger], uid=7541, componentID=210002, globalorderid=1, grouporderid=1, totalcount=1
  WARN root [2020-10-03 09:02:54,573] - Forwarding logs to logger[192.168.2.246:51209/0/0/0]...
 ERROR root [2020-10-03 09:07:20,939] - Components::removeComponentByChannel: logger : 210002, Abnormal exit! TCPPacketReceiver::processRecv(): errno=10054

  INFO root [2020-10-03 09:07:20,941] - The following logs sent to logger failed:
  WARN root [2020-10-03 09:07:20,942] - ==> [2020-10-03 09:07:20 939] TCPPacketReceiver::processPendingEvents(192.168.2.246:51209): Throwing REASON_GENERAL_NETWORK - WSAECONNRESET
 ERROR root [2020-10-03 09:07:20,942] - ==> [2020-10-03 09:07:20 941] Components::removeComponentByChannel: logger : 210002, Abnormal exit! TCPPacketReceiver::processRecv(): errno=10054

  INFO root [2020-10-03 09:08:12,291] - 
  INFO root [2020-10-03 09:08:12,292] - -----------------------------------------------------------------------------------------


  INFO root [2020-10-03 09:08:12,294] - Resmgr::initialize: KBE_ROOT=D:/kbengine_24pic/
  INFO root [2020-10-03 09:08:12,295] - Resmgr::initialize: KBE_RES_PATH=D:/kbengine_24pic/kbe/res/;D:/kbengine_24pic/kbengine_stone_assets/;D:/kbengine_24pic/kbengine_stone_assets/scripts/;D:/kbengine_24pic/kbengine_stone_assets/res/
  INFO root [2020-10-03 09:08:12,295] - Resmgr::initialize: KBE_BIN_PATH=D:/kbengine_24pic/kbe/bin/server/
  INFO root [2020-10-03 09:08:12,304] - NetworkInterface::initialize(INTERNAL): bound to all interfaces with default route interface on 192.168.2.246 ( 192.168.2.246:51362 )
  INFO root [2020-10-03 09:08:12,304] - NetworkInterface::initialize(INTERNAL): address 192.168.2.246:51362, SOMAXCONN=5.
  INFO root [2020-10-03 09:08:12,304] - server-configs:
  INFO root [2020-10-03 09:08:12,304] - 	internalAddr : 192.168.2.246:51362
  INFO root [2020-10-03 09:08:12,304] - 	componentID : 42002
  INFO root [2020-10-03 09:08:12,413] - Components::findLogger: found logger, addr:192.168.2.246:51358
  INFO root [2020-10-03 09:08:12,413] - Components::addComponent: reset orderLog, uid=8462!
  INFO root [2020-10-03 09:08:12,413] - Components::addComponent[logger], uid=8462, componentID=210002, globalorderid=1, grouporderid=1, totalcount=1
  INFO root [2020-10-03 09:08:12,423] - ---- dbmgr Version: 1.2.7. ScriptVersion: 0.1.0. Protocol: 149F584B8A9DE9211BFBD70F243BB430. Config: Debug X86. Built: 19:01:34 Aug  4 2020. AppID: 42002. UID: 8462. PID: 16148 ----
  INFO root [2020-10-03 09:08:12,423] - Server : Intel(R) Core(TM) i5-10210U CPU @ 1.60GHz with 2097151kB RAM
  INFO root [2020-10-03 09:08:12,424] - ThreadPool::createThreadPool: creating  threadpool...
  INFO root [2020-10-03 09:08:12,424] - ThreadPool::createThreadPool: successfully(2), newThreadCount=1, normalMaxThreadCount=2, maxThreadCount=8
 DEBUG root [2020-10-03 09:08:12,569] - Script::install_py_dlls(): PyInit_pyexpat
 DEBUG root [2020-10-03 09:08:12,569] - Script::install_py_dlls(): PyInit__socket
 DEBUG root [2020-10-03 09:08:12,570] - Script::install_py_dlls(): PyInit__ssl
 DEBUG root [2020-10-03 09:08:12,570] - Script::install_py_dlls(): PyInit__hashlib
 DEBUG root [2020-10-03 09:08:12,570] - Script::install_py_dlls(): PyInit_select
 DEBUG root [2020-10-03 09:08:12,570] - Script::install_py_dlls(): PyInit__ctypes
 DEBUG root [2020-10-03 09:08:12,574] - Script::install_py_dlls(): PyInit__elementtree
 DEBUG root [2020-10-03 09:08:12,604] - Script::install_py_dlls(): PyInit_unicodedata
  INFO root [2020-10-03 09:08:12,637] - Script::install(): is successfully, Python=(3.4.2 (default, Aug  4 2020, 19:01:25) [MSC v.1925 32 bit (Intel)])!
  INFO root [2020-10-03 09:08:12,637] - Script::install(): KBExtra is successfully!
  INFO root [2020-10-03 09:08:12,719] - Dbmgr::initializeEnd: digest(655A07EE2A159885C2BBB8C2838F8AEE)
S_INFO root [2020-10-03 09:08:12,719] - onDBMgrReady: bootstrapGroupIndex=0, bootstrapGlobalIndex=0
  INFO root [2020-10-03 09:08:12,719] - TelnetServer server is running on port 32000
  INFO root [2020-10-03 09:08:12,723] - Dbmgr::initInterfacesHandler: interfaces addr(127.0.0.1:30099), accountType:(interfaces), chargeType:(interfaces).
  WARN root [2020-10-03 09:08:12,991] - DBUtil::initialize: db(default) password is not encrypted!
please use password(rsa):
71FC0E4C7DAD45378696152488D228061E6048A44360E66EF51D0E664881916B4C74806D7C5C7959550B8F2F8A877E06F8AE5944BC653667A43EFD0441B0AEC0829777D3147861D211C6FC0D471A28A4AD083BF8F07D36E56D0A5AC10F3134211C769C738788512CD441155E1EE8DE6E5D1B2A38E8FE0D3B31487C580285765E
 DEBUG root [2020-10-03 09:08:12,999] - DBInterfaceMysql::attach: connect: localhost:3306 starting...
 DEBUG root [2020-10-03 09:08:13,051] - DBInterfaceMysql::attach: successfully! addr: localhost:3306
  INFO root [2020-10-03 09:08:13,052] - DBUtil::createInterface[0x1d3ede4]: interface=default, dbtype=mysql, ip=localhost, port=3306, currdatabase=kbe, username=kbe, connected=yes.

  INFO root [2020-10-03 09:08:13,052] - ThreadPool::createThreadPool: creating  threadpool...
  INFO root [2020-10-03 09:08:13,055] - ThreadPool::createThreadPool: successfully(5), newThreadCount=5, normalMaxThreadCount=5, maxThreadCount=5
 DEBUG root [2020-10-03 09:08:13,055] - DBInterfaceMysql::attach: connect: localhost:3306 starting...
 DEBUG root [2020-10-03 09:08:13,056] - DBInterfaceMysql::attach: connect: localhost:3306 starting...
 DEBUG root [2020-10-03 09:08:13,056] - DBInterfaceMysql::attach: connect: localhost:3306 starting...
 DEBUG root [2020-10-03 09:08:13,056] - DBInterfaceMysql::attach: connect: localhost:3306 starting...
 DEBUG root [2020-10-03 09:08:13,057] - DBInterfaceMysql::attach: connect: localhost:3306 starting...
 DEBUG root [2020-10-03 09:08:13,087] - DBInterfaceMysql::attach: successfully! addr: localhost:3306
 DEBUG root [2020-10-03 09:08:13,087] - DBThread::onStart(): 0x455a1b8!
 DEBUG root [2020-10-03 09:08:13,097] - DBInterfaceMysql::attach: successfully! addr: localhost:3306
 DEBUG root [2020-10-03 09:08:13,097] - DBThread::onStart(): 0x455abd0!
 DEBUG root [2020-10-03 09:08:13,105] - DBInterfaceMysql::attach: successfully! addr: localhost:3306
 DEBUG root [2020-10-03 09:08:13,105] - DBThread::onStart(): 0x455aa38!
 DEBUG root [2020-10-03 09:08:13,114] - DBInterfaceMysql::attach: successfully! addr: localhost:3306
 DEBUG root [2020-10-03 09:08:13,114] - DBThread::onStart(): 0x455a928!
 DEBUG root [2020-10-03 09:08:13,124] - DBInterfaceMysql::attach: successfully! addr: localhost:3306
 DEBUG root [2020-10-03 09:08:13,124] - DBThread::onStart(): 0x455a3d8!
  INFO root [2020-10-03 09:08:13,168] - DBInterfaceMysql::query: successfully!
  INFO root [2020-10-03 09:08:13,178] - DBInterfaceMysql::query: successfully!
  INFO root [2020-10-03 09:08:13,181] - DBInterfaceMysql::query: successfully!
  INFO root [2020-10-03 09:08:13,181] - DBInterfaceMysql::query: successfully!
  INFO root [2020-10-03 09:08:13,181] - DBInterfaceMysql::query: successfully!
  INFO root [2020-10-03 09:08:13,182] - DBInterfaceMysql::query: successfully!
  INFO root [2020-10-03 09:08:13,183] - DBInterfaceMysql::query: successfully!
  INFO root [2020-10-03 09:08:13,183] - DBInterfaceMysql::query: successfully!
  INFO root [2020-10-03 09:08:13,184] - DBInterfaceMysql::query: successfully!
  WARN root [2020-10-03 09:08:13,221] - D:\kbengine-1.2.7\kbe\src\server\dbmgr\dbmgr.cpp:324: Profile scriptCall took 0.50 seconds
  INFO root [2020-10-03 09:08:13,637] - ---- dbmgr is running ----
 DEBUG root [2020-10-03 09:08:13,641] - Components::process(): Request for the process of identity...
  WARN root [2020-10-03 09:08:19,943] - Forwarding logs to logger[192.168.2.246:51358/0/0/0]...
 ERROR root [2020-10-03 09:08:45,804] - Components::removeComponentByChannel: logger : 210002, Abnormal exit! TCPPacketReceiver::processRecv(): errno=10054

  INFO root [2020-10-03 09:08:45,807] - The following logs sent to logger failed:
  WARN root [2020-10-03 09:08:45,807] - ==> [2020-10-03 09:08:45 802] TCPPacketReceiver::processPendingEvents(192.168.2.246:51358): Throwing REASON_GENERAL_NETWORK - WSAECONNRESET
 ERROR root [2020-10-03 09:08:45,808] - ==> [2020-10-03 09:08:45 806] Components::removeComponentByChannel: logger : 210002, Abnormal exit! TCPPacketReceiver::processRecv(): errno=10054

  INFO root [2020-10-03 09:08:56,390] - 
  INFO root [2020-10-03 09:08:56,400] - -----------------------------------------------------------------------------------------


  INFO root [2020-10-03 09:08:56,403] - Resmgr::initialize: KBE_ROOT=D:/kbengine_24pic/
  INFO root [2020-10-03 09:08:56,404] - Resmgr::initialize: KBE_RES_PATH=D:/kbengine_24pic/kbe/res/;D:/kbengine_24pic/kbengine_stone_assets/;D:/kbengine_24pic/kbengine_stone_assets/scripts/;D:/kbengine_24pic/kbengine_stone_assets/res/
  INFO root [2020-10-03 09:08:56,404] - Resmgr::initialize: KBE_BIN_PATH=D:/kbengine_24pic/kbe/bin/server/
  INFO root [2020-10-03 09:08:56,415] - NetworkInterface::initialize(INTERNAL): bound to all interfaces with default route interface on 192.168.2.246 ( 192.168.2.246:51381 )
  INFO root [2020-10-03 09:08:56,415] - NetworkInterface::initialize(INTERNAL): address 192.168.2.246:51381, SOMAXCONN=5.
  INFO root [2020-10-03 09:08:56,416] - server-configs:
  INFO root [2020-10-03 09:08:56,416] - 	internalAddr : 192.168.2.246:51381
  INFO root [2020-10-03 09:08:56,416] - 	componentID : 42002
  INFO root [2020-10-03 09:08:57,930] - ---- dbmgr Version: 1.2.7. ScriptVersion: 0.1.0. Protocol: 149F584B8A9DE9211BFBD70F243BB430. Config: Debug X86. Built: 19:01:34 Aug  4 2020. AppID: 42002. UID: 8759. PID: 12936 ----
  INFO root [2020-10-03 09:08:57,930] - Server : Intel(R) Core(TM) i5-10210U CPU @ 1.60GHz with 2097151kB RAM
  INFO root [2020-10-03 09:08:57,930] - ThreadPool::createThreadPool: creating  threadpool...
  INFO root [2020-10-03 09:08:57,930] - ThreadPool::createThreadPool: successfully(2), newThreadCount=1, normalMaxThreadCount=2, maxThreadCount=8
 DEBUG root [2020-10-03 09:08:58,104] - Script::install_py_dlls(): PyInit_pyexpat
 DEBUG root [2020-10-03 09:08:58,104] - Script::install_py_dlls(): PyInit__socket
 DEBUG root [2020-10-03 09:08:58,104] - Script::install_py_dlls(): PyInit__ssl
 DEBUG root [2020-10-03 09:08:58,108] - Script::install_py_dlls(): PyInit__hashlib
 DEBUG root [2020-10-03 09:08:58,110] - Script::install_py_dlls(): PyInit_select
 DEBUG root [2020-10-03 09:08:58,111] - Script::install_py_dlls(): PyInit__ctypes
 DEBUG root [2020-10-03 09:08:58,111] - Script::install_py_dlls(): PyInit__elementtree
 DEBUG root [2020-10-03 09:08:58,159] - Script::install_py_dlls(): PyInit_unicodedata
  INFO root [2020-10-03 09:08:58,209] - Script::install(): is successfully, Python=(3.4.2 (default, Aug  4 2020, 19:01:25) [MSC v.1925 32 bit (Intel)])!
  INFO root [2020-10-03 09:08:58,209] - Script::install(): KBExtra is successfully!
  INFO root [2020-10-03 09:08:58,228] - Dbmgr::initializeEnd: digest(655A07EE2A159885C2BBB8C2838F8AEE)
S_INFO root [2020-10-03 09:08:58,228] - onDBMgrReady: bootstrapGroupIndex=0, bootstrapGlobalIndex=0
  INFO root [2020-10-03 09:08:58,228] - TelnetServer server is running on port 32000
  INFO root [2020-10-03 09:08:58,232] - Dbmgr::initInterfacesHandler: interfaces addr(127.0.0.1:30099), accountType:(interfaces), chargeType:(interfaces).
  WARN root [2020-10-03 09:08:58,644] - DBUtil::initialize: db(default) password is not encrypted!
please use password(rsa):
AF9CFFCCF705C18E930646AD8688817DDCAF9E9F7C55ECC7666FD373392BF2E1B760FFECE41976D7AD0D35F6E03E0978B3A8B617D86970B594BF5B35787AD8AD8B55B49F071DD907D9ED8B8187B70FD079E9D215BFA7F4919272E3C9A526DE553D1B1198E273C7AC28D90309D3D524CAB5519D2611D1D05B90CA7150B92EDFA1
 DEBUG root [2020-10-03 09:08:58,652] - DBInterfaceMysql::attach: connect: localhost:3306 starting...
 DEBUG root [2020-10-03 09:08:58,733] - DBInterfaceMysql::attach: successfully! addr: localhost:3306
  INFO root [2020-10-03 09:08:58,734] - DBUtil::createInterface[0x1d3eec4]: interface=default, dbtype=mysql, ip=localhost, port=3306, currdatabase=kbe, username=kbe, connected=yes.

  INFO root [2020-10-03 09:08:58,734] - ThreadPool::createThreadPool: creating  threadpool...
 DEBUG root [2020-10-03 09:08:58,734] - DBInterfaceMysql::attach: connect: localhost:3306 starting...
 DEBUG root [2020-10-03 09:08:58,734] - DBInterfaceMysql::attach: connect: localhost:3306 starting...
  INFO root [2020-10-03 09:08:58,737] - ThreadPool::createThreadPool: successfully(5), newThreadCount=5, normalMaxThreadCount=5, maxThreadCount=5
 DEBUG root [2020-10-03 09:08:58,738] - DBInterfaceMysql::attach: connect: localhost:3306 starting...
 DEBUG root [2020-10-03 09:08:58,738] - DBInterfaceMysql::attach: connect: localhost:3306 starting...
 DEBUG root [2020-10-03 09:08:58,740] - DBInterfaceMysql::attach: connect: localhost:3306 starting...
 DEBUG root [2020-10-03 09:08:58,792] - DBInterfaceMysql::attach: successfully! addr: localhost:3306
 DEBUG root [2020-10-03 09:08:58,792] - DBThread::onStart(): 0x4432ca8!
 DEBUG root [2020-10-03 09:08:58,801] - DBInterfaceMysql::attach: successfully! addr: localhost:3306
 DEBUG root [2020-10-03 09:08:58,801] - DBThread::onStart(): 0x4432d30!
 DEBUG root [2020-10-03 09:08:58,811] - DBInterfaceMysql::attach: successfully! addr: localhost:3306
 DEBUG root [2020-10-03 09:08:58,811] - DBThread::onStart(): 0x4432538!
 DEBUG root [2020-10-03 09:08:58,819] - DBInterfaceMysql::attach: successfully! addr: localhost:3306
 DEBUG root [2020-10-03 09:08:58,819] - DBThread::onStart(): 0x4432978!
 DEBUG root [2020-10-03 09:08:58,827] - DBInterfaceMysql::attach: successfully! addr: localhost:3306
 DEBUG root [2020-10-03 09:08:58,827] - DBThread::onStart(): 0x4432b98!
  INFO root [2020-10-03 09:08:58,842] - DBInterfaceMysql::query: successfully!
  INFO root [2020-10-03 09:08:58,848] - DBInterfaceMysql::query: successfully!
  INFO root [2020-10-03 09:08:58,848] - DBInterfaceMysql::query: successfully!
  INFO root [2020-10-03 09:08:58,850] - DBInterfaceMysql::query: successfully!
  INFO root [2020-10-03 09:08:58,851] - DBInterfaceMysql::query: successfully!
  INFO root [2020-10-03 09:08:58,852] - DBInterfaceMysql::query: successfully!
  INFO root [2020-10-03 09:08:58,853] - DBInterfaceMysql::query: successfully!
  INFO root [2020-10-03 09:08:58,854] - DBInterfaceMysql::query: successfully!
  INFO root [2020-10-03 09:08:58,855] - DBInterfaceMysql::query: successfully!
  WARN root [2020-10-03 09:08:58,883] - D:\kbengine-1.2.7\kbe\src\server\dbmgr\dbmgr.cpp:324: Profile scriptCall took 0.66 seconds
  INFO root [2020-10-03 09:08:59,606] - ---- dbmgr is running ----
 DEBUG root [2020-10-03 09:08:59,607] - Components::process(): Request for the process of identity...
  INFO root [2020-10-03 09:09:06,037] - ServerApp::onRegisterNewApp: uid:8759, username:, componentType:interfaces, componentID:320002, globalorderID=-1, grouporderID=-1, intaddr:192.168.2.246, intport:30099, extaddr:nonsupport, extport:0,  from 127.0.0.1:30099/0/0/0.
  INFO root [2020-10-03 09:09:06,041] - Components::addComponent: reset orderLog, uid=8759!
  INFO root [2020-10-03 09:09:06,041] - Components::addComponent[interfaces], uid=8759, componentID=320002, globalorderid=1, grouporderid=1, totalcount=1
  INFO root [2020-10-03 09:09:07,050] - Components::findComponents: find logger(1)...
  INFO root [2020-10-03 09:09:07,085] - Components::findComponents: found logger, addr:192.168.2.246:51380
  INFO root [2020-10-03 09:09:07,087] - Components::addComponent: reset orderLog, uid=8759!
  INFO root [2020-10-03 09:09:07,087] - Components::addComponent[logger], uid=8759, componentID=210002, globalorderid=1, grouporderid=1, totalcount=1
  INFO root [2020-10-03 09:09:07,111] - Components::process(): Found all the components!
  WARN root [2020-10-03 09:09:07,111] - Forwarding logs to logger[192.168.2.246:51380/0/0/0]...
 ERROR root [2020-10-03 09:16:17,544] - Components::removeComponentByChannel: logger : 210002, Abnormal exit! TCPPacketReceiver::processRecv(): errno=10054

  INFO root [2020-10-03 09:16:17,561] - The following logs sent to logger failed:
  WARN root [2020-10-03 09:16:17,562] - ==> [2020-10-03 09:16:17 543] TCPPacketReceiver::processPendingEvents(192.168.2.246:51380): Throwing REASON_GENERAL_NETWORK - WSAECONNRESET
 ERROR root [2020-10-03 09:16:17,563] - ==> [2020-10-03 09:16:17 546] Components::removeComponentByChannel: logger : 210002, Abnormal exit! TCPPacketReceiver::processRecv(): errno=10054

  INFO root [2020-10-03 09:16:22,528] - 
  INFO root [2020-10-03 09:16:22,528] - -----------------------------------------------------------------------------------------


  INFO root [2020-10-03 09:16:22,530] - Resmgr::initialize: KBE_ROOT=D:/kbengine_24pic/
  INFO root [2020-10-03 09:16:22,530] - Resmgr::initialize: KBE_RES_PATH=D:/kbengine_24pic/kbe/res/;D:/kbengine_24pic/kbengine_stone_assets/;D:/kbengine_24pic/kbengine_stone_assets/scripts/;D:/kbengine_24pic/kbengine_stone_assets/res/
  INFO root [2020-10-03 09:16:22,531] - Resmgr::initialize: KBE_BIN_PATH=D:/kbengine_24pic/kbe/bin/server/
  INFO root [2020-10-03 09:16:22,540] - NetworkInterface::initialize(INTERNAL): bound to all interfaces with default route interface on 192.168.2.246 ( 192.168.2.246:51572 )
  INFO root [2020-10-03 09:16:22,540] - NetworkInterface::initialize(INTERNAL): address 192.168.2.246:51572, SOMAXCONN=5.
  INFO root [2020-10-03 09:16:22,541] - server-configs:
  INFO root [2020-10-03 09:16:22,541] - 	internalAddr : 192.168.2.246:51572
  INFO root [2020-10-03 09:16:22,541] - 	componentID : 42002
  INFO root [2020-10-03 09:16:24,052] - ---- dbmgr Version: 1.2.7. ScriptVersion: 0.1.0. Protocol: 149F584B8A9DE9211BFBD70F243BB430. Config: Debug X86. Built: 19:01:34 Aug  4 2020. AppID: 42002. UID: 10215. PID: 12532 ----
  INFO root [2020-10-03 09:16:24,052] - Server : Intel(R) Core(TM) i5-10210U CPU @ 1.60GHz with 2097151kB RAM
  INFO root [2020-10-03 09:16:24,053] - ThreadPool::createThreadPool: creating  threadpool...
  INFO root [2020-10-03 09:16:24,053] - ThreadPool::createThreadPool: successfully(2), newThreadCount=1, normalMaxThreadCount=2, maxThreadCount=8
 DEBUG root [2020-10-03 09:16:24,202] - Script::install_py_dlls(): PyInit_pyexpat
 DEBUG root [2020-10-03 09:16:24,202] - Script::install_py_dlls(): PyInit__socket
 DEBUG root [2020-10-03 09:16:24,206] - Script::install_py_dlls(): PyInit__ssl
 DEBUG root [2020-10-03 09:16:24,207] - Script::install_py_dlls(): PyInit__hashlib
 DEBUG root [2020-10-03 09:16:24,207] - Script::install_py_dlls(): PyInit_select
 DEBUG root [2020-10-03 09:16:24,207] - Script::install_py_dlls(): PyInit__ctypes
 DEBUG root [2020-10-03 09:16:24,211] - Script::install_py_dlls(): PyInit__elementtree
 DEBUG root [2020-10-03 09:16:24,260] - Script::install_py_dlls(): PyInit_unicodedata
  INFO root [2020-10-03 09:16:24,307] - Script::install(): is successfully, Python=(3.4.2 (default, Aug  4 2020, 19:01:25) [MSC v.1925 32 bit (Intel)])!
  INFO root [2020-10-03 09:16:24,307] - Script::install(): KBExtra is successfully!
  INFO root [2020-10-03 09:16:24,319] - Dbmgr::initializeEnd: digest(655A07EE2A159885C2BBB8C2838F8AEE)
S_INFO root [2020-10-03 09:16:24,319] - onDBMgrReady: bootstrapGroupIndex=0, bootstrapGlobalIndex=0
  INFO root [2020-10-03 09:16:24,319] - TelnetServer server is running on port 32000
  INFO root [2020-10-03 09:16:24,319] - Dbmgr::initInterfacesHandler: interfaces addr(127.0.0.1:30099), accountType:(interfaces), chargeType:(interfaces).
  WARN root [2020-10-03 09:16:24,847] - DBUtil::initialize: db(default) password is not encrypted!
please use password(rsa):
897D165B53466751EA5492FEB41049C807650B1DC73C7D119FCB4FB8B842A7D520E864CAC31B7DBD5C8CC83A9A73F383B24EC6B4A6B31EC861F792B4C31F125238332716844ADB169DDBB8F351AC9EA680F5817782924049ECA3DD3BBAC5DD5BEB188D8EFCF85FB1929175C4AFD747280570AD172242CD823120F4EF1B708558
 DEBUG root [2020-10-03 09:16:24,854] - DBInterfaceMysql::attach: connect: localhost:3306 starting...
 DEBUG root [2020-10-03 09:16:24,924] - DBInterfaceMysql::attach: successfully! addr: localhost:3306
  INFO root [2020-10-03 09:16:24,925] - DBUtil::createInterface[0x1cfefc4]: interface=default, dbtype=mysql, ip=localhost, port=3306, currdatabase=kbe, username=kbe, connected=yes.

  INFO root [2020-10-03 09:16:24,925] - ThreadPool::createThreadPool: creating  threadpool...
  INFO root [2020-10-03 09:16:24,925] - ThreadPool::createThreadPool: successfully(5), newThreadCount=5, normalMaxThreadCount=5, maxThreadCount=5
 DEBUG root [2020-10-03 09:16:24,925] - DBInterfaceMysql::attach: connect: localhost:3306 starting...
 DEBUG root [2020-10-03 09:16:24,925] - DBInterfaceMysql::attach: connect: localhost:3306 starting...
 DEBUG root [2020-10-03 09:16:24,925] - DBInterfaceMysql::attach: connect: localhost:3306 starting...
 DEBUG root [2020-10-03 09:16:24,929] - DBInterfaceMysql::attach: connect: localhost:3306 starting...
 DEBUG root [2020-10-03 09:16:24,929] - DBInterfaceMysql::attach: connect: localhost:3306 starting...
 DEBUG root [2020-10-03 09:16:24,977] - DBInterfaceMysql::attach: successfully! addr: localhost:3306
 DEBUG root [2020-10-03 09:16:24,977] - DBThread::onStart(): 0x4357950!
 DEBUG root [2020-10-03 09:16:24,987] - DBInterfaceMysql::attach: successfully! addr: localhost:3306
 DEBUG root [2020-10-03 09:16:24,987] - DBThread::onStart(): 0x4357f28!
 DEBUG root [2020-10-03 09:16:24,998] - DBInterfaceMysql::attach: successfully! addr: localhost:3306
 DEBUG root [2020-10-03 09:16:24,998] - DBThread::onStart(): 0x43579d8!
 DEBUG root [2020-10-03 09:16:25,008] - DBInterfaceMysql::attach: successfully! addr: localhost:3306
 DEBUG root [2020-10-03 09:16:25,008] - DBThread::onStart(): 0x4357ae8!
 DEBUG root [2020-10-03 09:16:25,018] - DBInterfaceMysql::attach: successfully! addr: localhost:3306
 DEBUG root [2020-10-03 09:16:25,018] - DBThread::onStart(): 0x4357fb0!
  INFO root [2020-10-03 09:16:25,042] - DBInterfaceMysql::query: successfully!
  INFO root [2020-10-03 09:16:25,048] - DBInterfaceMysql::query: successfully!
  INFO root [2020-10-03 09:16:25,050] - DBInterfaceMysql::query: successfully!
  INFO root [2020-10-03 09:16:25,052] - DBInterfaceMysql::query: successfully!
  INFO root [2020-10-03 09:16:25,052] - DBInterfaceMysql::query: successfully!
  INFO root [2020-10-03 09:16:25,054] - DBInterfaceMysql::query: successfully!
  INFO root [2020-10-03 09:16:25,054] - DBInterfaceMysql::query: successfully!
  INFO root [2020-10-03 09:16:25,055] - DBInterfaceMysql::query: successfully!
  INFO root [2020-10-03 09:16:25,057] - DBInterfaceMysql::query: successfully!
  WARN root [2020-10-03 09:16:25,091] - D:\kbengine-1.2.7\kbe\src\server\dbmgr\dbmgr.cpp:324: Profile scriptCall took 0.77 seconds
  INFO root [2020-10-03 09:16:25,639] - ---- dbmgr is running ----
 DEBUG root [2020-10-03 09:16:25,639] - Components::process(): Request for the process of identity...
  INFO root [2020-10-03 09:16:32,057] - ServerApp::onRegisterNewApp: uid:10215, username:, componentType:interfaces, componentID:320002, globalorderID=-1, grouporderID=-1, intaddr:192.168.2.246, intport:30099, extaddr:nonsupport, extport:0,  from 127.0.0.1:30099/0/0/0.
  INFO root [2020-10-03 09:16:32,057] - Components::addComponent: reset orderLog, uid=10215!
  INFO root [2020-10-03 09:16:32,057] - Components::addComponent[interfaces], uid=10215, componentID=320002, globalorderid=1, grouporderid=1, totalcount=1
  INFO root [2020-10-03 09:16:33,061] - Components::findComponents: find logger(1)...
  INFO root [2020-10-03 09:16:33,173] - Components::findComponents: found logger, addr:192.168.2.246:51570
  INFO root [2020-10-03 09:16:33,174] - Components::addComponent: reset orderLog, uid=10215!
  INFO root [2020-10-03 09:16:33,175] - Components::addComponent[logger], uid=10215, componentID=210002, globalorderid=1, grouporderid=1, totalcount=1
  WARN root [2020-10-03 09:16:33,177] - Forwarding logs to logger[192.168.2.246:51570/0/0/0]...
 ERROR root [2020-10-03 09:20:10,246] - Components::removeComponentByChannel: logger : 210002, Abnormal exit! TCPPacketReceiver::processRecv(): errno=10054

  INFO root [2020-10-03 09:20:10,249] - The following logs sent to logger failed:
  WARN root [2020-10-03 09:20:10,250] - ==> [2020-10-03 09:20:10 246] TCPPacketReceiver::processPendingEvents(192.168.2.246:51570): Throwing REASON_GENERAL_NETWORK - WSAECONNRESET
 ERROR root [2020-10-03 09:20:10,252] - ==> [2020-10-03 09:20:10 248] Components::removeComponentByChannel: logger : 210002, Abnormal exit! TCPPacketReceiver::processRecv(): errno=10054

  INFO root [2020-10-03 09:20:15,056] - 
  INFO root [2020-10-03 09:20:15,062] - -----------------------------------------------------------------------------------------


  INFO root [2020-10-03 09:20:15,065] - Resmgr::initialize: KBE_ROOT=D:/kbengine_24pic/
  INFO root [2020-10-03 09:20:15,065] - Resmgr::initialize: KBE_RES_PATH=D:/kbengine_24pic/kbe/res/;D:/kbengine_24pic/kbengine_stone_assets/;D:/kbengine_24pic/kbengine_stone_assets/scripts/;D:/kbengine_24pic/kbengine_stone_assets/res/
  INFO root [2020-10-03 09:20:15,066] - Resmgr::initialize: KBE_BIN_PATH=D:/kbengine_24pic/kbe/bin/server/
  INFO root [2020-10-03 09:20:15,086] - NetworkInterface::initialize(INTERNAL): bound to all interfaces with default route interface on 192.168.2.246 ( 192.168.2.246:51702 )
  INFO root [2020-10-03 09:20:15,086] - NetworkInterface::initialize(INTERNAL): address 192.168.2.246:51702, SOMAXCONN=5.
  INFO root [2020-10-03 09:20:15,087] - server-configs:
  INFO root [2020-10-03 09:20:15,087] - 	internalAddr : 192.168.2.246:51702
  INFO root [2020-10-03 09:20:15,087] - 	componentID : 42002
  INFO root [2020-10-03 09:20:16,598] - ---- dbmgr Version: 1.2.7. ScriptVersion: 0.1.0. Protocol: 149F584B8A9DE9211BFBD70F243BB430. Config: Debug X86. Built: 19:01:34 Aug  4 2020. AppID: 42002. UID: 10973. PID: 9736 ----
  INFO root [2020-10-03 09:20:16,598] - Server : Intel(R) Core(TM) i5-10210U CPU @ 1.60GHz with 2097151kB RAM
  INFO root [2020-10-03 09:20:16,598] - ThreadPool::createThreadPool: creating  threadpool...
  INFO root [2020-10-03 09:20:16,602] - ThreadPool::createThreadPool: successfully(2), newThreadCount=1, normalMaxThreadCount=2, maxThreadCount=8
 DEBUG root [2020-10-03 09:20:16,802] - Script::install_py_dlls(): PyInit_pyexpat
 DEBUG root [2020-10-03 09:20:16,802] - Script::install_py_dlls(): PyInit__socket
 DEBUG root [2020-10-03 09:20:16,802] - Script::install_py_dlls(): PyInit__ssl
 DEBUG root [2020-10-03 09:20:16,813] - Script::install_py_dlls(): PyInit__hashlib
 DEBUG root [2020-10-03 09:20:16,817] - Script::install_py_dlls(): PyInit_select
 DEBUG root [2020-10-03 09:20:16,817] - Script::install_py_dlls(): PyInit__ctypes
 DEBUG root [2020-10-03 09:20:16,817] - Script::install_py_dlls(): PyInit__elementtree
 DEBUG root [2020-10-03 09:20:16,936] - Script::install_py_dlls(): PyInit_unicodedata
  INFO root [2020-10-03 09:20:17,040] - Script::install(): is successfully, Python=(3.4.2 (default, Aug  4 2020, 19:01:25) [MSC v.1925 32 bit (Intel)])!
  INFO root [2020-10-03 09:20:17,044] - Script::install(): KBExtra is successfully!
  INFO root [2020-10-03 09:20:17,071] - Dbmgr::initializeEnd: digest(655A07EE2A159885C2BBB8C2838F8AEE)
S_INFO root [2020-10-03 09:20:17,071] - onDBMgrReady: bootstrapGroupIndex=0, bootstrapGlobalIndex=0
  INFO root [2020-10-03 09:20:17,072] - TelnetServer server is running on port 32000
  INFO root [2020-10-03 09:20:17,072] - Dbmgr::initInterfacesHandler: interfaces addr(127.0.0.1:30099), accountType:(interfaces), chargeType:(interfaces).
  WARN root [2020-10-03 09:20:17,740] - DBUtil::initialize: db(default) password is not encrypted!
please use password(rsa):
755573AE3366431E67D9854EC490F5419C1202FD676E84FAB0A82007CEC5DF6458A404604F650CEC45323E1FAEC8EE203A06D6585A9A152FD4E245DE3675B3CEDCCE8FBFE071DF5C5A84CB3EEA7FD282276E6B33ABB44A267D71D34AC7432319A1A95FDA5DCC88D013FE899CBE3E4993CBFDAE86051C63A5435802277DC02DC2
 DEBUG root [2020-10-03 09:20:17,749] - DBInterfaceMysql::attach: connect: localhost:3306 starting...
 DEBUG root [2020-10-03 09:20:17,801] - DBInterfaceMysql::attach: successfully! addr: localhost:3306
  INFO root [2020-10-03 09:20:17,801] - DBUtil::createInterface[0x1d3ee7c]: interface=default, dbtype=mysql, ip=localhost, port=3306, currdatabase=kbe, username=kbe, connected=yes.

  INFO root [2020-10-03 09:20:17,802] - ThreadPool::createThreadPool: creating  threadpool...
 DEBUG root [2020-10-03 09:20:17,802] - DBInterfaceMysql::attach: connect: localhost:3306 starting...
  INFO root [2020-10-03 09:20:17,802] - ThreadPool::createThreadPool: successfully(5), newThreadCount=5, normalMaxThreadCount=5, maxThreadCount=5
 DEBUG root [2020-10-03 09:20:17,804] - DBInterfaceMysql::attach: connect: localhost:3306 starting...
 DEBUG root [2020-10-03 09:20:17,805] - DBInterfaceMysql::attach: connect: localhost:3306 starting...
 DEBUG root [2020-10-03 09:20:17,806] - DBInterfaceMysql::attach: connect: localhost:3306 starting...
 DEBUG root [2020-10-03 09:20:17,806] - DBInterfaceMysql::attach: connect: localhost:3306 starting...
 DEBUG root [2020-10-03 09:20:17,860] - DBInterfaceMysql::attach: successfully! addr: localhost:3306
 DEBUG root [2020-10-03 09:20:17,861] - DBThread::onStart(): 0x44fae20!
 DEBUG root [2020-10-03 09:20:17,870] - DBInterfaceMysql::attach: successfully! addr: localhost:3306
 DEBUG root [2020-10-03 09:20:17,870] - DBThread::onStart(): 0x44fac00!
 DEBUG root [2020-10-03 09:20:17,879] - DBInterfaceMysql::attach: successfully! addr: localhost:3306
 DEBUG root [2020-10-03 09:20:17,880] - DBThread::onStart(): 0x44fa9e0!
 DEBUG root [2020-10-03 09:20:17,889] - DBInterfaceMysql::attach: successfully! addr: localhost:3306
 DEBUG root [2020-10-03 09:20:17,889] - DBThread::onStart(): 0x44fb040!
 DEBUG root [2020-10-03 09:20:17,898] - DBInterfaceMysql::attach: successfully! addr: localhost:3306
 DEBUG root [2020-10-03 09:20:17,899] - DBThread::onStart(): 0x44fb150!
  INFO root [2020-10-03 09:20:17,911] - DBInterfaceMysql::query: successfully!
  INFO root [2020-10-03 09:20:17,916] - DBInterfaceMysql::query: successfully!
  INFO root [2020-10-03 09:20:17,918] - DBInterfaceMysql::query: successfully!
  INFO root [2020-10-03 09:20:17,918] - DBInterfaceMysql::query: successfully!
  INFO root [2020-10-03 09:20:17,920] - DBInterfaceMysql::query: successfully!
  INFO root [2020-10-03 09:20:17,921] - DBInterfaceMysql::query: successfully!
  INFO root [2020-10-03 09:20:17,922] - DBInterfaceMysql::query: successfully!
  INFO root [2020-10-03 09:20:17,923] - DBInterfaceMysql::query: successfully!
  INFO root [2020-10-03 09:20:17,929] - DBInterfaceMysql::query: successfully!
  WARN root [2020-10-03 09:20:17,948] - D:\kbengine-1.2.7\kbe\src\server\dbmgr\dbmgr.cpp:324: Profile scriptCall took 0.88 seconds
  INFO root [2020-10-03 09:20:18,540] - ---- dbmgr is running ----
 DEBUG root [2020-10-03 09:20:18,540] - Components::process(): Request for the process of identity...
  INFO root [2020-10-03 09:20:24,948] - ServerApp::onRegisterNewApp: uid:10973, username:, componentType:interfaces, componentID:320002, globalorderID=-1, grouporderID=-1, intaddr:192.168.2.246, intport:30099, extaddr:nonsupport, extport:0,  from 127.0.0.1:30099/0/0/0.
  INFO root [2020-10-03 09:20:24,952] - Components::addComponent: reset orderLog, uid=10973!
  INFO root [2020-10-03 09:20:24,952] - Components::addComponent[interfaces], uid=10973, componentID=320002, globalorderid=1, grouporderid=1, totalcount=1
  INFO root [2020-10-03 09:20:25,973] - Components::findComponents: find logger(1)...
  INFO root [2020-10-03 09:20:26,001] - Components::findComponents: found logger, addr:192.168.2.246:51697
  INFO root [2020-10-03 09:20:26,001] - Components::addComponent: reset orderLog, uid=10973!
  INFO root [2020-10-03 09:20:26,005] - Components::addComponent[logger], uid=10973, componentID=210002, globalorderid=1, grouporderid=1, totalcount=1
  WARN root [2020-10-03 09:20:26,008] - Forwarding logs to logger[192.168.2.246:51697/0/0/0]...
 ERROR root [2020-10-03 09:27:14,060] - Components::removeComponentByChannel: logger : 210002, Abnormal exit! TCPPacketReceiver::processRecv(): errno=10054

  INFO root [2020-10-03 09:27:14,072] - The following logs sent to logger failed:
  WARN root [2020-10-03 09:27:14,073] - ==> [2020-10-03 09:27:14 060] TCPPacketReceiver::processPendingEvents(192.168.2.246:51697): Throwing REASON_GENERAL_NETWORK - WSAECONNRESET
 ERROR root [2020-10-03 09:27:14,073] - ==> [2020-10-03 09:27:14 062] Components::removeComponentByChannel: logger : 210002, Abnormal exit! TCPPacketReceiver::processRecv(): errno=10054

  INFO root [2020-10-03 09:27:18,105] - 
  INFO root [2020-10-03 09:27:18,106] - -----------------------------------------------------------------------------------------


  INFO root [2020-10-03 09:27:18,108] - Resmgr::initialize: KBE_ROOT=D:/kbengine_24pic/
  INFO root [2020-10-03 09:27:18,109] - Resmgr::initialize: KBE_RES_PATH=D:/kbengine_24pic/kbe/res/;D:/kbengine_24pic/kbengine_stone_assets/;D:/kbengine_24pic/kbengine_stone_assets/scripts/;D:/kbengine_24pic/kbengine_stone_assets/res/
  INFO root [2020-10-03 09:27:18,109] - Resmgr::initialize: KBE_BIN_PATH=D:/kbengine_24pic/kbe/bin/server/
  INFO root [2020-10-03 09:27:18,117] - NetworkInterface::initialize(INTERNAL): bound to all interfaces with default route interface on 192.168.2.246 ( 192.168.2.246:51755 )
  INFO root [2020-10-03 09:27:18,117] - NetworkInterface::initialize(INTERNAL): address 192.168.2.246:51755, SOMAXCONN=5.
  INFO root [2020-10-03 09:27:18,121] - server-configs:
  INFO root [2020-10-03 09:27:18,121] - 	internalAddr : 192.168.2.246:51755
  INFO root [2020-10-03 09:27:18,121] - 	componentID : 42002
  INFO root [2020-10-03 09:27:19,629] - ---- dbmgr Version: 1.2.7. ScriptVersion: 0.1.0. Protocol: 149F584B8A9DE9211BFBD70F243BB430. Config: Debug X86. Built: 19:01:34 Aug  4 2020. AppID: 42002. UID: 12354. PID: 13000 ----
  INFO root [2020-10-03 09:27:19,629] - Server : Intel(R) Core(TM) i5-10210U CPU @ 1.60GHz with 2097151kB RAM
  INFO root [2020-10-03 09:27:19,633] - ThreadPool::createThreadPool: creating  threadpool...
  INFO root [2020-10-03 09:27:19,633] - ThreadPool::createThreadPool: successfully(2), newThreadCount=1, normalMaxThreadCount=2, maxThreadCount=8
 DEBUG root [2020-10-03 09:27:19,808] - Script::install_py_dlls(): PyInit_pyexpat
 DEBUG root [2020-10-03 09:27:19,808] - Script::install_py_dlls(): PyInit__socket
 DEBUG root [2020-10-03 09:27:19,808] - Script::install_py_dlls(): PyInit__ssl
 DEBUG root [2020-10-03 09:27:19,816] - Script::install_py_dlls(): PyInit__hashlib
 DEBUG root [2020-10-03 09:27:19,816] - Script::install_py_dlls(): PyInit_select
 DEBUG root [2020-10-03 09:27:19,816] - Script::install_py_dlls(): PyInit__ctypes
 DEBUG root [2020-10-03 09:27:19,820] - Script::install_py_dlls(): PyInit__elementtree
 DEBUG root [2020-10-03 09:27:19,912] - Script::install_py_dlls(): PyInit_unicodedata
  INFO root [2020-10-03 09:27:19,992] - Script::install(): is successfully, Python=(3.4.2 (default, Aug  4 2020, 19:01:25) [MSC v.1925 32 bit (Intel)])!
  INFO root [2020-10-03 09:27:19,993] - Script::install(): KBExtra is successfully!
  INFO root [2020-10-03 09:27:20,015] - Dbmgr::initializeEnd: digest(655A07EE2A159885C2BBB8C2838F8AEE)
S_INFO root [2020-10-03 09:27:20,015] - onDBMgrReady: bootstrapGroupIndex=0, bootstrapGlobalIndex=0
  INFO root [2020-10-03 09:27:20,015] - TelnetServer server is running on port 32000
  INFO root [2020-10-03 09:27:20,019] - Dbmgr::initInterfacesHandler: interfaces addr(127.0.0.1:30099), accountType:(interfaces), chargeType:(interfaces).
  WARN root [2020-10-03 09:27:20,564] - DBUtil::initialize: db(default) password is not encrypted!
please use password(rsa):
510108404BE662AE5B66780058622D2DA6D14DFB3776F82BC9474BA1C51A1AF7EA2672694AA1E041B57A53397ACDAA0408099BBEEAD8DE241B47E5DC4237C6DCFCCCC7E385CEB501F8E15B3A9DDE54368B5F80351FA8866FBDA0596F642439306E971CFC9DE647635A1337B5DDEFB794D3C5AAE1A67D30EAD78BAD540E4D573F
 DEBUG root [2020-10-03 09:27:20,571] - DBInterfaceMysql::attach: connect: localhost:3306 starting...
 DEBUG root [2020-10-03 09:27:20,642] - DBInterfaceMysql::attach: successfully! addr: localhost:3306
  INFO root [2020-10-03 09:27:20,643] - DBUtil::createInterface[0x1d3f08c]: interface=default, dbtype=mysql, ip=localhost, port=3306, currdatabase=kbe, username=kbe, connected=yes.

  INFO root [2020-10-03 09:27:20,643] - ThreadPool::createThreadPool: creating  threadpool...
 DEBUG root [2020-10-03 09:27:20,643] - DBInterfaceMysql::attach: connect: localhost:3306 starting...
  INFO root [2020-10-03 09:27:20,643] - ThreadPool::createThreadPool: successfully(5), newThreadCount=5, normalMaxThreadCount=5, maxThreadCount=5
 DEBUG root [2020-10-03 09:27:20,643] - DBInterfaceMysql::attach: connect: localhost:3306 starting...
 DEBUG root [2020-10-03 09:27:20,643] - DBInterfaceMysql::attach: connect: localhost:3306 starting...
 DEBUG root [2020-10-03 09:27:20,647] - DBInterfaceMysql::attach: connect: localhost:3306 starting...
 DEBUG root [2020-10-03 09:27:20,647] - DBInterfaceMysql::attach: connect: localhost:3306 starting...
 DEBUG root [2020-10-03 09:27:20,698] - DBInterfaceMysql::attach: successfully! addr: localhost:3306
 DEBUG root [2020-10-03 09:27:20,698] - DBThread::onStart(): 0x454dbe8!
 DEBUG root [2020-10-03 09:27:20,709] - DBInterfaceMysql::attach: successfully! addr: localhost:3306
 DEBUG root [2020-10-03 09:27:20,710] - DBThread::onStart(): 0x454dc70!
 DEBUG root [2020-10-03 09:27:20,720] - DBInterfaceMysql::attach: successfully! addr: localhost:3306
 DEBUG root [2020-10-03 09:27:20,722] - DBThread::onStart(): 0x454d830!
 DEBUG root [2020-10-03 09:27:20,733] - DBInterfaceMysql::attach: successfully! addr: localhost:3306
 DEBUG root [2020-10-03 09:27:20,734] - DBThread::onStart(): 0x454e0b0!
 DEBUG root [2020-10-03 09:27:20,744] - DBInterfaceMysql::attach: successfully! addr: localhost:3306
 DEBUG root [2020-10-03 09:27:20,744] - DBThread::onStart(): 0x454e8a8!
  INFO root [2020-10-03 09:27:20,753] - DBInterfaceMysql::query: successfully!
  INFO root [2020-10-03 09:27:20,759] - DBInterfaceMysql::query: successfully!
  INFO root [2020-10-03 09:27:20,761] - DBInterfaceMysql::query: successfully!
  INFO root [2020-10-03 09:27:20,763] - DBInterfaceMysql::query: successfully!
  INFO root [2020-10-03 09:27:20,764] - DBInterfaceMysql::query: successfully!
  INFO root [2020-10-03 09:27:20,766] - DBInterfaceMysql::query: successfully!
  INFO root [2020-10-03 09:27:20,768] - DBInterfaceMysql::query: successfully!
  INFO root [2020-10-03 09:27:20,769] - DBInterfaceMysql::query: successfully!
  INFO root [2020-10-03 09:27:20,780] - DBInterfaceMysql::query: successfully!
  WARN root [2020-10-03 09:27:20,803] - D:\kbengine-1.2.7\kbe\src\server\dbmgr\dbmgr.cpp:324: Profile scriptCall took 0.79 seconds
  INFO root [2020-10-03 09:27:21,341] - ---- dbmgr is running ----
 DEBUG root [2020-10-03 09:27:21,342] - Components::process(): Request for the process of identity...
  INFO root [2020-10-03 09:27:27,830] - ServerApp::onRegisterNewApp: uid:12354, username:, componentType:interfaces, componentID:320002, globalorderID=-1, grouporderID=-1, intaddr:192.168.2.246, intport:30099, extaddr:nonsupport, extport:0,  from 127.0.0.1:30099/0/0/0.
  INFO root [2020-10-03 09:27:27,830] - Components::addComponent: reset orderLog, uid=12354!
  INFO root [2020-10-03 09:27:27,830] - Components::addComponent[interfaces], uid=12354, componentID=320002, globalorderid=1, grouporderid=1, totalcount=1
  INFO root [2020-10-03 09:27:28,837] - Components::findComponents: find logger(1)...
  INFO root [2020-10-03 09:27:28,861] - Components::findComponents: found logger, addr:192.168.2.246:51752
  INFO root [2020-10-03 09:27:28,865] - Components::addComponent: reset orderLog, uid=12354!
  INFO root [2020-10-03 09:27:28,866] - Components::addComponent[logger], uid=12354, componentID=210002, globalorderid=1, grouporderid=1, totalcount=1
  INFO root [2020-10-03 09:27:28,886] - Components::process(): Found all the components!
  WARN root [2020-10-03 09:27:28,913] - Forwarding logs to logger[192.168.2.246:51752/0/0/0]...
