  INFO root [2020-10-07 22:10:11,521] - 
  INFO root [2020-10-07 22:10:11,522] - -----------------------------------------------------------------------------------------


  INFO root [2020-10-07 22:10:11,524] - Resmgr::initialize: KBE_ROOT=D:/kbengine_24pic/
  INFO root [2020-10-07 22:10:11,524] - Resmgr::initialize: KBE_RES_PATH=D:/kbengine_24pic/kbe/res/;D:/kbengine_24pic/kbengine_stone_assets/;D:/kbengine_24pic/kbengine_stone_assets/scripts/;D:/kbengine_24pic/kbengine_stone_assets/res/
  INFO root [2020-10-07 22:10:11,524] - Resmgr::initialize: KBE_BIN_PATH=D:/kbengine_24pic/kbe/bin/server/
  INFO root [2020-10-07 22:10:11,529] - NetworkInterface::initialize(INTERNAL): bound to all interfaces with default route interface on 192.168.2.246 ( 192.168.2.246:51277 )
  INFO root [2020-10-07 22:10:11,530] - NetworkInterface::initialize(INTERNAL): address 192.168.2.246:51277, SOMAXCONN=5.
  INFO root [2020-10-07 22:10:11,530] - server-configs:
  INFO root [2020-10-07 22:10:11,530] - 	internalAddr : 192.168.2.246:51277
  INFO root [2020-10-07 22:10:11,531] - 	componentID : 42002
  INFO root [2020-10-07 22:10:13,037] - ---- dbmgr Version: 1.2.7. ScriptVersion: 0.1.0. Protocol: 149F584B8A9DE9211BFBD70F243BB430. Config: Debug X86. Built: 19:01:34 Aug  4 2020. AppID: 42002. UID: 12465. PID: 13032 ----
  INFO root [2020-10-07 22:10:13,038] - Server : Intel(R) Core(TM) i5-10210U CPU @ 1.60GHz with 2097151kB RAM
  INFO root [2020-10-07 22:10:13,038] - ThreadPool::createThreadPool: creating  threadpool...
  INFO root [2020-10-07 22:10:13,038] - ThreadPool::createThreadPool: successfully(2), newThreadCount=1, normalMaxThreadCount=2, maxThreadCount=8
 DEBUG root [2020-10-07 22:10:13,186] - Script::install_py_dlls(): PyInit_pyexpat
 DEBUG root [2020-10-07 22:10:13,187] - Script::install_py_dlls(): PyInit__socket
 DEBUG root [2020-10-07 22:10:13,187] - Script::install_py_dlls(): PyInit__ssl
 DEBUG root [2020-10-07 22:10:13,190] - Script::install_py_dlls(): PyInit__hashlib
 DEBUG root [2020-10-07 22:10:13,190] - Script::install_py_dlls(): PyInit_select
 DEBUG root [2020-10-07 22:10:13,190] - Script::install_py_dlls(): PyInit__ctypes
 DEBUG root [2020-10-07 22:10:13,191] - Script::install_py_dlls(): PyInit__elementtree
 DEBUG root [2020-10-07 22:10:13,220] - Script::install_py_dlls(): PyInit_unicodedata
  INFO root [2020-10-07 22:10:13,248] - Script::install(): is successfully, Python=(3.4.2 (default, Aug  4 2020, 19:01:25) [MSC v.1925 32 bit (Intel)])!
  INFO root [2020-10-07 22:10:13,248] - Script::install(): KBExtra is successfully!
  INFO root [2020-10-07 22:10:13,257] - Dbmgr::initializeEnd: digest(CF76820DD839C8B72457A4DB1300AAB9)
S_INFO root [2020-10-07 22:10:13,257] - onDBMgrReady: bootstrapGroupIndex=0, bootstrapGlobalIndex=0
  INFO root [2020-10-07 22:10:13,257] - TelnetServer server is running on port 32000
  INFO root [2020-10-07 22:10:13,258] - Dbmgr::initInterfacesHandler: interfaces addr(127.0.0.1:30099), accountType:(interfaces), chargeType:(interfaces).
  WARN root [2020-10-07 22:10:13,402] - DBUtil::initialize: db(default) password is not encrypted!
please use password(rsa):
526664E7C24FCC53049C95601A964437ED075695B461D00AB368F193473505584470D1D29D7C5DD065E6048F7AE24B79EB5408CF708861BD00C226DB419DF58268F81C5CB5206D97D1A18608FC782D722E62618C48FB79442865B8F1FEEB78681CBA67F86719575E8702534CCB3D89F5797123AFDDFE57E9DE2356DDD45537FE
 DEBUG root [2020-10-07 22:10:13,405] - DBInterfaceMysql::attach: connect: localhost:3306 starting...
 DEBUG root [2020-10-07 22:10:13,453] - DBInterfaceMysql::attach: successfully! addr: localhost:3306
  INFO root [2020-10-07 22:10:13,454] - DBUtil::createInterface[0x1d2f15c]: interface=default, dbtype=mysql, ip=localhost, port=3306, currdatabase=kbe, username=kbe, connected=yes.

  INFO root [2020-10-07 22:10:13,454] - ThreadPool::createThreadPool: creating  threadpool...
  INFO root [2020-10-07 22:10:13,455] - ThreadPool::createThreadPool: successfully(5), newThreadCount=5, normalMaxThreadCount=5, maxThreadCount=5
 DEBUG root [2020-10-07 22:10:13,455] - DBInterfaceMysql::attach: connect: localhost:3306 starting...
 DEBUG root [2020-10-07 22:10:13,456] - DBInterfaceMysql::attach: connect: localhost:3306 starting...
 DEBUG root [2020-10-07 22:10:13,456] - DBInterfaceMysql::attach: connect: localhost:3306 starting...
 DEBUG root [2020-10-07 22:10:13,456] - DBInterfaceMysql::attach: connect: localhost:3306 starting...
 DEBUG root [2020-10-07 22:10:13,456] - DBInterfaceMysql::attach: connect: localhost:3306 starting...
 DEBUG root [2020-10-07 22:10:13,486] - DBInterfaceMysql::attach: successfully! addr: localhost:3306
 DEBUG root [2020-10-07 22:10:13,486] - DBThread::onStart(): 0x431e400!
 DEBUG root [2020-10-07 22:10:13,494] - DBInterfaceMysql::attach: successfully! addr: localhost:3306
 DEBUG root [2020-10-07 22:10:13,494] - DBThread::onStart(): 0x1ef0120!
 DEBUG root [2020-10-07 22:10:13,501] - DBInterfaceMysql::attach: successfully! addr: localhost:3306
 DEBUG root [2020-10-07 22:10:13,502] - DBThread::onStart(): 0x431dd18!
 DEBUG root [2020-10-07 22:10:13,508] - DBInterfaceMysql::attach: successfully! addr: localhost:3306
 DEBUG root [2020-10-07 22:10:13,509] - DBThread::onStart(): 0x431e510!
 DEBUG root [2020-10-07 22:10:13,516] - DBInterfaceMysql::attach: successfully! addr: localhost:3306
 DEBUG root [2020-10-07 22:10:13,516] - DBThread::onStart(): 0x431dc90!
  INFO root [2020-10-07 22:10:13,562] - DBInterfaceMysql::query: successfully!
  INFO root [2020-10-07 22:10:13,565] - DBInterfaceMysql::query: successfully!
  INFO root [2020-10-07 22:10:13,567] - DBInterfaceMysql::query: successfully!
  INFO root [2020-10-07 22:10:13,570] - DBInterfaceMysql::query: successfully!
  INFO root [2020-10-07 22:10:13,570] - DBInterfaceMysql::query: successfully!
  INFO root [2020-10-07 22:10:13,570] - DBInterfaceMysql::query: successfully!
  INFO root [2020-10-07 22:10:13,571] - DBInterfaceMysql::query: successfully!
  INFO root [2020-10-07 22:10:13,571] - DBInterfaceMysql::query: successfully!
  INFO root [2020-10-07 22:10:13,574] - DBInterfaceMysql::query: successfully!
  WARN root [2020-10-07 22:10:13,607] - D:\kbengine-1.2.7\kbe\src\server\dbmgr\dbmgr.cpp:324: Profile scriptCall took 0.35 seconds
  INFO root [2020-10-07 22:10:13,857] - ---- dbmgr is running ----
 DEBUG root [2020-10-07 22:10:13,858] - Components::process(): Request for the process of identity...
  INFO root [2020-10-07 22:10:20,061] - ServerApp::onRegisterNewApp: uid:12465, username:, componentType:interfaces, componentID:320002, globalorderID=-1, grouporderID=-1, intaddr:192.168.2.246, intport:30099, extaddr:nonsupport, extport:0,  from 127.0.0.1:30099/0/0/0.
  INFO root [2020-10-07 22:10:20,061] - Components::addComponent: reset orderLog, uid=12465!
  INFO root [2020-10-07 22:10:20,062] - Components::addComponent[interfaces], uid=12465, componentID=320002, globalorderid=1, grouporderid=1, totalcount=1
  INFO root [2020-10-07 22:10:21,079] - Components::findComponents: find logger(1)...
  INFO root [2020-10-07 22:10:21,153] - Components::findComponents: found logger, addr:192.168.2.246:51280
  INFO root [2020-10-07 22:10:21,155] - Components::addComponent: reset orderLog, uid=12465!
  INFO root [2020-10-07 22:10:21,155] - Components::addComponent[logger], uid=12465, componentID=210002, globalorderid=1, grouporderid=1, totalcount=1
  WARN root [2020-10-07 22:10:21,158] - Forwarding logs to logger[192.168.2.246:51280/0/0/0]...
 ERROR root [2020-10-07 22:11:03,477] - DBTaskAccountLogin::presentMainThread: entitylog serverGroupID not match. loginName=3333, accountName=3333, self=3279
 ERROR root [2020-10-07 22:44:00,483] - Components::removeComponentByChannel: logger : 210002, Abnormal exit! TCPPacketReceiver::processRecv(): errno=10054

  INFO root [2020-10-07 22:44:00,485] - The following logs sent to logger failed:
  WARN root [2020-10-07 22:44:00,485] - ==> [2020-10-07 22:44:00 483] TCPPacketReceiver::processPendingEvents(192.168.2.246:51280): Throwing REASON_GENERAL_NETWORK - WSAECONNRESET
 ERROR root [2020-10-07 22:44:00,486] - ==> [2020-10-07 22:44:00 484] Components::removeComponentByChannel: logger : 210002, Abnormal exit! TCPPacketReceiver::processRecv(): errno=10054

  INFO root [2020-10-07 22:50:17,188] - 
  INFO root [2020-10-07 22:50:17,188] - -----------------------------------------------------------------------------------------


  INFO root [2020-10-07 22:50:17,189] - Resmgr::initialize: KBE_ROOT=D:/kbengine_24pic/
  INFO root [2020-10-07 22:50:17,189] - Resmgr::initialize: KBE_RES_PATH=D:/kbengine_24pic/kbe/res/;D:/kbengine_24pic/kbengine_stone_assets/;D:/kbengine_24pic/kbengine_stone_assets/scripts/;D:/kbengine_24pic/kbengine_stone_assets/res/
  INFO root [2020-10-07 22:50:17,189] - Resmgr::initialize: KBE_BIN_PATH=D:/kbengine_24pic/kbe/bin/server/
  INFO root [2020-10-07 22:50:17,193] - NetworkInterface::initialize(INTERNAL): bound to all interfaces with default route interface on 192.168.2.246 ( 192.168.2.246:52102 )
  INFO root [2020-10-07 22:50:17,193] - NetworkInterface::initialize(INTERNAL): address 192.168.2.246:52102, SOMAXCONN=5.
  INFO root [2020-10-07 22:50:17,193] - server-configs:
  INFO root [2020-10-07 22:50:17,193] - 	internalAddr : 192.168.2.246:52102
  INFO root [2020-10-07 22:50:17,194] - 	componentID : 42002
  INFO root [2020-10-07 22:50:18,698] - ---- dbmgr Version: 1.2.7. ScriptVersion: 0.1.0. Protocol: 149F584B8A9DE9211BFBD70F243BB430. Config: Debug X86. Built: 19:01:34 Aug  4 2020. AppID: 42002. UID: 20322. PID: 13016 ----
  INFO root [2020-10-07 22:50:18,698] - Server : Intel(R) Core(TM) i5-10210U CPU @ 1.60GHz with 2097151kB RAM
  INFO root [2020-10-07 22:50:18,699] - ThreadPool::createThreadPool: creating  threadpool...
  INFO root [2020-10-07 22:50:18,699] - ThreadPool::createThreadPool: successfully(2), newThreadCount=1, normalMaxThreadCount=2, maxThreadCount=8
 DEBUG root [2020-10-07 22:50:18,843] - Script::install_py_dlls(): PyInit_pyexpat
 DEBUG root [2020-10-07 22:50:18,844] - Script::install_py_dlls(): PyInit__socket
 DEBUG root [2020-10-07 22:50:18,844] - Script::install_py_dlls(): PyInit__ssl
 DEBUG root [2020-10-07 22:50:18,847] - Script::install_py_dlls(): PyInit__hashlib
 DEBUG root [2020-10-07 22:50:18,847] - Script::install_py_dlls(): PyInit_select
 DEBUG root [2020-10-07 22:50:18,847] - Script::install_py_dlls(): PyInit__ctypes
 DEBUG root [2020-10-07 22:50:18,848] - Script::install_py_dlls(): PyInit__elementtree
 DEBUG root [2020-10-07 22:50:18,877] - Script::install_py_dlls(): PyInit_unicodedata
  INFO root [2020-10-07 22:50:18,906] - Script::install(): is successfully, Python=(3.4.2 (default, Aug  4 2020, 19:01:25) [MSC v.1925 32 bit (Intel)])!
  INFO root [2020-10-07 22:50:18,906] - Script::install(): KBExtra is successfully!
  INFO root [2020-10-07 22:50:18,916] - Dbmgr::initializeEnd: digest(CF76820DD839C8B72457A4DB1300AAB9)
S_INFO root [2020-10-07 22:50:18,917] - onDBMgrReady: bootstrapGroupIndex=0, bootstrapGlobalIndex=0
  INFO root [2020-10-07 22:50:18,917] - TelnetServer server is running on port 32000
  INFO root [2020-10-07 22:50:18,917] - Dbmgr::initInterfacesHandler: interfaces addr(127.0.0.1:30099), accountType:(interfaces), chargeType:(interfaces).
  WARN root [2020-10-07 22:50:19,057] - DBUtil::initialize: db(default) password is not encrypted!
please use password(rsa):
B1675E76C4BE56A076299833004E49A885644D3BA63B6EAF1BA8D9DB387DC44DD4F953D4835EE1CB4EA72D44D5E1B0F539DCE7175620561CABA782D443593D474FDC7D1147889C16CEE519A46E41F19AB61D07DA038C2A328BB9C4A5B80BE18058E76C63D8657C40E502A489084A895B1BB5CCB7791484B28C8A723C3DFBA14B
 DEBUG root [2020-10-07 22:50:19,060] - DBInterfaceMysql::attach: connect: localhost:3306 starting...
 DEBUG root [2020-10-07 22:50:19,081] - DBInterfaceMysql::attach: successfully! addr: localhost:3306
  INFO root [2020-10-07 22:50:19,081] - DBUtil::createInterface[0x1dbf058]: interface=default, dbtype=mysql, ip=localhost, port=3306, currdatabase=kbe, username=kbe, connected=yes.

  INFO root [2020-10-07 22:50:19,081] - ThreadPool::createThreadPool: creating  threadpool...
  INFO root [2020-10-07 22:50:19,082] - ThreadPool::createThreadPool: successfully(5), newThreadCount=5, normalMaxThreadCount=5, maxThreadCount=5
 DEBUG root [2020-10-07 22:50:19,082] - DBInterfaceMysql::attach: connect: localhost:3306 starting...
 DEBUG root [2020-10-07 22:50:19,082] - DBInterfaceMysql::attach: connect: localhost:3306 starting...
 DEBUG root [2020-10-07 22:50:19,082] - DBInterfaceMysql::attach: connect: localhost:3306 starting...
 DEBUG root [2020-10-07 22:50:19,083] - DBInterfaceMysql::attach: connect: localhost:3306 starting...
 DEBUG root [2020-10-07 22:50:19,083] - DBInterfaceMysql::attach: connect: localhost:3306 starting...
 DEBUG root [2020-10-07 22:50:19,108] - DBInterfaceMysql::attach: successfully! addr: localhost:3306
 DEBUG root [2020-10-07 22:50:19,108] - DBThread::onStart(): 0x47c9800!
 DEBUG root [2020-10-07 22:50:19,116] - DBInterfaceMysql::attach: successfully! addr: localhost:3306
 DEBUG root [2020-10-07 22:50:19,116] - DBThread::onStart(): 0x47c9888!
 DEBUG root [2020-10-07 22:50:19,124] - DBInterfaceMysql::attach: successfully! addr: localhost:3306
 DEBUG root [2020-10-07 22:50:19,124] - DBThread::onStart(): 0x47c9778!
 DEBUG root [2020-10-07 22:50:19,132] - DBInterfaceMysql::attach: successfully! addr: localhost:3306
 DEBUG root [2020-10-07 22:50:19,133] - DBThread::onStart(): 0x47c95e0!
 DEBUG root [2020-10-07 22:50:19,140] - DBInterfaceMysql::attach: successfully! addr: localhost:3306
 DEBUG root [2020-10-07 22:50:19,140] - DBThread::onStart(): 0x47c9998!
  INFO root [2020-10-07 22:50:19,189] - DBInterfaceMysql::query: successfully!
  INFO root [2020-10-07 22:50:19,193] - DBInterfaceMysql::query: successfully!
  INFO root [2020-10-07 22:50:19,195] - DBInterfaceMysql::query: successfully!
  INFO root [2020-10-07 22:50:19,196] - DBInterfaceMysql::query: successfully!
  INFO root [2020-10-07 22:50:19,197] - DBInterfaceMysql::query: successfully!
  INFO root [2020-10-07 22:50:19,197] - DBInterfaceMysql::query: successfully!
  INFO root [2020-10-07 22:50:19,200] - DBInterfaceMysql::query: successfully!
  INFO root [2020-10-07 22:50:19,201] - DBInterfaceMysql::query: successfully!
  INFO root [2020-10-07 22:50:19,201] - DBInterfaceMysql::query: successfully!
  WARN root [2020-10-07 22:50:19,223] - D:\kbengine-1.2.7\kbe\src\server\dbmgr\dbmgr.cpp:324: Profile scriptCall took 0.31 seconds
  INFO root [2020-10-07 22:50:19,419] - ---- dbmgr is running ----
 DEBUG root [2020-10-07 22:50:19,420] - Components::process(): Request for the process of identity...
  INFO root [2020-10-07 22:50:25,582] - ServerApp::onRegisterNewApp: uid:20322, username:, componentType:interfaces, componentID:320002, globalorderID=-1, grouporderID=-1, intaddr:192.168.2.246, intport:30099, extaddr:nonsupport, extport:0,  from 127.0.0.1:30099/0/0/0.
  INFO root [2020-10-07 22:50:25,583] - Components::addComponent: reset orderLog, uid=20322!
  INFO root [2020-10-07 22:50:25,583] - Components::addComponent[interfaces], uid=20322, componentID=320002, globalorderid=1, grouporderid=1, totalcount=1
  INFO root [2020-10-07 22:50:26,584] - Components::findComponents: find logger(1)...
  INFO root [2020-10-07 22:50:26,640] - Components::findComponents: found logger, addr:192.168.2.246:52101
  INFO root [2020-10-07 22:50:26,641] - Components::addComponent: reset orderLog, uid=20322!
  INFO root [2020-10-07 22:50:26,642] - Components::addComponent[logger], uid=20322, componentID=210002, globalorderid=1, grouporderid=1, totalcount=1
  WARN root [2020-10-07 22:50:26,644] - Forwarding logs to logger[192.168.2.246:52101/0/0/0]...
 ERROR root [2020-10-07 23:09:17,976] - Components::removeComponentByChannel: logger : 210002, Abnormal exit! TCPPacketReceiver::processRecv(): errno=10054

  INFO root [2020-10-07 23:09:18,021] - The following logs sent to logger failed:
  WARN root [2020-10-07 23:09:18,022] - ==> [2020-10-07 23:09:17 976] TCPPacketReceiver::processPendingEvents(192.168.2.246:52101): Throwing REASON_GENERAL_NETWORK - WSAECONNRESET
 ERROR root [2020-10-07 23:09:18,022] - ==> [2020-10-07 23:09:17 977] Components::removeComponentByChannel: logger : 210002, Abnormal exit! TCPPacketReceiver::processRecv(): errno=10054

  INFO root [2020-10-07 23:10:48,755] - 
  INFO root [2020-10-07 23:10:48,755] - -----------------------------------------------------------------------------------------


  INFO root [2020-10-07 23:10:48,756] - Resmgr::initialize: KBE_ROOT=D:/kbengine_24pic/
  INFO root [2020-10-07 23:10:48,756] - Resmgr::initialize: KBE_RES_PATH=D:/kbengine_24pic/kbe/res/;D:/kbengine_24pic/kbengine_stone_assets/;D:/kbengine_24pic/kbengine_stone_assets/scripts/;D:/kbengine_24pic/kbengine_stone_assets/res/
  INFO root [2020-10-07 23:10:48,757] - Resmgr::initialize: KBE_BIN_PATH=D:/kbengine_24pic/kbe/bin/server/
  INFO root [2020-10-07 23:10:48,761] - NetworkInterface::initialize(INTERNAL): bound to all interfaces with default route interface on 192.168.2.246 ( 192.168.2.246:52620 )
  INFO root [2020-10-07 23:10:48,761] - NetworkInterface::initialize(INTERNAL): address 192.168.2.246:52620, SOMAXCONN=5.
  INFO root [2020-10-07 23:10:48,761] - server-configs:
  INFO root [2020-10-07 23:10:48,761] - 	internalAddr : 192.168.2.246:52620
  INFO root [2020-10-07 23:10:48,761] - 	componentID : 42002
  INFO root [2020-10-07 23:10:50,272] - ---- dbmgr Version: 1.2.7. ScriptVersion: 0.1.0. Protocol: 149F584B8A9DE9211BFBD70F243BB430. Config: Debug X86. Built: 19:01:34 Aug  4 2020. AppID: 42002. UID: 24345. PID: 11808 ----
  INFO root [2020-10-07 23:10:50,274] - Server : Intel(R) Core(TM) i5-10210U CPU @ 1.60GHz with 2097151kB RAM
  INFO root [2020-10-07 23:10:50,275] - ThreadPool::createThreadPool: creating  threadpool...
  INFO root [2020-10-07 23:10:50,276] - ThreadPool::createThreadPool: successfully(2), newThreadCount=1, normalMaxThreadCount=2, maxThreadCount=8
 DEBUG root [2020-10-07 23:10:50,420] - Script::install_py_dlls(): PyInit_pyexpat
 DEBUG root [2020-10-07 23:10:50,421] - Script::install_py_dlls(): PyInit__socket
 DEBUG root [2020-10-07 23:10:50,421] - Script::install_py_dlls(): PyInit__ssl
 DEBUG root [2020-10-07 23:10:50,424] - Script::install_py_dlls(): PyInit__hashlib
 DEBUG root [2020-10-07 23:10:50,424] - Script::install_py_dlls(): PyInit_select
 DEBUG root [2020-10-07 23:10:50,424] - Script::install_py_dlls(): PyInit__ctypes
 DEBUG root [2020-10-07 23:10:50,425] - Script::install_py_dlls(): PyInit__elementtree
 DEBUG root [2020-10-07 23:10:50,457] - Script::install_py_dlls(): PyInit_unicodedata
  INFO root [2020-10-07 23:10:50,487] - Script::install(): is successfully, Python=(3.4.2 (default, Aug  4 2020, 19:01:25) [MSC v.1925 32 bit (Intel)])!
  INFO root [2020-10-07 23:10:50,488] - Script::install(): KBExtra is successfully!
  INFO root [2020-10-07 23:10:50,497] - Dbmgr::initializeEnd: digest(CF76820DD839C8B72457A4DB1300AAB9)
S_INFO root [2020-10-07 23:10:50,497] - onDBMgrReady: bootstrapGroupIndex=0, bootstrapGlobalIndex=0
  INFO root [2020-10-07 23:10:50,497] - TelnetServer server is running on port 32000
  INFO root [2020-10-07 23:10:50,498] - Dbmgr::initInterfacesHandler: interfaces addr(127.0.0.1:30099), accountType:(interfaces), chargeType:(interfaces).
  WARN root [2020-10-07 23:10:50,691] - DBUtil::initialize: db(default) password is not encrypted!
please use password(rsa):
271D11CB69EF2BE7F3FE55F550719D8FAE60521B5979675EBABE355F14D911A8F693CCB19DAC617235648B1BE485704F85788D7098A5A59FBE31768E0DF769833299B50E6193B4709A04603D839A5D0E029BC173249AA6B6A82C35D6606D10B27743E24CEC3AED4E88A0160B8B05B470CF85AA4A97D858D228B3C412AFC9CF5F
 DEBUG root [2020-10-07 23:10:50,695] - DBInterfaceMysql::attach: connect: localhost:3306 starting...
 DEBUG root [2020-10-07 23:10:50,746] - DBInterfaceMysql::attach: successfully! addr: localhost:3306
  INFO root [2020-10-07 23:10:50,747] - DBUtil::createInterface[0x1dbf034]: interface=default, dbtype=mysql, ip=localhost, port=3306, currdatabase=kbe, username=kbe, connected=yes.

  INFO root [2020-10-07 23:10:50,747] - ThreadPool::createThreadPool: creating  threadpool...
 DEBUG root [2020-10-07 23:10:50,747] - DBInterfaceMysql::attach: connect: localhost:3306 starting...
  INFO root [2020-10-07 23:10:50,747] - ThreadPool::createThreadPool: successfully(5), newThreadCount=5, normalMaxThreadCount=5, maxThreadCount=5
 DEBUG root [2020-10-07 23:10:50,748] - DBInterfaceMysql::attach: connect: localhost:3306 starting...
 DEBUG root [2020-10-07 23:10:50,748] - DBInterfaceMysql::attach: connect: localhost:3306 starting...
 DEBUG root [2020-10-07 23:10:50,749] - DBInterfaceMysql::attach: connect: localhost:3306 starting...
 DEBUG root [2020-10-07 23:10:50,749] - DBInterfaceMysql::attach: connect: localhost:3306 starting...
 DEBUG root [2020-10-07 23:10:50,778] - DBInterfaceMysql::attach: successfully! addr: localhost:3306
 DEBUG root [2020-10-07 23:10:50,778] - DBThread::onStart(): 0x44cc178!
 DEBUG root [2020-10-07 23:10:50,786] - DBInterfaceMysql::attach: successfully! addr: localhost:3306
 DEBUG root [2020-10-07 23:10:50,786] - DBThread::onStart(): 0x44cc288!
 DEBUG root [2020-10-07 23:10:50,793] - DBInterfaceMysql::attach: successfully! addr: localhost:3306
 DEBUG root [2020-10-07 23:10:50,794] - DBThread::onStart(): 0x44cc5b8!
 DEBUG root [2020-10-07 23:10:50,801] - DBInterfaceMysql::attach: successfully! addr: localhost:3306
 DEBUG root [2020-10-07 23:10:50,801] - DBThread::onStart(): 0x44cbf58!
 DEBUG root [2020-10-07 23:10:50,808] - DBInterfaceMysql::attach: successfully! addr: localhost:3306
 DEBUG root [2020-10-07 23:10:50,808] - DBThread::onStart(): 0x44cc4a8!
  INFO root [2020-10-07 23:10:50,855] - DBInterfaceMysql::query: successfully!
  INFO root [2020-10-07 23:10:50,861] - DBInterfaceMysql::query: successfully!
  INFO root [2020-10-07 23:10:50,863] - DBInterfaceMysql::query: successfully!
  INFO root [2020-10-07 23:10:50,863] - DBInterfaceMysql::query: successfully!
  INFO root [2020-10-07 23:10:50,863] - DBInterfaceMysql::query: successfully!
  INFO root [2020-10-07 23:10:50,864] - DBInterfaceMysql::query: successfully!
  INFO root [2020-10-07 23:10:50,864] - DBInterfaceMysql::query: successfully!
  INFO root [2020-10-07 23:10:50,865] - DBInterfaceMysql::query: successfully!
  INFO root [2020-10-07 23:10:50,866] - DBInterfaceMysql::query: successfully!
  WARN root [2020-10-07 23:10:50,890] - D:\kbengine-1.2.7\kbe\src\server\dbmgr\dbmgr.cpp:324: Profile scriptCall took 0.39 seconds
  INFO root [2020-10-07 23:10:51,095] - ---- dbmgr is running ----
 DEBUG root [2020-10-07 23:10:51,095] - Components::process(): Request for the process of identity...
  INFO root [2020-10-07 23:10:57,268] - ServerApp::onRegisterNewApp: uid:24345, username:, componentType:interfaces, componentID:320002, globalorderID=-1, grouporderID=-1, intaddr:192.168.2.246, intport:30099, extaddr:nonsupport, extport:0,  from 127.0.0.1:30099/0/0/0.
  INFO root [2020-10-07 23:10:57,269] - Components::addComponent: reset orderLog, uid=24345!
  INFO root [2020-10-07 23:10:57,269] - Components::addComponent[interfaces], uid=24345, componentID=320002, globalorderid=1, grouporderid=1, totalcount=1
  INFO root [2020-10-07 23:10:58,278] - Components::findComponents: find logger(1)...
  INFO root [2020-10-07 23:10:58,357] - Components::findComponents: found logger, addr:192.168.2.246:52618
  INFO root [2020-10-07 23:10:58,357] - Components::addComponent: reset orderLog, uid=24345!
  INFO root [2020-10-07 23:10:58,357] - Components::addComponent[logger], uid=24345, componentID=210002, globalorderid=1, grouporderid=1, totalcount=1
  WARN root [2020-10-07 23:10:58,358] - Forwarding logs to logger[192.168.2.246:52618/0/0/0]...
 ERROR root [2020-10-07 23:18:57,828] - Components::removeComponentByChannel: logger : 210002, Abnormal exit! TCPPacketReceiver::processRecv(): errno=10054

  INFO root [2020-10-07 23:18:57,828] - The following logs sent to logger failed:
  WARN root [2020-10-07 23:18:57,828] - ==> [2020-10-07 23:18:57 837] TCPPacketReceiver::processPendingEvents(192.168.2.246:52618): Throwing REASON_GENERAL_NETWORK - WSAECONNRESET
 ERROR root [2020-10-07 23:18:57,828] - ==> [2020-10-07 23:18:57 840] Components::removeComponentByChannel: logger : 210002, Abnormal exit! TCPPacketReceiver::processRecv(): errno=10054

