  INFO root [2020-10-11 18:20:14,050] - 
  INFO root [2020-10-11 18:20:14,050] - -----------------------------------------------------------------------------------------


  INFO root [2020-10-11 18:20:14,051] - Resmgr::initialize: KBE_ROOT=D:/kbengine_24pic/
  INFO root [2020-10-11 18:20:14,051] - Resmgr::initialize: KBE_RES_PATH=D:/kbengine_24pic/kbe/res/;D:/kbengine_24pic/kbengine_stone_assets/;D:/kbengine_24pic/kbengine_stone_assets/scripts/;D:/kbengine_24pic/kbengine_stone_assets/res/
  INFO root [2020-10-11 18:20:14,051] - Resmgr::initialize: KBE_BIN_PATH=D:/kbengine_24pic/kbe/bin/server/
  INFO root [2020-10-11 18:20:14,054] - NetworkInterface::initialize(INTERNAL): bound to all interfaces with default route interface on 192.168.2.246 ( 192.168.2.246:50724 )
  INFO root [2020-10-11 18:20:14,055] - NetworkInterface::initialize(INTERNAL): address 192.168.2.246:50724, SOMAXCONN=5.
  INFO root [2020-10-11 18:20:14,055] - server-configs:
  INFO root [2020-10-11 18:20:14,055] - 	internalAddr : 192.168.2.246:50724
  INFO root [2020-10-11 18:20:14,055] - 	componentID : 42002
  INFO root [2020-10-11 18:20:15,562] - ---- dbmgr Version: 1.2.7. ScriptVersion: 0.1.0. Protocol: 149F584B8A9DE9211BFBD70F243BB430. Config: Debug X86. Built: 19:01:34 Aug  4 2020. AppID: 42002. UID: 14650. PID: 2024 ----
  INFO root [2020-10-11 18:20:15,563] - Server : Intel(R) Core(TM) i5-10210U CPU @ 1.60GHz with 2097151kB RAM
  INFO root [2020-10-11 18:20:15,563] - ThreadPool::createThreadPool: creating  threadpool...
  INFO root [2020-10-11 18:20:15,563] - ThreadPool::createThreadPool: successfully(2), newThreadCount=1, normalMaxThreadCount=2, maxThreadCount=8
 DEBUG root [2020-10-11 18:20:15,693] - Script::install_py_dlls(): PyInit_pyexpat
 DEBUG root [2020-10-11 18:20:15,694] - Script::install_py_dlls(): PyInit__socket
 DEBUG root [2020-10-11 18:20:15,694] - Script::install_py_dlls(): PyInit__ssl
 DEBUG root [2020-10-11 18:20:15,696] - Script::install_py_dlls(): PyInit__hashlib
 DEBUG root [2020-10-11 18:20:15,697] - Script::install_py_dlls(): PyInit_select
 DEBUG root [2020-10-11 18:20:15,697] - Script::install_py_dlls(): PyInit__ctypes
 DEBUG root [2020-10-11 18:20:15,697] - Script::install_py_dlls(): PyInit__elementtree
 DEBUG root [2020-10-11 18:20:15,726] - Script::install_py_dlls(): PyInit_unicodedata
  INFO root [2020-10-11 18:20:15,754] - Script::install(): is successfully, Python=(3.4.2 (default, Aug  4 2020, 19:01:25) [MSC v.1925 32 bit (Intel)])!
  INFO root [2020-10-11 18:20:15,754] - Script::install(): KBExtra is successfully!
  INFO root [2020-10-11 18:20:15,764] - Dbmgr::initializeEnd: digest(0C0C3938A898C6C77527730163FA322C)
S_INFO root [2020-10-11 18:20:15,765] - onDBMgrReady: bootstrapGroupIndex=0, bootstrapGlobalIndex=0
  INFO root [2020-10-11 18:20:15,765] - TelnetServer server is running on port 32000
  INFO root [2020-10-11 18:20:15,765] - Dbmgr::initInterfacesHandler: interfaces addr(127.0.0.1:30099), accountType:(interfaces), chargeType:(interfaces).
  WARN root [2020-10-11 18:20:15,904] - DBUtil::initialize: db(default) password is not encrypted!
please use password(rsa):
A32FECC182C01D5CAB61E295DB709825801146576CDBC948B8A45982F76E728C1C1993C9EB5DE8A64F8B0C5A58647B67F3E510D33B2D23D304652D60439EFB0AB0EA95D8EBFF1000F59F81B6113B57ED1BE6B38481D4AF45D093398527C250E1653B7B354D9DDEAE16B034E8B0288A7C7DBD50123E1DC337827F8A2C4F2A119E
 DEBUG root [2020-10-11 18:20:15,907] - DBInterfaceMysql::attach: connect: localhost:3306 starting...
 DEBUG root [2020-10-11 18:20:15,956] - DBInterfaceMysql::attach: successfully! addr: localhost:3306
  INFO root [2020-10-11 18:20:15,956] - DBUtil::createInterface[0x4fed70]: interface=default, dbtype=mysql, ip=localhost, port=3306, currdatabase=kbe, username=kbe, connected=yes.

  INFO root [2020-10-11 18:20:15,957] - ThreadPool::createThreadPool: creating  threadpool...
  INFO root [2020-10-11 18:20:15,957] - ThreadPool::createThreadPool: successfully(5), newThreadCount=5, normalMaxThreadCount=5, maxThreadCount=5
 DEBUG root [2020-10-11 18:20:15,957] - DBInterfaceMysql::attach: connect: localhost:3306 starting...
 DEBUG root [2020-10-11 18:20:15,958] - DBInterfaceMysql::attach: connect: localhost:3306 starting...
 DEBUG root [2020-10-11 18:20:15,958] - DBInterfaceMysql::attach: connect: localhost:3306 starting...
 DEBUG root [2020-10-11 18:20:15,958] - DBInterfaceMysql::attach: connect: localhost:3306 starting...
 DEBUG root [2020-10-11 18:20:15,959] - DBInterfaceMysql::attach: connect: localhost:3306 starting...
 DEBUG root [2020-10-11 18:20:15,986] - DBInterfaceMysql::attach: successfully! addr: localhost:3306
 DEBUG root [2020-10-11 18:20:15,986] - DBThread::onStart(): 0x4282260!
 DEBUG root [2020-10-11 18:20:15,994] - DBInterfaceMysql::attach: successfully! addr: localhost:3306
 DEBUG root [2020-10-11 18:20:15,994] - DBThread::onStart(): 0x4281fb8!
 DEBUG root [2020-10-11 18:20:16,002] - DBInterfaceMysql::attach: successfully! addr: localhost:3306
 DEBUG root [2020-10-11 18:20:16,003] - DBThread::onStart(): 0x4282a58!
 DEBUG root [2020-10-11 18:20:16,010] - DBInterfaceMysql::attach: successfully! addr: localhost:3306
 DEBUG root [2020-10-11 18:20:16,011] - DBThread::onStart(): 0x4282370!
 DEBUG root [2020-10-11 18:20:16,018] - DBInterfaceMysql::attach: successfully! addr: localhost:3306
 DEBUG root [2020-10-11 18:20:16,018] - DBThread::onStart(): 0x42828c0!
  INFO root [2020-10-11 18:20:16,064] - DBInterfaceMysql::query: successfully!
  INFO root [2020-10-11 18:20:16,067] - DBInterfaceMysql::query: successfully!
  INFO root [2020-10-11 18:20:16,069] - DBInterfaceMysql::query: successfully!
  INFO root [2020-10-11 18:20:16,071] - DBInterfaceMysql::query: successfully!
  INFO root [2020-10-11 18:20:16,071] - DBInterfaceMysql::query: successfully!
  INFO root [2020-10-11 18:20:16,075] - DBInterfaceMysql::query: successfully!
  INFO root [2020-10-11 18:20:16,076] - DBInterfaceMysql::query: successfully!
  INFO root [2020-10-11 18:20:16,076] - DBInterfaceMysql::query: successfully!
  INFO root [2020-10-11 18:20:16,076] - DBInterfaceMysql::query: successfully!
  WARN root [2020-10-11 18:20:16,098] - D:\kbengine-1.2.7\kbe\src\server\dbmgr\dbmgr.cpp:324: Profile scriptCall took 0.33 seconds
  INFO root [2020-10-11 18:20:16,297] - ---- dbmgr is running ----
 DEBUG root [2020-10-11 18:20:16,298] - Components::process(): Request for the process of identity...
  INFO root [2020-10-11 18:20:22,467] - ServerApp::onRegisterNewApp: uid:14650, username:, componentType:interfaces, componentID:320002, globalorderID=-1, grouporderID=-1, intaddr:192.168.2.246, intport:30099, extaddr:nonsupport, extport:0,  from 127.0.0.1:30099/0/0/0.
  INFO root [2020-10-11 18:20:22,467] - Components::addComponent: reset orderLog, uid=14650!
  INFO root [2020-10-11 18:20:22,467] - Components::addComponent[interfaces], uid=14650, componentID=320002, globalorderid=1, grouporderid=1, totalcount=1
  INFO root [2020-10-11 18:20:23,484] - Components::findComponents: find logger(1)...
  WARN root [2020-10-11 18:20:23,818] - BundleBroadcast::BundleBroadcast: Cannot bind to port 20938, errorno=10048
  INFO root [2020-10-11 18:20:24,824] - Components::findComponents: find logger(2)...
  INFO root [2020-10-11 18:20:24,928] - Components::findComponents: found logger, addr:192.168.2.246:50723
  INFO root [2020-10-11 18:20:24,929] - Components::addComponent: reset orderLog, uid=14650!
  INFO root [2020-10-11 18:20:24,930] - Components::addComponent[logger], uid=14650, componentID=210002, globalorderid=1, grouporderid=1, totalcount=1
  WARN root [2020-10-11 18:20:24,932] - Forwarding logs to logger[192.168.2.246:50723/0/0/0]...
 ERROR root [2020-10-11 18:22:02,438] - Components::removeComponentByChannel: logger : 210002, Abnormal exit! TCPPacketReceiver::processRecv(): errno=10054

  INFO root [2020-10-11 18:22:02,439] - The following logs sent to logger failed:
  WARN root [2020-10-11 18:22:02,440] - ==> [2020-10-11 18:22:02 437] TCPPacketReceiver::processPendingEvents(192.168.2.246:50723): Throwing REASON_GENERAL_NETWORK - WSAECONNRESET
 ERROR root [2020-10-11 18:22:02,440] - ==> [2020-10-11 18:22:02 439] Components::removeComponentByChannel: logger : 210002, Abnormal exit! TCPPacketReceiver::processRecv(): errno=10054

  INFO root [2020-10-11 18:28:58,868] - 
  INFO root [2020-10-11 18:28:58,870] - -----------------------------------------------------------------------------------------


  INFO root [2020-10-11 18:28:58,871] - Resmgr::initialize: KBE_ROOT=D:/kbengine_24pic/
  INFO root [2020-10-11 18:28:58,871] - Resmgr::initialize: KBE_RES_PATH=D:/kbengine_24pic/kbe/res/;D:/kbengine_24pic/kbengine_stone_assets/;D:/kbengine_24pic/kbengine_stone_assets/scripts/;D:/kbengine_24pic/kbengine_stone_assets/res/
  INFO root [2020-10-11 18:28:58,871] - Resmgr::initialize: KBE_BIN_PATH=D:/kbengine_24pic/kbe/bin/server/
  INFO root [2020-10-11 18:28:58,882] - NetworkInterface::initialize(INTERNAL): bound to all interfaces with default route interface on 192.168.2.246 ( 192.168.2.246:50868 )
  INFO root [2020-10-11 18:28:58,882] - NetworkInterface::initialize(INTERNAL): address 192.168.2.246:50868, SOMAXCONN=5.
  INFO root [2020-10-11 18:28:58,883] - server-configs:
  INFO root [2020-10-11 18:28:58,883] - 	internalAddr : 192.168.2.246:50868
  INFO root [2020-10-11 18:28:58,883] - 	componentID : 42002
  INFO root [2020-10-11 18:28:59,272] - Components::findLogger: found logger, addr:192.168.2.246:50865
  INFO root [2020-10-11 18:28:59,273] - Components::addComponent: reset orderLog, uid=16361!
  INFO root [2020-10-11 18:28:59,273] - Components::addComponent[logger], uid=16361, componentID=210002, globalorderid=1, grouporderid=1, totalcount=1
  INFO root [2020-10-11 18:28:59,277] - ---- dbmgr Version: 1.2.7. ScriptVersion: 0.1.0. Protocol: 149F584B8A9DE9211BFBD70F243BB430. Config: Debug X86. Built: 19:01:34 Aug  4 2020. AppID: 42002. UID: 16361. PID: 11128 ----
  INFO root [2020-10-11 18:28:59,277] - Server : Intel(R) Core(TM) i5-10210U CPU @ 1.60GHz with 2097151kB RAM
  INFO root [2020-10-11 18:28:59,277] - ThreadPool::createThreadPool: creating  threadpool...
  INFO root [2020-10-11 18:28:59,278] - ThreadPool::createThreadPool: successfully(2), newThreadCount=1, normalMaxThreadCount=2, maxThreadCount=8
 DEBUG root [2020-10-11 18:28:59,417] - Script::install_py_dlls(): PyInit_pyexpat
 DEBUG root [2020-10-11 18:28:59,418] - Script::install_py_dlls(): PyInit__socket
 DEBUG root [2020-10-11 18:28:59,419] - Script::install_py_dlls(): PyInit__ssl
 DEBUG root [2020-10-11 18:28:59,423] - Script::install_py_dlls(): PyInit__hashlib
 DEBUG root [2020-10-11 18:28:59,425] - Script::install_py_dlls(): PyInit_select
 DEBUG root [2020-10-11 18:28:59,425] - Script::install_py_dlls(): PyInit__ctypes
 DEBUG root [2020-10-11 18:28:59,426] - Script::install_py_dlls(): PyInit__elementtree
 DEBUG root [2020-10-11 18:28:59,473] - Script::install_py_dlls(): PyInit_unicodedata
  INFO root [2020-10-11 18:28:59,516] - Script::install(): is successfully, Python=(3.4.2 (default, Aug  4 2020, 19:01:25) [MSC v.1925 32 bit (Intel)])!
  INFO root [2020-10-11 18:28:59,516] - Script::install(): KBExtra is successfully!
  INFO root [2020-10-11 18:28:59,532] - Dbmgr::initializeEnd: digest(0C0C3938A898C6C77527730163FA322C)
S_INFO root [2020-10-11 18:28:59,532] - onDBMgrReady: bootstrapGroupIndex=0, bootstrapGlobalIndex=0
  INFO root [2020-10-11 18:28:59,532] - TelnetServer server is running on port 32000
  INFO root [2020-10-11 18:28:59,533] - Dbmgr::initInterfacesHandler: interfaces addr(127.0.0.1:30099), accountType:(interfaces), chargeType:(interfaces).
  WARN root [2020-10-11 18:28:59,759] - DBUtil::initialize: db(default) password is not encrypted!
please use password(rsa):
558820A051A68B40CBFC7A4E54856795C13AC83CE0F5C954F7AA73504CAE46360FB5E649A71468BE8CF4472A530E4FEA04ABAEE14F6A4366ADD36656C6C76D01991498CA0E43FE4AE9A70B84A9B238627E4C358CB2C806413FC7BFD0872D46759F6736727DED71B023B6FCD6361A133EDDFE685DA4433FF6EE455F4A92D37090
 DEBUG root [2020-10-11 18:28:59,762] - DBInterfaceMysql::attach: connect: localhost:3306 starting...
 DEBUG root [2020-10-11 18:28:59,814] - DBInterfaceMysql::attach: successfully! addr: localhost:3306
  INFO root [2020-10-11 18:28:59,814] - DBUtil::createInterface[0xa9f2c8]: interface=default, dbtype=mysql, ip=localhost, port=3306, currdatabase=kbe, username=kbe, connected=yes.

  INFO root [2020-10-11 18:28:59,815] - ThreadPool::createThreadPool: creating  threadpool...
 DEBUG root [2020-10-11 18:28:59,815] - DBInterfaceMysql::attach: connect: localhost:3306 starting...
  INFO root [2020-10-11 18:28:59,816] - ThreadPool::createThreadPool: successfully(5), newThreadCount=5, normalMaxThreadCount=5, maxThreadCount=5
 DEBUG root [2020-10-11 18:28:59,816] - DBInterfaceMysql::attach: connect: localhost:3306 starting...
 DEBUG root [2020-10-11 18:28:59,816] - DBInterfaceMysql::attach: connect: localhost:3306 starting...
 DEBUG root [2020-10-11 18:28:59,816] - DBInterfaceMysql::attach: connect: localhost:3306 starting...
 DEBUG root [2020-10-11 18:28:59,816] - DBInterfaceMysql::attach: connect: localhost:3306 starting...
 DEBUG root [2020-10-11 18:28:59,845] - DBInterfaceMysql::attach: successfully! addr: localhost:3306
 DEBUG root [2020-10-11 18:28:59,846] - DBThread::onStart(): 0x469f768!
 DEBUG root [2020-10-11 18:28:59,854] - DBInterfaceMysql::attach: successfully! addr: localhost:3306
 DEBUG root [2020-10-11 18:28:59,854] - DBThread::onStart(): 0x469f548!
 DEBUG root [2020-10-11 18:28:59,862] - DBInterfaceMysql::attach: successfully! addr: localhost:3306
 DEBUG root [2020-10-11 18:28:59,862] - DBThread::onStart(): 0x469f658!
 DEBUG root [2020-10-11 18:28:59,872] - DBInterfaceMysql::attach: successfully! addr: localhost:3306
 DEBUG root [2020-10-11 18:28:59,872] - DBThread::onStart(): 0x469f080!
 DEBUG root [2020-10-11 18:28:59,878] - DBInterfaceMysql::attach: successfully! addr: localhost:3306
 DEBUG root [2020-10-11 18:28:59,878] - DBThread::onStart(): 0x469e888!
  INFO root [2020-10-11 18:28:59,918] - DBInterfaceMysql::query: successfully!
  INFO root [2020-10-11 18:28:59,922] - DBInterfaceMysql::query: successfully!
  INFO root [2020-10-11 18:28:59,922] - DBInterfaceMysql::query: successfully!
  INFO root [2020-10-11 18:28:59,924] - DBInterfaceMysql::query: successfully!
  INFO root [2020-10-11 18:28:59,924] - DBInterfaceMysql::query: successfully!
  INFO root [2020-10-11 18:28:59,925] - DBInterfaceMysql::query: successfully!
  INFO root [2020-10-11 18:28:59,925] - DBInterfaceMysql::query: successfully!
  INFO root [2020-10-11 18:28:59,925] - DBInterfaceMysql::query: successfully!
  INFO root [2020-10-11 18:28:59,925] - DBInterfaceMysql::query: successfully!
  WARN root [2020-10-11 18:28:59,953] - D:\kbengine-1.2.7\kbe\src\server\dbmgr\dbmgr.cpp:324: Profile scriptCall took 0.42 seconds
  INFO root [2020-10-11 18:29:00,148] - ---- dbmgr is running ----
 DEBUG root [2020-10-11 18:29:00,148] - Components::process(): Request for the process of identity...
  WARN root [2020-10-11 18:29:06,301] - Forwarding logs to logger[192.168.2.246:50865/0/0/0]...
 ERROR root [2020-10-11 18:29:33,732] - DBTaskAccountLogin::presentMainThread: entitylog serverGroupID not match. loginName=234, accountName=234, self=14650
 ERROR root [2020-10-11 18:32:01,371] - DBTaskAccountLogin::presentMainThread: entitylog serverGroupID not match. loginName=123, accountName=123, self=14650
 ERROR root [2020-10-11 18:55:55,738] - Components::removeComponentByChannel: logger : 210002, Abnormal exit! TCPPacketReceiver::processRecv(): errno=10054

  INFO root [2020-10-11 18:55:55,743] - The following logs sent to logger failed:
  WARN root [2020-10-11 18:55:55,743] - ==> [2020-10-11 18:55:55 736] TCPPacketReceiver::processPendingEvents(192.168.2.246:50865): Throwing REASON_GENERAL_NETWORK - WSAECONNRESET
 ERROR root [2020-10-11 18:55:55,743] - ==> [2020-10-11 18:55:55 739] Components::removeComponentByChannel: logger : 210002, Abnormal exit! TCPPacketReceiver::processRecv(): errno=10054

  INFO root [2020-10-11 19:03:57,320] - 
  INFO root [2020-10-11 19:03:57,345] - -----------------------------------------------------------------------------------------


  INFO root [2020-10-11 19:03:57,347] - Resmgr::initialize: KBE_ROOT=D:/kbengine_24pic/
  INFO root [2020-10-11 19:03:57,347] - Resmgr::initialize: KBE_RES_PATH=D:/kbengine_24pic/kbe/res/;D:/kbengine_24pic/kbengine_stone_assets/;D:/kbengine_24pic/kbengine_stone_assets/scripts/;D:/kbengine_24pic/kbengine_stone_assets/res/
  INFO root [2020-10-11 19:03:57,348] - Resmgr::initialize: KBE_BIN_PATH=D:/kbengine_24pic/kbe/bin/server/
  INFO root [2020-10-11 19:03:57,356] - NetworkInterface::initialize(INTERNAL): bound to all interfaces with default route interface on 192.168.2.246 ( 192.168.2.246:49789 )
  INFO root [2020-10-11 19:03:57,357] - NetworkInterface::initialize(INTERNAL): address 192.168.2.246:49789, SOMAXCONN=5.
  INFO root [2020-10-11 19:03:57,357] - server-configs:
  INFO root [2020-10-11 19:03:57,357] - 	internalAddr : 192.168.2.246:49789
  INFO root [2020-10-11 19:03:57,357] - 	componentID : 42002
  INFO root [2020-10-11 19:03:57,413] - Components::findLogger: found logger, addr:192.168.2.246:49782
  INFO root [2020-10-11 19:03:57,413] - Components::addComponent: reset orderLog, uid=23140!
  INFO root [2020-10-11 19:03:57,413] - Components::addComponent[logger], uid=23140, componentID=210002, globalorderid=1, grouporderid=1, totalcount=1
  INFO root [2020-10-11 19:03:57,419] - ---- dbmgr Version: 1.2.7. ScriptVersion: 0.1.0. Protocol: 149F584B8A9DE9211BFBD70F243BB430. Config: Debug X86. Built: 19:01:34 Aug  4 2020. AppID: 42002. UID: 23140. PID: 13072 ----
  INFO root [2020-10-11 19:03:57,419] - Server : Intel(R) Core(TM) i5-10210U CPU @ 1.60GHz with 2097151kB RAM
  INFO root [2020-10-11 19:03:57,420] - ThreadPool::createThreadPool: creating  threadpool...
  INFO root [2020-10-11 19:03:57,420] - ThreadPool::createThreadPool: successfully(2), newThreadCount=1, normalMaxThreadCount=2, maxThreadCount=8
 DEBUG root [2020-10-11 19:03:57,571] - Script::install_py_dlls(): PyInit_pyexpat
 DEBUG root [2020-10-11 19:03:57,571] - Script::install_py_dlls(): PyInit__socket
 DEBUG root [2020-10-11 19:03:57,572] - Script::install_py_dlls(): PyInit__ssl
 DEBUG root [2020-10-11 19:03:57,576] - Script::install_py_dlls(): PyInit__hashlib
 DEBUG root [2020-10-11 19:03:57,577] - Script::install_py_dlls(): PyInit_select
 DEBUG root [2020-10-11 19:03:57,577] - Script::install_py_dlls(): PyInit__ctypes
 DEBUG root [2020-10-11 19:03:57,578] - Script::install_py_dlls(): PyInit__elementtree
 DEBUG root [2020-10-11 19:03:57,629] - Script::install_py_dlls(): PyInit_unicodedata
  INFO root [2020-10-11 19:03:57,691] - Script::install(): is successfully, Python=(3.4.2 (default, Aug  4 2020, 19:01:25) [MSC v.1925 32 bit (Intel)])!
  INFO root [2020-10-11 19:03:57,692] - Script::install(): KBExtra is successfully!
  INFO root [2020-10-11 19:03:57,761] - Dbmgr::initializeEnd: digest(0C0C3938A898C6C77527730163FA322C)
S_INFO root [2020-10-11 19:03:57,762] - onDBMgrReady: bootstrapGroupIndex=0, bootstrapGlobalIndex=0
  INFO root [2020-10-11 19:03:57,762] - TelnetServer server is running on port 32000
  INFO root [2020-10-11 19:03:57,763] - Dbmgr::initInterfacesHandler: interfaces addr(127.0.0.1:30099), accountType:(interfaces), chargeType:(interfaces).
  WARN root [2020-10-11 19:03:58,102] - DBUtil::initialize: db(default) password is not encrypted!
please use password(rsa):
6995F8624D645482525D6FB23F8A1EB9B08B743E581BDE44729D7EC9C85F5036E5AC94238C0303E05623E780DEE56DB284D6F90C79000FCF20EF6F52DE09ED117A7E69071BD90BCE029614F254F5642585A139E8DA547CB6E0A3FC144D74C4E42D13A10A26A1C37DE3B56E0EC5C7F4C31D937CFE7FD6241DDEE4148491E7B609
 DEBUG root [2020-10-11 19:03:58,120] - DBInterfaceMysql::attach: connect: localhost:3306 starting...
 DEBUG root [2020-10-11 19:03:58,173] - DBInterfaceMysql::attach: successfully! addr: localhost:3306
  INFO root [2020-10-11 19:03:58,174] - DBUtil::createInterface[0x6feddc]: interface=default, dbtype=mysql, ip=localhost, port=3306, currdatabase=kbe, username=kbe, connected=yes.

  INFO root [2020-10-11 19:03:58,175] - ThreadPool::createThreadPool: creating  threadpool...
 DEBUG root [2020-10-11 19:03:58,176] - DBInterfaceMysql::attach: connect: localhost:3306 starting...
 DEBUG root [2020-10-11 19:03:58,176] - DBInterfaceMysql::attach: connect: localhost:3306 starting...
  INFO root [2020-10-11 19:03:58,177] - ThreadPool::createThreadPool: successfully(5), newThreadCount=5, normalMaxThreadCount=5, maxThreadCount=5
 DEBUG root [2020-10-11 19:03:58,177] - DBInterfaceMysql::attach: connect: localhost:3306 starting...
 DEBUG root [2020-10-11 19:03:58,178] - DBInterfaceMysql::attach: connect: localhost:3306 starting...
 DEBUG root [2020-10-11 19:03:58,178] - DBInterfaceMysql::attach: connect: localhost:3306 starting...
 DEBUG root [2020-10-11 19:03:58,224] - DBInterfaceMysql::attach: successfully! addr: localhost:3306
 DEBUG root [2020-10-11 19:03:58,224] - DBThread::onStart(): 0x401e510!
 DEBUG root [2020-10-11 19:03:58,232] - DBInterfaceMysql::attach: successfully! addr: localhost:3306
 DEBUG root [2020-10-11 19:03:58,232] - DBThread::onStart(): 0x401e268!
 DEBUG root [2020-10-11 19:03:58,240] - DBInterfaceMysql::attach: successfully! addr: localhost:3306
 DEBUG root [2020-10-11 19:03:58,240] - DBThread::onStart(): 0x401e950!
 DEBUG root [2020-10-11 19:03:58,248] - DBInterfaceMysql::attach: successfully! addr: localhost:3306
 DEBUG root [2020-10-11 19:03:58,248] - DBThread::onStart(): 0x401e2f0!
 DEBUG root [2020-10-11 19:03:58,255] - DBInterfaceMysql::attach: successfully! addr: localhost:3306
 DEBUG root [2020-10-11 19:03:58,256] - DBThread::onStart(): 0x401e9d8!
  INFO root [2020-10-11 19:03:58,312] - DBInterfaceMysql::query: successfully!
  INFO root [2020-10-11 19:03:58,333] - DBInterfaceMysql::query: successfully!
  INFO root [2020-10-11 19:03:58,335] - DBInterfaceMysql::query: successfully!
  INFO root [2020-10-11 19:03:58,336] - DBInterfaceMysql::query: successfully!
  INFO root [2020-10-11 19:03:58,336] - DBInterfaceMysql::query: successfully!
  INFO root [2020-10-11 19:03:58,366] - DBInterfaceMysql::query: successfully!
  INFO root [2020-10-11 19:03:58,367] - DBInterfaceMysql::query: successfully!
  INFO root [2020-10-11 19:03:58,368] - DBInterfaceMysql::query: successfully!
  INFO root [2020-10-11 19:03:58,378] - DBInterfaceMysql::query: successfully!
  WARN root [2020-10-11 19:03:58,402] - D:\kbengine-1.2.7\kbe\src\server\dbmgr\dbmgr.cpp:324: Profile scriptCall took 0.64 seconds
  INFO root [2020-10-11 19:03:58,824] - ---- dbmgr is running ----
 DEBUG root [2020-10-11 19:03:58,824] - Components::process(): Request for the process of identity...
  WARN root [2020-10-11 19:04:05,026] - Forwarding logs to logger[192.168.2.246:49782/0/0/0]...
 ERROR root [2020-10-11 19:05:39,842] - DBTaskAccountLogin::presentMainThread: entitylog serverGroupID not match. loginName=234, accountName=234, self=14650
 ERROR root [2020-10-11 19:06:32,934] - Components::removeComponentByChannel: logger : 210002, Abnormal exit! TCPPacketReceiver::processRecv(): errno=10054

  INFO root [2020-10-11 19:06:32,950] - The following logs sent to logger failed:
  WARN root [2020-10-11 19:06:32,950] - ==> [2020-10-11 19:06:32 949] TCPPacketReceiver::processPendingEvents(192.168.2.246:49782): Throwing REASON_GENERAL_NETWORK - WSAECONNRESET
 ERROR root [2020-10-11 19:06:32,950] - ==> [2020-10-11 19:06:32 950] Components::removeComponentByChannel: logger : 210002, Abnormal exit! TCPPacketReceiver::processRecv(): errno=10054

