  INFO root [2020-10-27 19:51:13,227] - 
  INFO root [2020-10-27 19:51:13,227] - -----------------------------------------------------------------------------------------


  INFO root [2020-10-27 19:51:13,227] - Resmgr::initialize: KBE_ROOT=D:/kbengine_24pic/
  INFO root [2020-10-27 19:51:13,227] - Resmgr::initialize: KBE_RES_PATH=D:/kbengine_24pic/kbe/res/;D:/kbengine_24pic/kbengine_stone_assets/;D:/kbengine_24pic/kbengine_stone_assets/scripts/;D:/kbengine_24pic/kbengine_stone_assets/res/
  INFO root [2020-10-27 19:51:13,227] - Resmgr::initialize: KBE_BIN_PATH=D:/kbengine_24pic/kbe/bin/server/
  INFO root [2020-10-27 19:51:13,227] - NetworkInterface::initialize(INTERNAL): bound to all interfaces with default route interface on 192.168.2.246 ( 192.168.2.246:49797 )
  INFO root [2020-10-27 19:51:13,227] - NetworkInterface::initialize(INTERNAL): address 192.168.2.246:49797, SOMAXCONN=5.
  INFO root [2020-10-27 19:51:13,227] - server-configs:
  INFO root [2020-10-27 19:51:13,227] - 	internalAddr : 192.168.2.246:49797
  INFO root [2020-10-27 19:51:13,227] - 	componentID : 42002
  INFO root [2020-10-27 19:51:14,743] - ---- dbmgr Version: 1.2.7. ScriptVersion: 0.1.0. Protocol: 149F584B8A9DE9211BFBD70F243BB430. Config: Debug X86. Built: 19:01:34 Aug  4 2020. AppID: 42002. UID: 24829. PID: 12872 ----
  INFO root [2020-10-27 19:51:14,743] - Server : Intel(R) Core(TM) i5-10210U CPU @ 1.60GHz with 2097151kB RAM
  INFO root [2020-10-27 19:51:14,743] - ThreadPool::createThreadPool: creating  threadpool...
  INFO root [2020-10-27 19:51:14,743] - ThreadPool::createThreadPool: successfully(2), newThreadCount=1, normalMaxThreadCount=2, maxThreadCount=8
 DEBUG root [2020-10-27 19:51:14,868] - Script::install_py_dlls(): PyInit_pyexpat
 DEBUG root [2020-10-27 19:51:14,883] - Script::install_py_dlls(): PyInit__socket
 DEBUG root [2020-10-27 19:51:14,883] - Script::install_py_dlls(): PyInit__ssl
 DEBUG root [2020-10-27 19:51:14,883] - Script::install_py_dlls(): PyInit__hashlib
 DEBUG root [2020-10-27 19:51:14,883] - Script::install_py_dlls(): PyInit_select
 DEBUG root [2020-10-27 19:51:14,883] - Script::install_py_dlls(): PyInit__ctypes
 DEBUG root [2020-10-27 19:51:14,883] - Script::install_py_dlls(): PyInit__elementtree
 DEBUG root [2020-10-27 19:51:14,914] - Script::install_py_dlls(): PyInit_unicodedata
  INFO root [2020-10-27 19:51:14,946] - Script::install(): is successfully, Python=(3.4.2 (default, Aug  4 2020, 19:01:25) [MSC v.1925 32 bit (Intel)])!
  INFO root [2020-10-27 19:51:14,946] - Script::install(): KBExtra is successfully!
  INFO root [2020-10-27 19:51:14,946] - Dbmgr::initializeEnd: digest(0F3E620F5AA14649435B0C4581B15EC8)
S_INFO root [2020-10-27 19:51:14,946] - onDBMgrReady: bootstrapGroupIndex=0, bootstrapGlobalIndex=0
  INFO root [2020-10-27 19:51:14,946] - TelnetServer server is running on port 32000
  INFO root [2020-10-27 19:51:14,946] - Dbmgr::initInterfacesHandler: interfaces addr(127.0.0.1:30099), accountType:(interfaces), chargeType:(interfaces).
  WARN root [2020-10-27 19:51:15,102] - DBUtil::initialize: db(default) password is not encrypted!
please use password(rsa):
57D9CE1881E6FB2306683A36A68EFB7C18751640E629C8129E151E3280E7AFCC39B85FAC63C8E169FEE21EC73FCE59CC6086FE114C78835F247299ECD331821FFFE645643037915E6F9E5CD63C25FED6B02EC4237F6A8C9B7E96F09AD026843BAAAD34827A9A29BF535B3BFAFC4FD43D3CCF575578586F0DE232B7417BCB1DFB
 DEBUG root [2020-10-27 19:51:15,102] - DBInterfaceMysql::attach: connect: localhost:3306 starting...
 DEBUG root [2020-10-27 19:51:15,133] - DBInterfaceMysql::attach: successfully! addr: localhost:3306
  INFO root [2020-10-27 19:51:15,133] - DBUtil::createInterface[0x193f1dc]: interface=default, dbtype=mysql, ip=localhost, port=3306, currdatabase=kbe, username=kbe, connected=yes.

  INFO root [2020-10-27 19:51:15,133] - ThreadPool::createThreadPool: creating  threadpool...
  INFO root [2020-10-27 19:51:15,133] - ThreadPool::createThreadPool: successfully(5), newThreadCount=5, normalMaxThreadCount=5, maxThreadCount=5
 DEBUG root [2020-10-27 19:51:15,133] - DBInterfaceMysql::attach: connect: localhost:3306 starting...
 DEBUG root [2020-10-27 19:51:15,133] - DBInterfaceMysql::attach: connect: localhost:3306 starting...
 DEBUG root [2020-10-27 19:51:15,133] - DBInterfaceMysql::attach: connect: localhost:3306 starting...
 DEBUG root [2020-10-27 19:51:15,133] - DBInterfaceMysql::attach: connect: localhost:3306 starting...
 DEBUG root [2020-10-27 19:51:15,133] - DBInterfaceMysql::attach: connect: localhost:3306 starting...
 DEBUG root [2020-10-27 19:51:15,164] - DBInterfaceMysql::attach: successfully! addr: localhost:3306
 DEBUG root [2020-10-27 19:51:15,164] - DBThread::onStart(): 0x40a9868!
 DEBUG root [2020-10-27 19:51:15,164] - DBInterfaceMysql::attach: successfully! addr: localhost:3306
 DEBUG root [2020-10-27 19:51:15,164] - DBThread::onStart(): 0x40a97e0!
 DEBUG root [2020-10-27 19:51:15,180] - DBInterfaceMysql::attach: successfully! addr: localhost:3306
 DEBUG root [2020-10-27 19:51:15,180] - DBThread::onStart(): 0x40a9b10!
 DEBUG root [2020-10-27 19:51:15,180] - DBInterfaceMysql::attach: successfully! addr: localhost:3306
 DEBUG root [2020-10-27 19:51:15,180] - DBThread::onStart(): 0x40a93a0!
 DEBUG root [2020-10-27 19:51:15,196] - DBInterfaceMysql::attach: successfully! addr: localhost:3306
 DEBUG root [2020-10-27 19:51:15,196] - DBThread::onStart(): 0x40a9a88!
  INFO root [2020-10-27 19:51:15,242] - DBInterfaceMysql::query: successfully!
  INFO root [2020-10-27 19:51:15,242] - DBInterfaceMysql::query: successfully!
  INFO root [2020-10-27 19:51:15,242] - DBInterfaceMysql::query: successfully!
  INFO root [2020-10-27 19:51:15,242] - DBInterfaceMysql::query: successfully!
  INFO root [2020-10-27 19:51:15,242] - DBInterfaceMysql::query: successfully!
  INFO root [2020-10-27 19:51:15,242] - DBInterfaceMysql::query: successfully!
  INFO root [2020-10-27 19:51:15,242] - DBInterfaceMysql::query: successfully!
  INFO root [2020-10-27 19:51:15,242] - DBInterfaceMysql::query: successfully!
  INFO root [2020-10-27 19:51:15,242] - DBInterfaceMysql::query: successfully!
  WARN root [2020-10-27 19:51:15,289] - D:\kbengine-1.2.7\kbe\src\server\dbmgr\dbmgr.cpp:324: Profile scriptCall took 0.33 seconds
  INFO root [2020-10-27 19:51:15,477] - ---- dbmgr is running ----
 DEBUG root [2020-10-27 19:51:15,477] - Components::process(): Request for the process of identity...
  INFO root [2020-10-27 19:51:21,742] - ServerApp::onRegisterNewApp: uid:24829, username:, componentType:interfaces, componentID:320002, globalorderID=-1, grouporderID=-1, intaddr:192.168.2.246, intport:30099, extaddr:nonsupport, extport:0,  from 127.0.0.1:30099/0/0/0.
  INFO root [2020-10-27 19:51:21,742] - Components::addComponent: reset orderLog, uid=24829!
  INFO root [2020-10-27 19:51:21,742] - Components::addComponent[interfaces], uid=24829, componentID=320002, globalorderid=1, grouporderid=1, totalcount=1
  INFO root [2020-10-27 19:51:22,772] - Components::findComponents: find logger(1)...
  INFO root [2020-10-27 19:51:22,772] - Components::findComponents: found logger, addr:192.168.2.246:49800
  INFO root [2020-10-27 19:51:22,772] - Components::addComponent: reset orderLog, uid=24829!
  INFO root [2020-10-27 19:51:22,772] - Components::addComponent[logger], uid=24829, componentID=210002, globalorderid=1, grouporderid=1, totalcount=1
  INFO root [2020-10-27 19:51:22,804] - Components::process(): Found all the components!
  WARN root [2020-10-27 19:51:22,835] - Forwarding logs to logger[192.168.2.246:49800/0/0/0]...
 ERROR root [2020-10-27 21:39:14,692] - Components::removeComponentByChannel: logger : 210002, Abnormal exit! TCPPacketReceiver::processRecv(): errno=10054

  INFO root [2020-10-27 21:39:14,692] - The following logs sent to logger failed:
  WARN root [2020-10-27 21:39:14,692] - ==> [2020-10-27 21:39:14 696] TCPPacketReceiver::processPendingEvents(192.168.2.246:49800): Throwing REASON_GENERAL_NETWORK - WSAECONNRESET
 ERROR root [2020-10-27 21:39:14,692] - ==> [2020-10-27 21:39:14 698] Components::removeComponentByChannel: logger : 210002, Abnormal exit! TCPPacketReceiver::processRecv(): errno=10054

  INFO root [2020-10-27 21:51:14,742] - 
  INFO root [2020-10-27 21:51:14,742] - -----------------------------------------------------------------------------------------


  INFO root [2020-10-27 21:51:14,742] - Resmgr::initialize: KBE_ROOT=D:/kbengine_24pic/
  INFO root [2020-10-27 21:51:14,742] - Resmgr::initialize: KBE_RES_PATH=D:/kbengine_24pic/kbe/res/;D:/kbengine_24pic/kbengine_stone_assets/;D:/kbengine_24pic/kbengine_stone_assets/scripts/;D:/kbengine_24pic/kbengine_stone_assets/res/
  INFO root [2020-10-27 21:51:14,742] - Resmgr::initialize: KBE_BIN_PATH=D:/kbengine_24pic/kbe/bin/server/
  INFO root [2020-10-27 21:51:14,742] - NetworkInterface::initialize(INTERNAL): bound to all interfaces with default route interface on 192.168.2.246 ( 192.168.2.246:49754 )
  INFO root [2020-10-27 21:51:14,742] - NetworkInterface::initialize(INTERNAL): address 192.168.2.246:49754, SOMAXCONN=5.
  INFO root [2020-10-27 21:51:14,742] - server-configs:
  INFO root [2020-10-27 21:51:14,742] - 	internalAddr : 192.168.2.246:49754
  INFO root [2020-10-27 21:51:14,742] - 	componentID : 42002
  INFO root [2020-10-27 21:51:14,825] - Components::findLogger: found logger, addr:192.168.2.246:49753
  INFO root [2020-10-27 21:51:14,825] - Components::addComponent: reset orderLog, uid=15521!
  INFO root [2020-10-27 21:51:14,825] - Components::addComponent[logger], uid=15521, componentID=210002, globalorderid=1, grouporderid=1, totalcount=1
  INFO root [2020-10-27 21:51:14,830] - ---- dbmgr Version: 1.2.7. ScriptVersion: 0.1.0. Protocol: 149F584B8A9DE9211BFBD70F243BB430. Config: Debug X86. Built: 19:01:34 Aug  4 2020. AppID: 42002. UID: 15521. PID: 5996 ----
  INFO root [2020-10-27 21:51:14,830] - Server : Intel(R) Core(TM) i5-10210U CPU @ 1.60GHz with 2097151kB RAM
  INFO root [2020-10-27 21:51:14,830] - ThreadPool::createThreadPool: creating  threadpool...
  INFO root [2020-10-27 21:51:14,830] - ThreadPool::createThreadPool: successfully(2), newThreadCount=1, normalMaxThreadCount=2, maxThreadCount=8
 DEBUG root [2020-10-27 21:51:14,960] - Script::install_py_dlls(): PyInit_pyexpat
 DEBUG root [2020-10-27 21:51:14,960] - Script::install_py_dlls(): PyInit__socket
 DEBUG root [2020-10-27 21:51:14,960] - Script::install_py_dlls(): PyInit__ssl
 DEBUG root [2020-10-27 21:51:14,960] - Script::install_py_dlls(): PyInit__hashlib
 DEBUG root [2020-10-27 21:51:14,960] - Script::install_py_dlls(): PyInit_select
 DEBUG root [2020-10-27 21:51:14,960] - Script::install_py_dlls(): PyInit__ctypes
 DEBUG root [2020-10-27 21:51:14,976] - Script::install_py_dlls(): PyInit__elementtree
 DEBUG root [2020-10-27 21:51:15,007] - Script::install_py_dlls(): PyInit_unicodedata
  INFO root [2020-10-27 21:51:15,043] - Script::install(): is successfully, Python=(3.4.2 (default, Aug  4 2020, 19:01:25) [MSC v.1925 32 bit (Intel)])!
  INFO root [2020-10-27 21:51:15,044] - Script::install(): KBExtra is successfully!
  INFO root [2020-10-27 21:51:15,090] - Dbmgr::initializeEnd: digest(0F3E620F5AA14649435B0C4581B15EC8)
S_INFO root [2020-10-27 21:51:15,090] - onDBMgrReady: bootstrapGroupIndex=0, bootstrapGlobalIndex=0
  INFO root [2020-10-27 21:51:15,090] - TelnetServer server is running on port 32000
  INFO root [2020-10-27 21:51:15,091] - Dbmgr::initInterfacesHandler: interfaces addr(127.0.0.1:30099), accountType:(interfaces), chargeType:(interfaces).
 ERROR root [2020-10-27 21:51:17,092] - InterfacesHandler_Interfaces::reconnect(): couldn't connect to(interfaces server): 127.0.0.1:30099! Check kbengine[_defs].xml->interfaces->host and interfaces.*.log
  WARN root [2020-10-27 21:51:17,093] - D:\kbengine-1.2.7\kbe\src\server\dbmgr\dbmgr.cpp:324: Profile scriptCall took 2.00 seconds
 ERROR root [2020-10-27 21:51:17,093] - app::initialize(): initialization failed!
 DEBUG root [2020-10-27 21:51:17,094] - Script::uninstall_py_dlls(): PyInit_pyexpat
 DEBUG root [2020-10-27 21:51:17,094] - Script::uninstall_py_dlls(): PyInit__socket
 DEBUG root [2020-10-27 21:51:17,094] - Script::uninstall_py_dlls(): PyInit__ssl
 DEBUG root [2020-10-27 21:51:17,095] - Script::uninstall_py_dlls(): PyInit__hashlib
 DEBUG root [2020-10-27 21:51:17,095] - Script::uninstall_py_dlls(): PyInit_select
 DEBUG root [2020-10-27 21:51:17,095] - Script::uninstall_py_dlls(): PyInit__ctypes
 DEBUG root [2020-10-27 21:51:17,095] - Script::uninstall_py_dlls(): PyInit__elementtree
 DEBUG root [2020-10-27 21:51:17,095] - Script::uninstall_py_dlls(): PyInit_unicodedata
  INFO root [2020-10-27 21:51:17,102] - Script::uninstall(): is successfully!
 DEBUG root [2020-10-27 21:51:17,102] - ThreadPool::destroy(): starting size 2.
  WARN root [2020-10-27 21:51:17,403] - ThreadPool::destroy(): waiting for thread(2)[0x257d998,0x257dad0,], try=1
 DEBUG root [2020-10-27 21:51:17,818] - TPThread::~TPThread(): 0x257d998
 DEBUG root [2020-10-27 21:51:17,818] - TPThread::~TPThread(): 0x257dad0
 DEBUG root [2020-10-27 21:51:17,818] - ThreadPool::destroy(): successfully!
 DEBUG root [2020-10-27 21:51:17,819] - Bundle::destroyObjPool(): size 1.
 DEBUG root [2020-10-27 21:51:17,819] - Channel::destroyObjPool(): size 15.
 DEBUG root [2020-10-27 21:51:17,819] - TCPPacket::destroyObjPool(): size 0.
 DEBUG root [2020-10-27 21:51:17,819] - UDPPacket::destroyObjPool(): size 14.
 DEBUG root [2020-10-27 21:51:17,819] - EndPoint::destroyObjPool(): size 15.
 DEBUG root [2020-10-27 21:51:17,819] - Address::destroyObjPool(): size 0.
 DEBUG root [2020-10-27 21:51:17,820] - TCPPacketReceiver::destroyObjPool(): size 0.
 DEBUG root [2020-10-27 21:51:17,820] - UDPPacketReceiver::destroyObjPool(): size 0.
  WARN root [2020-10-27 21:51:17,820] - Forwarding logs to logger[192.168.2.246:49753/0/0/0]...
  INFO root [2020-10-27 21:51:24,685] - EventDispatcher()::~EventDispatcher: Num timers = 1
  INFO root [2020-10-27 21:51:43,622] - 
  INFO root [2020-10-27 21:51:43,638] - -----------------------------------------------------------------------------------------


  INFO root [2020-10-27 21:51:43,638] - Resmgr::initialize: KBE_ROOT=D:/kbengine_24pic/
  INFO root [2020-10-27 21:51:43,638] - Resmgr::initialize: KBE_RES_PATH=D:/kbengine_24pic/kbe/res/;D:/kbengine_24pic/kbengine_stone_assets/;D:/kbengine_24pic/kbengine_stone_assets/scripts/;D:/kbengine_24pic/kbengine_stone_assets/res/
  INFO root [2020-10-27 21:51:43,638] - Resmgr::initialize: KBE_BIN_PATH=D:/kbengine_24pic/kbe/bin/server/
  INFO root [2020-10-27 21:51:43,638] - NetworkInterface::initialize(INTERNAL): bound to all interfaces with default route interface on 192.168.2.246 ( 192.168.2.246:49769 )
  INFO root [2020-10-27 21:51:43,638] - NetworkInterface::initialize(INTERNAL): address 192.168.2.246:49769, SOMAXCONN=5.
  INFO root [2020-10-27 21:51:43,638] - server-configs:
  INFO root [2020-10-27 21:51:43,638] - 	internalAddr : 192.168.2.246:49769
  INFO root [2020-10-27 21:51:43,638] - 	componentID : 42002
  INFO root [2020-10-27 21:51:45,153] - ---- dbmgr Version: 1.2.7. ScriptVersion: 0.1.0. Protocol: 149F584B8A9DE9211BFBD70F243BB430. Config: Debug X86. Built: 19:01:34 Aug  4 2020. AppID: 42002. UID: 15675. PID: 8364 ----
  INFO root [2020-10-27 21:51:45,153] - Server : Intel(R) Core(TM) i5-10210U CPU @ 1.60GHz with 2097151kB RAM
  INFO root [2020-10-27 21:51:45,153] - ThreadPool::createThreadPool: creating  threadpool...
  INFO root [2020-10-27 21:51:45,153] - ThreadPool::createThreadPool: successfully(2), newThreadCount=1, normalMaxThreadCount=2, maxThreadCount=8
 DEBUG root [2020-10-27 21:51:45,278] - Script::install_py_dlls(): PyInit_pyexpat
 DEBUG root [2020-10-27 21:51:45,278] - Script::install_py_dlls(): PyInit__socket
 DEBUG root [2020-10-27 21:51:45,278] - Script::install_py_dlls(): PyInit__ssl
 DEBUG root [2020-10-27 21:51:45,278] - Script::install_py_dlls(): PyInit__hashlib
 DEBUG root [2020-10-27 21:51:45,278] - Script::install_py_dlls(): PyInit_select
 DEBUG root [2020-10-27 21:51:45,278] - Script::install_py_dlls(): PyInit__ctypes
 DEBUG root [2020-10-27 21:51:45,278] - Script::install_py_dlls(): PyInit__elementtree
 DEBUG root [2020-10-27 21:51:45,309] - Script::install_py_dlls(): PyInit_unicodedata
  INFO root [2020-10-27 21:51:45,341] - Script::install(): is successfully, Python=(3.4.2 (default, Aug  4 2020, 19:01:25) [MSC v.1925 32 bit (Intel)])!
  INFO root [2020-10-27 21:51:45,341] - Script::install(): KBExtra is successfully!
  INFO root [2020-10-27 21:51:45,356] - Dbmgr::initializeEnd: digest(0F3E620F5AA14649435B0C4581B15EC8)
S_INFO root [2020-10-27 21:51:45,356] - onDBMgrReady: bootstrapGroupIndex=0, bootstrapGlobalIndex=0
  INFO root [2020-10-27 21:51:45,356] - TelnetServer server is running on port 32000
  INFO root [2020-10-27 21:51:45,356] - Dbmgr::initInterfacesHandler: interfaces addr(127.0.0.1:30099), accountType:(interfaces), chargeType:(interfaces).
  WARN root [2020-10-27 21:51:45,512] - DBUtil::initialize: db(default) password is not encrypted!
please use password(rsa):
B483CC0266FB6CE47101F2D4F8756D1E557E9C347C6C0B6CC570BB9C812A19E2172AC01B477DE04B88E7144EEFA67C23DB5824C31750008D35548325FB5A38FAA2882F33448E476355211AD7E6689794ED6A04EED12B90B447CA47165A50652134E86884199149CBB2980140CF3915FDA07017C8ED882DF43A6E6A85DB22FDD7
 DEBUG root [2020-10-27 21:51:45,512] - DBInterfaceMysql::attach: connect: localhost:3306 starting...
 DEBUG root [2020-10-27 21:51:45,559] - DBInterfaceMysql::attach: successfully! addr: localhost:3306
  INFO root [2020-10-27 21:51:45,559] - DBUtil::createInterface[0x3bf1fc]: interface=default, dbtype=mysql, ip=localhost, port=3306, currdatabase=kbe, username=kbe, connected=yes.

  INFO root [2020-10-27 21:51:45,559] - ThreadPool::createThreadPool: creating  threadpool...
  INFO root [2020-10-27 21:51:45,559] - ThreadPool::createThreadPool: successfully(5), newThreadCount=5, normalMaxThreadCount=5, maxThreadCount=5
 DEBUG root [2020-10-27 21:51:45,559] - DBInterfaceMysql::attach: connect: localhost:3306 starting...
 DEBUG root [2020-10-27 21:51:45,559] - DBInterfaceMysql::attach: connect: localhost:3306 starting...
 DEBUG root [2020-10-27 21:51:45,559] - DBInterfaceMysql::attach: connect: localhost:3306 starting...
 DEBUG root [2020-10-27 21:51:45,559] - DBInterfaceMysql::attach: connect: localhost:3306 starting...
 DEBUG root [2020-10-27 21:51:45,559] - DBInterfaceMysql::attach: connect: localhost:3306 starting...
 DEBUG root [2020-10-27 21:51:45,590] - DBInterfaceMysql::attach: successfully! addr: localhost:3306
 DEBUG root [2020-10-27 21:51:45,590] - DBThread::onStart(): 0x42f96a0!
 DEBUG root [2020-10-27 21:51:45,590] - DBInterfaceMysql::attach: successfully! addr: localhost:3306
 DEBUG root [2020-10-27 21:51:45,590] - DBThread::onStart(): 0x42f8fb8!
 DEBUG root [2020-10-27 21:51:45,606] - DBInterfaceMysql::attach: successfully! addr: localhost:3306
 DEBUG root [2020-10-27 21:51:45,606] - DBThread::onStart(): 0x42f8f30!
 DEBUG root [2020-10-27 21:51:45,606] - DBInterfaceMysql::attach: successfully! addr: localhost:3306
 DEBUG root [2020-10-27 21:51:45,606] - DBThread::onStart(): 0x42f9948!
 DEBUG root [2020-10-27 21:51:45,606] - DBInterfaceMysql::attach: successfully! addr: localhost:3306
 DEBUG root [2020-10-27 21:51:45,622] - DBThread::onStart(): 0x42f9ae0!
  INFO root [2020-10-27 21:51:45,684] - DBInterfaceMysql::query: successfully!
  INFO root [2020-10-27 21:51:45,700] - DBInterfaceMysql::query: successfully!
  INFO root [2020-10-27 21:51:45,715] - DBInterfaceMysql::query: successfully!
  INFO root [2020-10-27 21:51:45,715] - DBInterfaceMysql::query: successfully!
  INFO root [2020-10-27 21:51:45,731] - DBInterfaceMysql::query: successfully!
  INFO root [2020-10-27 21:51:45,731] - DBInterfaceMysql::query: successfully!
  INFO root [2020-10-27 21:51:45,731] - DBInterfaceMysql::query: successfully!
  INFO root [2020-10-27 21:51:45,731] - DBInterfaceMysql::query: successfully!
  INFO root [2020-10-27 21:51:45,731] - DBInterfaceMysql::query: successfully!
  WARN root [2020-10-27 21:51:45,762] - D:\kbengine-1.2.7\kbe\src\server\dbmgr\dbmgr.cpp:324: Profile scriptCall took 0.40 seconds
  INFO root [2020-10-27 21:51:45,997] - ---- dbmgr is running ----
 DEBUG root [2020-10-27 21:51:45,997] - Components::process(): Request for the process of identity...
  INFO root [2020-10-27 21:51:52,279] - ServerApp::onRegisterNewApp: uid:15675, username:, componentType:interfaces, componentID:320002, globalorderID=-1, grouporderID=-1, intaddr:192.168.2.246, intport:30099, extaddr:nonsupport, extport:0,  from 127.0.0.1:30099/0/0/0.
  INFO root [2020-10-27 21:51:52,279] - Components::addComponent: reset orderLog, uid=15675!
  INFO root [2020-10-27 21:51:52,279] - Components::addComponent[interfaces], uid=15675, componentID=320002, globalorderid=1, grouporderid=1, totalcount=1
  INFO root [2020-10-27 21:51:53,295] - Components::findComponents: find logger(1)...
  INFO root [2020-10-27 21:51:53,357] - Components::findComponents: found logger, addr:192.168.2.246:49766
  INFO root [2020-10-27 21:51:53,357] - Components::addComponent: reset orderLog, uid=15675!
  INFO root [2020-10-27 21:51:53,357] - Components::addComponent[logger], uid=15675, componentID=210002, globalorderid=1, grouporderid=1, totalcount=1
  WARN root [2020-10-27 21:51:53,357] - Forwarding logs to logger[192.168.2.246:49766/0/0/0]...
 ERROR root [2020-10-27 21:52:04,417] - Components::removeComponentByChannel: logger : 210002, Abnormal exit! TCPPacketReceiver::processRecv(): errno=10054

  INFO root [2020-10-27 21:52:04,433] - The following logs sent to logger failed:
  WARN root [2020-10-27 21:52:04,433] - ==> [2020-10-27 21:52:04 427] TCPPacketReceiver::processPendingEvents(192.168.2.246:49766): Throwing REASON_GENERAL_NETWORK - WSAECONNRESET
 ERROR root [2020-10-27 21:52:04,433] - ==> [2020-10-27 21:52:04 431] Components::removeComponentByChannel: logger : 210002, Abnormal exit! TCPPacketReceiver::processRecv(): errno=10054

  INFO root [2020-10-27 21:52:07,682] - 
  INFO root [2020-10-27 21:52:07,682] - -----------------------------------------------------------------------------------------


  INFO root [2020-10-27 21:52:07,698] - Resmgr::initialize: KBE_ROOT=D:/kbengine_24pic/
  INFO root [2020-10-27 21:52:07,698] - Resmgr::initialize: KBE_RES_PATH=D:/kbengine_24pic/kbe/res/;D:/kbengine_24pic/kbengine_stone_assets/;D:/kbengine_24pic/kbengine_stone_assets/scripts/;D:/kbengine_24pic/kbengine_stone_assets/res/
  INFO root [2020-10-27 21:52:07,698] - Resmgr::initialize: KBE_BIN_PATH=D:/kbengine_24pic/kbe/bin/server/
  INFO root [2020-10-27 21:52:07,698] - NetworkInterface::initialize(INTERNAL): bound to all interfaces with default route interface on 192.168.2.246 ( 192.168.2.246:49802 )
  INFO root [2020-10-27 21:52:07,698] - NetworkInterface::initialize(INTERNAL): address 192.168.2.246:49802, SOMAXCONN=5.
  INFO root [2020-10-27 21:52:07,698] - server-configs:
  INFO root [2020-10-27 21:52:07,698] - 	internalAddr : 192.168.2.246:49802
  INFO root [2020-10-27 21:52:07,698] - 	componentID : 42002
  INFO root [2020-10-27 21:52:09,213] - ---- dbmgr Version: 1.2.7. ScriptVersion: 0.1.0. Protocol: 149F584B8A9DE9211BFBD70F243BB430. Config: Debug X86. Built: 19:01:34 Aug  4 2020. AppID: 42002. UID: 15753. PID: 10828 ----
  INFO root [2020-10-27 21:52:09,213] - Server : Intel(R) Core(TM) i5-10210U CPU @ 1.60GHz with 2097151kB RAM
  INFO root [2020-10-27 21:52:09,213] - ThreadPool::createThreadPool: creating  threadpool...
  INFO root [2020-10-27 21:52:09,213] - ThreadPool::createThreadPool: successfully(2), newThreadCount=1, normalMaxThreadCount=2, maxThreadCount=8
 DEBUG root [2020-10-27 21:52:09,353] - Script::install_py_dlls(): PyInit_pyexpat
 DEBUG root [2020-10-27 21:52:09,353] - Script::install_py_dlls(): PyInit__socket
 DEBUG root [2020-10-27 21:52:09,353] - Script::install_py_dlls(): PyInit__ssl
 DEBUG root [2020-10-27 21:52:09,353] - Script::install_py_dlls(): PyInit__hashlib
 DEBUG root [2020-10-27 21:52:09,353] - Script::install_py_dlls(): PyInit_select
 DEBUG root [2020-10-27 21:52:09,353] - Script::install_py_dlls(): PyInit__ctypes
 DEBUG root [2020-10-27 21:52:09,353] - Script::install_py_dlls(): PyInit__elementtree
 DEBUG root [2020-10-27 21:52:09,400] - Script::install_py_dlls(): PyInit_unicodedata
  INFO root [2020-10-27 21:52:09,447] - Script::install(): is successfully, Python=(3.4.2 (default, Aug  4 2020, 19:01:25) [MSC v.1925 32 bit (Intel)])!
  INFO root [2020-10-27 21:52:09,447] - Script::install(): KBExtra is successfully!
  INFO root [2020-10-27 21:52:09,447] - Dbmgr::initializeEnd: digest(0F3E620F5AA14649435B0C4581B15EC8)
S_INFO root [2020-10-27 21:52:09,447] - onDBMgrReady: bootstrapGroupIndex=0, bootstrapGlobalIndex=0
  INFO root [2020-10-27 21:52:09,447] - TelnetServer server is running on port 32000
  INFO root [2020-10-27 21:52:09,447] - Dbmgr::initInterfacesHandler: interfaces addr(127.0.0.1:30099), accountType:(interfaces), chargeType:(interfaces).
  WARN root [2020-10-27 21:52:09,635] - DBUtil::initialize: db(default) password is not encrypted!
please use password(rsa):
51B3D18324EA70DA0A05974B720A79E1E36878661AC6689C303F6396F1D7CB72DA8D6A944BFB150CE689DDE5D7B5370DDEFD1323B5083B7DFF5BC28B226B03ADCADEFB905ECA2363475C465B1B642C41B5350EB9410D9C75B25306EEEDF6F4DB36DA9DFF041AB7E9E93789DF558D74DD1A613847A625F9A733228DC191585092
 DEBUG root [2020-10-27 21:52:09,635] - DBInterfaceMysql::attach: connect: localhost:3306 starting...
 DEBUG root [2020-10-27 21:52:09,681] - DBInterfaceMysql::attach: successfully! addr: localhost:3306
  INFO root [2020-10-27 21:52:09,681] - DBUtil::createInterface[0x4ff1fc]: interface=default, dbtype=mysql, ip=localhost, port=3306, currdatabase=kbe, username=kbe, connected=yes.

  INFO root [2020-10-27 21:52:09,681] - ThreadPool::createThreadPool: creating  threadpool...
  INFO root [2020-10-27 21:52:09,681] - ThreadPool::createThreadPool: successfully(5), newThreadCount=5, normalMaxThreadCount=5, maxThreadCount=5
 DEBUG root [2020-10-27 21:52:09,681] - DBInterfaceMysql::attach: connect: localhost:3306 starting...
 DEBUG root [2020-10-27 21:52:09,681] - DBInterfaceMysql::attach: connect: localhost:3306 starting...
 DEBUG root [2020-10-27 21:52:09,681] - DBInterfaceMysql::attach: connect: localhost:3306 starting...
 DEBUG root [2020-10-27 21:52:09,681] - DBInterfaceMysql::attach: connect: localhost:3306 starting...
 DEBUG root [2020-10-27 21:52:09,681] - DBInterfaceMysql::attach: connect: localhost:3306 starting...
 DEBUG root [2020-10-27 21:52:09,713] - DBInterfaceMysql::attach: successfully! addr: localhost:3306
 DEBUG root [2020-10-27 21:52:09,713] - DBThread::onStart(): 0x4187a30!
 DEBUG root [2020-10-27 21:52:09,728] - DBInterfaceMysql::attach: successfully! addr: localhost:3306
 DEBUG root [2020-10-27 21:52:09,728] - DBThread::onStart(): 0x4187920!
 DEBUG root [2020-10-27 21:52:09,728] - DBInterfaceMysql::attach: successfully! addr: localhost:3306
 DEBUG root [2020-10-27 21:52:09,728] - DBThread::onStart(): 0x4187f80!
 DEBUG root [2020-10-27 21:52:09,744] - DBInterfaceMysql::attach: successfully! addr: localhost:3306
 DEBUG root [2020-10-27 21:52:09,744] - DBThread::onStart(): 0x4188008!
 DEBUG root [2020-10-27 21:52:09,744] - DBInterfaceMysql::attach: successfully! addr: localhost:3306
 DEBUG root [2020-10-27 21:52:09,744] - DBThread::onStart(): 0x4187810!
  INFO root [2020-10-27 21:52:09,806] - DBInterfaceMysql::query: successfully!
  INFO root [2020-10-27 21:52:09,806] - DBInterfaceMysql::query: successfully!
  INFO root [2020-10-27 21:52:09,806] - DBInterfaceMysql::query: successfully!
  INFO root [2020-10-27 21:52:09,806] - DBInterfaceMysql::query: successfully!
  INFO root [2020-10-27 21:52:09,806] - DBInterfaceMysql::query: successfully!
  INFO root [2020-10-27 21:52:09,806] - DBInterfaceMysql::query: successfully!
  INFO root [2020-10-27 21:52:09,806] - DBInterfaceMysql::query: successfully!
  INFO root [2020-10-27 21:52:09,806] - DBInterfaceMysql::query: successfully!
  INFO root [2020-10-27 21:52:09,806] - DBInterfaceMysql::query: successfully!
  WARN root [2020-10-27 21:52:09,853] - D:\kbengine-1.2.7\kbe\src\server\dbmgr\dbmgr.cpp:324: Profile scriptCall took 0.39 seconds
  INFO root [2020-10-27 21:52:10,041] - ---- dbmgr is running ----
 DEBUG root [2020-10-27 21:52:10,041] - Components::process(): Request for the process of identity...
  INFO root [2020-10-27 21:52:16,263] - ServerApp::onRegisterNewApp: uid:15753, username:, componentType:interfaces, componentID:320002, globalorderID=-1, grouporderID=-1, intaddr:192.168.2.246, intport:30099, extaddr:nonsupport, extport:0,  from 127.0.0.1:30099/0/0/0.
  INFO root [2020-10-27 21:52:16,263] - Components::addComponent: reset orderLog, uid=15753!
  INFO root [2020-10-27 21:52:16,264] - Components::addComponent[interfaces], uid=15753, componentID=320002, globalorderid=1, grouporderid=1, totalcount=1
  INFO root [2020-10-27 21:52:17,281] - Components::findComponents: find logger(1)...
  INFO root [2020-10-27 21:52:17,371] - Components::findComponents: found logger, addr:192.168.2.246:49801
  INFO root [2020-10-27 21:52:17,373] - Components::addComponent: reset orderLog, uid=15753!
  INFO root [2020-10-27 21:52:17,374] - Components::addComponent[logger], uid=15753, componentID=210002, globalorderid=1, grouporderid=1, totalcount=1
  WARN root [2020-10-27 21:52:17,377] - Forwarding logs to logger[192.168.2.246:49801/0/0/0]...
 ERROR root [2020-10-27 23:59:20,803] - DBTaskAccountLogin::presentMainThread: entitylog serverGroupID not match. loginName=234, accountName=234, self=24829
