  INFO root [2020-10-02 16:33:05,667] - 
  INFO root [2020-10-02 16:33:05,668] - -----------------------------------------------------------------------------------------


  INFO root [2020-10-02 16:33:05,669] - Resmgr::initialize: KBE_ROOT=D:/kbengine_24pic/
  INFO root [2020-10-02 16:33:05,669] - Resmgr::initialize: KBE_RES_PATH=D:/kbengine_24pic/kbe/res/;D:/kbengine_24pic/kbengine_stone_assets/;D:/kbengine_24pic/kbengine_stone_assets/scripts/;D:/kbengine_24pic/kbengine_stone_assets/res/
  INFO root [2020-10-02 16:33:05,670] - Resmgr::initialize: KBE_BIN_PATH=D:/kbengine_24pic/kbe/bin/server/
  INFO root [2020-10-02 16:33:05,674] - NetworkInterface::initialize(INTERNAL): bound to all interfaces with default route interface on 192.168.2.246 ( 192.168.2.246:55012 )
  INFO root [2020-10-02 16:33:05,675] - NetworkInterface::initialize(INTERNAL): address 192.168.2.246:55012, SOMAXCONN=5.
  INFO root [2020-10-02 16:33:05,675] - server-configs:
  INFO root [2020-10-02 16:33:05,675] - 	internalAddr : 192.168.2.246:55012
  INFO root [2020-10-02 16:33:05,675] - 	componentID : 42002
  INFO root [2020-10-02 16:33:07,184] - ---- dbmgr Version: 1.2.7. ScriptVersion: 0.1.0. Protocol: 149F584B8A9DE9211BFBD70F243BB430. Config: Debug X86. Built: 19:01:34 Aug  4 2020. AppID: 42002. UID: 10245. PID: 2556 ----
  INFO root [2020-10-02 16:33:07,186] - Server : Intel(R) Core(TM) i5-10210U CPU @ 1.60GHz with 2097151kB RAM
  INFO root [2020-10-02 16:33:07,187] - ThreadPool::createThreadPool: creating  threadpool...
  INFO root [2020-10-02 16:33:07,187] - ThreadPool::createThreadPool: successfully(2), newThreadCount=1, normalMaxThreadCount=2, maxThreadCount=8
 DEBUG root [2020-10-02 16:33:07,328] - Script::install_py_dlls(): PyInit_pyexpat
 DEBUG root [2020-10-02 16:33:07,329] - Script::install_py_dlls(): PyInit__socket
 DEBUG root [2020-10-02 16:33:07,329] - Script::install_py_dlls(): PyInit__ssl
 DEBUG root [2020-10-02 16:33:07,335] - Script::install_py_dlls(): PyInit__hashlib
 DEBUG root [2020-10-02 16:33:07,336] - Script::install_py_dlls(): PyInit_select
 DEBUG root [2020-10-02 16:33:07,336] - Script::install_py_dlls(): PyInit__ctypes
 DEBUG root [2020-10-02 16:33:07,337] - Script::install_py_dlls(): PyInit__elementtree
 DEBUG root [2020-10-02 16:33:07,379] - Script::install_py_dlls(): PyInit_unicodedata
  INFO root [2020-10-02 16:33:07,420] - Script::install(): is successfully, Python=(3.4.2 (default, Aug  4 2020, 19:01:25) [MSC v.1925 32 bit (Intel)])!
  INFO root [2020-10-02 16:33:07,420] - Script::install(): KBExtra is successfully!
  INFO root [2020-10-02 16:33:07,437] - Dbmgr::initializeEnd: digest(5F572A461BFC8118026C026B5330F58B)
S_INFO root [2020-10-02 16:33:07,437] - onDBMgrReady: bootstrapGroupIndex=0, bootstrapGlobalIndex=0
  INFO root [2020-10-02 16:33:07,438] - TelnetServer server is running on port 32000
  INFO root [2020-10-02 16:33:07,438] - Dbmgr::initInterfacesHandler: interfaces addr(127.0.0.1:30099), accountType:(interfaces), chargeType:(interfaces).
  WARN root [2020-10-02 16:33:07,788] - DBUtil::initialize: db(default) password is not encrypted!
please use password(rsa):
25596D59AA09349DCE90140AD531338CB4FE7B696A3772192F9A39B87A0E3642A2F1440B7C109EFAF52C80ECA0BBA1AD3201BC40056AA028E0E91A23A311C52FA713C33DA2EAAFD94F6BCB0B3E57A3146F4B4B522D4582CB343EAC91DC6CE61F7C1689A078C7400BA8A5049DB8FE96CAE1921A0750EBCD1399C89A809FC866C8
 DEBUG root [2020-10-02 16:33:07,791] - DBInterfaceMysql::attach: connect: localhost:3306 starting...
 DEBUG root [2020-10-02 16:33:07,838] - DBInterfaceMysql::attach: successfully! addr: localhost:3306
  INFO root [2020-10-02 16:33:07,839] - DBUtil::createInterface[0x1d8ed90]: interface=default, dbtype=mysql, ip=localhost, port=3306, currdatabase=kbe, username=kbe, connected=yes.

  INFO root [2020-10-02 16:33:07,839] - ThreadPool::createThreadPool: creating  threadpool...
  INFO root [2020-10-02 16:33:07,839] - ThreadPool::createThreadPool: successfully(5), newThreadCount=5, normalMaxThreadCount=5, maxThreadCount=5
 DEBUG root [2020-10-02 16:33:07,840] - DBInterfaceMysql::attach: connect: localhost:3306 starting...
 DEBUG root [2020-10-02 16:33:07,840] - DBInterfaceMysql::attach: connect: localhost:3306 starting...
 DEBUG root [2020-10-02 16:33:07,840] - DBInterfaceMysql::attach: connect: localhost:3306 starting...
 DEBUG root [2020-10-02 16:33:07,841] - DBInterfaceMysql::attach: connect: localhost:3306 starting...
 DEBUG root [2020-10-02 16:33:07,841] - DBInterfaceMysql::attach: connect: localhost:3306 starting...
 DEBUG root [2020-10-02 16:33:07,864] - DBInterfaceMysql::attach: successfully! addr: localhost:3306
 DEBUG root [2020-10-02 16:33:07,864] - DBThread::onStart(): 0x4587770!
 DEBUG root [2020-10-02 16:33:07,872] - DBInterfaceMysql::attach: successfully! addr: localhost:3306
 DEBUG root [2020-10-02 16:33:07,873] - DBThread::onStart(): 0x4587c38!
 DEBUG root [2020-10-02 16:33:07,879] - DBInterfaceMysql::attach: successfully! addr: localhost:3306
 DEBUG root [2020-10-02 16:33:07,879] - DBThread::onStart(): 0x45875d8!
 DEBUG root [2020-10-02 16:33:07,886] - DBInterfaceMysql::attach: successfully! addr: localhost:3306
 DEBUG root [2020-10-02 16:33:07,886] - DBThread::onStart(): 0x4588078!
 DEBUG root [2020-10-02 16:33:07,892] - DBInterfaceMysql::attach: successfully! addr: localhost:3306
 DEBUG root [2020-10-02 16:33:07,892] - DBThread::onStart(): 0x4587880!
  INFO root [2020-10-02 16:33:07,945] - DBInterfaceMysql::query: successfully!
  INFO root [2020-10-02 16:33:07,949] - DBInterfaceMysql::query: successfully!
  INFO root [2020-10-02 16:33:07,953] - DBInterfaceMysql::query: successfully!
  INFO root [2020-10-02 16:33:07,953] - DBInterfaceMysql::query: successfully!
  INFO root [2020-10-02 16:33:07,953] - DBInterfaceMysql::query: successfully!
  INFO root [2020-10-02 16:33:07,957] - DBInterfaceMysql::query: successfully!
  INFO root [2020-10-02 16:33:07,957] - DBInterfaceMysql::query: successfully!
  INFO root [2020-10-02 16:33:07,957] - DBInterfaceMysql::query: successfully!
  INFO root [2020-10-02 16:33:07,969] - DBInterfaceMysql::query: successfully!
  WARN root [2020-10-02 16:33:07,991] - D:\kbengine-1.2.7\kbe\src\server\dbmgr\dbmgr.cpp:324: Profile scriptCall took 0.55 seconds
  INFO root [2020-10-02 16:33:08,184] - ---- dbmgr is running ----
 DEBUG root [2020-10-02 16:33:08,184] - Components::process(): Request for the process of identity...
  INFO root [2020-10-02 16:33:14,364] - ServerApp::onRegisterNewApp: uid:10245, username:, componentType:interfaces, componentID:320002, globalorderID=-1, grouporderID=-1, intaddr:192.168.2.246, intport:30099, extaddr:nonsupport, extport:0,  from 127.0.0.1:30099/0/0/0.
  INFO root [2020-10-02 16:33:14,364] - Components::addComponent: reset orderLog, uid=10245!
  INFO root [2020-10-02 16:33:14,365] - Components::addComponent[interfaces], uid=10245, componentID=320002, globalorderid=1, grouporderid=1, totalcount=1
  INFO root [2020-10-02 16:33:15,371] - Components::findComponents: find logger(1)...
  INFO root [2020-10-02 16:33:15,402] - Components::findComponents: found logger, addr:192.168.2.246:55010
  INFO root [2020-10-02 16:33:15,403] - Components::addComponent: reset orderLog, uid=10245!
  INFO root [2020-10-02 16:33:15,404] - Components::addComponent[logger], uid=10245, componentID=210002, globalorderid=1, grouporderid=1, totalcount=1
  WARN root [2020-10-02 16:33:15,407] - Forwarding logs to logger[192.168.2.246:55010/0/0/0]...
 ERROR root [2020-10-02 16:37:16,025] - Components::removeComponentByChannel: logger : 210002, Abnormal exit! TCPPacketReceiver::processRecv(): errno=10054

  INFO root [2020-10-02 16:37:16,030] - The following logs sent to logger failed:
  WARN root [2020-10-02 16:37:16,030] - ==> [2020-10-02 16:37:16 025] TCPPacketReceiver::processPendingEvents(192.168.2.246:55010): Throwing REASON_GENERAL_NETWORK - WSAECONNRESET
 ERROR root [2020-10-02 16:37:16,031] - ==> [2020-10-02 16:37:16 026] Components::removeComponentByChannel: logger : 210002, Abnormal exit! TCPPacketReceiver::processRecv(): errno=10054

  INFO root [2020-10-02 16:37:21,180] - 
  INFO root [2020-10-02 16:37:21,180] - -----------------------------------------------------------------------------------------


  INFO root [2020-10-02 16:37:21,181] - Resmgr::initialize: KBE_ROOT=D:/kbengine_24pic/
  INFO root [2020-10-02 16:37:21,182] - Resmgr::initialize: KBE_RES_PATH=D:/kbengine_24pic/kbe/res/;D:/kbengine_24pic/kbengine_stone_assets/;D:/kbengine_24pic/kbengine_stone_assets/scripts/;D:/kbengine_24pic/kbengine_stone_assets/res/
  INFO root [2020-10-02 16:37:21,182] - Resmgr::initialize: KBE_BIN_PATH=D:/kbengine_24pic/kbe/bin/server/
  INFO root [2020-10-02 16:37:21,186] - NetworkInterface::initialize(INTERNAL): bound to all interfaces with default route interface on 192.168.2.246 ( 192.168.2.246:55348 )
  INFO root [2020-10-02 16:37:21,187] - NetworkInterface::initialize(INTERNAL): address 192.168.2.246:55348, SOMAXCONN=5.
  INFO root [2020-10-02 16:37:21,187] - server-configs:
  INFO root [2020-10-02 16:37:21,187] - 	internalAddr : 192.168.2.246:55348
  INFO root [2020-10-02 16:37:21,187] - 	componentID : 42002
  INFO root [2020-10-02 16:37:22,690] - ---- dbmgr Version: 1.2.7. ScriptVersion: 0.1.0. Protocol: 149F584B8A9DE9211BFBD70F243BB430. Config: Debug X86. Built: 19:01:34 Aug  4 2020. AppID: 42002. UID: 11081. PID: 13948 ----
  INFO root [2020-10-02 16:37:22,691] - Server : Intel(R) Core(TM) i5-10210U CPU @ 1.60GHz with 2097151kB RAM
  INFO root [2020-10-02 16:37:22,691] - ThreadPool::createThreadPool: creating  threadpool...
  INFO root [2020-10-02 16:37:22,692] - ThreadPool::createThreadPool: successfully(2), newThreadCount=1, normalMaxThreadCount=2, maxThreadCount=8
 DEBUG root [2020-10-02 16:37:22,843] - Script::install_py_dlls(): PyInit_pyexpat
 DEBUG root [2020-10-02 16:37:22,844] - Script::install_py_dlls(): PyInit__socket
 DEBUG root [2020-10-02 16:37:22,844] - Script::install_py_dlls(): PyInit__ssl
 DEBUG root [2020-10-02 16:37:22,847] - Script::install_py_dlls(): PyInit__hashlib
 DEBUG root [2020-10-02 16:37:22,847] - Script::install_py_dlls(): PyInit_select
 DEBUG root [2020-10-02 16:37:22,847] - Script::install_py_dlls(): PyInit__ctypes
 DEBUG root [2020-10-02 16:37:22,848] - Script::install_py_dlls(): PyInit__elementtree
 DEBUG root [2020-10-02 16:37:22,876] - Script::install_py_dlls(): PyInit_unicodedata
  INFO root [2020-10-02 16:37:22,903] - Script::install(): is successfully, Python=(3.4.2 (default, Aug  4 2020, 19:01:25) [MSC v.1925 32 bit (Intel)])!
  INFO root [2020-10-02 16:37:22,903] - Script::install(): KBExtra is successfully!
  INFO root [2020-10-02 16:37:22,914] - Dbmgr::initializeEnd: digest(5F572A461BFC8118026C026B5330F58B)
S_INFO root [2020-10-02 16:37:22,915] - onDBMgrReady: bootstrapGroupIndex=0, bootstrapGlobalIndex=0
  INFO root [2020-10-02 16:37:22,915] - TelnetServer server is running on port 32000
  INFO root [2020-10-02 16:37:22,915] - Dbmgr::initInterfacesHandler: interfaces addr(127.0.0.1:30099), accountType:(interfaces), chargeType:(interfaces).
  WARN root [2020-10-02 16:37:23,104] - DBUtil::initialize: db(default) password is not encrypted!
please use password(rsa):
35E45D2746FC6DB155FBC3D909B6990714D5868BFD2B843E74DF97919C5E71AD3CA41A228EBF9B8ABBE87BD1964475CE5EA35098392074ED4354BE03BE00C44B19D93937240A27452E203A503803D339BC236AC944215D952F3BDDA4573B8BAA949ABEBEB013583AD6A00546DBA927787ADAAEA7E858F0454645620749245E24
 DEBUG root [2020-10-02 16:37:23,107] - DBInterfaceMysql::attach: connect: localhost:3306 starting...
 DEBUG root [2020-10-02 16:37:23,156] - DBInterfaceMysql::attach: successfully! addr: localhost:3306
  INFO root [2020-10-02 16:37:23,157] - DBUtil::createInterface[0x1d8edb8]: interface=default, dbtype=mysql, ip=localhost, port=3306, currdatabase=kbe, username=kbe, connected=yes.

  INFO root [2020-10-02 16:37:23,158] - ThreadPool::createThreadPool: creating  threadpool...
  INFO root [2020-10-02 16:37:23,159] - ThreadPool::createThreadPool: successfully(5), newThreadCount=5, normalMaxThreadCount=5, maxThreadCount=5
 DEBUG root [2020-10-02 16:37:23,160] - DBInterfaceMysql::attach: connect: localhost:3306 starting...
 DEBUG root [2020-10-02 16:37:23,161] - DBInterfaceMysql::attach: connect: localhost:3306 starting...
 DEBUG root [2020-10-02 16:37:23,162] - DBInterfaceMysql::attach: connect: localhost:3306 starting...
 DEBUG root [2020-10-02 16:37:23,162] - DBInterfaceMysql::attach: connect: localhost:3306 starting...
 DEBUG root [2020-10-02 16:37:23,163] - DBInterfaceMysql::attach: connect: localhost:3306 starting...
 DEBUG root [2020-10-02 16:37:23,187] - DBInterfaceMysql::attach: successfully! addr: localhost:3306
 DEBUG root [2020-10-02 16:37:23,187] - DBThread::onStart(): 0x45b5f00!
 DEBUG root [2020-10-02 16:37:23,201] - DBInterfaceMysql::attach: successfully! addr: localhost:3306
 DEBUG root [2020-10-02 16:37:23,201] - DBThread::onStart(): 0x45b51b8!
 DEBUG root [2020-10-02 16:37:23,212] - DBInterfaceMysql::attach: successfully! addr: localhost:3306
 DEBUG root [2020-10-02 16:37:23,212] - DBThread::onStart(): 0x45b5c58!
 DEBUG root [2020-10-02 16:37:23,220] - DBInterfaceMysql::attach: successfully! addr: localhost:3306
 DEBUG root [2020-10-02 16:37:23,221] - DBThread::onStart(): 0x45b5350!
 DEBUG root [2020-10-02 16:37:23,227] - DBInterfaceMysql::attach: successfully! addr: localhost:3306
 DEBUG root [2020-10-02 16:37:23,227] - DBThread::onStart(): 0x45b5a38!
  INFO root [2020-10-02 16:37:23,271] - DBInterfaceMysql::query: successfully!
  INFO root [2020-10-02 16:37:23,275] - DBInterfaceMysql::query: successfully!
  INFO root [2020-10-02 16:37:23,280] - DBInterfaceMysql::query: successfully!
  INFO root [2020-10-02 16:37:23,281] - DBInterfaceMysql::query: successfully!
  INFO root [2020-10-02 16:37:23,281] - DBInterfaceMysql::query: successfully!
  INFO root [2020-10-02 16:37:23,284] - DBInterfaceMysql::query: successfully!
  INFO root [2020-10-02 16:37:23,285] - DBInterfaceMysql::query: successfully!
  INFO root [2020-10-02 16:37:23,285] - DBInterfaceMysql::query: successfully!
  INFO root [2020-10-02 16:37:23,285] - DBInterfaceMysql::query: successfully!
  WARN root [2020-10-02 16:37:23,318] - D:\kbengine-1.2.7\kbe\src\server\dbmgr\dbmgr.cpp:324: Profile scriptCall took 0.40 seconds
  INFO root [2020-10-02 16:37:23,552] - ---- dbmgr is running ----
 DEBUG root [2020-10-02 16:37:23,552] - Components::process(): Request for the process of identity...
  WARN root [2020-10-02 16:37:27,035] - BundleBroadcast::BundleBroadcast: Cannot bind to port 20909, errorno=10048
  INFO root [2020-10-02 16:37:30,108] - ServerApp::onRegisterNewApp: uid:11081, username:, componentType:interfaces, componentID:320002, globalorderID=-1, grouporderID=-1, intaddr:192.168.2.246, intport:30099, extaddr:nonsupport, extport:0,  from 127.0.0.1:30099/0/0/0.
  INFO root [2020-10-02 16:37:30,108] - Components::addComponent: reset orderLog, uid=11081!
  INFO root [2020-10-02 16:37:30,108] - Components::addComponent[interfaces], uid=11081, componentID=320002, globalorderid=1, grouporderid=1, totalcount=1
  INFO root [2020-10-02 16:37:31,115] - Components::findComponents: find logger(1)...
  INFO root [2020-10-02 16:37:31,161] - Components::findComponents: found logger, addr:192.168.2.246:55346
  INFO root [2020-10-02 16:37:31,162] - Components::addComponent: reset orderLog, uid=11081!
  INFO root [2020-10-02 16:37:31,162] - Components::addComponent[logger], uid=11081, componentID=210002, globalorderid=1, grouporderid=1, totalcount=1
  INFO root [2020-10-02 16:37:31,182] - Components::process(): Found all the components!
  WARN root [2020-10-02 16:37:31,183] - Forwarding logs to logger[192.168.2.246:55346/0/0/0]...
 ERROR root [2020-10-02 16:40:15,601] - Components::removeComponentByChannel: logger : 210002, Abnormal exit! TCPPacketReceiver::processRecv(): errno=10054

  INFO root [2020-10-02 16:40:15,605] - The following logs sent to logger failed:
  WARN root [2020-10-02 16:40:15,606] - ==> [2020-10-02 16:40:15 601] TCPPacketReceiver::processPendingEvents(192.168.2.246:55346): Throwing REASON_GENERAL_NETWORK - WSAECONNRESET
 ERROR root [2020-10-02 16:40:15,606] - ==> [2020-10-02 16:40:15 602] Components::removeComponentByChannel: logger : 210002, Abnormal exit! TCPPacketReceiver::processRecv(): errno=10054

  INFO root [2020-10-02 17:22:55,714] - 
  INFO root [2020-10-02 17:22:55,714] - -----------------------------------------------------------------------------------------


  INFO root [2020-10-02 17:22:55,715] - Resmgr::initialize: KBE_ROOT=D:/kbengine_24pic/
  INFO root [2020-10-02 17:22:55,715] - Resmgr::initialize: KBE_RES_PATH=D:/kbengine_24pic/kbe/res/;D:/kbengine_24pic/kbengine_stone_assets/;D:/kbengine_24pic/kbengine_stone_assets/scripts/;D:/kbengine_24pic/kbengine_stone_assets/res/
  INFO root [2020-10-02 17:22:55,715] - Resmgr::initialize: KBE_BIN_PATH=D:/kbengine_24pic/kbe/bin/server/
  INFO root [2020-10-02 17:22:55,720] - NetworkInterface::initialize(INTERNAL): bound to all interfaces with default route interface on 192.168.2.246 ( 192.168.2.246:56556 )
  INFO root [2020-10-02 17:22:55,720] - NetworkInterface::initialize(INTERNAL): address 192.168.2.246:56556, SOMAXCONN=5.
  INFO root [2020-10-02 17:22:55,720] - server-configs:
  INFO root [2020-10-02 17:22:55,721] - 	internalAddr : 192.168.2.246:56556
  INFO root [2020-10-02 17:22:55,721] - 	componentID : 42002
  INFO root [2020-10-02 17:22:57,224] - ---- dbmgr Version: 1.2.7. ScriptVersion: 0.1.0. Protocol: 149F584B8A9DE9211BFBD70F243BB430. Config: Debug X86. Built: 19:01:34 Aug  4 2020. AppID: 42002. UID: 20009. PID: 14964 ----
  INFO root [2020-10-02 17:22:57,225] - Server : Intel(R) Core(TM) i5-10210U CPU @ 1.60GHz with 2097151kB RAM
  INFO root [2020-10-02 17:22:57,225] - ThreadPool::createThreadPool: creating  threadpool...
  INFO root [2020-10-02 17:22:57,226] - ThreadPool::createThreadPool: successfully(2), newThreadCount=1, normalMaxThreadCount=2, maxThreadCount=8
 DEBUG root [2020-10-02 17:22:57,351] - Script::install_py_dlls(): PyInit_pyexpat
 DEBUG root [2020-10-02 17:22:57,352] - Script::install_py_dlls(): PyInit__socket
 DEBUG root [2020-10-02 17:22:57,352] - Script::install_py_dlls(): PyInit__ssl
 DEBUG root [2020-10-02 17:22:57,355] - Script::install_py_dlls(): PyInit__hashlib
 DEBUG root [2020-10-02 17:22:57,355] - Script::install_py_dlls(): PyInit_select
 DEBUG root [2020-10-02 17:22:57,355] - Script::install_py_dlls(): PyInit__ctypes
 DEBUG root [2020-10-02 17:22:57,356] - Script::install_py_dlls(): PyInit__elementtree
 DEBUG root [2020-10-02 17:22:57,386] - Script::install_py_dlls(): PyInit_unicodedata
  INFO root [2020-10-02 17:22:57,416] - Script::install(): is successfully, Python=(3.4.2 (default, Aug  4 2020, 19:01:25) [MSC v.1925 32 bit (Intel)])!
  INFO root [2020-10-02 17:22:57,416] - Script::install(): KBExtra is successfully!
  INFO root [2020-10-02 17:22:57,428] - Dbmgr::initializeEnd: digest(5F572A461BFC8118026C026B5330F58B)
S_INFO root [2020-10-02 17:22:57,428] - onDBMgrReady: bootstrapGroupIndex=0, bootstrapGlobalIndex=0
  INFO root [2020-10-02 17:22:57,429] - TelnetServer server is running on port 32000
  INFO root [2020-10-02 17:22:57,429] - Dbmgr::initInterfacesHandler: interfaces addr(127.0.0.1:30099), accountType:(interfaces), chargeType:(interfaces).
  WARN root [2020-10-02 17:22:57,633] - DBUtil::initialize: db(default) password is not encrypted!
please use password(rsa):
EC3752D661E05803F1014B0EAB154688FA90C48AF2E3FC8FE620E8DAC2724240BA6AB23F16A784AADA0F7631CAB594E6AE8E7A30FFA43D7DE35DBDED7C04AAB5B9A29453A4E2F0BBC74CB40A7FA04D7320234DA280CF665CBD96CB42DC0A3FAB63EF4E474DB0436EF8D0B18217511BE2DFAB2540F35C2A450E83C0F1D45F5EC8
 DEBUG root [2020-10-02 17:22:57,636] - DBInterfaceMysql::attach: connect: localhost:3306 starting...
 DEBUG root [2020-10-02 17:22:57,683] - DBInterfaceMysql::attach: successfully! addr: localhost:3306
  INFO root [2020-10-02 17:22:57,683] - DBUtil::createInterface[0x1aff390]: interface=default, dbtype=mysql, ip=localhost, port=3306, currdatabase=kbe, username=kbe, connected=yes.

  INFO root [2020-10-02 17:22:57,683] - ThreadPool::createThreadPool: creating  threadpool...
  INFO root [2020-10-02 17:22:57,684] - ThreadPool::createThreadPool: successfully(5), newThreadCount=5, normalMaxThreadCount=5, maxThreadCount=5
 DEBUG root [2020-10-02 17:22:57,684] - DBInterfaceMysql::attach: connect: localhost:3306 starting...
 DEBUG root [2020-10-02 17:22:57,685] - DBInterfaceMysql::attach: connect: localhost:3306 starting...
 DEBUG root [2020-10-02 17:22:57,685] - DBInterfaceMysql::attach: connect: localhost:3306 starting...
 DEBUG root [2020-10-02 17:22:57,685] - DBInterfaceMysql::attach: connect: localhost:3306 starting...
 DEBUG root [2020-10-02 17:22:57,686] - DBInterfaceMysql::attach: connect: localhost:3306 starting...
 DEBUG root [2020-10-02 17:22:57,727] - DBInterfaceMysql::attach: successfully! addr: localhost:3306
 DEBUG root [2020-10-02 17:22:57,728] - DBThread::onStart(): 0x1cca320!
 DEBUG root [2020-10-02 17:22:57,744] - DBInterfaceMysql::attach: successfully! addr: localhost:3306
 DEBUG root [2020-10-02 17:22:57,744] - DBThread::onStart(): 0x1cca078!
 DEBUG root [2020-10-02 17:22:57,755] - DBInterfaceMysql::attach: successfully! addr: localhost:3306
 DEBUG root [2020-10-02 17:22:57,757] - DBThread::onStart(): 0x1cc9330!
 DEBUG root [2020-10-02 17:22:57,769] - DBInterfaceMysql::attach: successfully! addr: localhost:3306
 DEBUG root [2020-10-02 17:22:57,770] - DBThread::onStart(): 0x1cc9e58!
 DEBUG root [2020-10-02 17:22:57,779] - DBInterfaceMysql::attach: successfully! addr: localhost:3306
 DEBUG root [2020-10-02 17:22:57,780] - DBThread::onStart(): 0x1cc9dd0!
  INFO root [2020-10-02 17:22:57,792] - DBInterfaceMysql::query: successfully!
  INFO root [2020-10-02 17:22:57,798] - DBInterfaceMysql::query: successfully!
  INFO root [2020-10-02 17:22:57,800] - DBInterfaceMysql::query: successfully!
  INFO root [2020-10-02 17:22:57,802] - DBInterfaceMysql::query: successfully!
  INFO root [2020-10-02 17:22:57,803] - DBInterfaceMysql::query: successfully!
  INFO root [2020-10-02 17:22:57,804] - DBInterfaceMysql::query: successfully!
  INFO root [2020-10-02 17:22:57,804] - DBInterfaceMysql::query: successfully!
  INFO root [2020-10-02 17:22:57,804] - DBInterfaceMysql::query: successfully!
  INFO root [2020-10-02 17:22:57,805] - DBInterfaceMysql::query: successfully!
  WARN root [2020-10-02 17:22:57,838] - D:\kbengine-1.2.7\kbe\src\server\dbmgr\dbmgr.cpp:324: Profile scriptCall took 0.41 seconds
  INFO root [2020-10-02 17:22:58,180] - ---- dbmgr is running ----
 DEBUG root [2020-10-02 17:22:58,181] - Components::process(): Request for the process of identity...
  INFO root [2020-10-02 17:23:04,377] - ServerApp::onRegisterNewApp: uid:20009, username:, componentType:interfaces, componentID:320002, globalorderID=-1, grouporderID=-1, intaddr:192.168.2.246, intport:30099, extaddr:nonsupport, extport:0,  from 127.0.0.1:30099/0/0/0.
  INFO root [2020-10-02 17:23:04,377] - Components::addComponent: reset orderLog, uid=20009!
  INFO root [2020-10-02 17:23:04,377] - Components::addComponent[interfaces], uid=20009, componentID=320002, globalorderid=1, grouporderid=1, totalcount=1
  INFO root [2020-10-02 17:23:05,389] - Components::findComponents: find logger(1)...
  INFO root [2020-10-02 17:23:05,425] - Components::findComponents: found logger, addr:192.168.2.246:56555
  INFO root [2020-10-02 17:23:05,425] - Components::addComponent: reset orderLog, uid=20009!
  INFO root [2020-10-02 17:23:05,426] - Components::addComponent[logger], uid=20009, componentID=210002, globalorderid=1, grouporderid=1, totalcount=1
  WARN root [2020-10-02 17:23:05,427] - Forwarding logs to logger[192.168.2.246:56555/0/0/0]...
 ERROR root [2020-10-02 19:50:02,699] - Components::removeComponentByChannel: logger : 210002, Abnormal exit! TCPPacketReceiver::processRecv(): errno=10054

  INFO root [2020-10-02 19:50:02,707] - The following logs sent to logger failed:
  WARN root [2020-10-02 19:50:02,707] - ==> [2020-10-02 19:50:02 697] TCPPacketReceiver::processPendingEvents(192.168.2.246:56555): Throwing REASON_GENERAL_NETWORK - WSAECONNRESET
 ERROR root [2020-10-02 19:50:02,708] - ==> [2020-10-02 19:50:02 701] Components::removeComponentByChannel: logger : 210002, Abnormal exit! TCPPacketReceiver::processRecv(): errno=10054

  INFO root [2020-10-02 19:50:06,615] - 
  INFO root [2020-10-02 19:50:06,615] - -----------------------------------------------------------------------------------------


  INFO root [2020-10-02 19:50:06,616] - Resmgr::initialize: KBE_ROOT=D:/kbengine_24pic/
  INFO root [2020-10-02 19:50:06,617] - Resmgr::initialize: KBE_RES_PATH=D:/kbengine_24pic/kbe/res/;D:/kbengine_24pic/kbengine_stone_assets/;D:/kbengine_24pic/kbengine_stone_assets/scripts/;D:/kbengine_24pic/kbengine_stone_assets/res/
  INFO root [2020-10-02 19:50:06,617] - Resmgr::initialize: KBE_BIN_PATH=D:/kbengine_24pic/kbe/bin/server/
  INFO root [2020-10-02 19:50:06,621] - NetworkInterface::initialize(INTERNAL): bound to all interfaces with default route interface on 192.168.2.246 ( 192.168.2.246:58629 )
  INFO root [2020-10-02 19:50:06,621] - NetworkInterface::initialize(INTERNAL): address 192.168.2.246:58629, SOMAXCONN=5.
  INFO root [2020-10-02 19:50:06,621] - server-configs:
  INFO root [2020-10-02 19:50:06,622] - 	internalAddr : 192.168.2.246:58629
  INFO root [2020-10-02 19:50:06,622] - 	componentID : 42002
  INFO root [2020-10-02 19:50:08,133] - ---- dbmgr Version: 1.2.7. ScriptVersion: 0.1.0. Protocol: 149F584B8A9DE9211BFBD70F243BB430. Config: Debug X86. Built: 19:01:34 Aug  4 2020. AppID: 42002. UID: 16080. PID: 14052 ----
  INFO root [2020-10-02 19:50:08,135] - Server : Intel(R) Core(TM) i5-10210U CPU @ 1.60GHz with 2097151kB RAM
  INFO root [2020-10-02 19:50:08,136] - ThreadPool::createThreadPool: creating  threadpool...
  INFO root [2020-10-02 19:50:08,137] - ThreadPool::createThreadPool: successfully(2), newThreadCount=1, normalMaxThreadCount=2, maxThreadCount=8
 DEBUG root [2020-10-02 19:50:08,287] - Script::install_py_dlls(): PyInit_pyexpat
 DEBUG root [2020-10-02 19:50:08,287] - Script::install_py_dlls(): PyInit__socket
 DEBUG root [2020-10-02 19:50:08,287] - Script::install_py_dlls(): PyInit__ssl
 DEBUG root [2020-10-02 19:50:08,290] - Script::install_py_dlls(): PyInit__hashlib
 DEBUG root [2020-10-02 19:50:08,290] - Script::install_py_dlls(): PyInit_select
 DEBUG root [2020-10-02 19:50:08,291] - Script::install_py_dlls(): PyInit__ctypes
 DEBUG root [2020-10-02 19:50:08,291] - Script::install_py_dlls(): PyInit__elementtree
 DEBUG root [2020-10-02 19:50:08,321] - Script::install_py_dlls(): PyInit_unicodedata
  INFO root [2020-10-02 19:50:08,350] - Script::install(): is successfully, Python=(3.4.2 (default, Aug  4 2020, 19:01:25) [MSC v.1925 32 bit (Intel)])!
  INFO root [2020-10-02 19:50:08,350] - Script::install(): KBExtra is successfully!
  INFO root [2020-10-02 19:50:08,362] - Dbmgr::initializeEnd: digest(5F572A461BFC8118026C026B5330F58B)
S_INFO root [2020-10-02 19:50:08,362] - onDBMgrReady: bootstrapGroupIndex=0, bootstrapGlobalIndex=0
  INFO root [2020-10-02 19:50:08,362] - TelnetServer server is running on port 32000
  INFO root [2020-10-02 19:50:08,363] - Dbmgr::initInterfacesHandler: interfaces addr(127.0.0.1:30099), accountType:(interfaces), chargeType:(interfaces).
  WARN root [2020-10-02 19:50:08,579] - DBUtil::initialize: db(default) password is not encrypted!
please use password(rsa):
13F5F3F6E3E0F9BAC82BE0015B23562237B0AA0613D5E3F7C028449C40417E5C67FC55EF92076479551FCF31C8F81A1B36810A2334E5904C52AB5C02D88CEEECE6E57CBBC21419CA9E8E02679672D4B9DD5D6BF269F7E07E95309879624B142E294FB7F9F5725C3B3D5CD5B8D971F72E0D7715353ABF3D08A7C0F6F34E964ABF
 DEBUG root [2020-10-02 19:50:08,582] - DBInterfaceMysql::attach: connect: localhost:3306 starting...
 DEBUG root [2020-10-02 19:50:08,632] - DBInterfaceMysql::attach: successfully! addr: localhost:3306
  INFO root [2020-10-02 19:50:08,632] - DBUtil::createInterface[0x1d8f1e8]: interface=default, dbtype=mysql, ip=localhost, port=3306, currdatabase=kbe, username=kbe, connected=yes.

  INFO root [2020-10-02 19:50:08,632] - ThreadPool::createThreadPool: creating  threadpool...
  INFO root [2020-10-02 19:50:08,633] - ThreadPool::createThreadPool: successfully(5), newThreadCount=5, normalMaxThreadCount=5, maxThreadCount=5
 DEBUG root [2020-10-02 19:50:08,633] - DBInterfaceMysql::attach: connect: localhost:3306 starting...
 DEBUG root [2020-10-02 19:50:08,633] - DBInterfaceMysql::attach: connect: localhost:3306 starting...
 DEBUG root [2020-10-02 19:50:08,634] - DBInterfaceMysql::attach: connect: localhost:3306 starting...
 DEBUG root [2020-10-02 19:50:08,634] - DBInterfaceMysql::attach: connect: localhost:3306 starting...
 DEBUG root [2020-10-02 19:50:08,634] - DBInterfaceMysql::attach: connect: localhost:3306 starting...
 DEBUG root [2020-10-02 19:50:08,660] - DBInterfaceMysql::attach: successfully! addr: localhost:3306
 DEBUG root [2020-10-02 19:50:08,660] - DBThread::onStart(): 0x4574b48!
 DEBUG root [2020-10-02 19:50:08,668] - DBInterfaceMysql::attach: successfully! addr: localhost:3306
 DEBUG root [2020-10-02 19:50:08,669] - DBThread::onStart(): 0x45748a0!
 DEBUG root [2020-10-02 19:50:08,677] - DBInterfaceMysql::attach: successfully! addr: localhost:3306
 DEBUG root [2020-10-02 19:50:08,678] - DBThread::onStart(): 0x4574708!
 DEBUG root [2020-10-02 19:50:08,685] - DBInterfaceMysql::attach: successfully! addr: localhost:3306
 DEBUG root [2020-10-02 19:50:08,685] - DBThread::onStart(): 0x4574680!
 DEBUG root [2020-10-02 19:50:08,693] - DBInterfaceMysql::attach: successfully! addr: localhost:3306
 DEBUG root [2020-10-02 19:50:08,693] - DBThread::onStart(): 0x4574ac0!
  INFO root [2020-10-02 19:50:08,741] - DBInterfaceMysql::query: successfully!
  INFO root [2020-10-02 19:50:08,745] - DBInterfaceMysql::query: successfully!
  INFO root [2020-10-02 19:50:08,747] - DBInterfaceMysql::query: successfully!
  INFO root [2020-10-02 19:50:08,749] - DBInterfaceMysql::query: successfully!
  INFO root [2020-10-02 19:50:08,749] - DBInterfaceMysql::query: successfully!
  INFO root [2020-10-02 19:50:08,751] - DBInterfaceMysql::query: successfully!
  INFO root [2020-10-02 19:50:08,751] - DBInterfaceMysql::query: successfully!
  INFO root [2020-10-02 19:50:08,752] - DBInterfaceMysql::query: successfully!
  INFO root [2020-10-02 19:50:08,764] - DBInterfaceMysql::query: successfully!
  WARN root [2020-10-02 19:50:08,786] - D:\kbengine-1.2.7\kbe\src\server\dbmgr\dbmgr.cpp:324: Profile scriptCall took 0.42 seconds
  INFO root [2020-10-02 19:50:08,978] - ---- dbmgr is running ----
 DEBUG root [2020-10-02 19:50:08,978] - Components::process(): Request for the process of identity...
  INFO root [2020-10-02 19:50:15,165] - ServerApp::onRegisterNewApp: uid:16080, username:, componentType:interfaces, componentID:320002, globalorderID=-1, grouporderID=-1, intaddr:192.168.2.246, intport:30099, extaddr:nonsupport, extport:0,  from 127.0.0.1:30099/0/0/0.
  INFO root [2020-10-02 19:50:15,166] - Components::addComponent: reset orderLog, uid=16080!
  INFO root [2020-10-02 19:50:15,166] - Components::addComponent[interfaces], uid=16080, componentID=320002, globalorderid=1, grouporderid=1, totalcount=1
  INFO root [2020-10-02 19:50:16,182] - Components::findComponents: find logger(1)...
  INFO root [2020-10-02 19:50:16,238] - Components::findComponents: found logger, addr:192.168.2.246:58628
  INFO root [2020-10-02 19:50:16,239] - Components::addComponent: reset orderLog, uid=16080!
  INFO root [2020-10-02 19:50:16,239] - Components::addComponent[logger], uid=16080, componentID=210002, globalorderid=1, grouporderid=1, totalcount=1
  WARN root [2020-10-02 19:50:16,240] - Forwarding logs to logger[192.168.2.246:58628/0/0/0]...
 ERROR root [2020-10-02 19:55:02,109] - Components::removeComponentByChannel: logger : 210002, Abnormal exit! TCPPacketReceiver::processRecv(): errno=10054

  INFO root [2020-10-02 19:55:02,113] - The following logs sent to logger failed:
  WARN root [2020-10-02 19:55:02,114] - ==> [2020-10-02 19:55:02 107] TCPPacketReceiver::processPendingEvents(192.168.2.246:58628): Throwing REASON_GENERAL_NETWORK - WSAECONNRESET
 ERROR root [2020-10-02 19:55:02,115] - ==> [2020-10-02 19:55:02 109] Components::removeComponentByChannel: logger : 210002, Abnormal exit! TCPPacketReceiver::processRecv(): errno=10054

