  INFO root [2020-10-25 19:20:50,453] - 
  INFO root [2020-10-25 19:20:50,456] - -----------------------------------------------------------------------------------------


  INFO root [2020-10-25 19:20:50,459] - Resmgr::initialize: KBE_ROOT=D:/kbengine_24pic/
  INFO root [2020-10-25 19:20:50,459] - Resmgr::initialize: KBE_RES_PATH=D:/kbengine_24pic/kbe/res/;D:/kbengine_24pic/kbengine_stone_assets/;D:/kbengine_24pic/kbengine_stone_assets/scripts/;D:/kbengine_24pic/kbengine_stone_assets/res/
  INFO root [2020-10-25 19:20:50,460] - Resmgr::initialize: KBE_BIN_PATH=D:/kbengine_24pic/kbe/bin/server/
  INFO root [2020-10-25 19:20:50,467] - NetworkInterface::initialize(INTERNAL): bound to all interfaces with default route interface on 192.168.2.246 ( 192.168.2.246:30099 )
  INFO root [2020-10-25 19:20:50,468] - NetworkInterface::initialize(INTERNAL): address 192.168.2.246:30099, SOMAXCONN=5.
  INFO root [2020-10-25 19:20:50,473] - ---- interfaces Version: 1.2.7. ScriptVersion: 0.1.0. Protocol: 84EE52A025C98281889357BE39C63701. Config: Debug X86. Built: 19:01:31 Aug  4 2020. AppID: 320002. UID: 11640. PID: 1176 ----
  INFO root [2020-10-25 19:20:50,473] - Server : Intel(R) Core(TM) i5-10210U CPU @ 1.60GHz with 2097151kB RAM
  INFO root [2020-10-25 19:20:50,474] - ThreadPool::createThreadPool: creating  threadpool...
  INFO root [2020-10-25 19:20:50,474] - ThreadPool::createThreadPool: successfully(2), newThreadCount=1, normalMaxThreadCount=2, maxThreadCount=8
 DEBUG root [2020-10-25 19:20:50,614] - Script::install_py_dlls(): PyInit_pyexpat
 DEBUG root [2020-10-25 19:20:50,614] - Script::install_py_dlls(): PyInit__socket
 DEBUG root [2020-10-25 19:20:50,615] - Script::install_py_dlls(): PyInit__ssl
 DEBUG root [2020-10-25 19:20:50,620] - Script::install_py_dlls(): PyInit__hashlib
 DEBUG root [2020-10-25 19:20:50,621] - Script::install_py_dlls(): PyInit_select
 DEBUG root [2020-10-25 19:20:50,621] - Script::install_py_dlls(): PyInit__ctypes
 DEBUG root [2020-10-25 19:20:50,622] - Script::install_py_dlls(): PyInit__elementtree
 DEBUG root [2020-10-25 19:20:50,684] - Script::install_py_dlls(): PyInit_unicodedata
  INFO root [2020-10-25 19:20:50,745] - Script::install(): is successfully, Python=(3.4.2 (default, Aug  4 2020, 19:01:25) [MSC v.1925 32 bit (Intel)])!
  INFO root [2020-10-25 19:20:50,745] - Script::install(): KBExtra is successfully!
 S_DBG root [2020-10-25 19:20:51,002] - ======================= LoginPoller .__init__ =======================
S_INFO root [2020-10-25 19:20:51,003] - onInterfaceAppReady: bootstrapGroupIndex=0, bootstrapGlobalIndex=0
  INFO root [2020-10-25 19:20:51,004] - TelnetServer server is running on port 33000
  INFO root [2020-10-25 19:20:51,205] - ---- interfaces is running ----
 DEBUG root [2020-10-25 19:20:51,206] - Components::process(): Request for the process of identity...
S_INFO root [2020-10-25 19:20:57,398] - register fd 1260
  INFO root [2020-10-25 19:20:57,407] - ServerApp::onRegisterNewApp: uid:11640, username:, componentType:dbmgr, componentID:42002, globalorderID=-1, grouporderID=-1, intaddr:192.168.2.246, intport:51614, extaddr:nonsupport, extport:0,  from 127.0.0.1:51623/0/0/0.
  INFO root [2020-10-25 19:20:57,407] - Components::addComponent: reset orderLog, uid=11640!
  INFO root [2020-10-25 19:20:57,407] - Components::addComponent[dbmgr], uid=11640, componentID=42002, globalorderid=1, grouporderid=1, totalcount=1
  INFO root [2020-10-25 19:20:58,461] - Components::process(): Found all the components!
 S_DBG root [2020-10-25 19:21:13,359] - onRequestAccountLogin: 333
  WARN root [2020-10-25 19:27:50,903] - TCPPacketReceiver::processPendingEvents(127.0.0.1:51623): Throwing REASON_GENERAL_NETWORK - WSAECONNRESET
  INFO root [2020-10-25 19:27:50,905] - Components::removeComponentByChannel: dbmgr : 42002, Normal exit!
  INFO root [2020-10-25 19:27:54,391] - 
  INFO root [2020-10-25 19:27:54,391] - -----------------------------------------------------------------------------------------


  INFO root [2020-10-25 19:27:54,392] - Resmgr::initialize: KBE_ROOT=D:/kbengine_24pic/
  INFO root [2020-10-25 19:27:54,392] - Resmgr::initialize: KBE_RES_PATH=D:/kbengine_24pic/kbe/res/;D:/kbengine_24pic/kbengine_stone_assets/;D:/kbengine_24pic/kbengine_stone_assets/scripts/;D:/kbengine_24pic/kbengine_stone_assets/res/
  INFO root [2020-10-25 19:27:54,393] - Resmgr::initialize: KBE_BIN_PATH=D:/kbengine_24pic/kbe/bin/server/
  INFO root [2020-10-25 19:27:54,398] - NetworkInterface::initialize(INTERNAL): bound to all interfaces with default route interface on 192.168.2.246 ( 192.168.2.246:30099 )
  INFO root [2020-10-25 19:27:54,398] - NetworkInterface::initialize(INTERNAL): address 192.168.2.246:30099, SOMAXCONN=5.
  INFO root [2020-10-25 19:27:54,401] - ---- interfaces Version: 1.2.7. ScriptVersion: 0.1.0. Protocol: 84EE52A025C98281889357BE39C63701. Config: Debug X86. Built: 19:01:31 Aug  4 2020. AppID: 320002. UID: 13025. PID: 12484 ----
  INFO root [2020-10-25 19:27:54,401] - Server : Intel(R) Core(TM) i5-10210U CPU @ 1.60GHz with 2097151kB RAM
  INFO root [2020-10-25 19:27:54,402] - ThreadPool::createThreadPool: creating  threadpool...
  INFO root [2020-10-25 19:27:54,402] - ThreadPool::createThreadPool: successfully(2), newThreadCount=1, normalMaxThreadCount=2, maxThreadCount=8
 DEBUG root [2020-10-25 19:27:54,531] - Script::install_py_dlls(): PyInit_pyexpat
 DEBUG root [2020-10-25 19:27:54,531] - Script::install_py_dlls(): PyInit__socket
 DEBUG root [2020-10-25 19:27:54,532] - Script::install_py_dlls(): PyInit__ssl
 DEBUG root [2020-10-25 19:27:54,534] - Script::install_py_dlls(): PyInit__hashlib
 DEBUG root [2020-10-25 19:27:54,535] - Script::install_py_dlls(): PyInit_select
 DEBUG root [2020-10-25 19:27:54,535] - Script::install_py_dlls(): PyInit__ctypes
 DEBUG root [2020-10-25 19:27:54,535] - Script::install_py_dlls(): PyInit__elementtree
 DEBUG root [2020-10-25 19:27:54,569] - Script::install_py_dlls(): PyInit_unicodedata
  INFO root [2020-10-25 19:27:54,599] - Script::install(): is successfully, Python=(3.4.2 (default, Aug  4 2020, 19:01:25) [MSC v.1925 32 bit (Intel)])!
  INFO root [2020-10-25 19:27:54,599] - Script::install(): KBExtra is successfully!
 S_DBG root [2020-10-25 19:27:54,867] - ======================= LoginPoller .__init__ =======================
S_INFO root [2020-10-25 19:27:54,868] - onInterfaceAppReady: bootstrapGroupIndex=0, bootstrapGlobalIndex=0
  INFO root [2020-10-25 19:27:54,868] - TelnetServer server is running on port 33000
  INFO root [2020-10-25 19:27:55,100] - ---- interfaces is running ----
 DEBUG root [2020-10-25 19:27:55,100] - Components::process(): Request for the process of identity...
S_INFO root [2020-10-25 19:28:01,348] - register fd 1528
  INFO root [2020-10-25 19:28:01,355] - ServerApp::onRegisterNewApp: uid:13025, username:, componentType:dbmgr, componentID:42002, globalorderID=-1, grouporderID=-1, intaddr:192.168.2.246, intport:51743, extaddr:nonsupport, extport:0,  from 127.0.0.1:51752/0/0/0.
  INFO root [2020-10-25 19:28:01,356] - Components::addComponent: reset orderLog, uid=13025!
  INFO root [2020-10-25 19:28:01,356] - Components::addComponent[dbmgr], uid=13025, componentID=42002, globalorderid=1, grouporderid=1, totalcount=1
  INFO root [2020-10-25 19:28:02,369] - Components::process(): Found all the components!
 S_DBG root [2020-10-25 19:28:18,134] - onRequestAccountLogin: 333
 S_DBG root [2020-10-25 19:29:51,916] - onRequestAccountLogin: 031JvP000HtVwK1uG7000Jp12B4JvP0w
S_INFO root [2020-10-25 19:29:53,202] - register fd 1632
  WARN root [2020-10-25 19:29:53,210] - D:\kbengine-1.2.7\kbe\src\server\tools\interfaces\interfaces.cpp:655: Profile onRequestAccountLogin took 1.29 seconds
  WARN root [2020-10-25 19:29:53,211] - D:\kbengine-1.2.7\kbe\src\server\tools\interfaces\interfaces.cpp:654: Profile scriptCall took 1.30 seconds
  WARN root [2020-10-25 19:29:53,211] - D:\kbengine-1.2.7\kbe\src\lib\network\channel.cpp:714: Profile processRecvMessages took 1.30 seconds
S_INFO root [2020-10-25 19:29:53,234] - unregister fd 1632
S_INFO root [2020-10-25 19:29:53,235] - register fd 1632
S_INFO root [2020-10-25 19:29:53,236] - unregister fd 1632
S_INFO root [2020-10-25 19:29:53,238] - register fd 1632
S_INFO root [2020-10-25 19:29:53,269] - unregister fd 1632
S_INFO root [2020-10-25 19:29:53,270] - register fd 1632
S_INFO root [2020-10-25 19:29:53,568] - unregister fd 1632
S_INFO root [2020-10-25 19:29:53,568] - register fd 1632
S_INFO root [2020-10-25 19:29:53,596] - unregister fd 1632
 S_DBG root [2020-10-25 19:29:53,602] - tonado visit weixin time： count=1 totalTime=0.420593 
S_INFO root [2020-10-25 19:29:53,603] - b'{"session_key":"mo9QgWoidDEcC4\\/TSFN7rw==","openid":"omRjA4jplmxcJ3n3Mo8ba2rlTub4"}'
 S_DBG root [2020-10-25 19:29:53,603] - {"session_key":"mo9QgWoidDEcC4\/TSFN7rw==","openid":"omRjA4jplmxcJ3n3Mo8ba2rlTub4"}
 S_DBG root [2020-10-25 19:29:53,603] - wx login result, loginname: 031JvP000HtVwK1uG7000Jp12B4JvP0w
 S_DBG root [2020-10-25 20:45:26,846] - onRequestAccountLogin: 222
 S_DBG root [2020-10-25 20:46:53,626] - onRequestAccountLogin: 09166Q0w3AObcV25Xj0w3q8hEC066Q0r
S_INFO root [2020-10-25 20:46:53,684] - register fd 1744
  WARN root [2020-10-25 20:46:53,690] - D:\kbengine-1.2.7\kbe\src\server\tools\interfaces\interfaces.cpp:655: Profile onRequestAccountLogin took 0.06 seconds
  WARN root [2020-10-25 20:46:53,690] - D:\kbengine-1.2.7\kbe\src\server\tools\interfaces\interfaces.cpp:654: Profile scriptCall took 0.06 seconds
  WARN root [2020-10-25 20:46:53,691] - D:\kbengine-1.2.7\kbe\src\lib\network\channel.cpp:714: Profile processRecvMessages took 0.06 seconds
S_INFO root [2020-10-25 20:46:54,807] - unregister fd 1744
S_INFO root [2020-10-25 20:46:54,807] - register fd 1744
S_INFO root [2020-10-25 20:46:54,808] - unregister fd 1744
S_INFO root [2020-10-25 20:46:54,815] - register fd 1744
S_INFO root [2020-10-25 20:46:54,842] - unregister fd 1744
S_INFO root [2020-10-25 20:46:54,842] - register fd 1744
S_INFO root [2020-10-25 20:46:55,607] - unregister fd 1744
S_INFO root [2020-10-25 20:46:55,607] - register fd 1744
S_INFO root [2020-10-25 20:46:55,609] - unregister fd 1744
 S_DBG root [2020-10-25 20:46:55,643] - tonado visit weixin time： count=2 totalTime=4622.460710 
S_INFO root [2020-10-25 20:46:55,644] - b'{"session_key":"5BVT1AFRoEvyS+i+ykvOFg==","openid":"omRjA4jplmxcJ3n3Mo8ba2rlTub4"}'
 S_DBG root [2020-10-25 20:46:55,644] - {"session_key":"5BVT1AFRoEvyS+i+ykvOFg==","openid":"omRjA4jplmxcJ3n3Mo8ba2rlTub4"}
 S_DBG root [2020-10-25 20:46:55,644] - wx login result, loginname: 09166Q0w3AObcV25Xj0w3q8hEC066Q0r
 S_DBG root [2020-10-25 20:51:39,136] - onRequestAccountLogin: 061voQ0w3FuacV2lpn0w3VB9xX1voQ0K
S_INFO root [2020-10-25 20:51:39,140] - register fd 1736
S_INFO root [2020-10-25 20:51:39,170] - unregister fd 1736
S_INFO root [2020-10-25 20:51:39,170] - register fd 1736
S_INFO root [2020-10-25 20:51:39,171] - unregister fd 1736
S_INFO root [2020-10-25 20:51:39,172] - register fd 1736
S_INFO root [2020-10-25 20:51:39,204] - unregister fd 1736
S_INFO root [2020-10-25 20:51:39,204] - register fd 1736
S_INFO root [2020-10-25 20:51:39,503] - unregister fd 1736
S_INFO root [2020-10-25 20:51:39,504] - register fd 1736
S_INFO root [2020-10-25 20:51:39,504] - unregister fd 1736
 S_DBG root [2020-10-25 20:51:39,537] - tonado visit weixin time： count=3 totalTime=4906.356258 
S_INFO root [2020-10-25 20:51:39,538] - b'{"session_key":"bOvo5\\/mTy8w4faGzBZQmHQ==","openid":"omRjA4jplmxcJ3n3Mo8ba2rlTub4"}'
 S_DBG root [2020-10-25 20:51:39,539] - {"session_key":"bOvo5\/mTy8w4faGzBZQmHQ==","openid":"omRjA4jplmxcJ3n3Mo8ba2rlTub4"}
 S_DBG root [2020-10-25 20:51:39,539] - wx login result, loginname: 061voQ0w3FuacV2lpn0w3VB9xX1voQ0K
 S_DBG root [2020-10-25 20:53:50,256] - onRequestAccountLogin: 001qMoFa111hRz08ouIa1cTWuG1qMoFl
S_INFO root [2020-10-25 20:53:50,267] - register fd 1736
S_INFO root [2020-10-25 20:53:50,301] - unregister fd 1736
S_INFO root [2020-10-25 20:53:50,301] - register fd 1736
S_INFO root [2020-10-25 20:53:50,301] - unregister fd 1736
S_INFO root [2020-10-25 20:53:50,302] - register fd 1736
S_INFO root [2020-10-25 20:53:50,334] - unregister fd 1736
S_INFO root [2020-10-25 20:53:50,335] - register fd 1736
S_INFO root [2020-10-25 20:53:50,636] - unregister fd 1736
S_INFO root [2020-10-25 20:53:50,636] - register fd 1736
S_INFO root [2020-10-25 20:53:50,637] - unregister fd 1736
 S_DBG root [2020-10-25 20:53:50,694] - tonado visit weixin time： count=4 totalTime=5037.487642 
S_INFO root [2020-10-25 20:53:50,694] - b'{"session_key":"dXZAxU8mYCh5KJ20kmbmGw==","openid":"omRjA4jplmxcJ3n3Mo8ba2rlTub4"}'
 S_DBG root [2020-10-25 20:53:50,694] - {"session_key":"dXZAxU8mYCh5KJ20kmbmGw==","openid":"omRjA4jplmxcJ3n3Mo8ba2rlTub4"}
 S_DBG root [2020-10-25 20:53:50,695] - wx login result, loginname: 001qMoFa111hRz08ouIa1cTWuG1qMoFl
 S_DBG root [2020-10-25 20:57:11,135] - onRequestAccountLogin: 061RCi0w3BjCbV2phR0w3JiltQ3RCi0T
S_INFO root [2020-10-25 20:57:11,155] - register fd 1748
S_INFO root [2020-10-25 20:57:11,199] - unregister fd 1748
S_INFO root [2020-10-25 20:57:11,199] - register fd 1748
S_INFO root [2020-10-25 20:57:11,199] - unregister fd 1748
S_INFO root [2020-10-25 20:57:11,200] - register fd 1748
S_INFO root [2020-10-25 20:57:11,232] - unregister fd 1748
S_INFO root [2020-10-25 20:57:11,232] - register fd 1748
S_INFO root [2020-10-25 20:57:11,466] - unregister fd 1748
S_INFO root [2020-10-25 20:57:11,467] - register fd 1748
S_INFO root [2020-10-25 20:57:11,468] - unregister fd 1748
 S_DBG root [2020-10-25 20:57:11,500] - tonado visit weixin time： count=5 totalTime=5238.318201 
S_INFO root [2020-10-25 20:57:11,500] - b'{"session_key":"0mfqMnAVTL6GZtrotO3kBg==","openid":"omRjA4jplmxcJ3n3Mo8ba2rlTub4"}'
 S_DBG root [2020-10-25 20:57:11,500] - {"session_key":"0mfqMnAVTL6GZtrotO3kBg==","openid":"omRjA4jplmxcJ3n3Mo8ba2rlTub4"}
 S_DBG root [2020-10-25 20:57:11,500] - wx login result, loginname: 061RCi0w3BjCbV2phR0w3JiltQ3RCi0T
 S_DBG root [2020-10-25 20:57:50,405] - onRequestAccountLogin: 222
 S_DBG root [2020-10-25 20:59:25,467] - onRequestAccountLogin: 011n7pFa1dFgRz0oIaHa1ZqOq81n7pFh
S_INFO root [2020-10-25 20:59:25,471] - register fd 1752
S_INFO root [2020-10-25 20:59:25,530] - unregister fd 1752
S_INFO root [2020-10-25 20:59:25,532] - register fd 1752
S_INFO root [2020-10-25 20:59:25,534] - unregister fd 1752
S_INFO root [2020-10-25 20:59:25,534] - register fd 1752
S_INFO root [2020-10-25 20:59:25,567] - unregister fd 1752
S_INFO root [2020-10-25 20:59:25,568] - register fd 1752
S_INFO root [2020-10-25 20:59:25,798] - unregister fd 1752
S_INFO root [2020-10-25 20:59:25,801] - register fd 1752
S_INFO root [2020-10-25 20:59:25,805] - unregister fd 1752
 S_DBG root [2020-10-25 20:59:25,831] - tonado visit weixin time： count=6 totalTime=5372.649794 
S_INFO root [2020-10-25 20:59:25,831] - b'{"session_key":"De0DUCD4Cv13dI5q8KiZhA==","openid":"omRjA4jplmxcJ3n3Mo8ba2rlTub4"}'
 S_DBG root [2020-10-25 20:59:25,832] - {"session_key":"De0DUCD4Cv13dI5q8KiZhA==","openid":"omRjA4jplmxcJ3n3Mo8ba2rlTub4"}
 S_DBG root [2020-10-25 20:59:25,834] - wx login result, loginname: 011n7pFa1dFgRz0oIaHa1ZqOq81n7pFh
 S_DBG root [2020-10-25 21:03:34,848] - onRequestAccountLogin: 071FBMGa1N8UPz0q8SFa1hFF300FBMGo
S_INFO root [2020-10-25 21:03:34,863] - register fd 1752
S_INFO root [2020-10-25 21:03:34,894] - unregister fd 1752
S_INFO root [2020-10-25 21:03:34,894] - register fd 1752
S_INFO root [2020-10-25 21:03:34,895] - unregister fd 1752
S_INFO root [2020-10-25 21:03:34,900] - register fd 1752
S_INFO root [2020-10-25 21:03:34,928] - unregister fd 1752
S_INFO root [2020-10-25 21:03:34,928] - register fd 1752
S_INFO root [2020-10-25 21:03:35,227] - unregister fd 1752
S_INFO root [2020-10-25 21:03:35,228] - register fd 1752
S_INFO root [2020-10-25 21:03:35,229] - unregister fd 1752
 S_DBG root [2020-10-25 21:03:35,261] - tonado visit weixin time： count=7 totalTime=5622.079815 
S_INFO root [2020-10-25 21:03:35,261] - b'{"session_key":"iynxU2j08xq\\/pxmfgcfUBA==","openid":"omRjA4jplmxcJ3n3Mo8ba2rlTub4"}'
 S_DBG root [2020-10-25 21:03:35,261] - {"session_key":"iynxU2j08xq\/pxmfgcfUBA==","openid":"omRjA4jplmxcJ3n3Mo8ba2rlTub4"}
 S_DBG root [2020-10-25 21:03:35,262] - wx login result, loginname: 071FBMGa1N8UPz0q8SFa1hFF300FBMGo
 S_DBG root [2020-10-25 21:04:06,843] - onRequestAccountLogin: 22
 S_DBG root [2020-10-25 21:14:25,216] - onRequestAccountLogin: 0916xE000cw7xK1nM6100Mu9l936xE0W
S_INFO root [2020-10-25 21:14:25,233] - register fd 1744
S_INFO root [2020-10-25 21:14:25,278] - unregister fd 1744
S_INFO root [2020-10-25 21:14:25,279] - register fd 1744
S_INFO root [2020-10-25 21:14:25,279] - unregister fd 1744
S_INFO root [2020-10-25 21:14:25,279] - register fd 1744
S_INFO root [2020-10-25 21:14:25,310] - unregister fd 1744
S_INFO root [2020-10-25 21:14:25,310] - register fd 1744
S_INFO root [2020-10-25 21:14:25,576] - unregister fd 1744
S_INFO root [2020-10-25 21:14:25,577] - register fd 1744
S_INFO root [2020-10-25 21:14:25,578] - unregister fd 1744
 S_DBG root [2020-10-25 21:14:25,635] - tonado visit weixin time： count=8 totalTime=6271.029494 
S_INFO root [2020-10-25 21:14:25,635] - b'{"session_key":"IiErMh5K9ageznAXcp+cqA==","openid":"omRjA4jplmxcJ3n3Mo8ba2rlTub4"}'
 S_DBG root [2020-10-25 21:14:25,635] - {"session_key":"IiErMh5K9ageznAXcp+cqA==","openid":"omRjA4jplmxcJ3n3Mo8ba2rlTub4"}
 S_DBG root [2020-10-25 21:14:25,635] - wx login result, loginname: 0916xE000cw7xK1nM6100Mu9l936xE0W
 S_DBG root [2020-10-25 21:25:50,521] - onRequestAccountLogin: 99
 S_DBG root [2020-10-25 21:31:59,721] - onRequestAccountLogin: 0318O7000UrywK1y4e400giqAP18O70-
S_INFO root [2020-10-25 21:31:59,796] - register fd 1744
  WARN root [2020-10-25 21:31:59,797] - D:\kbengine-1.2.7\kbe\src\server\tools\interfaces\interfaces.cpp:655: Profile onRequestAccountLogin took 0.08 seconds
  WARN root [2020-10-25 21:31:59,798] - D:\kbengine-1.2.7\kbe\src\server\tools\interfaces\interfaces.cpp:654: Profile scriptCall took 0.08 seconds
  WARN root [2020-10-25 21:31:59,799] - D:\kbengine-1.2.7\kbe\src\lib\network\channel.cpp:714: Profile processRecvMessages took 0.08 seconds
S_INFO root [2020-10-25 21:31:59,863] - unregister fd 1744
S_INFO root [2020-10-25 21:31:59,863] - register fd 1744
S_INFO root [2020-10-25 21:31:59,863] - unregister fd 1744
S_INFO root [2020-10-25 21:31:59,867] - register fd 1744
S_INFO root [2020-10-25 21:31:59,898] - unregister fd 1744
S_INFO root [2020-10-25 21:31:59,898] - register fd 1744
S_INFO root [2020-10-25 21:32:00,199] - unregister fd 1744
S_INFO root [2020-10-25 21:32:00,199] - register fd 1744
S_INFO root [2020-10-25 21:32:00,224] - unregister fd 1744
 S_DBG root [2020-10-25 21:32:00,233] - tonado visit weixin time： count=9 totalTime=7325.626442 
S_INFO root [2020-10-25 21:32:00,234] - b'{"session_key":"bZGxzeACwSOvbA+bMF7X5w==","openid":"omRjA4jplmxcJ3n3Mo8ba2rlTub4"}'
 S_DBG root [2020-10-25 21:32:00,234] - {"session_key":"bZGxzeACwSOvbA+bMF7X5w==","openid":"omRjA4jplmxcJ3n3Mo8ba2rlTub4"}
 S_DBG root [2020-10-25 21:32:00,234] - wx login result, loginname: 0318O7000UrywK1y4e400giqAP18O70-
 S_DBG root [2020-10-25 21:41:03,299] - onRequestAccountLogin: 222
 S_DBG root [2020-10-25 21:41:13,203] - onRequestAccountLogin: fff
 S_DBG root [2020-10-25 21:43:26,641] - onRequestAccountLogin: 011Gv80002IOwK1s8J000StJBq1Gv80B
S_INFO root [2020-10-25 21:43:26,653] - register fd 1756
S_INFO root [2020-10-25 21:43:26,687] - unregister fd 1756
S_INFO root [2020-10-25 21:43:26,688] - register fd 1756
S_INFO root [2020-10-25 21:43:26,688] - unregister fd 1756
S_INFO root [2020-10-25 21:43:26,689] - register fd 1756
S_INFO root [2020-10-25 21:43:26,721] - unregister fd 1756
S_INFO root [2020-10-25 21:43:26,722] - register fd 1756
S_INFO root [2020-10-25 21:43:26,988] - unregister fd 1756
S_INFO root [2020-10-25 21:43:26,988] - register fd 1756
S_INFO root [2020-10-25 21:43:26,989] - unregister fd 1756
 S_DBG root [2020-10-25 21:43:27,021] - tonado visit weixin time： count=10 totalTime=8012.415385 
S_INFO root [2020-10-25 21:43:27,021] - b'{"session_key":"JEW6pQci\\/RznxNF3ucT9qg==","openid":"omRjA4jplmxcJ3n3Mo8ba2rlTub4"}'
 S_DBG root [2020-10-25 21:43:27,022] - {"session_key":"JEW6pQci\/RznxNF3ucT9qg==","openid":"omRjA4jplmxcJ3n3Mo8ba2rlTub4"}
 S_DBG root [2020-10-25 21:43:27,022] - wx login result, loginname: 011Gv80002IOwK1s8J000StJBq1Gv80B
 S_DBG root [2020-10-25 21:44:53,369] - onRequestAccountLogin: 031bwGml2KglQ54rzUol2fMmYr4bwGmz
S_INFO root [2020-10-25 21:44:53,372] - register fd 808
S_INFO root [2020-10-25 21:44:53,420] - unregister fd 808
S_INFO root [2020-10-25 21:44:53,420] - register fd 808
S_INFO root [2020-10-25 21:44:53,421] - unregister fd 808
S_INFO root [2020-10-25 21:44:53,421] - register fd 808
S_INFO root [2020-10-25 21:44:53,453] - unregister fd 808
S_INFO root [2020-10-25 21:44:53,453] - register fd 808
S_INFO root [2020-10-25 21:44:53,720] - unregister fd 808
S_INFO root [2020-10-25 21:44:53,720] - register fd 808
S_INFO root [2020-10-25 21:44:53,721] - unregister fd 808
 S_DBG root [2020-10-25 21:44:53,755] - tonado visit weixin time： count=11 totalTime=8099.149094 
S_INFO root [2020-10-25 21:44:53,756] - b'{"session_key":"JEW6pQci\\/RznxNF3ucT9qg==","openid":"omRjA4jplmxcJ3n3Mo8ba2rlTub4"}'
 S_DBG root [2020-10-25 21:44:53,756] - {"session_key":"JEW6pQci\/RznxNF3ucT9qg==","openid":"omRjA4jplmxcJ3n3Mo8ba2rlTub4"}
 S_DBG root [2020-10-25 21:44:53,756] - wx login result, loginname: 031bwGml2KglQ54rzUol2fMmYr4bwGmz
 S_DBG root [2020-10-25 22:04:31,754] - onRequestAccountLogin: 333
 S_DBG root [2020-10-25 22:04:55,460] - onRequestAccountLogin: 222
 S_DBG root [2020-10-25 22:08:58,344] - onRequestAccountLogin: 0915s1Ga1UHNRz00reGa1LzXOU05s1GY
S_INFO root [2020-10-25 22:08:58,358] - register fd 1752
S_INFO root [2020-10-25 22:09:01,501] - unregister fd 1752
S_INFO root [2020-10-25 22:09:01,502] - register fd 1752
S_INFO root [2020-10-25 22:09:01,502] - unregister fd 1752
S_INFO root [2020-10-25 22:09:01,503] - register fd 1752
S_INFO root [2020-10-25 22:09:01,535] - unregister fd 1752
S_INFO root [2020-10-25 22:09:01,536] - register fd 1752
  WARN root [2020-10-25 22:09:01,777] - D:\kbengine-1.2.7\kbe\src\lib\server\serverapp.cpp:270: Profile callScriptTimers took 0.04 seconds
  WARN root [2020-10-25 22:09:01,780] - D:\kbengine-1.2.7\kbe\src\lib\network\event_dispatcher.cpp:171: Profile callSystemTimers took 0.05 seconds
S_INFO root [2020-10-25 22:09:01,967] - unregister fd 1752
S_INFO root [2020-10-25 22:09:01,967] - register fd 1752
S_INFO root [2020-10-25 22:09:01,968] - unregister fd 1752
 S_DBG root [2020-10-25 22:09:02,002] - tonado visit weixin time： count=12 totalTime=9547.396759 
S_INFO root [2020-10-25 22:09:02,004] - b'{"session_key":"60+w2teItLnkAX8r\\/QKBNg==","openid":"omRjA4jplmxcJ3n3Mo8ba2rlTub4"}'
 S_DBG root [2020-10-25 22:09:02,006] - {"session_key":"60+w2teItLnkAX8r\/QKBNg==","openid":"omRjA4jplmxcJ3n3Mo8ba2rlTub4"}
 S_DBG root [2020-10-25 22:09:02,008] - wx login result, loginname: 0915s1Ga1UHNRz00reGa1LzXOU05s1GY
 S_DBG root [2020-10-25 22:10:44,901] - onRequestAccountLogin: 123
 S_DBG root [2020-10-25 22:24:23,884] - onRequestAccountLogin: 1256
 S_DBG root [2020-10-25 22:35:17,933] - onRequestAccountLogin: 29
 S_DBG root [2020-10-25 22:36:10,854] - onRequestAccountLogin: 061JrUll2yv6Q54kBvll2BDBuk0JrUlh
S_INFO root [2020-10-25 22:36:10,871] - register fd 808
S_INFO root [2020-10-25 22:36:11,915] - unregister fd 808
S_INFO root [2020-10-25 22:36:11,918] - register fd 808
S_INFO root [2020-10-25 22:36:11,920] - unregister fd 808
S_INFO root [2020-10-25 22:36:11,926] - register fd 808
S_INFO root [2020-10-25 22:36:11,948] - unregister fd 808
S_INFO root [2020-10-25 22:36:11,950] - register fd 808
S_INFO root [2020-10-25 22:36:12,246] - unregister fd 808
S_INFO root [2020-10-25 22:36:12,247] - register fd 808
S_INFO root [2020-10-25 22:36:12,253] - unregister fd 808
 S_DBG root [2020-10-25 22:36:12,282] - tonado visit weixin time： count=13 totalTime=11177.676414 
S_INFO root [2020-10-25 22:36:12,286] - b'{"session_key":"Cquy1+H17ku\\/XA9LnyqjCA==","openid":"omRjA4jplmxcJ3n3Mo8ba2rlTub4"}'
 S_DBG root [2020-10-25 22:36:12,287] - {"session_key":"Cquy1+H17ku\/XA9LnyqjCA==","openid":"omRjA4jplmxcJ3n3Mo8ba2rlTub4"}
 S_DBG root [2020-10-25 22:36:12,290] - wx login result, loginname: 061JrUll2yv6Q54kBvll2BDBuk0JrUlh
  WARN root [2020-10-25 23:03:02,918] - TCPPacketReceiver::processPendingEvents(127.0.0.1:51752): Throwing REASON_GENERAL_NETWORK - WSAECONNRESET
  INFO root [2020-10-25 23:03:02,922] - Components::removeComponentByChannel: dbmgr : 42002, Normal exit!
