  INFO root [2020-10-02 16:33:05,487] - 
  INFO root [2020-10-02 16:33:05,487] - -----------------------------------------------------------------------------------------


  INFO root [2020-10-02 16:33:05,489] - Resmgr::initialize: KBE_ROOT=D:/kbengine_24pic/
  INFO root [2020-10-02 16:33:05,489] - Resmgr::initialize: KBE_RES_PATH=D:/kbengine_24pic/kbe/res/;D:/kbengine_24pic/kbengine_stone_assets/;D:/kbengine_24pic/kbengine_stone_assets/scripts/;D:/kbengine_24pic/kbengine_stone_assets/res/
  INFO root [2020-10-02 16:33:05,490] - Resmgr::initialize: KBE_BIN_PATH=D:/kbengine_24pic/kbe/bin/server/
  INFO root [2020-10-02 16:33:05,495] - NetworkInterface::initialize(INTERNAL): bound to all interfaces with default route interface on 192.168.2.246 ( 192.168.2.246:30099 )
  INFO root [2020-10-02 16:33:05,495] - NetworkInterface::initialize(INTERNAL): address 192.168.2.246:30099, SOMAXCONN=5.
  INFO root [2020-10-02 16:33:05,498] - ---- interfaces Version: 1.2.7. ScriptVersion: 0.1.0. Protocol: 84EE52A025C98281889357BE39C63701. Config: Debug X86. Built: 19:01:31 Aug  4 2020. AppID: 320002. UID: 10245. PID: 12320 ----
  INFO root [2020-10-02 16:33:05,499] - Server : Intel(R) Core(TM) i5-10210U CPU @ 1.60GHz with 2097151kB RAM
  INFO root [2020-10-02 16:33:05,499] - ThreadPool::createThreadPool: creating  threadpool...
  INFO root [2020-10-02 16:33:05,499] - ThreadPool::createThreadPool: successfully(2), newThreadCount=1, normalMaxThreadCount=2, maxThreadCount=8
 DEBUG root [2020-10-02 16:33:05,630] - Script::install_py_dlls(): PyInit_pyexpat
 DEBUG root [2020-10-02 16:33:05,630] - Script::install_py_dlls(): PyInit__socket
 DEBUG root [2020-10-02 16:33:05,631] - Script::install_py_dlls(): PyInit__ssl
 DEBUG root [2020-10-02 16:33:05,635] - Script::install_py_dlls(): PyInit__hashlib
 DEBUG root [2020-10-02 16:33:05,635] - Script::install_py_dlls(): PyInit_select
 DEBUG root [2020-10-02 16:33:05,636] - Script::install_py_dlls(): PyInit__ctypes
 DEBUG root [2020-10-02 16:33:05,636] - Script::install_py_dlls(): PyInit__elementtree
 DEBUG root [2020-10-02 16:33:05,673] - Script::install_py_dlls(): PyInit_unicodedata
  INFO root [2020-10-02 16:33:05,724] - Script::install(): is successfully, Python=(3.4.2 (default, Aug  4 2020, 19:01:25) [MSC v.1925 32 bit (Intel)])!
  INFO root [2020-10-02 16:33:05,724] - Script::install(): KBExtra is successfully!
 S_DBG root [2020-10-02 16:33:06,052] - ======================= LoginPoller .__init__ =======================
S_INFO root [2020-10-02 16:33:06,053] - onInterfaceAppReady: bootstrapGroupIndex=0, bootstrapGlobalIndex=0
  INFO root [2020-10-02 16:33:06,053] - TelnetServer server is running on port 33000
  INFO root [2020-10-02 16:33:06,240] - ---- interfaces is running ----
 DEBUG root [2020-10-02 16:33:06,240] - Components::process(): Request for the process of identity...
S_INFO root [2020-10-02 16:33:12,450] - register fd 1932
  WARN root [2020-10-02 16:33:12,463] - D:\kbengine-1.2.7\kbe\src\lib\network\event_dispatcher.cpp:171: Profile callSystemTimers took 0.04 seconds
  INFO root [2020-10-02 16:33:12,464] - ServerApp::onRegisterNewApp: uid:10245, username:, componentType:dbmgr, componentID:42002, globalorderID=-1, grouporderID=-1, intaddr:192.168.2.246, intport:55012, extaddr:nonsupport, extport:0,  from 127.0.0.1:55019/0/0/0.
  INFO root [2020-10-02 16:33:12,464] - Components::addComponent: reset orderLog, uid=10245!
  INFO root [2020-10-02 16:33:12,465] - Components::addComponent[dbmgr], uid=10245, componentID=42002, globalorderid=1, grouporderid=1, totalcount=1
  INFO root [2020-10-02 16:33:13,491] - Components::process(): Found all the components!
 S_DBG root [2020-10-02 16:34:14,245] - onRequestAccountLogin: vxDC
 S_DBG root [2020-10-02 16:34:24,584] - onRequestAccountLogin: hdVI
 S_DBG root [2020-10-02 16:35:03,246] - onRequestAccountLogin: wQ2W
 S_DBG root [2020-10-02 16:35:53,443] - onRequestAccountLogin: O8KW
 S_DBG root [2020-10-02 16:36:36,650] - onRequestAccountLogin: pKD7
  WARN root [2020-10-02 16:37:16,111] - TCPPacketReceiver::processPendingEvents(127.0.0.1:55019): Throwing REASON_GENERAL_NETWORK - WSAECONNRESET
  INFO root [2020-10-02 16:37:16,114] - Components::removeComponentByChannel: dbmgr : 42002, Normal exit!
  INFO root [2020-10-02 16:37:21,106] - 
  INFO root [2020-10-02 16:37:21,106] - -----------------------------------------------------------------------------------------


  INFO root [2020-10-02 16:37:21,107] - Resmgr::initialize: KBE_ROOT=D:/kbengine_24pic/
  INFO root [2020-10-02 16:37:21,108] - Resmgr::initialize: KBE_RES_PATH=D:/kbengine_24pic/kbe/res/;D:/kbengine_24pic/kbengine_stone_assets/;D:/kbengine_24pic/kbengine_stone_assets/scripts/;D:/kbengine_24pic/kbengine_stone_assets/res/
  INFO root [2020-10-02 16:37:21,108] - Resmgr::initialize: KBE_BIN_PATH=D:/kbengine_24pic/kbe/bin/server/
  INFO root [2020-10-02 16:37:21,112] - NetworkInterface::initialize(INTERNAL): bound to all interfaces with default route interface on 192.168.2.246 ( 192.168.2.246:30099 )
  INFO root [2020-10-02 16:37:21,113] - NetworkInterface::initialize(INTERNAL): address 192.168.2.246:30099, SOMAXCONN=5.
  INFO root [2020-10-02 16:37:21,116] - ---- interfaces Version: 1.2.7. ScriptVersion: 0.1.0. Protocol: 84EE52A025C98281889357BE39C63701. Config: Debug X86. Built: 19:01:31 Aug  4 2020. AppID: 320002. UID: 11081. PID: 14708 ----
  INFO root [2020-10-02 16:37:21,116] - Server : Intel(R) Core(TM) i5-10210U CPU @ 1.60GHz with 2097151kB RAM
  INFO root [2020-10-02 16:37:21,116] - ThreadPool::createThreadPool: creating  threadpool...
  INFO root [2020-10-02 16:37:21,117] - ThreadPool::createThreadPool: successfully(2), newThreadCount=1, normalMaxThreadCount=2, maxThreadCount=8
 DEBUG root [2020-10-02 16:37:21,245] - Script::install_py_dlls(): PyInit_pyexpat
 DEBUG root [2020-10-02 16:37:21,245] - Script::install_py_dlls(): PyInit__socket
 DEBUG root [2020-10-02 16:37:21,245] - Script::install_py_dlls(): PyInit__ssl
 DEBUG root [2020-10-02 16:37:21,248] - Script::install_py_dlls(): PyInit__hashlib
 DEBUG root [2020-10-02 16:37:21,249] - Script::install_py_dlls(): PyInit_select
 DEBUG root [2020-10-02 16:37:21,249] - Script::install_py_dlls(): PyInit__ctypes
 DEBUG root [2020-10-02 16:37:21,249] - Script::install_py_dlls(): PyInit__elementtree
 DEBUG root [2020-10-02 16:37:21,287] - Script::install_py_dlls(): PyInit_unicodedata
  INFO root [2020-10-02 16:37:21,326] - Script::install(): is successfully, Python=(3.4.2 (default, Aug  4 2020, 19:01:25) [MSC v.1925 32 bit (Intel)])!
  INFO root [2020-10-02 16:37:21,326] - Script::install(): KBExtra is successfully!
 S_DBG root [2020-10-02 16:37:21,566] - ======================= LoginPoller .__init__ =======================
S_INFO root [2020-10-02 16:37:21,566] - onInterfaceAppReady: bootstrapGroupIndex=0, bootstrapGlobalIndex=0
  INFO root [2020-10-02 16:37:21,567] - TelnetServer server is running on port 33000
  INFO root [2020-10-02 16:37:21,764] - ---- interfaces is running ----
 DEBUG root [2020-10-02 16:37:21,764] - Components::process(): Request for the process of identity...
S_INFO root [2020-10-02 16:37:27,984] - register fd 1392
  INFO root [2020-10-02 16:37:27,991] - ServerApp::onRegisterNewApp: uid:11081, username:, componentType:dbmgr, componentID:42002, globalorderID=-1, grouporderID=-1, intaddr:192.168.2.246, intport:55348, extaddr:nonsupport, extport:0,  from 127.0.0.1:55359/0/0/0.
  INFO root [2020-10-02 16:37:27,991] - Components::addComponent: reset orderLog, uid=11081!
  INFO root [2020-10-02 16:37:27,991] - Components::addComponent[dbmgr], uid=11081, componentID=42002, globalorderid=1, grouporderid=1, totalcount=1
  INFO root [2020-10-02 16:37:29,001] - Components::process(): Found all the components!
  WARN root [2020-10-02 16:40:15,693] - TCPPacketReceiver::processPendingEvents(127.0.0.1:55359): Throwing REASON_GENERAL_NETWORK - WSAECONNRESET
  INFO root [2020-10-02 16:40:15,698] - Components::removeComponentByChannel: dbmgr : 42002, Normal exit!
  INFO root [2020-10-02 17:22:55,799] - 
  INFO root [2020-10-02 17:22:55,799] - -----------------------------------------------------------------------------------------


  INFO root [2020-10-02 17:22:55,800] - Resmgr::initialize: KBE_ROOT=D:/kbengine_24pic/
  INFO root [2020-10-02 17:22:55,801] - Resmgr::initialize: KBE_RES_PATH=D:/kbengine_24pic/kbe/res/;D:/kbengine_24pic/kbengine_stone_assets/;D:/kbengine_24pic/kbengine_stone_assets/scripts/;D:/kbengine_24pic/kbengine_stone_assets/res/
  INFO root [2020-10-02 17:22:55,801] - Resmgr::initialize: KBE_BIN_PATH=D:/kbengine_24pic/kbe/bin/server/
  INFO root [2020-10-02 17:22:55,806] - NetworkInterface::initialize(INTERNAL): bound to all interfaces with default route interface on 192.168.2.246 ( 192.168.2.246:30099 )
  INFO root [2020-10-02 17:22:55,807] - NetworkInterface::initialize(INTERNAL): address 192.168.2.246:30099, SOMAXCONN=5.
  INFO root [2020-10-02 17:22:55,811] - ---- interfaces Version: 1.2.7. ScriptVersion: 0.1.0. Protocol: 84EE52A025C98281889357BE39C63701. Config: Debug X86. Built: 19:01:31 Aug  4 2020. AppID: 320002. UID: 20009. PID: 6244 ----
  INFO root [2020-10-02 17:22:55,811] - Server : Intel(R) Core(TM) i5-10210U CPU @ 1.60GHz with 2097151kB RAM
  INFO root [2020-10-02 17:22:55,812] - ThreadPool::createThreadPool: creating  threadpool...
  INFO root [2020-10-02 17:22:55,812] - ThreadPool::createThreadPool: successfully(2), newThreadCount=1, normalMaxThreadCount=2, maxThreadCount=8
 DEBUG root [2020-10-02 17:22:55,942] - Script::install_py_dlls(): PyInit_pyexpat
 DEBUG root [2020-10-02 17:22:55,943] - Script::install_py_dlls(): PyInit__socket
 DEBUG root [2020-10-02 17:22:55,943] - Script::install_py_dlls(): PyInit__ssl
 DEBUG root [2020-10-02 17:22:55,947] - Script::install_py_dlls(): PyInit__hashlib
 DEBUG root [2020-10-02 17:22:55,947] - Script::install_py_dlls(): PyInit_select
 DEBUG root [2020-10-02 17:22:55,948] - Script::install_py_dlls(): PyInit__ctypes
 DEBUG root [2020-10-02 17:22:55,948] - Script::install_py_dlls(): PyInit__elementtree
 DEBUG root [2020-10-02 17:22:55,991] - Script::install_py_dlls(): PyInit_unicodedata
  INFO root [2020-10-02 17:22:56,040] - Script::install(): is successfully, Python=(3.4.2 (default, Aug  4 2020, 19:01:25) [MSC v.1925 32 bit (Intel)])!
  INFO root [2020-10-02 17:22:56,040] - Script::install(): KBExtra is successfully!
 S_DBG root [2020-10-02 17:22:56,478] - ======================= LoginPoller .__init__ =======================
S_INFO root [2020-10-02 17:22:56,479] - onInterfaceAppReady: bootstrapGroupIndex=0, bootstrapGlobalIndex=0
  INFO root [2020-10-02 17:22:56,479] - TelnetServer server is running on port 33000
  INFO root [2020-10-02 17:22:56,858] - ---- interfaces is running ----
 DEBUG root [2020-10-02 17:22:56,859] - Components::process(): Request for the process of identity...
S_INFO root [2020-10-02 17:23:03,072] - register fd 1264
  INFO root [2020-10-02 17:23:03,079] - ServerApp::onRegisterNewApp: uid:20009, username:, componentType:dbmgr, componentID:42002, globalorderID=-1, grouporderID=-1, intaddr:192.168.2.246, intport:56556, extaddr:nonsupport, extport:0,  from 127.0.0.1:56564/0/0/0.
  INFO root [2020-10-02 17:23:03,079] - Components::addComponent: reset orderLog, uid=20009!
  INFO root [2020-10-02 17:23:03,080] - Components::addComponent[dbmgr], uid=20009, componentID=42002, globalorderid=1, grouporderid=1, totalcount=1
  INFO root [2020-10-02 17:23:04,112] - Components::process(): Found all the components!
 S_DBG root [2020-10-02 17:23:18,388] - onRequestAccountLogin: fhxB
 S_DBG root [2020-10-02 17:23:27,076] - onRequestAccountLogin: 1gNZ
 S_DBG root [2020-10-02 17:24:40,515] - onRequestAccountLogin: gRG2
 S_DBG root [2020-10-02 17:24:50,741] - onRequestAccountLogin: iZba
 S_DBG root [2020-10-02 17:59:05,004] - onRequestAccountLogin: 5FsG
 S_DBG root [2020-10-02 17:59:15,063] - onRequestAccountLogin: zwJ7
 S_DBG root [2020-10-02 18:00:27,901] - onRequestAccountLogin: brLA
 S_DBG root [2020-10-02 18:00:37,364] - onRequestAccountLogin: kMKw
 S_DBG root [2020-10-02 18:02:01,135] - onRequestAccountLogin: K7gA
 S_DBG root [2020-10-02 18:02:10,170] - onRequestAccountLogin: sJjU
 S_DBG root [2020-10-02 18:03:07,389] - onRequestAccountLogin: RDXr
 S_DBG root [2020-10-02 18:03:17,590] - onRequestAccountLogin: i3pT
 S_DBG root [2020-10-02 18:05:49,407] - onRequestAccountLogin: x8A5
 S_DBG root [2020-10-02 18:05:58,493] - onRequestAccountLogin: l1Ed
 S_DBG root [2020-10-02 18:20:45,734] - onRequestAccountLogin: 7p5c
 S_DBG root [2020-10-02 18:20:55,761] - onRequestAccountLogin: emud
 S_DBG root [2020-10-02 18:52:18,616] - onRequestAccountLogin: aHg7
 S_DBG root [2020-10-02 18:52:28,017] - onRequestAccountLogin: yeMg
 S_DBG root [2020-10-02 19:23:05,719] - onRequestAccountLogin: HwFT
 S_DBG root [2020-10-02 19:23:15,936] - onRequestAccountLogin: R5vW
 S_DBG root [2020-10-02 19:24:19,220] - onRequestAccountLogin: cq4z
 S_DBG root [2020-10-02 19:24:28,524] - onRequestAccountLogin: M5mR
 S_DBG root [2020-10-02 19:26:06,448] - onRequestAccountLogin: ZwJv
 S_DBG root [2020-10-02 19:26:17,124] - onRequestAccountLogin: Bd5x
 S_DBG root [2020-10-02 19:28:07,815] - onRequestAccountLogin: TqF4
 S_DBG root [2020-10-02 19:28:17,761] - onRequestAccountLogin: C3RO
 S_DBG root [2020-10-02 19:35:15,704] - onRequestAccountLogin: 4YXd
 S_DBG root [2020-10-02 19:35:28,609] - onRequestAccountLogin: ngTu
  WARN root [2020-10-02 19:50:02,791] - TCPPacketReceiver::processPendingEvents(127.0.0.1:56564): Throwing REASON_GENERAL_NETWORK - WSAECONNRESET
  INFO root [2020-10-02 19:50:02,794] - Components::removeComponentByChannel: dbmgr : 42002, Normal exit!
  INFO root [2020-10-02 19:50:06,467] - 
  INFO root [2020-10-02 19:50:06,468] - -----------------------------------------------------------------------------------------


  INFO root [2020-10-02 19:50:06,469] - Resmgr::initialize: KBE_ROOT=D:/kbengine_24pic/
  INFO root [2020-10-02 19:50:06,469] - Resmgr::initialize: KBE_RES_PATH=D:/kbengine_24pic/kbe/res/;D:/kbengine_24pic/kbengine_stone_assets/;D:/kbengine_24pic/kbengine_stone_assets/scripts/;D:/kbengine_24pic/kbengine_stone_assets/res/
  INFO root [2020-10-02 19:50:06,469] - Resmgr::initialize: KBE_BIN_PATH=D:/kbengine_24pic/kbe/bin/server/
  INFO root [2020-10-02 19:50:06,473] - NetworkInterface::initialize(INTERNAL): bound to all interfaces with default route interface on 192.168.2.246 ( 192.168.2.246:30099 )
  INFO root [2020-10-02 19:50:06,474] - NetworkInterface::initialize(INTERNAL): address 192.168.2.246:30099, SOMAXCONN=5.
  INFO root [2020-10-02 19:50:06,477] - ---- interfaces Version: 1.2.7. ScriptVersion: 0.1.0. Protocol: 84EE52A025C98281889357BE39C63701. Config: Debug X86. Built: 19:01:31 Aug  4 2020. AppID: 320002. UID: 16080. PID: 1776 ----
  INFO root [2020-10-02 19:50:06,478] - Server : Intel(R) Core(TM) i5-10210U CPU @ 1.60GHz with 2097151kB RAM
  INFO root [2020-10-02 19:50:06,478] - ThreadPool::createThreadPool: creating  threadpool...
  INFO root [2020-10-02 19:50:06,478] - ThreadPool::createThreadPool: successfully(2), newThreadCount=1, normalMaxThreadCount=2, maxThreadCount=8
 DEBUG root [2020-10-02 19:50:06,613] - Script::install_py_dlls(): PyInit_pyexpat
 DEBUG root [2020-10-02 19:50:06,614] - Script::install_py_dlls(): PyInit__socket
 DEBUG root [2020-10-02 19:50:06,614] - Script::install_py_dlls(): PyInit__ssl
 DEBUG root [2020-10-02 19:50:06,617] - Script::install_py_dlls(): PyInit__hashlib
 DEBUG root [2020-10-02 19:50:06,617] - Script::install_py_dlls(): PyInit_select
 DEBUG root [2020-10-02 19:50:06,618] - Script::install_py_dlls(): PyInit__ctypes
 DEBUG root [2020-10-02 19:50:06,618] - Script::install_py_dlls(): PyInit__elementtree
 DEBUG root [2020-10-02 19:50:06,653] - Script::install_py_dlls(): PyInit_unicodedata
  INFO root [2020-10-02 19:50:06,684] - Script::install(): is successfully, Python=(3.4.2 (default, Aug  4 2020, 19:01:25) [MSC v.1925 32 bit (Intel)])!
  INFO root [2020-10-02 19:50:06,684] - Script::install(): KBExtra is successfully!
 S_DBG root [2020-10-02 19:50:06,937] - ======================= LoginPoller .__init__ =======================
S_INFO root [2020-10-02 19:50:06,937] - onInterfaceAppReady: bootstrapGroupIndex=0, bootstrapGlobalIndex=0
  INFO root [2020-10-02 19:50:06,938] - TelnetServer server is running on port 33000
  INFO root [2020-10-02 19:50:07,129] - ---- interfaces is running ----
 DEBUG root [2020-10-02 19:50:07,129] - Components::process(): Request for the process of identity...
S_INFO root [2020-10-02 19:50:13,345] - register fd 1288
  INFO root [2020-10-02 19:50:13,357] - ServerApp::onRegisterNewApp: uid:16080, username:, componentType:dbmgr, componentID:42002, globalorderID=-1, grouporderID=-1, intaddr:192.168.2.246, intport:58629, extaddr:nonsupport, extport:0,  from 127.0.0.1:58637/0/0/0.
  INFO root [2020-10-02 19:50:13,357] - Components::addComponent: reset orderLog, uid=16080!
  INFO root [2020-10-02 19:50:13,357] - Components::addComponent[dbmgr], uid=16080, componentID=42002, globalorderid=1, grouporderid=1, totalcount=1
  INFO root [2020-10-02 19:50:14,372] - Components::process(): Found all the components!
 S_DBG root [2020-10-02 19:50:29,799] - onRequestAccountLogin: BMPb
 S_DBG root [2020-10-02 19:50:39,073] - onRequestAccountLogin: GNnr
  WARN root [2020-10-02 19:55:02,202] - TCPPacketReceiver::processPendingEvents(127.0.0.1:58637): Throwing REASON_GENERAL_NETWORK - WSAECONNRESET
  INFO root [2020-10-02 19:55:02,204] - Components::removeComponentByChannel: dbmgr : 42002, Normal exit!
