  INFO root [2020-10-03 07:19:51,564] - 
  INFO root [2020-10-03 07:19:51,564] - -----------------------------------------------------------------------------------------


  INFO root [2020-10-03 07:19:51,564] - Resmgr::initialize: KBE_ROOT=D:/kbengine_24pic/
  INFO root [2020-10-03 07:19:51,564] - Resmgr::initialize: KBE_RES_PATH=D:/kbengine_24pic/kbe/res/;D:/kbengine_24pic/kbengine_stone_assets/;D:/kbengine_24pic/kbengine_stone_assets/scripts/;D:/kbengine_24pic/kbengine_stone_assets/res/
  INFO root [2020-10-03 07:19:51,564] - Resmgr::initialize: KBE_BIN_PATH=D:/kbengine_24pic/kbe/bin/server/
  INFO root [2020-10-03 07:19:51,579] - NetworkInterface::initialize(INTERNAL): bound to all interfaces with default route interface on 192.168.2.246 ( 192.168.2.246:30099 )
  INFO root [2020-10-03 07:19:51,595] - NetworkInterface::initialize(INTERNAL): address 192.168.2.246:30099, SOMAXCONN=5.
  INFO root [2020-10-03 07:19:51,595] - ---- interfaces Version: 1.2.7. ScriptVersion: 0.1.0. Protocol: 84EE52A025C98281889357BE39C63701. Config: Debug X86. Built: 19:01:31 Aug  4 2020. AppID: 320002. UID: 20118. PID: 10688 ----
  INFO root [2020-10-03 07:19:51,595] - Server : Intel(R) Core(TM) i5-10210U CPU @ 1.60GHz with 2097151kB RAM
  INFO root [2020-10-03 07:19:51,595] - ThreadPool::createThreadPool: creating  threadpool...
  INFO root [2020-10-03 07:19:51,595] - ThreadPool::createThreadPool: successfully(2), newThreadCount=1, normalMaxThreadCount=2, maxThreadCount=8
 DEBUG root [2020-10-03 07:19:51,751] - Script::install_py_dlls(): PyInit_pyexpat
 DEBUG root [2020-10-03 07:19:51,751] - Script::install_py_dlls(): PyInit__socket
 DEBUG root [2020-10-03 07:19:51,751] - Script::install_py_dlls(): PyInit__ssl
 DEBUG root [2020-10-03 07:19:51,751] - Script::install_py_dlls(): PyInit__hashlib
 DEBUG root [2020-10-03 07:19:51,751] - Script::install_py_dlls(): PyInit_select
 DEBUG root [2020-10-03 07:19:51,751] - Script::install_py_dlls(): PyInit__ctypes
 DEBUG root [2020-10-03 07:19:51,751] - Script::install_py_dlls(): PyInit__elementtree
 DEBUG root [2020-10-03 07:19:51,782] - Script::install_py_dlls(): PyInit_unicodedata
  INFO root [2020-10-03 07:19:51,814] - Script::install(): is successfully, Python=(3.4.2 (default, Aug  4 2020, 19:01:25) [MSC v.1925 32 bit (Intel)])!
  INFO root [2020-10-03 07:19:51,814] - Script::install(): KBExtra is successfully!
 S_DBG root [2020-10-03 07:19:52,548] - ======================= LoginPoller .__init__ =======================
S_INFO root [2020-10-03 07:19:52,548] - onInterfaceAppReady: bootstrapGroupIndex=0, bootstrapGlobalIndex=0
  INFO root [2020-10-03 07:19:52,548] - TelnetServer server is running on port 33000
  INFO root [2020-10-03 07:19:52,735] - ---- interfaces is running ----
 DEBUG root [2020-10-03 07:19:52,735] - Components::process(): Request for the process of identity...
S_INFO root [2020-10-03 07:19:59,076] - register fd 1316
  WARN root [2020-10-03 07:19:59,076] - D:\kbengine-1.2.7\kbe\src\lib\server\serverapp.cpp:270: Profile callScriptTimers took 0.05 seconds
  WARN root [2020-10-03 07:19:59,076] - D:\kbengine-1.2.7\kbe\src\lib\network\event_dispatcher.cpp:171: Profile callSystemTimers took 0.06 seconds
  INFO root [2020-10-03 07:19:59,076] - ServerApp::onRegisterNewApp: uid:20118, username:, componentType:dbmgr, componentID:42002, globalorderID=-1, grouporderID=-1, intaddr:192.168.2.246, intport:50264, extaddr:nonsupport, extport:0,  from 127.0.0.1:50266/0/0/0.
  INFO root [2020-10-03 07:19:59,076] - Components::addComponent: reset orderLog, uid=20118!
  INFO root [2020-10-03 07:19:59,076] - Components::addComponent[dbmgr], uid=20118, componentID=42002, globalorderid=1, grouporderid=1, totalcount=1
  INFO root [2020-10-03 07:20:00,138] - Components::process(): Found all the components!
  WARN root [2020-10-03 07:20:37,057] - TCPPacketReceiver::processPendingEvents(127.0.0.1:50266): Throwing REASON_GENERAL_NETWORK - WSAECONNRESET
  INFO root [2020-10-03 07:20:37,057] - Components::removeComponentByChannel: dbmgr : 42002, Normal exit!
  INFO root [2020-10-03 07:20:40,914] - 
  INFO root [2020-10-03 07:20:40,914] - -----------------------------------------------------------------------------------------


  INFO root [2020-10-03 07:20:40,914] - Resmgr::initialize: KBE_ROOT=D:/kbengine_24pic/
  INFO root [2020-10-03 07:20:40,914] - Resmgr::initialize: KBE_RES_PATH=D:/kbengine_24pic/kbe/res/;D:/kbengine_24pic/kbengine_stone_assets/;D:/kbengine_24pic/kbengine_stone_assets/scripts/;D:/kbengine_24pic/kbengine_stone_assets/res/
  INFO root [2020-10-03 07:20:40,914] - Resmgr::initialize: KBE_BIN_PATH=D:/kbengine_24pic/kbe/bin/server/
  INFO root [2020-10-03 07:20:40,914] - NetworkInterface::initialize(INTERNAL): bound to all interfaces with default route interface on 192.168.2.246 ( 192.168.2.246:30099 )
  INFO root [2020-10-03 07:20:40,914] - NetworkInterface::initialize(INTERNAL): address 192.168.2.246:30099, SOMAXCONN=5.
  INFO root [2020-10-03 07:20:40,914] - ---- interfaces Version: 1.2.7. ScriptVersion: 0.1.0. Protocol: 84EE52A025C98281889357BE39C63701. Config: Debug X86. Built: 19:01:31 Aug  4 2020. AppID: 320002. UID: 20317. PID: 10420 ----
  INFO root [2020-10-03 07:20:40,914] - Server : Intel(R) Core(TM) i5-10210U CPU @ 1.60GHz with 2097151kB RAM
  INFO root [2020-10-03 07:20:40,914] - ThreadPool::createThreadPool: creating  threadpool...
  INFO root [2020-10-03 07:20:40,914] - ThreadPool::createThreadPool: successfully(2), newThreadCount=1, normalMaxThreadCount=2, maxThreadCount=8
 DEBUG root [2020-10-03 07:20:41,055] - Script::install_py_dlls(): PyInit_pyexpat
 DEBUG root [2020-10-03 07:20:41,055] - Script::install_py_dlls(): PyInit__socket
 DEBUG root [2020-10-03 07:20:41,055] - Script::install_py_dlls(): PyInit__ssl
 DEBUG root [2020-10-03 07:20:41,071] - Script::install_py_dlls(): PyInit__hashlib
 DEBUG root [2020-10-03 07:20:41,071] - Script::install_py_dlls(): PyInit_select
 DEBUG root [2020-10-03 07:20:41,071] - Script::install_py_dlls(): PyInit__ctypes
 DEBUG root [2020-10-03 07:20:41,071] - Script::install_py_dlls(): PyInit__elementtree
 DEBUG root [2020-10-03 07:20:41,102] - Script::install_py_dlls(): PyInit_unicodedata
  INFO root [2020-10-03 07:20:41,149] - Script::install(): is successfully, Python=(3.4.2 (default, Aug  4 2020, 19:01:25) [MSC v.1925 32 bit (Intel)])!
  INFO root [2020-10-03 07:20:41,149] - Script::install(): KBExtra is successfully!
 S_DBG root [2020-10-03 07:20:41,399] - ======================= LoginPoller .__init__ =======================
S_INFO root [2020-10-03 07:20:41,399] - onInterfaceAppReady: bootstrapGroupIndex=0, bootstrapGlobalIndex=0
  INFO root [2020-10-03 07:20:41,399] - TelnetServer server is running on port 33000
  INFO root [2020-10-03 07:20:41,586] - ---- interfaces is running ----
 DEBUG root [2020-10-03 07:20:41,586] - Components::process(): Request for the process of identity...
S_INFO root [2020-10-03 07:20:47,902] - register fd 1264
  INFO root [2020-10-03 07:20:47,917] - ServerApp::onRegisterNewApp: uid:20317, username:, componentType:dbmgr, componentID:42002, globalorderID=-1, grouporderID=-1, intaddr:192.168.2.246, intport:50295, extaddr:nonsupport, extport:0,  from 127.0.0.1:50303/0/0/0.
  INFO root [2020-10-03 07:20:47,917] - Components::addComponent: reset orderLog, uid=20317!
  INFO root [2020-10-03 07:20:47,917] - Components::addComponent[dbmgr], uid=20317, componentID=42002, globalorderid=1, grouporderid=1, totalcount=1
  INFO root [2020-10-03 07:20:48,939] - Components::process(): Found all the components!
  WARN root [2020-10-03 07:20:51,459] - TCPPacketReceiver::processPendingEvents(127.0.0.1:50303): Throwing REASON_GENERAL_NETWORK - WSAECONNRESET
  INFO root [2020-10-03 07:20:51,459] - Components::removeComponentByChannel: dbmgr : 42002, Normal exit!
  INFO root [2020-10-03 07:26:46,354] - 
  INFO root [2020-10-03 07:26:46,354] - -----------------------------------------------------------------------------------------


  INFO root [2020-10-03 07:26:46,354] - Resmgr::initialize: KBE_ROOT=D:/kbengine_24pic/
  INFO root [2020-10-03 07:26:46,354] - Resmgr::initialize: KBE_RES_PATH=D:/kbengine_24pic/kbe/res/;D:/kbengine_24pic/kbengine_stone_assets/;D:/kbengine_24pic/kbengine_stone_assets/scripts/;D:/kbengine_24pic/kbengine_stone_assets/res/
  INFO root [2020-10-03 07:26:46,354] - Resmgr::initialize: KBE_BIN_PATH=D:/kbengine_24pic/kbe/bin/server/
  INFO root [2020-10-03 07:26:46,354] - NetworkInterface::initialize(INTERNAL): bound to all interfaces with default route interface on 192.168.2.246 ( 192.168.2.246:30099 )
  INFO root [2020-10-03 07:26:46,354] - NetworkInterface::initialize(INTERNAL): address 192.168.2.246:30099, SOMAXCONN=5.
  INFO root [2020-10-03 07:26:46,354] - ---- interfaces Version: 1.2.7. ScriptVersion: 0.1.0. Protocol: 84EE52A025C98281889357BE39C63701. Config: Debug X86. Built: 19:01:31 Aug  4 2020. AppID: 320002. UID: 21509. PID: 8696 ----
  INFO root [2020-10-03 07:26:46,354] - Server : Intel(R) Core(TM) i5-10210U CPU @ 1.60GHz with 2097151kB RAM
  INFO root [2020-10-03 07:26:46,354] - ThreadPool::createThreadPool: creating  threadpool...
  INFO root [2020-10-03 07:26:46,354] - ThreadPool::createThreadPool: successfully(2), newThreadCount=1, normalMaxThreadCount=2, maxThreadCount=8
 DEBUG root [2020-10-03 07:26:46,494] - Script::install_py_dlls(): PyInit_pyexpat
 DEBUG root [2020-10-03 07:26:46,494] - Script::install_py_dlls(): PyInit__socket
 DEBUG root [2020-10-03 07:26:46,494] - Script::install_py_dlls(): PyInit__ssl
 DEBUG root [2020-10-03 07:26:46,510] - Script::install_py_dlls(): PyInit__hashlib
 DEBUG root [2020-10-03 07:26:46,510] - Script::install_py_dlls(): PyInit_select
 DEBUG root [2020-10-03 07:26:46,510] - Script::install_py_dlls(): PyInit__ctypes
 DEBUG root [2020-10-03 07:26:46,510] - Script::install_py_dlls(): PyInit__elementtree
 DEBUG root [2020-10-03 07:26:46,541] - Script::install_py_dlls(): PyInit_unicodedata
  INFO root [2020-10-03 07:26:46,588] - Script::install(): is successfully, Python=(3.4.2 (default, Aug  4 2020, 19:01:25) [MSC v.1925 32 bit (Intel)])!
  INFO root [2020-10-03 07:26:46,588] - Script::install(): KBExtra is successfully!
 S_DBG root [2020-10-03 07:26:46,838] - ======================= LoginPoller .__init__ =======================
S_INFO root [2020-10-03 07:26:46,838] - onInterfaceAppReady: bootstrapGroupIndex=0, bootstrapGlobalIndex=0
  INFO root [2020-10-03 07:26:46,838] - TelnetServer server is running on port 33000
  INFO root [2020-10-03 07:26:47,057] - ---- interfaces is running ----
 DEBUG root [2020-10-03 07:26:47,057] - Components::process(): Request for the process of identity...
S_INFO root [2020-10-03 07:26:53,384] - register fd 1380
  INFO root [2020-10-03 07:26:53,399] - ServerApp::onRegisterNewApp: uid:21509, username:, componentType:dbmgr, componentID:42002, globalorderID=-1, grouporderID=-1, intaddr:192.168.2.246, intport:50342, extaddr:nonsupport, extport:0,  from 127.0.0.1:50351/0/0/0.
  INFO root [2020-10-03 07:26:53,399] - Components::addComponent: reset orderLog, uid=21509!
  INFO root [2020-10-03 07:26:53,399] - Components::addComponent[dbmgr], uid=21509, componentID=42002, globalorderid=1, grouporderid=1, totalcount=1
  INFO root [2020-10-03 07:26:54,462] - Components::process(): Found all the components!
 S_DBG root [2020-10-03 07:30:49,666] - onRequestAccountLogin: h3mF
 S_DBG root [2020-10-03 07:31:11,762] - onRequestAccountLogin: AYZD
  WARN root [2020-10-03 08:25:04,966] - D:\kbengine-1.2.7\kbe\src\lib\server\serverapp.cpp:270: Profile callScriptTimers took 0.09 seconds
  WARN root [2020-10-03 08:25:08,637] - D:\kbengine-1.2.7\kbe\src\lib\network\event_dispatcher.cpp:171: Profile callSystemTimers took 4.27 seconds
  WARN root [2020-10-03 08:25:56,072] - TCPPacketReceiver::processPendingEvents(127.0.0.1:50351): Throwing REASON_GENERAL_NETWORK - WSAECONNRESET
  INFO root [2020-10-03 08:25:56,074] - Components::removeComponentByChannel: dbmgr : 42002, Normal exit!
  INFO root [2020-10-03 08:25:59,967] - 
  INFO root [2020-10-03 08:25:59,968] - -----------------------------------------------------------------------------------------


  INFO root [2020-10-03 08:25:59,971] - Resmgr::initialize: KBE_ROOT=D:/kbengine_24pic/
  INFO root [2020-10-03 08:25:59,972] - Resmgr::initialize: KBE_RES_PATH=D:/kbengine_24pic/kbe/res/;D:/kbengine_24pic/kbengine_stone_assets/;D:/kbengine_24pic/kbengine_stone_assets/scripts/;D:/kbengine_24pic/kbengine_stone_assets/res/
  INFO root [2020-10-03 08:25:59,972] - Resmgr::initialize: KBE_BIN_PATH=D:/kbengine_24pic/kbe/bin/server/
  INFO root [2020-10-03 08:25:59,979] - NetworkInterface::initialize(INTERNAL): bound to all interfaces with default route interface on 192.168.2.246 ( 192.168.2.246:30099 )
  INFO root [2020-10-03 08:25:59,980] - NetworkInterface::initialize(INTERNAL): address 192.168.2.246:30099, SOMAXCONN=5.
  INFO root [2020-10-03 08:25:59,985] - ---- interfaces Version: 1.2.7. ScriptVersion: 0.1.0. Protocol: 84EE52A025C98281889357BE39C63701. Config: Debug X86. Built: 19:01:31 Aug  4 2020. AppID: 320002. UID: 343. PID: 15256 ----
  INFO root [2020-10-03 08:25:59,986] - Server : Intel(R) Core(TM) i5-10210U CPU @ 1.60GHz with 2097151kB RAM
  INFO root [2020-10-03 08:25:59,987] - ThreadPool::createThreadPool: creating  threadpool...
  INFO root [2020-10-03 08:25:59,988] - ThreadPool::createThreadPool: successfully(2), newThreadCount=1, normalMaxThreadCount=2, maxThreadCount=8
 DEBUG root [2020-10-03 08:26:00,130] - Script::install_py_dlls(): PyInit_pyexpat
 DEBUG root [2020-10-03 08:26:00,130] - Script::install_py_dlls(): PyInit__socket
 DEBUG root [2020-10-03 08:26:00,131] - Script::install_py_dlls(): PyInit__ssl
 DEBUG root [2020-10-03 08:26:00,135] - Script::install_py_dlls(): PyInit__hashlib
 DEBUG root [2020-10-03 08:26:00,136] - Script::install_py_dlls(): PyInit_select
 DEBUG root [2020-10-03 08:26:00,136] - Script::install_py_dlls(): PyInit__ctypes
 DEBUG root [2020-10-03 08:26:00,136] - Script::install_py_dlls(): PyInit__elementtree
 DEBUG root [2020-10-03 08:26:00,183] - Script::install_py_dlls(): PyInit_unicodedata
  INFO root [2020-10-03 08:26:00,217] - Script::install(): is successfully, Python=(3.4.2 (default, Aug  4 2020, 19:01:25) [MSC v.1925 32 bit (Intel)])!
  INFO root [2020-10-03 08:26:00,217] - Script::install(): KBExtra is successfully!
 S_DBG root [2020-10-03 08:26:00,674] - ======================= LoginPoller .__init__ =======================
S_INFO root [2020-10-03 08:26:00,675] - onInterfaceAppReady: bootstrapGroupIndex=0, bootstrapGlobalIndex=0
  INFO root [2020-10-03 08:26:00,675] - TelnetServer server is running on port 33000
  INFO root [2020-10-03 08:26:01,285] - ---- interfaces is running ----
 DEBUG root [2020-10-03 08:26:01,286] - Components::process(): Request for the process of identity...
S_INFO root [2020-10-03 08:26:07,542] - register fd 1308
  INFO root [2020-10-03 08:26:07,549] - ServerApp::onRegisterNewApp: uid:343, username:, componentType:dbmgr, componentID:42002, globalorderID=-1, grouporderID=-1, intaddr:192.168.2.246, intport:50822, extaddr:nonsupport, extport:0,  from 127.0.0.1:50834/0/0/0.
  INFO root [2020-10-03 08:26:07,550] - Components::addComponent: reset orderLog, uid=343!
  INFO root [2020-10-03 08:26:07,550] - Components::addComponent[dbmgr], uid=343, componentID=42002, globalorderid=1, grouporderid=1, totalcount=1
  INFO root [2020-10-03 08:26:08,575] - Components::process(): Found all the components!
 S_DBG root [2020-10-03 08:26:31,313] - onRequestAccountLogin: ZSHX
 S_DBG root [2020-10-03 08:26:46,325] - onRequestAccountLogin: VR3O
  WARN root [2020-10-03 08:52:29,639] - D:\kbengine-1.2.7\kbe\src\lib\server\serverapp.cpp:270: Profile callScriptTimers took 0.05 seconds
  WARN root [2020-10-03 08:52:29,943] - D:\kbengine-1.2.7\kbe\src\lib\server\serverapp.cpp:270: Profile callScriptTimers took 0.05 seconds
  WARN root [2020-10-03 08:52:30,270] - D:\kbengine-1.2.7\kbe\src\lib\network\event_dispatcher.cpp:171: Profile callSystemTimers took 1.29 seconds
  WARN root [2020-10-03 08:52:54,689] - TCPPacketReceiver::processPendingEvents(127.0.0.1:50834): Throwing REASON_GENERAL_NETWORK - WSAECONNRESET
  INFO root [2020-10-03 08:52:54,690] - Components::removeComponentByChannel: dbmgr : 42002, Normal exit!
