  INFO root [2020-10-27 19:51:13,290] - 
  INFO root [2020-10-27 19:51:13,290] - -----------------------------------------------------------------------------------------


  INFO root [2020-10-27 19:51:13,290] - Resmgr::initialize: KBE_ROOT=D:/kbengine_24pic/
  INFO root [2020-10-27 19:51:13,290] - Resmgr::initialize: KBE_RES_PATH=D:/kbengine_24pic/kbe/res/;D:/kbengine_24pic/kbengine_stone_assets/;D:/kbengine_24pic/kbengine_stone_assets/scripts/;D:/kbengine_24pic/kbengine_stone_assets/res/
  INFO root [2020-10-27 19:51:13,290] - Resmgr::initialize: KBE_BIN_PATH=D:/kbengine_24pic/kbe/bin/server/
  INFO root [2020-10-27 19:51:13,290] - NetworkInterface::initialize(INTERNAL): bound to all interfaces with default route interface on 192.168.2.246 ( 192.168.2.246:30099 )
  INFO root [2020-10-27 19:51:13,305] - NetworkInterface::initialize(INTERNAL): address 192.168.2.246:30099, SOMAXCONN=5.
  INFO root [2020-10-27 19:51:13,305] - ---- interfaces Version: 1.2.7. ScriptVersion: 0.1.0. Protocol: 84EE52A025C98281889357BE39C63701. Config: Debug X86. Built: 19:01:31 Aug  4 2020. AppID: 320002. UID: 24829. PID: 9908 ----
  INFO root [2020-10-27 19:51:13,305] - Server : Intel(R) Core(TM) i5-10210U CPU @ 1.60GHz with 2097151kB RAM
  INFO root [2020-10-27 19:51:13,305] - ThreadPool::createThreadPool: creating  threadpool...
  INFO root [2020-10-27 19:51:13,305] - ThreadPool::createThreadPool: successfully(2), newThreadCount=1, normalMaxThreadCount=2, maxThreadCount=8
 DEBUG root [2020-10-27 19:51:13,446] - Script::install_py_dlls(): PyInit_pyexpat
 DEBUG root [2020-10-27 19:51:13,446] - Script::install_py_dlls(): PyInit__socket
 DEBUG root [2020-10-27 19:51:13,446] - Script::install_py_dlls(): PyInit__ssl
 DEBUG root [2020-10-27 19:51:13,446] - Script::install_py_dlls(): PyInit__hashlib
 DEBUG root [2020-10-27 19:51:13,446] - Script::install_py_dlls(): PyInit_select
 DEBUG root [2020-10-27 19:51:13,446] - Script::install_py_dlls(): PyInit__ctypes
 DEBUG root [2020-10-27 19:51:13,446] - Script::install_py_dlls(): PyInit__elementtree
 DEBUG root [2020-10-27 19:51:13,493] - Script::install_py_dlls(): PyInit_unicodedata
  INFO root [2020-10-27 19:51:13,540] - Script::install(): is successfully, Python=(3.4.2 (default, Aug  4 2020, 19:01:25) [MSC v.1925 32 bit (Intel)])!
  INFO root [2020-10-27 19:51:13,540] - Script::install(): KBExtra is successfully!
 S_DBG root [2020-10-27 19:51:13,758] - ======================= LoginPoller .__init__ =======================
S_INFO root [2020-10-27 19:51:13,758] - onInterfaceAppReady: bootstrapGroupIndex=0, bootstrapGlobalIndex=0
  INFO root [2020-10-27 19:51:13,758] - TelnetServer server is running on port 33000
  INFO root [2020-10-27 19:51:13,946] - ---- interfaces is running ----
 DEBUG root [2020-10-27 19:51:13,946] - Components::process(): Request for the process of identity...
S_INFO root [2020-10-27 19:51:20,211] - register fd 1260
  INFO root [2020-10-27 19:51:20,226] - ServerApp::onRegisterNewApp: uid:24829, username:, componentType:dbmgr, componentID:42002, globalorderID=-1, grouporderID=-1, intaddr:192.168.2.246, intport:49797, extaddr:nonsupport, extport:0,  from 127.0.0.1:49808/0/0/0.
  INFO root [2020-10-27 19:51:20,226] - Components::addComponent: reset orderLog, uid=24829!
  INFO root [2020-10-27 19:51:20,226] - Components::addComponent[dbmgr], uid=24829, componentID=42002, globalorderid=1, grouporderid=1, totalcount=1
  INFO root [2020-10-27 19:51:21,273] - Components::process(): Found all the components!
 S_DBG root [2020-10-27 19:55:09,581] - onRequestAccountLogin: 091FsfGa1TlZSz0OZlHa1joOxD2FsfGC
S_INFO root [2020-10-27 19:55:10,274] - register fd 1612
  WARN root [2020-10-27 19:55:10,274] - D:\kbengine-1.2.7\kbe\src\server\tools\interfaces\interfaces.cpp:655: Profile onRequestAccountLogin took 0.69 seconds
  WARN root [2020-10-27 19:55:10,275] - D:\kbengine-1.2.7\kbe\src\server\tools\interfaces\interfaces.cpp:654: Profile scriptCall took 0.69 seconds
  WARN root [2020-10-27 19:55:10,275] - D:\kbengine-1.2.7\kbe\src\lib\network\channel.cpp:714: Profile processRecvMessages took 0.69 seconds
S_INFO root [2020-10-27 19:55:10,290] - unregister fd 1612
S_INFO root [2020-10-27 19:55:10,290] - register fd 1612
S_INFO root [2020-10-27 19:55:10,290] - unregister fd 1612
S_INFO root [2020-10-27 19:55:10,291] - register fd 1612
S_INFO root [2020-10-27 19:55:10,324] - unregister fd 1612
S_INFO root [2020-10-27 19:55:10,324] - register fd 1612
S_INFO root [2020-10-27 19:55:10,557] - unregister fd 1612
S_INFO root [2020-10-27 19:55:10,557] - register fd 1612
S_INFO root [2020-10-27 19:55:10,558] - unregister fd 1612
 S_DBG root [2020-10-27 19:55:10,591] - tonado visit weixin time： count=1 totalTime=0.328451 
S_INFO root [2020-10-27 19:55:10,592] - b'{"session_key":"45pSkbYgDC26SjGbrH4HgQ==","openid":"omRjA4jplmxcJ3n3Mo8ba2rlTub4"}'
 S_DBG root [2020-10-27 19:55:10,592] - {"session_key":"45pSkbYgDC26SjGbrH4HgQ==","openid":"omRjA4jplmxcJ3n3Mo8ba2rlTub4"}
 S_DBG root [2020-10-27 19:55:10,592] - wx login result, loginname: 091FsfGa1TlZSz0OZlHa1joOxD2FsfGC
 S_DBG root [2020-10-27 19:55:43,584] - onRequestAccountLogin: 123
 S_DBG root [2020-10-27 20:25:12,162] - onRequestAccountLogin: 06129sFa19wdSz0ZgmFa1gxKOA129sFF
S_INFO root [2020-10-27 20:25:12,183] - register fd 1596
S_INFO root [2020-10-27 20:25:12,233] - unregister fd 1596
S_INFO root [2020-10-27 20:25:12,234] - register fd 1596
S_INFO root [2020-10-27 20:25:12,234] - unregister fd 1596
S_INFO root [2020-10-27 20:25:12,234] - register fd 1596
S_INFO root [2020-10-27 20:25:12,267] - unregister fd 1596
S_INFO root [2020-10-27 20:25:12,267] - register fd 1596
S_INFO root [2020-10-27 20:25:12,534] - unregister fd 1596
S_INFO root [2020-10-27 20:25:12,534] - register fd 1596
S_INFO root [2020-10-27 20:25:12,535] - unregister fd 1596
 S_DBG root [2020-10-27 20:25:12,567] - tonado visit weixin time： count=2 totalTime=1802.304382 
S_INFO root [2020-10-27 20:25:12,568] - b'{"session_key":"tejoRUqYTWPPIqVOQHd+8w==","openid":"omRjA4jplmxcJ3n3Mo8ba2rlTub4"}'
 S_DBG root [2020-10-27 20:25:12,568] - {"session_key":"tejoRUqYTWPPIqVOQHd+8w==","openid":"omRjA4jplmxcJ3n3Mo8ba2rlTub4"}
 S_DBG root [2020-10-27 20:25:12,568] - wx login result, loginname: 06129sFa19wdSz0ZgmFa1gxKOA129sFF
 S_DBG root [2020-10-27 20:25:32,755] - onRequestAccountLogin: 127
 S_DBG root [2020-10-27 21:14:32,573] - onRequestAccountLogin: 1234
 S_DBG root [2020-10-27 21:14:43,807] - onRequestAccountLogin: 22
 S_DBG root [2020-10-27 21:16:17,913] - onRequestAccountLogin: 2226
 S_DBG root [2020-10-27 21:18:10,945] - onRequestAccountLogin: 222
 S_DBG root [2020-10-27 21:18:24,571] - onRequestAccountLogin: 555
 S_DBG root [2020-10-27 21:27:40,681] - onRequestAccountLogin: 111
 S_DBG root [2020-10-27 21:27:56,857] - onRequestAccountLogin: 777
 S_DBG root [2020-10-27 21:31:09,770] - onRequestAccountLogin: 22
 S_DBG root [2020-10-27 21:31:22,310] - onRequestAccountLogin: 444
 S_DBG root [2020-10-27 21:32:58,782] - onRequestAccountLogin: 234
 S_DBG root [2020-10-27 21:33:12,977] - onRequestAccountLogin: 778
  WARN root [2020-10-27 21:39:14,754] - TCPPacketReceiver::processPendingEvents(127.0.0.1:49808): Throwing REASON_GENERAL_NETWORK - WSAECONNRESET
  INFO root [2020-10-27 21:39:14,754] - Components::removeComponentByChannel: dbmgr : 42002, Normal exit!
  INFO root [2020-10-27 21:51:08,071] - 
  INFO root [2020-10-27 21:51:43,591] - 
  INFO root [2020-10-27 21:51:43,591] - -----------------------------------------------------------------------------------------


  INFO root [2020-10-27 21:51:43,591] - Resmgr::initialize: KBE_ROOT=D:/kbengine_24pic/
  INFO root [2020-10-27 21:51:43,591] - Resmgr::initialize: KBE_RES_PATH=D:/kbengine_24pic/kbe/res/;D:/kbengine_24pic/kbengine_stone_assets/;D:/kbengine_24pic/kbengine_stone_assets/scripts/;D:/kbengine_24pic/kbengine_stone_assets/res/
  INFO root [2020-10-27 21:51:43,591] - Resmgr::initialize: KBE_BIN_PATH=D:/kbengine_24pic/kbe/bin/server/
  INFO root [2020-10-27 21:51:43,591] - NetworkInterface::initialize(INTERNAL): bound to all interfaces with default route interface on 192.168.2.246 ( 192.168.2.246:30099 )
  INFO root [2020-10-27 21:51:43,591] - NetworkInterface::initialize(INTERNAL): address 192.168.2.246:30099, SOMAXCONN=5.
  INFO root [2020-10-27 21:51:43,607] - ---- interfaces Version: 1.2.7. ScriptVersion: 0.1.0. Protocol: 84EE52A025C98281889357BE39C63701. Config: Debug X86. Built: 19:01:31 Aug  4 2020. AppID: 320002. UID: 15675. PID: 408 ----
  INFO root [2020-10-27 21:51:43,607] - Server : Intel(R) Core(TM) i5-10210U CPU @ 1.60GHz with 2097151kB RAM
  INFO root [2020-10-27 21:51:43,607] - ThreadPool::createThreadPool: creating  threadpool...
  INFO root [2020-10-27 21:51:43,607] - ThreadPool::createThreadPool: successfully(2), newThreadCount=1, normalMaxThreadCount=2, maxThreadCount=8
 DEBUG root [2020-10-27 21:51:43,747] - Script::install_py_dlls(): PyInit_pyexpat
 DEBUG root [2020-10-27 21:51:43,747] - Script::install_py_dlls(): PyInit__socket
 DEBUG root [2020-10-27 21:51:43,747] - Script::install_py_dlls(): PyInit__ssl
 DEBUG root [2020-10-27 21:51:43,747] - Script::install_py_dlls(): PyInit__hashlib
 DEBUG root [2020-10-27 21:51:43,747] - Script::install_py_dlls(): PyInit_select
 DEBUG root [2020-10-27 21:51:43,747] - Script::install_py_dlls(): PyInit__ctypes
 DEBUG root [2020-10-27 21:51:43,747] - Script::install_py_dlls(): PyInit__elementtree
 DEBUG root [2020-10-27 21:51:43,794] - Script::install_py_dlls(): PyInit_unicodedata
  INFO root [2020-10-27 21:51:43,841] - Script::install(): is successfully, Python=(3.4.2 (default, Aug  4 2020, 19:01:25) [MSC v.1925 32 bit (Intel)])!
  INFO root [2020-10-27 21:51:43,841] - Script::install(): KBExtra is successfully!
 S_DBG root [2020-10-27 21:51:44,684] - ======================= LoginPoller .__init__ =======================
S_INFO root [2020-10-27 21:51:44,684] - onInterfaceAppReady: bootstrapGroupIndex=0, bootstrapGlobalIndex=0
  INFO root [2020-10-27 21:51:44,684] - TelnetServer server is running on port 33000
  INFO root [2020-10-27 21:51:44,856] - ---- interfaces is running ----
 DEBUG root [2020-10-27 21:51:44,856] - Components::process(): Request for the process of identity...
S_INFO root [2020-10-27 21:51:51,186] - register fd 1596
  WARN root [2020-10-27 21:51:51,186] - D:\kbengine-1.2.7\kbe\src\lib\network\event_dispatcher.cpp:171: Profile callSystemTimers took 0.04 seconds
  INFO root [2020-10-27 21:51:51,186] - ServerApp::onRegisterNewApp: uid:15675, username:, componentType:dbmgr, componentID:42002, globalorderID=-1, grouporderID=-1, intaddr:192.168.2.246, intport:49769, extaddr:nonsupport, extport:0,  from 127.0.0.1:49775/0/0/0.
  INFO root [2020-10-27 21:51:51,186] - Components::addComponent: reset orderLog, uid=15675!
  INFO root [2020-10-27 21:51:51,186] - Components::addComponent[dbmgr], uid=15675, componentID=42002, globalorderid=1, grouporderid=1, totalcount=1
  INFO root [2020-10-27 21:51:52,232] - Components::process(): Found all the components!
  WARN root [2020-10-27 21:52:04,495] - TCPPacketReceiver::processPendingEvents(127.0.0.1:49775): Throwing REASON_GENERAL_NETWORK - WSAECONNRESET
  INFO root [2020-10-27 21:52:04,495] - Components::removeComponentByChannel: dbmgr : 42002, Normal exit!
  INFO root [2020-10-27 21:52:07,682] - 
  INFO root [2020-10-27 21:52:07,682] - -----------------------------------------------------------------------------------------


  INFO root [2020-10-27 21:52:07,682] - Resmgr::initialize: KBE_ROOT=D:/kbengine_24pic/
  INFO root [2020-10-27 21:52:07,682] - Resmgr::initialize: KBE_RES_PATH=D:/kbengine_24pic/kbe/res/;D:/kbengine_24pic/kbengine_stone_assets/;D:/kbengine_24pic/kbengine_stone_assets/scripts/;D:/kbengine_24pic/kbengine_stone_assets/res/
  INFO root [2020-10-27 21:52:07,682] - Resmgr::initialize: KBE_BIN_PATH=D:/kbengine_24pic/kbe/bin/server/
  INFO root [2020-10-27 21:52:07,682] - NetworkInterface::initialize(INTERNAL): bound to all interfaces with default route interface on 192.168.2.246 ( 192.168.2.246:30099 )
  INFO root [2020-10-27 21:52:07,682] - NetworkInterface::initialize(INTERNAL): address 192.168.2.246:30099, SOMAXCONN=5.
  INFO root [2020-10-27 21:52:07,698] - ---- interfaces Version: 1.2.7. ScriptVersion: 0.1.0. Protocol: 84EE52A025C98281889357BE39C63701. Config: Debug X86. Built: 19:01:31 Aug  4 2020. AppID: 320002. UID: 15753. PID: 8520 ----
  INFO root [2020-10-27 21:52:07,698] - Server : Intel(R) Core(TM) i5-10210U CPU @ 1.60GHz with 2097151kB RAM
  INFO root [2020-10-27 21:52:07,698] - ThreadPool::createThreadPool: creating  threadpool...
  INFO root [2020-10-27 21:52:07,698] - ThreadPool::createThreadPool: successfully(2), newThreadCount=1, normalMaxThreadCount=2, maxThreadCount=8
 DEBUG root [2020-10-27 21:52:07,838] - Script::install_py_dlls(): PyInit_pyexpat
 DEBUG root [2020-10-27 21:52:07,838] - Script::install_py_dlls(): PyInit__socket
 DEBUG root [2020-10-27 21:52:07,838] - Script::install_py_dlls(): PyInit__ssl
 DEBUG root [2020-10-27 21:52:07,838] - Script::install_py_dlls(): PyInit__hashlib
 DEBUG root [2020-10-27 21:52:07,838] - Script::install_py_dlls(): PyInit_select
 DEBUG root [2020-10-27 21:52:07,838] - Script::install_py_dlls(): PyInit__ctypes
 DEBUG root [2020-10-27 21:52:07,838] - Script::install_py_dlls(): PyInit__elementtree
 DEBUG root [2020-10-27 21:52:07,885] - Script::install_py_dlls(): PyInit_unicodedata
  INFO root [2020-10-27 21:52:07,916] - Script::install(): is successfully, Python=(3.4.2 (default, Aug  4 2020, 19:01:25) [MSC v.1925 32 bit (Intel)])!
  INFO root [2020-10-27 21:52:07,932] - Script::install(): KBExtra is successfully!
 S_DBG root [2020-10-27 21:52:08,182] - ======================= LoginPoller .__init__ =======================
S_INFO root [2020-10-27 21:52:08,182] - onInterfaceAppReady: bootstrapGroupIndex=0, bootstrapGlobalIndex=0
  INFO root [2020-10-27 21:52:08,182] - TelnetServer server is running on port 33000
  INFO root [2020-10-27 21:52:08,416] - ---- interfaces is running ----
 DEBUG root [2020-10-27 21:52:08,416] - Components::process(): Request for the process of identity...
S_INFO root [2020-10-27 21:52:14,709] - register fd 1208
  INFO root [2020-10-27 21:52:14,717] - ServerApp::onRegisterNewApp: uid:15753, username:, componentType:dbmgr, componentID:42002, globalorderID=-1, grouporderID=-1, intaddr:192.168.2.246, intport:49802, extaddr:nonsupport, extport:0,  from 127.0.0.1:49812/0/0/0.
  INFO root [2020-10-27 21:52:14,717] - Components::addComponent: reset orderLog, uid=15753!
  INFO root [2020-10-27 21:52:14,717] - Components::addComponent[dbmgr], uid=15753, componentID=42002, globalorderid=1, grouporderid=1, totalcount=1
  INFO root [2020-10-27 21:52:15,759] - Components::process(): Found all the components!
 S_DBG root [2020-10-27 21:54:45,060] - onRequestAccountLogin: 135
 S_DBG root [2020-10-27 21:55:01,983] - onRequestAccountLogin: 789
 S_DBG root [2020-10-27 21:57:09,945] - onRequestAccountLogin: 159
 S_DBG root [2020-10-27 21:57:27,388] - onRequestAccountLogin: ddd
 S_DBG root [2020-10-27 22:05:09,438] - onRequestAccountLogin: 001zbyFa142kSz0NuSHa1LcZzP1zbyFy
S_INFO root [2020-10-27 22:05:10,204] - register fd 1240
  WARN root [2020-10-27 22:05:10,212] - D:\kbengine-1.2.7\kbe\src\server\tools\interfaces\interfaces.cpp:655: Profile onRequestAccountLogin took 0.77 seconds
  WARN root [2020-10-27 22:05:10,212] - D:\kbengine-1.2.7\kbe\src\server\tools\interfaces\interfaces.cpp:654: Profile scriptCall took 0.78 seconds
  WARN root [2020-10-27 22:05:10,212] - D:\kbengine-1.2.7\kbe\src\lib\network\channel.cpp:714: Profile processRecvMessages took 0.78 seconds
S_INFO root [2020-10-27 22:05:10,215] - unregister fd 1240
S_INFO root [2020-10-27 22:05:10,215] - register fd 1240
S_INFO root [2020-10-27 22:05:10,215] - unregister fd 1240
S_INFO root [2020-10-27 22:05:10,217] - register fd 1240
S_INFO root [2020-10-27 22:05:10,252] - unregister fd 1240
S_INFO root [2020-10-27 22:05:10,252] - register fd 1240
S_INFO root [2020-10-27 22:05:10,515] - unregister fd 1240
S_INFO root [2020-10-27 22:05:10,516] - register fd 1240
S_INFO root [2020-10-27 22:05:10,544] - unregister fd 1240
 S_DBG root [2020-10-27 22:05:10,550] - tonado visit weixin time： count=1 totalTime=0.362002 
S_INFO root [2020-10-27 22:05:10,550] - b'{"session_key":"HYcCbXZLcaAyfQz1d5P+fQ==","openid":"omRjA4jplmxcJ3n3Mo8ba2rlTub4"}'
 S_DBG root [2020-10-27 22:05:10,550] - {"session_key":"HYcCbXZLcaAyfQz1d5P+fQ==","openid":"omRjA4jplmxcJ3n3Mo8ba2rlTub4"}
 S_DBG root [2020-10-27 22:05:10,551] - wx login result, loginname: 001zbyFa142kSz0NuSHa1LcZzP1zbyFy
 S_DBG root [2020-10-27 22:05:26,554] - onRequestAccountLogin: 444
 S_DBG root [2020-10-27 22:14:09,858] - onRequestAccountLogin: 111
 S_DBG root [2020-10-27 22:14:29,313] - onRequestAccountLogin: 555
 S_DBG root [2020-10-27 22:16:25,316] - onRequestAccountLogin: 3
 S_DBG root [2020-10-27 22:18:34,533] - onRequestAccountLogin: 239
 S_DBG root [2020-10-27 22:19:20,147] - onRequestAccountLogin: 123
 S_DBG root [2020-10-27 22:19:34,768] - onRequestAccountLogin: 099
 S_DBG root [2020-10-27 22:38:09,351] - onRequestAccountLogin: 222
 S_DBG root [2020-10-27 22:38:21,458] - onRequestAccountLogin: 777
 S_DBG root [2020-10-27 22:40:37,540] - onRequestAccountLogin: 222
 S_DBG root [2020-10-27 22:40:52,731] - onRequestAccountLogin: 666
 S_DBG root [2020-10-27 22:42:23,634] - onRequestAccountLogin: 3399
 S_DBG root [2020-10-27 22:42:35,278] - onRequestAccountLogin: 7700
 S_DBG root [2020-10-27 22:45:40,807] - onRequestAccountLogin: 230
 S_DBG root [2020-10-27 22:46:06,776] - onRequestAccountLogin: d'd'd
 S_DBG root [2020-10-27 22:46:58,476] - onRequestAccountLogin: 111
 S_DBG root [2020-10-27 22:47:12,158] - onRequestAccountLogin: 000
 S_DBG root [2020-10-27 22:48:58,775] - onRequestAccountLogin: 10
 S_DBG root [2020-10-27 22:49:20,967] - onRequestAccountLogin: 126
 S_DBG root [2020-10-27 22:53:41,068] - onRequestAccountLogin: 129
 S_DBG root [2020-10-27 22:53:52,545] - onRequestAccountLogin: 555
 S_DBG root [2020-10-27 22:55:47,192] - onRequestAccountLogin: 250
 S_DBG root [2020-10-27 22:55:59,113] - onRequestAccountLogin: 990
 S_DBG root [2020-10-27 22:57:47,402] - onRequestAccountLogin: 189
 S_DBG root [2020-10-27 22:57:58,427] - onRequestAccountLogin: 443
 S_DBG root [2020-10-27 23:01:45,956] - onRequestAccountLogin: 169
 S_DBG root [2020-10-27 23:01:56,699] - onRequestAccountLogin: 666
 S_DBG root [2020-10-27 23:06:51,564] - onRequestAccountLogin: 1890
 S_DBG root [2020-10-27 23:07:08,820] - onRequestAccountLogin: 8888
 S_DBG root [2020-10-27 23:08:44,334] - onRequestAccountLogin: 123
 S_DBG root [2020-10-27 23:08:54,380] - onRequestAccountLogin: 766
 S_DBG root [2020-10-27 23:31:04,943] - onRequestAccountLogin: 148
 S_DBG root [2020-10-27 23:31:18,234] - onRequestAccountLogin: 667
 S_DBG root [2020-10-27 23:53:43,506] - onRequestAccountLogin: 11
 S_DBG root [2020-10-27 23:54:07,931] - onRequestAccountLogin: 3322
 S_DBG root [2020-10-27 23:54:25,970] - onRequestAccountLogin: 8877
 S_DBG root [2020-10-27 23:56:35,772] - onRequestAccountLogin: 179
 S_DBG root [2020-10-27 23:56:57,412] - onRequestAccountLogin: f'f'f
 S_DBG root [2020-10-27 23:59:20,753] - onRequestAccountLogin: 234
 S_DBG root [2020-10-27 23:59:24,396] - onRequestAccountLogin: 234444
 S_DBG root [2020-10-27 23:59:36,748] - onRequestAccountLogin: 777
