  INFO root [2020-11-01 19:58:33,613] - 
  INFO root [2020-11-01 19:58:33,613] - -----------------------------------------------------------------------------------------


  INFO root [2020-11-01 19:58:33,613] - Resmgr::initialize: KBE_ROOT=D:/kbengine_24pic/
  INFO root [2020-11-01 19:58:33,613] - Resmgr::initialize: KBE_RES_PATH=D:/kbengine_24pic/kbe/res/;D:/kbengine_24pic/kbengine_stone_assets/;D:/kbengine_24pic/kbengine_stone_assets/scripts/;D:/kbengine_24pic/kbengine_stone_assets/res/
  INFO root [2020-11-01 19:58:33,613] - Resmgr::initialize: KBE_BIN_PATH=D:/kbengine_24pic/kbe/bin/server/
  INFO root [2020-11-01 19:58:33,629] - NetworkInterface::initialize(INTERNAL): bound to all interfaces with default route interface on 192.168.2.246 ( 192.168.2.246:30099 )
  INFO root [2020-11-01 19:58:33,629] - NetworkInterface::initialize(INTERNAL): address 192.168.2.246:30099, SOMAXCONN=5.
  INFO root [2020-11-01 19:58:33,629] - ---- interfaces Version: 1.2.7. ScriptVersion: 0.1.0. Protocol: 84EE52A025C98281889357BE39C63701. Config: Debug X86. Built: 19:01:31 Aug  4 2020. AppID: 320002. UID: 27973. PID: 12356 ----
  INFO root [2020-11-01 19:58:33,629] - Server : Intel(R) Core(TM) i5-10210U CPU @ 1.60GHz with 2097151kB RAM
  INFO root [2020-11-01 19:58:33,629] - ThreadPool::createThreadPool: creating  threadpool...
  INFO root [2020-11-01 19:58:33,629] - ThreadPool::createThreadPool: successfully(2), newThreadCount=1, normalMaxThreadCount=2, maxThreadCount=8
 DEBUG root [2020-11-01 19:58:33,785] - Script::install_py_dlls(): PyInit_pyexpat
 DEBUG root [2020-11-01 19:58:33,785] - Script::install_py_dlls(): PyInit__socket
 DEBUG root [2020-11-01 19:58:33,785] - Script::install_py_dlls(): PyInit__ssl
 DEBUG root [2020-11-01 19:58:33,785] - Script::install_py_dlls(): PyInit__hashlib
 DEBUG root [2020-11-01 19:58:33,785] - Script::install_py_dlls(): PyInit_select
 DEBUG root [2020-11-01 19:58:33,801] - Script::install_py_dlls(): PyInit__ctypes
 DEBUG root [2020-11-01 19:58:33,801] - Script::install_py_dlls(): PyInit__elementtree
 DEBUG root [2020-11-01 19:58:33,832] - Script::install_py_dlls(): PyInit_unicodedata
  INFO root [2020-11-01 19:58:33,879] - Script::install(): is successfully, Python=(3.4.2 (default, Aug  4 2020, 19:01:25) [MSC v.1925 32 bit (Intel)])!
  INFO root [2020-11-01 19:58:33,879] - Script::install(): KBExtra is successfully!
 S_DBG root [2020-11-01 19:58:34,098] - ======================= LoginPoller .__init__ =======================
S_INFO root [2020-11-01 19:58:34,098] - onInterfaceAppReady: bootstrapGroupIndex=0, bootstrapGlobalIndex=0
  INFO root [2020-11-01 19:58:34,098] - TelnetServer server is running on port 33000
  INFO root [2020-11-01 19:58:34,285] - ---- interfaces is running ----
 DEBUG root [2020-11-01 19:58:34,285] - Components::process(): Request for the process of identity...
S_INFO root [2020-11-01 19:58:40,620] - register fd 1660
  INFO root [2020-11-01 19:58:40,636] - ServerApp::onRegisterNewApp: uid:27973, username:, componentType:dbmgr, componentID:42002, globalorderID=-1, grouporderID=-1, intaddr:192.168.2.246, intport:49842, extaddr:nonsupport, extport:0,  from 127.0.0.1:49848/0/0/0.
  INFO root [2020-11-01 19:58:40,636] - Components::addComponent: reset orderLog, uid=27973!
  INFO root [2020-11-01 19:58:40,636] - Components::addComponent[dbmgr], uid=27973, componentID=42002, globalorderid=1, grouporderid=1, totalcount=1
  INFO root [2020-11-01 19:58:41,699] - Components::process(): Found all the components!
 S_DBG root [2020-11-01 19:59:33,448] - onRequestAccountLogin: 333
 S_DBG root [2020-11-01 20:00:26,196] - onRequestAccountLogin: 777
 S_DBG root [2020-11-01 20:01:12,738] - onRequestAccountLogin: 000
 S_DBG root [2020-11-01 20:01:21,456] - onRequestAccountLogin: 222
 S_DBG root [2020-11-01 20:02:24,997] - onRequestAccountLogin: 333
 S_DBG root [2020-11-01 20:12:23,741] - onRequestAccountLogin: 222
 S_DBG root [2020-11-01 20:13:17,275] - onRequestAccountLogin: 111
 S_DBG root [2020-11-01 20:14:02,901] - onRequestAccountLogin: 333
 S_DBG root [2020-11-01 20:14:13,702] - onRequestAccountLogin: 333
 S_DBG root [2020-11-01 20:15:16,433] - onRequestAccountLogin: 555
 S_DBG root [2020-11-01 20:16:13,851] - onRequestAccountLogin: 555
 S_DBG root [2020-11-01 20:16:20,630] - onRequestAccountLogin: 555
 S_DBG root [2020-11-01 20:16:35,972] - onRequestAccountLogin: 666
 S_DBG root [2020-11-01 20:16:45,598] - onRequestAccountLogin: 777
  WARN root [2020-11-01 20:18:21,882] - TCPPacketReceiver::processPendingEvents(127.0.0.1:49848): Throwing REASON_GENERAL_NETWORK - WSAECONNRESET
  INFO root [2020-11-01 20:18:21,884] - Components::removeComponentByChannel: dbmgr : 42002, Normal exit!
