  INFO root [2020-11-08 21:29:55,853] - 
  INFO root [2020-11-08 21:29:55,854] - -----------------------------------------------------------------------------------------


  INFO root [2020-11-08 21:29:55,855] - Resmgr::initialize: KBE_ROOT=D:/kbengine_24pic/
  INFO root [2020-11-08 21:29:55,856] - Resmgr::initialize: KBE_RES_PATH=D:/kbengine_24pic/kbe/res/;D:/kbengine_24pic/kbengine_stone_assets/;D:/kbengine_24pic/kbengine_stone_assets/scripts/;D:/kbengine_24pic/kbengine_stone_assets/res/
  INFO root [2020-11-08 21:29:55,856] - Resmgr::initialize: KBE_BIN_PATH=D:/kbengine_24pic/kbe/bin/server/
  INFO root [2020-11-08 21:29:55,863] - NetworkInterface::initialize(INTERNAL): bound to all interfaces with default route interface on 192.168.2.246 ( 192.168.2.246:30099 )
  INFO root [2020-11-08 21:29:55,864] - NetworkInterface::initialize(INTERNAL): address 192.168.2.246:30099, SOMAXCONN=5.
  INFO root [2020-11-08 21:29:55,866] - ---- interfaces Version: 1.2.7. ScriptVersion: 0.1.0. Protocol: 84EE52A025C98281889357BE39C63701. Config: Debug X86. Built: 19:01:31 Aug  4 2020. AppID: 320002. UID: 22052. PID: 5468 ----
  INFO root [2020-11-08 21:29:55,867] - Server : Intel(R) Core(TM) i5-10210U CPU @ 1.60GHz with 2097151kB RAM
  INFO root [2020-11-08 21:29:55,867] - ThreadPool::createThreadPool: creating  threadpool...
  INFO root [2020-11-08 21:29:55,867] - ThreadPool::createThreadPool: successfully(2), newThreadCount=1, normalMaxThreadCount=2, maxThreadCount=8
 DEBUG root [2020-11-08 21:29:56,015] - Script::install_py_dlls(): PyInit_pyexpat
 DEBUG root [2020-11-08 21:29:56,018] - Script::install_py_dlls(): PyInit__socket
 DEBUG root [2020-11-08 21:29:56,019] - Script::install_py_dlls(): PyInit__ssl
 DEBUG root [2020-11-08 21:29:56,026] - Script::install_py_dlls(): PyInit__hashlib
 DEBUG root [2020-11-08 21:29:56,027] - Script::install_py_dlls(): PyInit_select
 DEBUG root [2020-11-08 21:29:56,027] - Script::install_py_dlls(): PyInit__ctypes
 DEBUG root [2020-11-08 21:29:56,028] - Script::install_py_dlls(): PyInit__elementtree
 DEBUG root [2020-11-08 21:29:56,112] - Script::install_py_dlls(): PyInit_unicodedata
  INFO root [2020-11-08 21:29:56,191] - Script::install(): is successfully, Python=(3.4.2 (default, Aug  4 2020, 19:01:25) [MSC v.1925 32 bit (Intel)])!
  INFO root [2020-11-08 21:29:56,191] - Script::install(): KBExtra is successfully!
 S_DBG root [2020-11-08 21:29:56,581] - ======================= LoginPoller .__init__ =======================
S_INFO root [2020-11-08 21:29:56,581] - onInterfaceAppReady: bootstrapGroupIndex=0, bootstrapGlobalIndex=0
  INFO root [2020-11-08 21:29:56,582] - TelnetServer server is running on port 33000
  INFO root [2020-11-08 21:29:56,839] - ---- interfaces is running ----
 DEBUG root [2020-11-08 21:29:56,840] - Components::process(): Request for the process of identity...
S_INFO root [2020-11-08 21:30:03,091] - register fd 1912
  INFO root [2020-11-08 21:30:03,100] - ServerApp::onRegisterNewApp: uid:22052, username:, componentType:dbmgr, componentID:42002, globalorderID=-1, grouporderID=-1, intaddr:192.168.2.246, intport:51761, extaddr:nonsupport, extport:0,  from 127.0.0.1:51768/0/0/0.
  INFO root [2020-11-08 21:30:03,100] - Components::addComponent: reset orderLog, uid=22052!
  INFO root [2020-11-08 21:30:03,100] - Components::addComponent[dbmgr], uid=22052, componentID=42002, globalorderid=1, grouporderid=1, totalcount=1
  INFO root [2020-11-08 21:30:04,148] - Components::process(): Found all the components!
 S_DBG root [2020-11-08 21:30:49,992] - onRequestAccountLogin: 333
 S_DBG root [2020-11-08 21:31:02,019] - onRequestAccountLogin: 123
 S_DBG root [2020-11-08 21:31:14,775] - onRequestAccountLogin: 123
 S_DBG root [2020-11-08 21:31:39,145] - onRequestAccountLogin: 123
 S_DBG root [2020-11-08 21:31:58,478] - onRequestAccountLogin: 123
 S_DBG root [2020-11-08 21:32:24,543] - onRequestAccountLogin: 123
 S_DBG root [2020-11-08 21:32:56,322] - onRequestAccountLogin: 123
 S_DBG root [2020-11-08 21:41:48,723] - onRequestAccountLogin: 123
 S_DBG root [2020-11-08 21:42:07,122] - onRequestAccountLogin: 061L3a0003aBBK1DHL2007t6hQ0L3a0O
S_INFO root [2020-11-08 21:42:08,075] - register fd 1304
  WARN root [2020-11-08 21:42:08,085] - D:\kbengine-1.2.7\kbe\src\server\tools\interfaces\interfaces.cpp:655: Profile onRequestAccountLogin took 0.96 seconds
  WARN root [2020-11-08 21:42:08,086] - D:\kbengine-1.2.7\kbe\src\server\tools\interfaces\interfaces.cpp:654: Profile scriptCall took 0.96 seconds
  WARN root [2020-11-08 21:42:08,086] - D:\kbengine-1.2.7\kbe\src\lib\network\channel.cpp:714: Profile processRecvMessages took 0.96 seconds
S_INFO root [2020-11-08 21:42:08,138] - unregister fd 1304
S_INFO root [2020-11-08 21:42:08,139] - register fd 1304
S_INFO root [2020-11-08 21:42:08,139] - unregister fd 1304
S_INFO root [2020-11-08 21:42:08,143] - register fd 1304
S_INFO root [2020-11-08 21:42:08,176] - unregister fd 1304
S_INFO root [2020-11-08 21:42:08,177] - register fd 1304
S_INFO root [2020-11-08 21:42:08,739] - unregister fd 1304
S_INFO root [2020-11-08 21:42:08,739] - register fd 1304
S_INFO root [2020-11-08 21:42:08,766] - unregister fd 1304
 S_DBG root [2020-11-08 21:42:08,773] - tonado visit weixin time： count=1 totalTime=0.715061 
S_INFO root [2020-11-08 21:42:08,775] - b'{"session_key":"ME9d7P6v94jt6GWQBxM0yQ==","openid":"omRjA4jplmxcJ3n3Mo8ba2rlTub4"}'
 S_DBG root [2020-11-08 21:42:08,775] - {"session_key":"ME9d7P6v94jt6GWQBxM0yQ==","openid":"omRjA4jplmxcJ3n3Mo8ba2rlTub4"}
 S_DBG root [2020-11-08 21:42:08,777] - wx login result, loginname: 061L3a0003aBBK1DHL2007t6hQ0L3a0O
 S_DBG root [2020-11-08 21:43:57,823] - onRequestAccountLogin: 0610660w3EiVgV2hBG2w3OfHiD40660S
S_INFO root [2020-11-08 21:43:57,829] - register fd 1968
S_INFO root [2020-11-08 21:43:57,870] - unregister fd 1968
S_INFO root [2020-11-08 21:43:57,870] - register fd 1968
S_INFO root [2020-11-08 21:43:57,871] - unregister fd 1968
S_INFO root [2020-11-08 21:43:57,871] - register fd 1968
S_INFO root [2020-11-08 21:43:57,904] - unregister fd 1968
S_INFO root [2020-11-08 21:43:57,904] - register fd 1968
S_INFO root [2020-11-08 21:43:58,137] - unregister fd 1968
S_INFO root [2020-11-08 21:43:58,137] - register fd 1968
S_INFO root [2020-11-08 21:43:58,138] - unregister fd 1968
 S_DBG root [2020-11-08 21:43:58,171] - tonado visit weixin time： count=2 totalTime=110.113870 
S_INFO root [2020-11-08 21:43:58,172] - b'{"session_key":"hOeUom21Q7N7AdJlrGp8ow==","openid":"omRjA4jplmxcJ3n3Mo8ba2rlTub4"}'
 S_DBG root [2020-11-08 21:43:58,172] - {"session_key":"hOeUom21Q7N7AdJlrGp8ow==","openid":"omRjA4jplmxcJ3n3Mo8ba2rlTub4"}
 S_DBG root [2020-11-08 21:43:58,172] - wx login result, loginname: 0610660w3EiVgV2hBG2w3OfHiD40660S
  WARN root [2020-11-08 21:46:23,682] - TCPPacketReceiver::processPendingEvents(127.0.0.1:51768): Throwing REASON_GENERAL_NETWORK - WSAECONNRESET
  INFO root [2020-11-08 21:46:23,685] - Components::removeComponentByChannel: dbmgr : 42002, Normal exit!
