  INFO root [2020-10-24 23:00:38,047] - 
  INFO root [2020-10-24 23:00:38,047] - -----------------------------------------------------------------------------------------


  INFO root [2020-10-24 23:00:38,049] - Resmgr::initialize: KBE_ROOT=D:/kbengine_24pic/
  INFO root [2020-10-24 23:00:38,049] - Resmgr::initialize: KBE_RES_PATH=D:/kbengine_24pic/kbe/res/;D:/kbengine_24pic/kbengine_stone_assets/;D:/kbengine_24pic/kbengine_stone_assets/scripts/;D:/kbengine_24pic/kbengine_stone_assets/res/
  INFO root [2020-10-24 23:00:38,049] - Resmgr::initialize: KBE_BIN_PATH=D:/kbengine_24pic/kbe/bin/server/
  INFO root [2020-10-24 23:00:38,054] - NetworkInterface::initialize(INTERNAL): bound to all interfaces with default route interface on 192.168.2.246 ( 192.168.2.246:30099 )
  INFO root [2020-10-24 23:00:38,055] - NetworkInterface::initialize(INTERNAL): address 192.168.2.246:30099, SOMAXCONN=5.
  INFO root [2020-10-24 23:00:38,060] - ---- interfaces Version: 1.2.7. ScriptVersion: 0.1.0. Protocol: 84EE52A025C98281889357BE39C63701. Config: Debug X86. Built: 19:01:31 Aug  4 2020. AppID: 320002. UID: 1937. PID: 9968 ----
  INFO root [2020-10-24 23:00:38,060] - Server : Intel(R) Core(TM) i5-10210U CPU @ 1.60GHz with 2097151kB RAM
  INFO root [2020-10-24 23:00:38,060] - ThreadPool::createThreadPool: creating  threadpool...
  INFO root [2020-10-24 23:00:38,061] - ThreadPool::createThreadPool: successfully(2), newThreadCount=1, normalMaxThreadCount=2, maxThreadCount=8
 DEBUG root [2020-10-24 23:00:38,200] - Script::install_py_dlls(): PyInit_pyexpat
 DEBUG root [2020-10-24 23:00:38,201] - Script::install_py_dlls(): PyInit__socket
 DEBUG root [2020-10-24 23:00:38,201] - Script::install_py_dlls(): PyInit__ssl
 DEBUG root [2020-10-24 23:00:38,204] - Script::install_py_dlls(): PyInit__hashlib
 DEBUG root [2020-10-24 23:00:38,205] - Script::install_py_dlls(): PyInit_select
 DEBUG root [2020-10-24 23:00:38,205] - Script::install_py_dlls(): PyInit__ctypes
 DEBUG root [2020-10-24 23:00:38,205] - Script::install_py_dlls(): PyInit__elementtree
 DEBUG root [2020-10-24 23:00:38,250] - Script::install_py_dlls(): PyInit_unicodedata
  INFO root [2020-10-24 23:00:38,300] - Script::install(): is successfully, Python=(3.4.2 (default, Aug  4 2020, 19:01:25) [MSC v.1925 32 bit (Intel)])!
  INFO root [2020-10-24 23:00:38,300] - Script::install(): KBExtra is successfully!
 S_DBG root [2020-10-24 23:00:38,551] - ======================= LoginPoller .__init__ =======================
S_INFO root [2020-10-24 23:00:38,552] - onInterfaceAppReady: bootstrapGroupIndex=0, bootstrapGlobalIndex=0
  INFO root [2020-10-24 23:00:38,552] - TelnetServer server is running on port 33000
  INFO root [2020-10-24 23:00:38,751] - ---- interfaces is running ----
 DEBUG root [2020-10-24 23:00:38,752] - Components::process(): Request for the process of identity...
S_INFO root [2020-10-24 23:00:44,930] - register fd 1552
  INFO root [2020-10-24 23:00:44,938] - ServerApp::onRegisterNewApp: uid:1937, username:, componentType:dbmgr, componentID:42002, globalorderID=-1, grouporderID=-1, intaddr:192.168.2.246, intport:51279, extaddr:nonsupport, extport:0,  from 127.0.0.1:51285/0/0/0.
  INFO root [2020-10-24 23:00:44,938] - Components::addComponent: reset orderLog, uid=1937!
  INFO root [2020-10-24 23:00:44,938] - Components::addComponent[dbmgr], uid=1937, componentID=42002, globalorderid=1, grouporderid=1, totalcount=1
  INFO root [2020-10-24 23:00:45,952] - Components::process(): Found all the components!
 S_DBG root [2020-10-24 23:04:57,185] - onRequestAccountLogin: 3332
 S_DBG root [2020-10-24 23:14:05,405] - onRequestAccountLogin: 666
 S_DBG root [2020-10-24 23:54:14,674] - onRequestAccountLogin: 4444
 S_DBG root [2020-10-24 23:54:58,885] - onRequestAccountLogin: 6990
 S_DBG root [2020-10-24 23:56:22,391] - onRequestAccountLogin: d'd'd'd
  WARN root [2020-10-24 23:57:23,038] - TCPPacketReceiver::processPendingEvents(127.0.0.1:51285): Throwing REASON_GENERAL_NETWORK - WSAECONNRESET
  INFO root [2020-10-24 23:57:23,038] - Components::removeComponentByChannel: dbmgr : 42002, Normal exit!
