  INFO root [2020-10-11 18:20:13,977] - 
  INFO root [2020-10-11 18:20:13,977] - -----------------------------------------------------------------------------------------


  INFO root [2020-10-11 18:20:13,979] - Resmgr::initialize: KBE_ROOT=D:/kbengine_24pic/
  INFO root [2020-10-11 18:20:13,979] - Resmgr::initialize: KBE_RES_PATH=D:/kbengine_24pic/kbe/res/;D:/kbengine_24pic/kbengine_stone_assets/;D:/kbengine_24pic/kbengine_stone_assets/scripts/;D:/kbengine_24pic/kbengine_stone_assets/res/
  INFO root [2020-10-11 18:20:13,979] - Resmgr::initialize: KBE_BIN_PATH=D:/kbengine_24pic/kbe/bin/server/
  INFO root [2020-10-11 18:20:13,985] - NetworkInterface::initialize(INTERNAL): bound to all interfaces with default route interface on 192.168.2.246 ( 192.168.2.246:30099 )
  INFO root [2020-10-11 18:20:13,985] - NetworkInterface::initialize(INTERNAL): address 192.168.2.246:30099, SOMAXCONN=5.
  INFO root [2020-10-11 18:20:13,988] - ---- interfaces Version: 1.2.7. ScriptVersion: 0.1.0. Protocol: 84EE52A025C98281889357BE39C63701. Config: Debug X86. Built: 19:01:31 Aug  4 2020. AppID: 320002. UID: 14650. PID: 3404 ----
  INFO root [2020-10-11 18:20:13,989] - Server : Intel(R) Core(TM) i5-10210U CPU @ 1.60GHz with 2097151kB RAM
  INFO root [2020-10-11 18:20:13,989] - ThreadPool::createThreadPool: creating  threadpool...
  INFO root [2020-10-11 18:20:13,989] - ThreadPool::createThreadPool: successfully(2), newThreadCount=1, normalMaxThreadCount=2, maxThreadCount=8
 DEBUG root [2020-10-11 18:20:14,128] - Script::install_py_dlls(): PyInit_pyexpat
 DEBUG root [2020-10-11 18:20:14,129] - Script::install_py_dlls(): PyInit__socket
 DEBUG root [2020-10-11 18:20:14,130] - Script::install_py_dlls(): PyInit__ssl
 DEBUG root [2020-10-11 18:20:14,133] - Script::install_py_dlls(): PyInit__hashlib
 DEBUG root [2020-10-11 18:20:14,134] - Script::install_py_dlls(): PyInit_select
 DEBUG root [2020-10-11 18:20:14,134] - Script::install_py_dlls(): PyInit__ctypes
 DEBUG root [2020-10-11 18:20:14,135] - Script::install_py_dlls(): PyInit__elementtree
 DEBUG root [2020-10-11 18:20:14,169] - Script::install_py_dlls(): PyInit_unicodedata
  INFO root [2020-10-11 18:20:14,208] - Script::install(): is successfully, Python=(3.4.2 (default, Aug  4 2020, 19:01:25) [MSC v.1925 32 bit (Intel)])!
  INFO root [2020-10-11 18:20:14,208] - Script::install(): KBExtra is successfully!
 S_DBG root [2020-10-11 18:20:14,491] - ======================= LoginPoller .__init__ =======================
S_INFO root [2020-10-11 18:20:14,491] - onInterfaceAppReady: bootstrapGroupIndex=0, bootstrapGlobalIndex=0
  INFO root [2020-10-11 18:20:14,492] - TelnetServer server is running on port 33000
  INFO root [2020-10-11 18:20:14,689] - ---- interfaces is running ----
 DEBUG root [2020-10-11 18:20:14,689] - Components::process(): Request for the process of identity...
S_INFO root [2020-10-11 18:20:20,898] - register fd 1880
  INFO root [2020-10-11 18:20:20,906] - ServerApp::onRegisterNewApp: uid:14650, username:, componentType:dbmgr, componentID:42002, globalorderID=-1, grouporderID=-1, intaddr:192.168.2.246, intport:50724, extaddr:nonsupport, extport:0,  from 127.0.0.1:50732/0/0/0.
  INFO root [2020-10-11 18:20:20,906] - Components::addComponent: reset orderLog, uid=14650!
  INFO root [2020-10-11 18:20:20,906] - Components::addComponent[dbmgr], uid=14650, componentID=42002, globalorderid=1, grouporderid=1, totalcount=1
  INFO root [2020-10-11 18:20:21,960] - Components::process(): Found all the components!
 S_DBG root [2020-10-11 18:20:44,008] - onRequestAccountLogin: 123
 S_DBG root [2020-10-11 18:20:57,697] - onRequestAccountLogin: 234
 S_DBG root [2020-10-11 18:21:33,786] - onRequestAccountLogin: 123
  WARN root [2020-10-11 18:22:02,508] - TCPPacketReceiver::processPendingEvents(127.0.0.1:50732): Throwing REASON_GENERAL_NETWORK - WSAECONNRESET
  INFO root [2020-10-11 18:22:02,510] - Components::removeComponentByChannel: dbmgr : 42002, Normal exit!
  INFO root [2020-10-11 18:28:58,620] - 
  INFO root [2020-10-11 18:28:58,620] - -----------------------------------------------------------------------------------------


  INFO root [2020-10-11 18:28:58,622] - Resmgr::initialize: KBE_ROOT=D:/kbengine_24pic/
  INFO root [2020-10-11 18:28:58,622] - Resmgr::initialize: KBE_RES_PATH=D:/kbengine_24pic/kbe/res/;D:/kbengine_24pic/kbengine_stone_assets/;D:/kbengine_24pic/kbengine_stone_assets/scripts/;D:/kbengine_24pic/kbengine_stone_assets/res/
  INFO root [2020-10-11 18:28:58,622] - Resmgr::initialize: KBE_BIN_PATH=D:/kbengine_24pic/kbe/bin/server/
  INFO root [2020-10-11 18:28:58,628] - NetworkInterface::initialize(INTERNAL): bound to all interfaces with default route interface on 192.168.2.246 ( 192.168.2.246:30099 )
  INFO root [2020-10-11 18:28:58,628] - NetworkInterface::initialize(INTERNAL): address 192.168.2.246:30099, SOMAXCONN=5.
  INFO root [2020-10-11 18:28:58,633] - ---- interfaces Version: 1.2.7. ScriptVersion: 0.1.0. Protocol: 84EE52A025C98281889357BE39C63701. Config: Debug X86. Built: 19:01:31 Aug  4 2020. AppID: 320002. UID: 16361. PID: 5356 ----
  INFO root [2020-10-11 18:28:58,633] - Server : Intel(R) Core(TM) i5-10210U CPU @ 1.60GHz with 2097151kB RAM
  INFO root [2020-10-11 18:28:58,633] - ThreadPool::createThreadPool: creating  threadpool...
  INFO root [2020-10-11 18:28:58,634] - ThreadPool::createThreadPool: successfully(2), newThreadCount=1, normalMaxThreadCount=2, maxThreadCount=8
 DEBUG root [2020-10-11 18:28:58,763] - Script::install_py_dlls(): PyInit_pyexpat
 DEBUG root [2020-10-11 18:28:58,763] - Script::install_py_dlls(): PyInit__socket
 DEBUG root [2020-10-11 18:28:58,763] - Script::install_py_dlls(): PyInit__ssl
 DEBUG root [2020-10-11 18:28:58,766] - Script::install_py_dlls(): PyInit__hashlib
 DEBUG root [2020-10-11 18:28:58,766] - Script::install_py_dlls(): PyInit_select
 DEBUG root [2020-10-11 18:28:58,767] - Script::install_py_dlls(): PyInit__ctypes
 DEBUG root [2020-10-11 18:28:58,767] - Script::install_py_dlls(): PyInit__elementtree
 DEBUG root [2020-10-11 18:28:58,797] - Script::install_py_dlls(): PyInit_unicodedata
  INFO root [2020-10-11 18:28:58,837] - Script::install(): is successfully, Python=(3.4.2 (default, Aug  4 2020, 19:01:25) [MSC v.1925 32 bit (Intel)])!
  INFO root [2020-10-11 18:28:58,838] - Script::install(): KBExtra is successfully!
 S_DBG root [2020-10-11 18:28:59,099] - ======================= LoginPoller .__init__ =======================
S_INFO root [2020-10-11 18:28:59,100] - onInterfaceAppReady: bootstrapGroupIndex=0, bootstrapGlobalIndex=0
  INFO root [2020-10-11 18:28:59,100] - TelnetServer server is running on port 33000
  INFO root [2020-10-11 18:28:59,306] - ---- interfaces is running ----
 DEBUG root [2020-10-11 18:28:59,307] - Components::process(): Request for the process of identity...
S_INFO root [2020-10-11 18:29:05,543] - register fd 1528
  INFO root [2020-10-11 18:29:05,550] - ServerApp::onRegisterNewApp: uid:16361, username:, componentType:dbmgr, componentID:42002, globalorderID=-1, grouporderID=-1, intaddr:192.168.2.246, intport:50868, extaddr:nonsupport, extport:0,  from 127.0.0.1:50877/0/0/0.
  INFO root [2020-10-11 18:29:05,550] - Components::addComponent: reset orderLog, uid=16361!
  INFO root [2020-10-11 18:29:05,550] - Components::addComponent[dbmgr], uid=16361, componentID=42002, globalorderid=1, grouporderid=1, totalcount=1
  INFO root [2020-10-11 18:29:06,600] - Components::process(): Found all the components!
 S_DBG root [2020-10-11 18:29:33,679] - onRequestAccountLogin: 234
 S_DBG root [2020-10-11 18:29:42,266] - onRequestAccountLogin: 222
 S_DBG root [2020-10-11 18:29:57,664] - onRequestAccountLogin: 111
 S_DBG root [2020-10-11 18:32:01,349] - onRequestAccountLogin: 123
 S_DBG root [2020-10-11 18:32:10,478] - onRequestAccountLogin: 222
 S_DBG root [2020-10-11 18:32:24,030] - onRequestAccountLogin: 111
  WARN root [2020-10-11 18:55:55,830] - TCPPacketReceiver::processPendingEvents(127.0.0.1:50877): Throwing REASON_GENERAL_NETWORK - WSAECONNRESET
  INFO root [2020-10-11 18:55:55,836] - Components::removeComponentByChannel: dbmgr : 42002, Normal exit!
  INFO root [2020-10-11 19:03:48,934] - 
  INFO root [2020-10-11 19:03:48,935] - -----------------------------------------------------------------------------------------


  INFO root [2020-10-11 19:03:48,936] - Resmgr::initialize: KBE_ROOT=D:/kbengine_24pic/
  INFO root [2020-10-11 19:03:48,936] - Resmgr::initialize: KBE_RES_PATH=D:/kbengine_24pic/kbe/res/;D:/kbengine_24pic/kbengine_stone_assets/;D:/kbengine_24pic/kbengine_stone_assets/scripts/;D:/kbengine_24pic/kbengine_stone_assets/res/
  INFO root [2020-10-11 19:03:48,936] - Resmgr::initialize: KBE_BIN_PATH=D:/kbengine_24pic/kbe/bin/server/
  INFO root [2020-10-11 19:03:48,941] - NetworkInterface::initialize(INTERNAL): bound to all interfaces with default route interface on 192.168.2.246 ( 192.168.2.246:30099 )
  INFO root [2020-10-11 19:03:48,941] - NetworkInterface::initialize(INTERNAL): address 192.168.2.246:30099, SOMAXCONN=5.
  INFO root [2020-10-11 19:03:48,946] - ---- interfaces Version: 1.2.7. ScriptVersion: 0.1.0. Protocol: 84EE52A025C98281889357BE39C63701. Config: Debug X86. Built: 19:01:31 Aug  4 2020. AppID: 320002. UID: 23140. PID: 13120 ----
  INFO root [2020-10-11 19:03:48,946] - Server : Intel(R) Core(TM) i5-10210U CPU @ 1.60GHz with 2097151kB RAM
  INFO root [2020-10-11 19:03:48,946] - ThreadPool::createThreadPool: creating  threadpool...
  INFO root [2020-10-11 19:03:48,947] - ThreadPool::createThreadPool: successfully(2), newThreadCount=1, normalMaxThreadCount=2, maxThreadCount=8
 DEBUG root [2020-10-11 19:03:49,081] - Script::install_py_dlls(): PyInit_pyexpat
 DEBUG root [2020-10-11 19:03:49,081] - Script::install_py_dlls(): PyInit__socket
 DEBUG root [2020-10-11 19:03:49,082] - Script::install_py_dlls(): PyInit__ssl
 DEBUG root [2020-10-11 19:03:49,085] - Script::install_py_dlls(): PyInit__hashlib
 DEBUG root [2020-10-11 19:03:49,086] - Script::install_py_dlls(): PyInit_select
 DEBUG root [2020-10-11 19:03:49,086] - Script::install_py_dlls(): PyInit__ctypes
 DEBUG root [2020-10-11 19:03:49,086] - Script::install_py_dlls(): PyInit__elementtree
 DEBUG root [2020-10-11 19:03:49,124] - Script::install_py_dlls(): PyInit_unicodedata
  INFO root [2020-10-11 19:03:49,163] - Script::install(): is successfully, Python=(3.4.2 (default, Aug  4 2020, 19:01:25) [MSC v.1925 32 bit (Intel)])!
  INFO root [2020-10-11 19:03:49,164] - Script::install(): KBExtra is successfully!
 S_DBG root [2020-10-11 19:03:50,189] - ======================= LoginPoller .__init__ =======================
S_INFO root [2020-10-11 19:03:50,190] - onInterfaceAppReady: bootstrapGroupIndex=0, bootstrapGlobalIndex=0
  INFO root [2020-10-11 19:03:50,190] - TelnetServer server is running on port 33000
  INFO root [2020-10-11 19:03:50,461] - ---- interfaces is running ----
 DEBUG root [2020-10-11 19:03:50,462] - Components::process(): Request for the process of identity...
S_INFO root [2020-10-11 19:03:56,694] - register fd 1208
  WARN root [2020-10-11 19:03:56,696] - D:\kbengine-1.2.7\kbe\src\lib\server\serverapp.cpp:270: Profile callScriptTimers took 0.04 seconds
  WARN root [2020-10-11 19:03:56,707] - D:\kbengine-1.2.7\kbe\src\lib\network\event_dispatcher.cpp:171: Profile callSystemTimers took 0.05 seconds
  INFO root [2020-10-11 19:03:57,724] - Components::process(): Found all the components!
  INFO root [2020-10-11 19:03:57,764] - ServerApp::onRegisterNewApp: uid:23140, username:, componentType:dbmgr, componentID:42002, globalorderID=-1, grouporderID=-1, intaddr:192.168.2.246, intport:49789, extaddr:nonsupport, extport:0,  from 127.0.0.1:49791/0/0/0.
  INFO root [2020-10-11 19:03:57,765] - Components::addComponent: reset orderLog, uid=23140!
  INFO root [2020-10-11 19:03:57,765] - Components::addComponent[dbmgr], uid=23140, componentID=42002, globalorderid=1, grouporderid=1, totalcount=1
 S_DBG root [2020-10-11 19:05:39,802] - onRequestAccountLogin: 234
 S_DBG root [2020-10-11 19:05:47,418] - onRequestAccountLogin: 111
 S_DBG root [2020-10-11 19:06:09,953] - onRequestAccountLogin: 222
  WARN root [2020-10-11 19:06:33,044] - TCPPacketReceiver::processPendingEvents(127.0.0.1:49791): Throwing REASON_GENERAL_NETWORK - WSAECONNRESET
  INFO root [2020-10-11 19:06:33,044] - Components::removeComponentByChannel: dbmgr : 42002, Normal exit!
