  INFO root [2020-10-07 22:10:11,498] - 
  INFO root [2020-10-07 22:10:11,499] - -----------------------------------------------------------------------------------------


  INFO root [2020-10-07 22:10:11,500] - Resmgr::initialize: KBE_ROOT=D:/kbengine_24pic/
  INFO root [2020-10-07 22:10:11,500] - Resmgr::initialize: KBE_RES_PATH=D:/kbengine_24pic/kbe/res/;D:/kbengine_24pic/kbengine_stone_assets/;D:/kbengine_24pic/kbengine_stone_assets/scripts/;D:/kbengine_24pic/kbengine_stone_assets/res/
  INFO root [2020-10-07 22:10:11,501] - Resmgr::initialize: KBE_BIN_PATH=D:/kbengine_24pic/kbe/bin/server/
  INFO root [2020-10-07 22:10:11,507] - NetworkInterface::initialize(INTERNAL): bound to all interfaces with default route interface on 192.168.2.246 ( 192.168.2.246:30099 )
  INFO root [2020-10-07 22:10:11,508] - NetworkInterface::initialize(INTERNAL): address 192.168.2.246:30099, SOMAXCONN=5.
  INFO root [2020-10-07 22:10:11,512] - ---- interfaces Version: 1.2.7. ScriptVersion: 0.1.0. Protocol: 84EE52A025C98281889357BE39C63701. Config: Debug X86. Built: 19:01:31 Aug  4 2020. AppID: 320002. UID: 12465. PID: 2444 ----
  INFO root [2020-10-07 22:10:11,513] - Server : Intel(R) Core(TM) i5-10210U CPU @ 1.60GHz with 2097151kB RAM
  INFO root [2020-10-07 22:10:11,513] - ThreadPool::createThreadPool: creating  threadpool...
  INFO root [2020-10-07 22:10:11,513] - ThreadPool::createThreadPool: successfully(2), newThreadCount=1, normalMaxThreadCount=2, maxThreadCount=8
 DEBUG root [2020-10-07 22:10:11,647] - Script::install_py_dlls(): PyInit_pyexpat
 DEBUG root [2020-10-07 22:10:11,647] - Script::install_py_dlls(): PyInit__socket
 DEBUG root [2020-10-07 22:10:11,648] - Script::install_py_dlls(): PyInit__ssl
 DEBUG root [2020-10-07 22:10:11,651] - Script::install_py_dlls(): PyInit__hashlib
 DEBUG root [2020-10-07 22:10:11,652] - Script::install_py_dlls(): PyInit_select
 DEBUG root [2020-10-07 22:10:11,652] - Script::install_py_dlls(): PyInit__ctypes
 DEBUG root [2020-10-07 22:10:11,653] - Script::install_py_dlls(): PyInit__elementtree
 DEBUG root [2020-10-07 22:10:11,702] - Script::install_py_dlls(): PyInit_unicodedata
  INFO root [2020-10-07 22:10:11,750] - Script::install(): is successfully, Python=(3.4.2 (default, Aug  4 2020, 19:01:25) [MSC v.1925 32 bit (Intel)])!
  INFO root [2020-10-07 22:10:11,750] - Script::install(): KBExtra is successfully!
 S_DBG root [2020-10-07 22:10:12,005] - ======================= LoginPoller .__init__ =======================
S_INFO root [2020-10-07 22:10:12,006] - onInterfaceAppReady: bootstrapGroupIndex=0, bootstrapGlobalIndex=0
  INFO root [2020-10-07 22:10:12,006] - TelnetServer server is running on port 33000
  INFO root [2020-10-07 22:10:12,205] - ---- interfaces is running ----
 DEBUG root [2020-10-07 22:10:12,205] - Components::process(): Request for the process of identity...
S_INFO root [2020-10-07 22:10:18,382] - register fd 1900
  INFO root [2020-10-07 22:10:18,389] - ServerApp::onRegisterNewApp: uid:12465, username:, componentType:dbmgr, componentID:42002, globalorderID=-1, grouporderID=-1, intaddr:192.168.2.246, intport:51277, extaddr:nonsupport, extport:0,  from 127.0.0.1:51285/0/0/0.
  INFO root [2020-10-07 22:10:18,389] - Components::addComponent: reset orderLog, uid=12465!
  INFO root [2020-10-07 22:10:18,390] - Components::addComponent[dbmgr], uid=12465, componentID=42002, globalorderid=1, grouporderid=1, totalcount=1
  INFO root [2020-10-07 22:10:19,406] - Components::process(): Found all the components!
 S_DBG root [2020-10-07 22:11:03,446] - onRequestAccountLogin: 3333
 S_DBG root [2020-10-07 22:11:07,179] - onRequestAccountLogin: 33331
 S_DBG root [2020-10-07 22:11:23,205] - onRequestAccountLogin: 666
 S_DBG root [2020-10-07 22:13:49,702] - onRequestAccountLogin: d'd'd'd
 S_DBG root [2020-10-07 22:14:04,320] - onRequestAccountLogin: g'g'g
 S_DBG root [2020-10-07 22:20:31,900] - onRequestAccountLogin: 136
 S_DBG root [2020-10-07 22:20:46,632] - onRequestAccountLogin: 567
 S_DBG root [2020-10-07 22:30:40,511] - onRequestAccountLogin: 1239
 S_DBG root [2020-10-07 22:30:53,508] - onRequestAccountLogin: f'f'f
 S_DBG root [2020-10-07 22:37:11,287] - onRequestAccountLogin: s's's
 S_DBG root [2020-10-07 22:37:23,727] - onRequestAccountLogin: d'd
 S_DBG root [2020-10-07 22:40:43,022] - onRequestAccountLogin: 22
 S_DBG root [2020-10-07 22:40:58,831] - onRequestAccountLogin: f'f's
 S_DBG root [2020-10-07 22:42:33,258] - onRequestAccountLogin: 999
 S_DBG root [2020-10-07 22:42:46,197] - onRequestAccountLogin: c'c'c
  WARN root [2020-10-07 22:44:00,557] - TCPPacketReceiver::processPendingEvents(127.0.0.1:51285): Throwing REASON_GENERAL_NETWORK - WSAECONNRESET
  INFO root [2020-10-07 22:44:00,559] - Components::removeComponentByChannel: dbmgr : 42002, Normal exit!
  INFO root [2020-10-07 22:50:17,186] - 
  INFO root [2020-10-07 22:50:17,187] - -----------------------------------------------------------------------------------------


  INFO root [2020-10-07 22:50:17,188] - Resmgr::initialize: KBE_ROOT=D:/kbengine_24pic/
  INFO root [2020-10-07 22:50:17,188] - Resmgr::initialize: KBE_RES_PATH=D:/kbengine_24pic/kbe/res/;D:/kbengine_24pic/kbengine_stone_assets/;D:/kbengine_24pic/kbengine_stone_assets/scripts/;D:/kbengine_24pic/kbengine_stone_assets/res/
  INFO root [2020-10-07 22:50:17,188] - Resmgr::initialize: KBE_BIN_PATH=D:/kbengine_24pic/kbe/bin/server/
  INFO root [2020-10-07 22:50:17,193] - NetworkInterface::initialize(INTERNAL): bound to all interfaces with default route interface on 192.168.2.246 ( 192.168.2.246:30099 )
  INFO root [2020-10-07 22:50:17,193] - NetworkInterface::initialize(INTERNAL): address 192.168.2.246:30099, SOMAXCONN=5.
  INFO root [2020-10-07 22:50:17,197] - ---- interfaces Version: 1.2.7. ScriptVersion: 0.1.0. Protocol: 84EE52A025C98281889357BE39C63701. Config: Debug X86. Built: 19:01:31 Aug  4 2020. AppID: 320002. UID: 20322. PID: 10112 ----
  INFO root [2020-10-07 22:50:17,197] - Server : Intel(R) Core(TM) i5-10210U CPU @ 1.60GHz with 2097151kB RAM
  INFO root [2020-10-07 22:50:17,198] - ThreadPool::createThreadPool: creating  threadpool...
  INFO root [2020-10-07 22:50:17,198] - ThreadPool::createThreadPool: successfully(2), newThreadCount=1, normalMaxThreadCount=2, maxThreadCount=8
 DEBUG root [2020-10-07 22:50:17,338] - Script::install_py_dlls(): PyInit_pyexpat
 DEBUG root [2020-10-07 22:50:17,339] - Script::install_py_dlls(): PyInit__socket
 DEBUG root [2020-10-07 22:50:17,339] - Script::install_py_dlls(): PyInit__ssl
 DEBUG root [2020-10-07 22:50:17,344] - Script::install_py_dlls(): PyInit__hashlib
 DEBUG root [2020-10-07 22:50:17,345] - Script::install_py_dlls(): PyInit_select
 DEBUG root [2020-10-07 22:50:17,345] - Script::install_py_dlls(): PyInit__ctypes
 DEBUG root [2020-10-07 22:50:17,346] - Script::install_py_dlls(): PyInit__elementtree
 DEBUG root [2020-10-07 22:50:17,398] - Script::install_py_dlls(): PyInit_unicodedata
  INFO root [2020-10-07 22:50:17,439] - Script::install(): is successfully, Python=(3.4.2 (default, Aug  4 2020, 19:01:25) [MSC v.1925 32 bit (Intel)])!
  INFO root [2020-10-07 22:50:17,439] - Script::install(): KBExtra is successfully!
 S_DBG root [2020-10-07 22:50:17,648] - ======================= LoginPoller .__init__ =======================
S_INFO root [2020-10-07 22:50:17,649] - onInterfaceAppReady: bootstrapGroupIndex=0, bootstrapGlobalIndex=0
  INFO root [2020-10-07 22:50:17,649] - TelnetServer server is running on port 33000
  INFO root [2020-10-07 22:50:17,863] - ---- interfaces is running ----
 DEBUG root [2020-10-07 22:50:17,864] - Components::process(): Request for the process of identity...
S_INFO root [2020-10-07 22:50:24,071] - register fd 1280
  INFO root [2020-10-07 22:50:24,079] - ServerApp::onRegisterNewApp: uid:20322, username:, componentType:dbmgr, componentID:42002, globalorderID=-1, grouporderID=-1, intaddr:192.168.2.246, intport:52102, extaddr:nonsupport, extport:0,  from 127.0.0.1:52110/0/0/0.
  INFO root [2020-10-07 22:50:24,079] - Components::addComponent: reset orderLog, uid=20322!
  INFO root [2020-10-07 22:50:24,079] - Components::addComponent[dbmgr], uid=20322, componentID=42002, globalorderid=1, grouporderid=1, totalcount=1
  INFO root [2020-10-07 22:50:25,083] - Components::process(): Found all the components!
 S_DBG root [2020-10-07 22:57:06,005] - onRequestAccountLogin: q'q'q
 S_DBG root [2020-10-07 22:57:21,517] - onRequestAccountLogin: 222
 S_DBG root [2020-10-07 23:02:16,673] - onRequestAccountLogin: w'w'w
 S_DBG root [2020-10-07 23:02:31,945] - onRequestAccountLogin: f'f
 S_DBG root [2020-10-07 23:04:28,563] - onRequestAccountLogin: d'd
 S_DBG root [2020-10-07 23:04:42,797] - onRequestAccountLogin: 99
 S_DBG root [2020-10-07 23:07:22,324] - onRequestAccountLogin: yyy
 S_DBG root [2020-10-07 23:07:38,057] - onRequestAccountLogin: 000
  WARN root [2020-10-07 23:09:18,112] - TCPPacketReceiver::processPendingEvents(127.0.0.1:52110): Throwing REASON_GENERAL_NETWORK - WSAECONNRESET
  INFO root [2020-10-07 23:09:18,113] - Components::removeComponentByChannel: dbmgr : 42002, Normal exit!
  INFO root [2020-10-07 23:10:48,749] - 
  INFO root [2020-10-07 23:10:48,749] - -----------------------------------------------------------------------------------------


  INFO root [2020-10-07 23:10:48,750] - Resmgr::initialize: KBE_ROOT=D:/kbengine_24pic/
  INFO root [2020-10-07 23:10:48,750] - Resmgr::initialize: KBE_RES_PATH=D:/kbengine_24pic/kbe/res/;D:/kbengine_24pic/kbengine_stone_assets/;D:/kbengine_24pic/kbengine_stone_assets/scripts/;D:/kbengine_24pic/kbengine_stone_assets/res/
  INFO root [2020-10-07 23:10:48,750] - Resmgr::initialize: KBE_BIN_PATH=D:/kbengine_24pic/kbe/bin/server/
  INFO root [2020-10-07 23:10:48,756] - NetworkInterface::initialize(INTERNAL): bound to all interfaces with default route interface on 192.168.2.246 ( 192.168.2.246:30099 )
  INFO root [2020-10-07 23:10:48,756] - NetworkInterface::initialize(INTERNAL): address 192.168.2.246:30099, SOMAXCONN=5.
  INFO root [2020-10-07 23:10:48,760] - ---- interfaces Version: 1.2.7. ScriptVersion: 0.1.0. Protocol: 84EE52A025C98281889357BE39C63701. Config: Debug X86. Built: 19:01:31 Aug  4 2020. AppID: 320002. UID: 24345. PID: 7156 ----
  INFO root [2020-10-07 23:10:48,760] - Server : Intel(R) Core(TM) i5-10210U CPU @ 1.60GHz with 2097151kB RAM
  INFO root [2020-10-07 23:10:48,761] - ThreadPool::createThreadPool: creating  threadpool...
  INFO root [2020-10-07 23:10:48,761] - ThreadPool::createThreadPool: successfully(2), newThreadCount=1, normalMaxThreadCount=2, maxThreadCount=8
 DEBUG root [2020-10-07 23:10:48,917] - Script::install_py_dlls(): PyInit_pyexpat
 DEBUG root [2020-10-07 23:10:48,919] - Script::install_py_dlls(): PyInit__socket
 DEBUG root [2020-10-07 23:10:48,921] - Script::install_py_dlls(): PyInit__ssl
 DEBUG root [2020-10-07 23:10:48,926] - Script::install_py_dlls(): PyInit__hashlib
 DEBUG root [2020-10-07 23:10:48,926] - Script::install_py_dlls(): PyInit_select
 DEBUG root [2020-10-07 23:10:48,926] - Script::install_py_dlls(): PyInit__ctypes
 DEBUG root [2020-10-07 23:10:48,927] - Script::install_py_dlls(): PyInit__elementtree
 DEBUG root [2020-10-07 23:10:48,980] - Script::install_py_dlls(): PyInit_unicodedata
  INFO root [2020-10-07 23:10:49,030] - Script::install(): is successfully, Python=(3.4.2 (default, Aug  4 2020, 19:01:25) [MSC v.1925 32 bit (Intel)])!
  INFO root [2020-10-07 23:10:49,030] - Script::install(): KBExtra is successfully!
 S_DBG root [2020-10-07 23:10:49,254] - ======================= LoginPoller .__init__ =======================
S_INFO root [2020-10-07 23:10:49,254] - onInterfaceAppReady: bootstrapGroupIndex=0, bootstrapGlobalIndex=0
  INFO root [2020-10-07 23:10:49,255] - TelnetServer server is running on port 33000
  INFO root [2020-10-07 23:10:49,505] - ---- interfaces is running ----
 DEBUG root [2020-10-07 23:10:49,505] - Components::process(): Request for the process of identity...
S_INFO root [2020-10-07 23:10:55,703] - register fd 1576
  INFO root [2020-10-07 23:10:55,711] - ServerApp::onRegisterNewApp: uid:24345, username:, componentType:dbmgr, componentID:42002, globalorderID=-1, grouporderID=-1, intaddr:192.168.2.246, intport:52620, extaddr:nonsupport, extport:0,  from 127.0.0.1:52630/0/0/0.
  INFO root [2020-10-07 23:10:55,711] - Components::addComponent: reset orderLog, uid=24345!
  INFO root [2020-10-07 23:10:55,711] - Components::addComponent[dbmgr], uid=24345, componentID=42002, globalorderid=1, grouporderid=1, totalcount=1
  INFO root [2020-10-07 23:10:56,752] - Components::process(): Found all the components!
 S_DBG root [2020-10-07 23:11:10,445] - onRequestAccountLogin: 333
 S_DBG root [2020-10-07 23:11:25,845] - onRequestAccountLogin: d'd's
 S_DBG root [2020-10-07 23:14:42,607] - onRequestAccountLogin: s's's's
 S_DBG root [2020-10-07 23:14:59,417] - onRequestAccountLogin: 333333
 S_DBG root [2020-10-07 23:16:06,103] - onRequestAccountLogin: s's's's'
 S_DBG root [2020-10-07 23:16:21,078] - onRequestAccountLogin: d'd'd
 S_DBG root [2020-10-07 23:17:28,367] - onRequestAccountLogin: 12346
 S_DBG root [2020-10-07 23:17:46,087] - onRequestAccountLogin: 67890
  WARN root [2020-10-07 23:18:57,906] - TCPPacketReceiver::processPendingEvents(127.0.0.1:52630): Throwing REASON_GENERAL_NETWORK - WSAECONNRESET
  INFO root [2020-10-07 23:18:57,906] - Components::removeComponentByChannel: dbmgr : 42002, Normal exit!
