   DEBUG      dbmgr-1 15753 42002  [2020-10-28 00:00:20 222] - Dbmgr::writeEntity: Avatar(59).
   DEBUG      dbmgr-1 15753 42002  [2020-10-28 00:00:20 222] - Dbmgr::onEntityOffline: 59, entityType=1.
    INFO      dbmgr-1 15753 42002  [2020-10-28 00:00:20 206] - Buffered_DBTasks::onFiniTask: Playing buffered task for entityID=0, dbid=59, dbid_tasks_size=1, entityid_tasks_size=0.
    INFO      dbmgr-1 15753 42002  [2020-10-28 00:00:22 658] - GlobalDataServer::broadcastDataChanged: writer(cellapp, addr=192.168.2.246:49886/0/0/0), keySize=13, valSize=0, isDelete=1
   DEBUG      dbmgr-1 15753 42002  [2020-10-28 00:00:22 703] - Dbmgr::writeEntity: Avatar(26).
   DEBUG      dbmgr-1 15753 42002  [2020-10-28 00:00:22 703] - Dbmgr::onEntityOffline: 26, entityType=1.
    INFO      dbmgr-1 15753 42002  [2020-10-28 00:00:22 692] - Buffered_DBTasks::onFiniTask: Playing buffered task for entityID=0, dbid=26, dbid_tasks_size=1, entityid_tasks_size=0.
    INFO      dbmgr-1 15930 42002  [2020-10-28 20:11:15 229] - -----------------------------------------------------------------------------------------


    INFO      dbmgr-1 15930 42002  [2020-10-28 20:11:15 230] - Resmgr::initialize: KBE_ROOT=D:/kbengine_24pic/
    INFO      dbmgr-1 15930 42002  [2020-10-28 20:11:15 230] - Resmgr::initialize: KBE_RES_PATH=D:/kbengine_24pic/kbe/res/;D:/kbengine_24pic/kbengine_stone_assets/;D:/kbengine_24pic/kbengine_stone_assets/scripts/;D:/kbengine_24pic/kbengine_stone_assets/res/
    INFO      dbmgr-1 15930 42002  [2020-10-28 20:11:15 230] - Resmgr::initialize: KBE_BIN_PATH=D:/kbengine_24pic/kbe/bin/server/
    INFO      dbmgr-1 15930 42002  [2020-10-28 20:11:15 235] - NetworkInterface::initialize(INTERNAL): bound to all interfaces with default route interface on 192.168.2.246 ( 192.168.2.246:50314 )
    INFO      dbmgr-1 15930 42002  [2020-10-28 20:11:15 235] - NetworkInterface::initialize(INTERNAL): address 192.168.2.246:50314, SOMAXCONN=5.
    INFO      dbmgr-1 15930 42002  [2020-10-28 20:11:15 235] - server-configs:
    INFO      dbmgr-1 15930 42002  [2020-10-28 20:11:15 235] - 	internalAddr : 192.168.2.246:50314
    INFO      dbmgr-1 15930 42002  [2020-10-28 20:11:15 235] - 	componentID : 42002
    INFO      dbmgr-1 15930 42002  [2020-10-28 20:11:15 295] - Components::findLogger: found logger, addr:192.168.2.246:50313
    INFO      dbmgr-1 15930 42002  [2020-10-28 20:11:15 295] - Components::addComponent: reset orderLog, uid=15930!
    INFO      dbmgr-1 15930 42002  [2020-10-28 20:11:15 295] - Components::addComponent[logger], uid=15930, componentID=210002, globalorderid=1, grouporderid=1, totalcount=1
    INFO      dbmgr-1 15930 42002  [2020-10-28 20:11:15 299] - ---- dbmgr Version: 1.2.7. ScriptVersion: 0.1.0. Protocol: 149F584B8A9DE9211BFBD70F243BB430. Config: Debug X86. Built: 19:01:34 Aug  4 2020. AppID: 42002. UID: 15930. PID: 12660 ----
    INFO      dbmgr-1 15930 42002  [2020-10-28 20:11:15 299] - Server : Intel(R) Core(TM) i5-10210U CPU @ 1.60GHz with 2097151kB RAM
    INFO      dbmgr-1 15930 42002  [2020-10-28 20:11:15 299] - ThreadPool::createThreadPool: creating  threadpool...
    INFO      dbmgr-1 15930 42002  [2020-10-28 20:11:15 300] - ThreadPool::createThreadPool: successfully(2), newThreadCount=1, normalMaxThreadCount=2, maxThreadCount=8
   DEBUG      dbmgr-1 15930 42002  [2020-10-28 20:11:15 434] - Script::install_py_dlls(): PyInit_pyexpat
   DEBUG      dbmgr-1 15930 42002  [2020-10-28 20:11:15 434] - Script::install_py_dlls(): PyInit__socket
   DEBUG      dbmgr-1 15930 42002  [2020-10-28 20:11:15 435] - Script::install_py_dlls(): PyInit__ssl
   DEBUG      dbmgr-1 15930 42002  [2020-10-28 20:11:15 437] - Script::install_py_dlls(): PyInit__hashlib
   DEBUG      dbmgr-1 15930 42002  [2020-10-28 20:11:15 438] - Script::install_py_dlls(): PyInit_select
   DEBUG      dbmgr-1 15930 42002  [2020-10-28 20:11:15 438] - Script::install_py_dlls(): PyInit__ctypes
   DEBUG      dbmgr-1 15930 42002  [2020-10-28 20:11:15 438] - Script::install_py_dlls(): PyInit__elementtree
   DEBUG      dbmgr-1 15930 42002  [2020-10-28 20:11:15 468] - Script::install_py_dlls(): PyInit_unicodedata
    INFO      dbmgr-1 15930 42002  [2020-10-28 20:11:15 497] - Script::install(): is successfully, Python=(3.4.2 (default, Aug  4 2020, 19:01:25) [MSC v.1925 32 bit (Intel)])!
    INFO      dbmgr-1 15930 42002  [2020-10-28 20:11:15 497] - Script::install(): KBExtra is successfully!
    INFO      dbmgr-1 15930 42002  [2020-10-28 20:11:15 540] - Dbmgr::initializeEnd: digest(0F3E620F5AA14649435B0C4581B15EC8)
  S_INFO      dbmgr-1 15930 42002  [2020-10-28 20:11:15 540] - onDBMgrReady: bootstrapGroupIndex=0, bootstrapGlobalIndex=0
    INFO      dbmgr-1 15930 42002  [2020-10-28 20:11:15 541] - TelnetServer server is running on port 32000
    INFO      dbmgr-1 15930 42002  [2020-10-28 20:11:15 541] - Dbmgr::initInterfacesHandler: interfaces addr(127.0.0.1:30099), accountType:(interfaces), chargeType:(interfaces).
 WARNING      dbmgr-1 15930 42002  [2020-10-28 20:11:15 681] - DBUtil::initialize: db(default) password is not encrypted!
please use password(rsa):
3D65B20FE79AA5FFFF5F8666186CC71D14BC3202B35E35D3492DDCD5B2BA0F2BFA70620EF55DFA018E10C1EDF3F2F598991E62C317DC7C38C3B62B692F33669E0E620A72E9FF62F78387C3FEDA69A06E5B0C57C8751D7B6FC84751B0C69288EBD03CC0776873ADAE67C7FB5520DD6696B4EA9408B007997F38BD2568A3979A56
   DEBUG      dbmgr-1 15930 42002  [2020-10-28 20:11:15 692] - DBInterfaceMysql::attach: connect: localhost:3306 starting...
   DEBUG      dbmgr-1 15930 42002  [2020-10-28 20:11:15 733] - DBInterfaceMysql::attach: successfully! addr: localhost:3306
    INFO      dbmgr-1 15930 42002  [2020-10-28 20:11:15 734] - DBUtil::createInterface[0x6ff188]: interface=default, dbtype=mysql, ip=localhost, port=3306, currdatabase=kbe, username=kbe, connected=yes.

    INFO      dbmgr-1 15930 42002  [2020-10-28 20:11:15 734] - ThreadPool::createThreadPool: creating  threadpool...
    INFO      dbmgr-1 15930 42002  [2020-10-28 20:11:15 734] - ThreadPool::createThreadPool: successfully(5), newThreadCount=5, normalMaxThreadCount=5, maxThreadCount=5
    INFO      dbmgr-1 15930 42002  [2020-10-28 20:11:15 860] - DBInterfaceMysql::query: successfully!
 WARNING      dbmgr-1 15930 42002  [2020-10-28 20:11:15 938] - D:\kbengine-1.2.7\kbe\src\server\dbmgr\dbmgr.cpp:324: Profile scriptCall took 0.40 seconds
    INFO      dbmgr-1 15930 42002  [2020-10-28 20:11:16 127] - ---- dbmgr is running ----
   DEBUG      dbmgr-1 15930 42002  [2020-10-28 20:11:16 128] - Components::process(): Request for the process of identity...
   DEBUG      dbmgr-1 15930 42002  [2020-10-28 20:11:15 735] - DBInterfaceMysql::attach: connect: localhost:3306 starting...
   DEBUG      dbmgr-1 15930 42002  [2020-10-28 20:11:15 735] - DBInterfaceMysql::attach: connect: localhost:3306 starting...
   DEBUG      dbmgr-1 15930 42002  [2020-10-28 20:11:15 735] - DBInterfaceMysql::attach: connect: localhost:3306 starting...
   DEBUG      dbmgr-1 15930 42002  [2020-10-28 20:11:15 735] - DBInterfaceMysql::attach: connect: localhost:3306 starting...
   DEBUG      dbmgr-1 15930 42002  [2020-10-28 20:11:15 735] - DBInterfaceMysql::attach: connect: localhost:3306 starting...
   DEBUG      dbmgr-1 15930 42002  [2020-10-28 20:11:15 757] - DBInterfaceMysql::attach: successfully! addr: localhost:3306
   DEBUG      dbmgr-1 15930 42002  [2020-10-28 20:11:15 757] - DBThread::onStart(): 0x413ab28!
   DEBUG      dbmgr-1 15930 42002  [2020-10-28 20:11:15 766] - DBInterfaceMysql::attach: successfully! addr: localhost:3306
   DEBUG      dbmgr-1 15930 42002  [2020-10-28 20:11:15 766] - DBThread::onStart(): 0x413af68!
   DEBUG      dbmgr-1 15930 42002  [2020-10-28 20:11:15 775] - DBInterfaceMysql::attach: successfully! addr: localhost:3306
   DEBUG      dbmgr-1 15930 42002  [2020-10-28 20:11:15 775] - DBThread::onStart(): 0x413ae58!
   DEBUG      dbmgr-1 15930 42002  [2020-10-28 20:11:15 784] - DBInterfaceMysql::attach: successfully! addr: localhost:3306
   DEBUG      dbmgr-1 15930 42002  [2020-10-28 20:11:15 784] - DBThread::onStart(): 0x413a550!
   DEBUG      dbmgr-1 15930 42002  [2020-10-28 20:11:15 791] - DBInterfaceMysql::attach: successfully! addr: localhost:3306
   DEBUG      dbmgr-1 15930 42002  [2020-10-28 20:11:15 791] - DBThread::onStart(): 0x413a4c8!
    INFO      dbmgr-1 15930 42002  [2020-10-28 20:11:15 873] - DBInterfaceMysql::query: successfully!
    INFO      dbmgr-1 15930 42002  [2020-10-28 20:11:15 876] - DBInterfaceMysql::query: successfully!
    INFO      dbmgr-1 15930 42002  [2020-10-28 20:11:15 876] - DBInterfaceMysql::query: successfully!
    INFO      dbmgr-1 15930 42002  [2020-10-28 20:11:15 877] - DBInterfaceMysql::query: successfully!
    INFO      dbmgr-1 15930 42002  [2020-10-28 20:11:15 885] - DBInterfaceMysql::query: successfully!
    INFO      dbmgr-1 15930 42002  [2020-10-28 20:11:15 885] - DBInterfaceMysql::query: successfully!
    INFO      dbmgr-1 15930 42002  [2020-10-28 20:11:15 885] - DBInterfaceMysql::query: successfully!
    INFO      dbmgr-1 15930 42002  [2020-10-28 20:11:15 920] - DBInterfaceMysql::query: successfully!
    INFO      dbmgr-1 15930 42002  [2020-10-28 20:11:22 299] - ServerApp::onRegisterNewApp: uid:15930, username:, componentType:interfaces, componentID:320002, globalorderID=-1, grouporderID=-1, intaddr:192.168.2.246, intport:30099, extaddr:nonsupport, extport:0,  from 127.0.0.1:30099/0/0/0.
    INFO      dbmgr-1 15930 42002  [2020-10-28 20:11:22 300] - Components::addComponent: reset orderLog, uid=15930!
    INFO      dbmgr-1 15930 42002  [2020-10-28 20:11:22 300] - Components::addComponent[interfaces], uid=15930, componentID=320002, globalorderid=1, grouporderid=1, totalcount=1
    INFO      dbmgr-1 15930 42002  [2020-10-28 20:11:23 320] - Components::process(): Found all the components!
    INFO      dbmgr-1 15930 42002  [2020-10-28 20:11:33 118] - ServerApp::onRegisterNewApp: uid:15930, username:, componentType:baseappmgr, componentID:510002, globalorderID=-1, grouporderID=-1, intaddr:192.168.2.246, intport:50325, extaddr:nonsupport, extport:0,  from 192.168.2.246:50329/0/0/0.
    INFO      dbmgr-1 15930 42002  [2020-10-28 20:11:33 119] - Components::addComponent: reset orderLog, uid=15930!
    INFO      dbmgr-1 15930 42002  [2020-10-28 20:11:33 119] - Components::addComponent[baseappmgr], uid=15930, componentID=510002, globalorderid=1, grouporderid=1, totalcount=1
    INFO      dbmgr-1 15930 42002  [2020-10-28 20:11:39 605] - ServerApp::onRegisterNewApp: uid:15930, username:, componentType:cellappmgr, componentID:610002, globalorderID=-1, grouporderID=-1, intaddr:192.168.2.246, intport:50327, extaddr:nonsupport, extport:0,  from 192.168.2.246:50333/0/0/0.
    INFO      dbmgr-1 15930 42002  [2020-10-28 20:11:39 605] - Components::addComponent[cellappmgr], uid=15930, componentID=610002, globalorderid=2, grouporderid=1, totalcount=1
    INFO      dbmgr-1 15930 42002  [2020-10-28 20:11:48 604] - ServerApp::onRegisterNewApp: uid:15930, username:, componentType:baseapp, componentID:720012, globalorderID=-1, grouporderID=-1, intaddr:192.168.2.246, intport:50331, extaddr:192.168.2.246, extport:20015,  from 192.168.2.246:50339/0/0/0.
    INFO      dbmgr-1 15930 42002  [2020-10-28 20:11:48 604] - Components::addComponent[baseapp], uid=15930, componentID=720012, globalorderid=3, grouporderid=1, totalcount=1
    INFO      dbmgr-1 15930 42002  [2020-10-28 20:11:51 607] - IDServer::allocRange: 1-10001.
   DEBUG      dbmgr-1 15930 42002  [2020-10-28 20:11:51 607] - SyncAppDatasHandler::~SyncAppDatasHandler()
    INFO      dbmgr-1 15930 42002  [2020-10-28 20:11:53 004] - GlobalDataServer::broadcastDataChanged: writer(baseapp, addr=192.168.2.246:50339/0/0/0), keySize=11, valSize=51, isDelete=0
    INFO      dbmgr-1 15930 42002  [2020-10-28 20:11:55 071] - ServerApp::onRegisterNewApp: uid:15930, username:, componentType:cellapp, componentID:820012, globalorderID=-1, grouporderID=-1, intaddr:192.168.2.246, intport:50335, extaddr:nonsupport, extport:0,  from 192.168.2.246:50342/0/0/0.
    INFO      dbmgr-1 15930 42002  [2020-10-28 20:11:55 071] - Components::addComponent[cellapp], uid=15930, componentID=820012, globalorderid=4, grouporderid=1, totalcount=1
    INFO      dbmgr-1 15930 42002  [2020-10-28 20:11:58 074] - IDServer::allocRange: 10001-20001.
   DEBUG      dbmgr-1 15930 42002  [2020-10-28 20:11:58 074] - SyncAppDatasHandler::~SyncAppDatasHandler()
    INFO      dbmgr-1 15930 42002  [2020-10-28 20:11:59 201] - ServerApp::onRegisterNewApp: uid:15930, username:, componentType:loginapp, componentID:920002, globalorderID=-1, grouporderID=-1, intaddr:192.168.2.246, intport:50337, extaddr:192.168.2.246, extport:20013,  from 192.168.2.246:50346/0/0/0.
    INFO      dbmgr-1 15930 42002  [2020-10-28 20:11:59 201] - Components::addComponent[loginapp], uid=15930, componentID=920002, globalorderid=5, grouporderid=1, totalcount=1
   DEBUG      dbmgr-1 15930 42002  [2020-10-28 20:12:02 207] - SyncAppDatasHandler::~SyncAppDatasHandler()
   DEBUG      dbmgr-1 15930 42002  [2020-10-28 20:18:47 121] - Dbmgr::onAccountLogin:loginName=124, accountName=124, success=0, componentID=0, entityID=0, dbid=60, flags=0, deadline=0.
    INFO      dbmgr-1 15930 42002  [2020-10-28 20:18:47 095] - DBTaskAccountLogin::db_thread_process(): not found account[124], autocreate successfully!
   DEBUG      dbmgr-1 15930 42002  [2020-10-28 20:18:47 141] - Dbmgr::queryAccount: 124, success=true, flags=0, deadline=0.
    INFO      dbmgr-1 15930 42002  [2020-10-28 20:18:47 207] - GlobalDataServer::broadcastDataChanged: writer(cellapp, addr=192.168.2.246:50342/0/0/0), keySize=12, valSize=51, isDelete=0
   DEBUG      dbmgr-1 15930 42002  [2020-10-28 20:20:05 941] - Dbmgr::onAccountLogin:loginName=222, accountName=222, success=0, componentID=0, entityID=0, dbid=11, flags=0, deadline=0.
   DEBUG      dbmgr-1 15930 42002  [2020-10-28 20:20:06 042] - Dbmgr::queryAccount: 222, success=true, flags=0, deadline=0.
   DEBUG      dbmgr-1 15930 42002  [2020-10-28 20:24:05 221] - Dbmgr::writeEntity: Avatar(60).
   DEBUG      dbmgr-1 15930 42002  [2020-10-28 20:26:35 220] - Dbmgr::writeEntity: Avatar(11).
   DEBUG      dbmgr-1 15930 42002  [2020-10-28 20:26:50 060] - Dbmgr::writeEntity: Avatar(11).
   DEBUG      dbmgr-1 15930 42002  [2020-10-28 20:26:50 061] - Dbmgr::onEntityOffline: 11, entityType=1.
    INFO      dbmgr-1 15930 42002  [2020-10-28 20:26:50 042] - Buffered_DBTasks::onFiniTask: Playing buffered task for entityID=0, dbid=11, dbid_tasks_size=1, entityid_tasks_size=0.
    INFO      dbmgr-1 15930 42002  [2020-10-28 20:27:06 159] - GlobalDataServer::broadcastDataChanged: writer(cellapp, addr=192.168.2.246:50342/0/0/0), keySize=12, valSize=0, isDelete=1
   DEBUG      dbmgr-1 15930 42002  [2020-10-28 20:27:06 201] - Dbmgr::writeEntity: Avatar(60).
   DEBUG      dbmgr-1 15930 42002  [2020-10-28 20:27:06 221] - Dbmgr::onEntityOffline: 60, entityType=1.
    INFO      dbmgr-1 15930 42002  [2020-10-28 20:27:06 196] - Buffered_DBTasks::onFiniTask: Playing buffered task for entityID=0, dbid=60, dbid_tasks_size=1, entityid_tasks_size=0.
   DEBUG      dbmgr-1 15930 42002  [2020-10-28 20:29:10 721] - Dbmgr::onAccountLogin:loginName=239, accountName=239, success=0, componentID=0, entityID=0, dbid=34, flags=0, deadline=0.
   DEBUG      dbmgr-1 15930 42002  [2020-10-28 20:29:10 741] - Dbmgr::queryAccount: 239, success=true, flags=0, deadline=0.
    INFO      dbmgr-1 15930 42002  [2020-10-28 20:29:10 808] - GlobalDataServer::broadcastDataChanged: writer(cellapp, addr=192.168.2.246:50342/0/0/0), keySize=12, valSize=51, isDelete=0
   DEBUG      dbmgr-1 15930 42002  [2020-10-28 20:29:24 601] - Dbmgr::onAccountLogin:loginName=888, accountName=888, success=0, componentID=0, entityID=0, dbid=61, flags=0, deadline=0.
    INFO      dbmgr-1 15930 42002  [2020-10-28 20:29:24 584] - DBTaskAccountLogin::db_thread_process(): not found account[888], autocreate successfully!
   DEBUG      dbmgr-1 15930 42002  [2020-10-28 20:29:24 681] - Dbmgr::queryAccount: 888, success=true, flags=0, deadline=0.
    INFO      dbmgr-1 15930 42002  [2020-10-28 20:29:46 621] - Buffered_DBTasks::onFiniTask: Playing buffered task for entityID=0, dbid=61, dbid_tasks_size=1, entityid_tasks_size=0.
   DEBUG      dbmgr-1 15930 42002  [2020-10-28 20:29:46 641] - Dbmgr::writeEntity: Avatar(61).
   DEBUG      dbmgr-1 15930 42002  [2020-10-28 20:29:46 641] - Dbmgr::onEntityOffline: 61, entityType=1.
    INFO      dbmgr-1 15930 42002  [2020-10-28 20:34:16 887] - GlobalDataServer::broadcastDataChanged: writer(cellapp, addr=192.168.2.246:50342/0/0/0), keySize=12, valSize=0, isDelete=1
    INFO      dbmgr-1 15930 42002  [2020-10-28 20:34:16 926] - Buffered_DBTasks::onFiniTask: Playing buffered task for entityID=0, dbid=34, dbid_tasks_size=1, entityid_tasks_size=0.
   DEBUG      dbmgr-1 15930 42002  [2020-10-28 20:34:16 941] - Dbmgr::writeEntity: Avatar(34).
   DEBUG      dbmgr-1 15930 42002  [2020-10-28 20:34:16 941] - Dbmgr::onEntityOffline: 34, entityType=1.
   DEBUG      dbmgr-1 15930 42002  [2020-10-28 20:35:02 380] - Dbmgr::onAccountLogin:loginName=1234, accountName=1234, success=0, componentID=0, entityID=0, dbid=23, flags=0, deadline=0.
   DEBUG      dbmgr-1 15930 42002  [2020-10-28 20:35:02 420] - Dbmgr::queryAccount: 1234, success=true, flags=0, deadline=0.
    INFO      dbmgr-1 15930 42002  [2020-10-28 20:35:02 513] - GlobalDataServer::broadcastDataChanged: writer(cellapp, addr=192.168.2.246:50342/0/0/0), keySize=12, valSize=51, isDelete=0
   DEBUG      dbmgr-1 15930 42002  [2020-10-28 20:35:22 621] - Dbmgr::onAccountLogin:loginName=5555, accountName=5555, success=0, componentID=0, entityID=0, dbid=62, flags=0, deadline=0.
    INFO      dbmgr-1 15930 42002  [2020-10-28 20:35:22 597] - DBTaskAccountLogin::db_thread_process(): not found account[5555], autocreate successfully!
   DEBUG      dbmgr-1 15930 42002  [2020-10-28 20:35:22 661] - Dbmgr::queryAccount: 5555, success=true, flags=0, deadline=0.
    INFO      dbmgr-1 15930 42002  [2020-10-28 20:36:09 553] - GlobalDataServer::broadcastDataChanged: writer(cellapp, addr=192.168.2.246:50342/0/0/0), keySize=12, valSize=0, isDelete=1
   DEBUG      dbmgr-1 15930 42002  [2020-10-28 20:36:09 561] - Dbmgr::writeEntity: Avatar(62).
   DEBUG      dbmgr-1 15930 42002  [2020-10-28 20:36:09 580] - Dbmgr::writeEntity: Avatar(23).
   DEBUG      dbmgr-1 15930 42002  [2020-10-28 20:36:09 580] - Dbmgr::onEntityOffline: 62, entityType=1.
   DEBUG      dbmgr-1 15930 42002  [2020-10-28 20:36:09 580] - Dbmgr::onEntityOffline: 23, entityType=1.
    INFO      dbmgr-1 15930 42002  [2020-10-28 20:36:09 555] - Buffered_DBTasks::onFiniTask: Playing buffered task for entityID=0, dbid=62, dbid_tasks_size=3, entityid_tasks_size=0.
    INFO      dbmgr-1 15930 42002  [2020-10-28 20:36:09 562] - Buffered_DBTasks::onFiniTask: Playing buffered task for entityID=0, dbid=23, dbid_tasks_size=2, entityid_tasks_size=0.
   DEBUG      dbmgr-1 15930 42002  [2020-10-28 20:55:07 061] - Dbmgr::onAccountLogin:loginName=3333, accountName=3333, success=0, componentID=0, entityID=0, dbid=63, flags=0, deadline=0.
   DEBUG      dbmgr-1 15930 42002  [2020-10-28 20:55:07 100] - Dbmgr::queryAccount: 3333, success=true, flags=0, deadline=0.
    INFO      dbmgr-1 15930 42002  [2020-10-28 20:55:07 033] - DBTaskAccountLogin::db_thread_process(): not found account[3333], autocreate successfully!
    INFO      dbmgr-1 15930 42002  [2020-10-28 20:55:07 166] - GlobalDataServer::broadcastDataChanged: writer(cellapp, addr=192.168.2.246:50342/0/0/0), keySize=12, valSize=52, isDelete=0
    INFO      dbmgr-1 15930 42002  [2020-10-28 20:55:19 515] - DBTaskAccountLogin::db_thread_process(): not found account[t't't], autocreate successfully!
   DEBUG      dbmgr-1 15930 42002  [2020-10-28 20:55:19 540] - Dbmgr::onAccountLogin:loginName=t't't, accountName=t't't, success=0, componentID=0, entityID=0, dbid=64, flags=0, deadline=0.
   DEBUG      dbmgr-1 15930 42002  [2020-10-28 20:55:19 602] - Dbmgr::queryAccount: t't't, success=true, flags=0, deadline=0.
   DEBUG      dbmgr-1 15930 42002  [2020-10-28 20:55:49 900] - Dbmgr::writeEntity: Avatar(64).
   DEBUG      dbmgr-1 15930 42002  [2020-10-28 20:55:49 900] - Dbmgr::onEntityOffline: 64, entityType=1.
    INFO      dbmgr-1 15930 42002  [2020-10-28 20:55:49 882] - Buffered_DBTasks::onFiniTask: Playing buffered task for entityID=0, dbid=64, dbid_tasks_size=1, entityid_tasks_size=0.
    INFO      dbmgr-1 15930 42002  [2020-10-28 20:55:57 670] - GlobalDataServer::broadcastDataChanged: writer(cellapp, addr=192.168.2.246:50342/0/0/0), keySize=12, valSize=0, isDelete=1
   DEBUG      dbmgr-1 15930 42002  [2020-10-28 20:55:57 721] - Dbmgr::writeEntity: Avatar(63).
    INFO      dbmgr-1 15930 42002  [2020-10-28 20:55:57 708] - Buffered_DBTasks::onFiniTask: Playing buffered task for entityID=0, dbid=63, dbid_tasks_size=1, entityid_tasks_size=0.
   DEBUG      dbmgr-1 15930 42002  [2020-10-28 20:55:57 741] - Dbmgr::onEntityOffline: 63, entityType=1.
   DEBUG      dbmgr-1 15930 42002  [2020-10-28 20:56:13 221] - Dbmgr::onAccountLogin:loginName=333, accountName=333, success=0, componentID=0, entityID=0, dbid=9, flags=0, deadline=0.
   DEBUG      dbmgr-1 15930 42002  [2020-10-28 20:56:13 241] - Dbmgr::queryAccount: 333, success=true, flags=0, deadline=0.
    INFO      dbmgr-1 15930 42002  [2020-10-28 20:56:13 314] - GlobalDataServer::broadcastDataChanged: writer(cellapp, addr=192.168.2.246:50342/0/0/0), keySize=12, valSize=52, isDelete=0
   DEBUG      dbmgr-1 15930 42002  [2020-10-28 20:56:24 581] - Dbmgr::onAccountLogin:loginName=777, accountName=777, success=0, componentID=0, entityID=0, dbid=26, flags=0, deadline=0.
   DEBUG      dbmgr-1 15930 42002  [2020-10-28 20:56:24 661] - Dbmgr::queryAccount: 777, success=true, flags=0, deadline=0.
   DEBUG      dbmgr-1 15930 42002  [2020-10-28 20:57:18 400] - Dbmgr::writeEntity: Avatar(9).
   DEBUG      dbmgr-1 15930 42002  [2020-10-28 20:57:18 401] - Dbmgr::onEntityOffline: 9, entityType=1.
    INFO      dbmgr-1 15930 42002  [2020-10-28 20:57:18 381] - Buffered_DBTasks::onFiniTask: Playing buffered task for entityID=0, dbid=9, dbid_tasks_size=1, entityid_tasks_size=0.
   DEBUG      dbmgr-1 15930 42002  [2020-10-28 21:01:35 181] - Dbmgr::writeEntity: Avatar(26).
   DEBUG      dbmgr-1 15930 42002  [2020-10-28 21:06:35 140] - Dbmgr::writeEntity: Avatar(26).
   DEBUG      dbmgr-1 15930 42002  [2020-10-28 21:08:11 121] - Dbmgr::onAccountLogin:loginName=111, accountName=111, success=0, componentID=0, entityID=0, dbid=7, flags=0, deadline=0.
   DEBUG      dbmgr-1 15930 42002  [2020-10-28 21:08:11 161] - Dbmgr::queryAccount: 111, success=true, flags=0, deadline=0.
    INFO      dbmgr-1 15930 42002  [2020-10-28 21:08:21 907] - DBTaskAccountLogin::db_thread_process(): not found account[r'r], autocreate successfully!
   DEBUG      dbmgr-1 15930 42002  [2020-10-28 21:08:21 940] - Dbmgr::onAccountLogin:loginName=r'r, accountName=r'r, success=0, componentID=0, entityID=0, dbid=65, flags=0, deadline=0.
   DEBUG      dbmgr-1 15930 42002  [2020-10-28 21:08:21 981] - Dbmgr::queryAccount: r'r, success=true, flags=0, deadline=0.
    INFO      dbmgr-1 15930 42002  [2020-10-28 21:08:22 107] - GlobalDataServer::broadcastDataChanged: writer(cellapp, addr=192.168.2.246:50342/0/0/0), keySize=12, valSize=52, isDelete=0
    INFO      dbmgr-1 15930 42002  [2020-10-28 21:08:42 994] - GlobalDataServer::broadcastDataChanged: writer(cellapp, addr=192.168.2.246:50342/0/0/0), keySize=12, valSize=0, isDelete=1
   DEBUG      dbmgr-1 15930 42002  [2020-10-28 21:08:43 041] - Dbmgr::writeEntity: Avatar(65).
   DEBUG      dbmgr-1 15930 42002  [2020-10-28 21:08:43 060] - Dbmgr::onEntityOffline: 65, entityType=1.
    INFO      dbmgr-1 15930 42002  [2020-10-28 21:08:43 036] - Buffered_DBTasks::onFiniTask: Playing buffered task for entityID=0, dbid=65, dbid_tasks_size=1, entityid_tasks_size=0.
   DEBUG      dbmgr-1 15930 42002  [2020-10-28 21:08:43 320] - Dbmgr::onAccountLogin:loginName=123, accountName=123, success=0, componentID=0, entityID=0, dbid=14, flags=0, deadline=0.
   DEBUG      dbmgr-1 15930 42002  [2020-10-28 21:08:43 361] - Dbmgr::queryAccount: 123, success=true, flags=0, deadline=0.
    INFO      dbmgr-1 15930 42002  [2020-10-28 21:08:43 448] - GlobalDataServer::broadcastDataChanged: writer(cellapp, addr=192.168.2.246:50342/0/0/0), keySize=12, valSize=52, isDelete=0
   DEBUG      dbmgr-1 15930 42002  [2020-10-28 21:08:44 021] - Dbmgr::writeEntity: Avatar(7).
   DEBUG      dbmgr-1 15930 42002  [2020-10-28 21:08:44 021] - Dbmgr::onEntityOffline: 7, entityType=1.
    INFO      dbmgr-1 15930 42002  [2020-10-28 21:08:44 003] - Buffered_DBTasks::onFiniTask: Playing buffered task for entityID=0, dbid=7, dbid_tasks_size=1, entityid_tasks_size=0.
    INFO      dbmgr-1 15930 42002  [2020-10-28 21:09:15 528] - GlobalDataServer::broadcastDataChanged: writer(cellapp, addr=192.168.2.246:50342/0/0/0), keySize=12, valSize=0, isDelete=1
   DEBUG      dbmgr-1 15930 42002  [2020-10-28 21:09:15 541] - Dbmgr::writeEntity: Avatar(26).
   DEBUG      dbmgr-1 15930 42002  [2020-10-28 21:09:15 581] - Dbmgr::onEntityOffline: 26, entityType=1.
    INFO      dbmgr-1 15930 42002  [2020-10-28 21:09:15 532] - Buffered_DBTasks::onFiniTask: Playing buffered task for entityID=0, dbid=26, dbid_tasks_size=1, entityid_tasks_size=0.
    INFO      dbmgr-1 15930 42002  [2020-10-28 21:09:17 997] - GlobalDataServer::broadcastDataChanged: writer(cellapp, addr=192.168.2.246:50342/0/0/0), keySize=12, valSize=0, isDelete=1
   DEBUG      dbmgr-1 15930 42002  [2020-10-28 21:09:18 021] - Dbmgr::writeEntity: Avatar(14).
   DEBUG      dbmgr-1 15930 42002  [2020-10-28 21:09:18 022] - Dbmgr::onEntityOffline: 14, entityType=1.
    INFO      dbmgr-1 15930 42002  [2020-10-28 21:09:18 003] - Buffered_DBTasks::onFiniTask: Playing buffered task for entityID=0, dbid=14, dbid_tasks_size=1, entityid_tasks_size=0.
   DEBUG      dbmgr-1 15930 42002  [2020-10-28 21:09:22 941] - Dbmgr::onAccountLogin:loginName=111, accountName=111, success=0, componentID=0, entityID=0, dbid=7, flags=0, deadline=0.
   DEBUG      dbmgr-1 15930 42002  [2020-10-28 21:09:22 981] - Dbmgr::queryAccount: 111, success=true, flags=0, deadline=0.
    INFO      dbmgr-1 15930 42002  [2020-10-28 21:09:23 052] - GlobalDataServer::broadcastDataChanged: writer(cellapp, addr=192.168.2.246:50342/0/0/0), keySize=12, valSize=52, isDelete=0
    INFO      dbmgr-1 15930 42002  [2020-10-28 21:09:35 829] - DBTaskAccountLogin::db_thread_process(): not found account[456], autocreate successfully!
   DEBUG      dbmgr-1 15930 42002  [2020-10-28 21:09:35 840] - Dbmgr::onAccountLogin:loginName=456, accountName=456, success=0, componentID=0, entityID=0, dbid=66, flags=0, deadline=0.
   DEBUG      dbmgr-1 15930 42002  [2020-10-28 21:09:35 880] - Dbmgr::queryAccount: 456, success=true, flags=0, deadline=0.
   DEBUG      dbmgr-1 15930 42002  [2020-10-28 21:10:02 481] - Dbmgr::writeEntity: Avatar(66).
   DEBUG      dbmgr-1 15930 42002  [2020-10-28 21:10:02 500] - Dbmgr::onEntityOffline: 66, entityType=1.
    INFO      dbmgr-1 15930 42002  [2020-10-28 21:10:02 474] - Buffered_DBTasks::onFiniTask: Playing buffered task for entityID=0, dbid=66, dbid_tasks_size=1, entityid_tasks_size=0.
    INFO      dbmgr-1 15930 42002  [2020-10-28 21:10:04 425] - GlobalDataServer::broadcastDataChanged: writer(cellapp, addr=192.168.2.246:50342/0/0/0), keySize=12, valSize=0, isDelete=1
   DEBUG      dbmgr-1 15930 42002  [2020-10-28 21:10:04 480] - Dbmgr::writeEntity: Avatar(7).
   DEBUG      dbmgr-1 15930 42002  [2020-10-28 21:10:04 481] - Dbmgr::onEntityOffline: 7, entityType=1.
    INFO      dbmgr-1 15930 42002  [2020-10-28 21:10:04 462] - Buffered_DBTasks::onFiniTask: Playing buffered task for entityID=0, dbid=7, dbid_tasks_size=1, entityid_tasks_size=0.
   DEBUG      dbmgr-1 15930 42002  [2020-10-28 21:10:18 041] - Dbmgr::onAccountLogin:loginName=333, accountName=333, success=0, componentID=0, entityID=0, dbid=9, flags=0, deadline=0.
   DEBUG      dbmgr-1 15930 42002  [2020-10-28 21:10:18 061] - Dbmgr::queryAccount: 333, success=true, flags=0, deadline=0.
    INFO      dbmgr-1 15930 42002  [2020-10-28 21:10:18 132] - GlobalDataServer::broadcastDataChanged: writer(cellapp, addr=192.168.2.246:50342/0/0/0), keySize=12, valSize=52, isDelete=0
   DEBUG      dbmgr-1 15930 42002  [2020-10-28 21:10:27 940] - Dbmgr::onAccountLogin:loginName=777, accountName=777, success=0, componentID=0, entityID=0, dbid=26, flags=0, deadline=0.
   DEBUG      dbmgr-1 15930 42002  [2020-10-28 21:10:27 981] - Dbmgr::queryAccount: 777, success=true, flags=0, deadline=0.
   DEBUG      dbmgr-1 15930 42002  [2020-10-28 21:11:15 981] - Dbmgr::DBTaskServerLog()
   DEBUG      dbmgr-1 15930 42002  [2020-10-28 21:11:19 841] - Dbmgr::writeEntity: Avatar(9).
   DEBUG      dbmgr-1 15930 42002  [2020-10-28 21:11:19 860] - Dbmgr::onEntityOffline: 9, entityType=1.
    INFO      dbmgr-1 15930 42002  [2020-10-28 21:11:19 835] - Buffered_DBTasks::onFiniTask: Playing buffered task for entityID=0, dbid=9, dbid_tasks_size=1, entityid_tasks_size=0.
    INFO      dbmgr-1 15930 42002  [2020-10-28 21:11:21 760] - GlobalDataServer::broadcastDataChanged: writer(cellapp, addr=192.168.2.246:50342/0/0/0), keySize=12, valSize=0, isDelete=1
   DEBUG      dbmgr-1 15930 42002  [2020-10-28 21:11:21 801] - Dbmgr::writeEntity: Avatar(26).
   DEBUG      dbmgr-1 15930 42002  [2020-10-28 21:11:21 821] - Dbmgr::onEntityOffline: 26, entityType=1.
    INFO      dbmgr-1 15930 42002  [2020-10-28 21:11:21 800] - Buffered_DBTasks::onFiniTask: Playing buffered task for entityID=0, dbid=26, dbid_tasks_size=1, entityid_tasks_size=0.
   DEBUG      dbmgr-1 15930 42002  [2020-10-28 21:14:18 100] - Dbmgr::onAccountLogin:loginName=126, accountName=126, success=0, componentID=0, entityID=0, dbid=43, flags=0, deadline=0.
   DEBUG      dbmgr-1 15930 42002  [2020-10-28 21:14:18 140] - Dbmgr::queryAccount: 126, success=true, flags=0, deadline=0.
    INFO      dbmgr-1 15930 42002  [2020-10-28 21:14:18 219] - GlobalDataServer::broadcastDataChanged: writer(cellapp, addr=192.168.2.246:50342/0/0/0), keySize=13, valSize=52, isDelete=0
   DEBUG      dbmgr-1 15930 42002  [2020-10-28 21:14:31 363] - Dbmgr::onAccountLogin:loginName=777, accountName=777, success=0, componentID=0, entityID=0, dbid=26, flags=0, deadline=0.
   DEBUG      dbmgr-1 15930 42002  [2020-10-28 21:14:31 441] - Dbmgr::queryAccount: 777, success=true, flags=0, deadline=0.
   DEBUG      dbmgr-1 15930 42002  [2020-10-28 21:15:17 601] - Dbmgr::writeEntity: Avatar(26).
   DEBUG      dbmgr-1 15930 42002  [2020-10-28 21:15:17 621] - Dbmgr::onEntityOffline: 26, entityType=1.
    INFO      dbmgr-1 15930 42002  [2020-10-28 21:15:17 596] - Buffered_DBTasks::onFiniTask: Playing buffered task for entityID=0, dbid=26, dbid_tasks_size=1, entityid_tasks_size=0.
    INFO      dbmgr-1 15930 42002  [2020-10-28 21:15:32 788] - GlobalDataServer::broadcastDataChanged: writer(cellapp, addr=192.168.2.246:50342/0/0/0), keySize=13, valSize=0, isDelete=1
   DEBUG      dbmgr-1 15930 42002  [2020-10-28 21:15:32 841] - Dbmgr::writeEntity: Avatar(43).
   DEBUG      dbmgr-1 15930 42002  [2020-10-28 21:15:32 861] - Dbmgr::onEntityOffline: 43, entityType=1.
    INFO      dbmgr-1 15930 42002  [2020-10-28 21:15:32 833] - Buffered_DBTasks::onFiniTask: Playing buffered task for entityID=0, dbid=43, dbid_tasks_size=1, entityid_tasks_size=0.
   DEBUG      dbmgr-1 15930 42002  [2020-10-28 21:16:32 201] - Dbmgr::onAccountLogin:loginName=125, accountName=125, success=0, componentID=0, entityID=0, dbid=67, flags=0, deadline=0.
   DEBUG      dbmgr-1 15930 42002  [2020-10-28 21:16:32 221] - Dbmgr::queryAccount: 125, success=true, flags=0, deadline=0.
    INFO      dbmgr-1 15930 42002  [2020-10-28 21:16:32 192] - DBTaskAccountLogin::db_thread_process(): not found account[125], autocreate successfully!
    INFO      dbmgr-1 15930 42002  [2020-10-28 21:16:32 291] - GlobalDataServer::broadcastDataChanged: writer(cellapp, addr=192.168.2.246:50342/0/0/0), keySize=13, valSize=52, isDelete=0
   DEBUG      dbmgr-1 15930 42002  [2020-10-28 21:16:46 001] - Dbmgr::onAccountLogin:loginName=666, accountName=666, success=0, componentID=0, entityID=0, dbid=36, flags=0, deadline=0.
   DEBUG      dbmgr-1 15930 42002  [2020-10-28 21:16:46 101] - Dbmgr::queryAccount: 666, success=true, flags=0, deadline=0.
   DEBUG      dbmgr-1 15930 42002  [2020-10-28 21:17:11 441] - Dbmgr::writeEntity: Avatar(36).
   DEBUG      dbmgr-1 15930 42002  [2020-10-28 21:17:11 460] - Dbmgr::onEntityOffline: 36, entityType=1.
    INFO      dbmgr-1 15930 42002  [2020-10-28 21:17:11 432] - Buffered_DBTasks::onFiniTask: Playing buffered task for entityID=0, dbid=36, dbid_tasks_size=1, entityid_tasks_size=0.
    INFO      dbmgr-1 15930 42002  [2020-10-28 21:17:12 588] - GlobalDataServer::broadcastDataChanged: writer(cellapp, addr=192.168.2.246:50342/0/0/0), keySize=13, valSize=0, isDelete=1
    INFO      dbmgr-1 15930 42002  [2020-10-28 21:17:12 624] - Buffered_DBTasks::onFiniTask: Playing buffered task for entityID=0, dbid=67, dbid_tasks_size=1, entityid_tasks_size=0.
   DEBUG      dbmgr-1 15930 42002  [2020-10-28 21:17:12 641] - Dbmgr::writeEntity: Avatar(67).
   DEBUG      dbmgr-1 15930 42002  [2020-10-28 21:17:12 641] - Dbmgr::onEntityOffline: 67, entityType=1.
   DEBUG      dbmgr-1 15930 42002  [2020-10-28 21:17:43 201] - Dbmgr::onAccountLogin:loginName=332, accountName=332, success=0, componentID=0, entityID=0, dbid=3, flags=0, deadline=0.
   DEBUG      dbmgr-1 15930 42002  [2020-10-28 21:17:43 241] - Dbmgr::queryAccount: 332, success=true, flags=0, deadline=0.
    INFO      dbmgr-1 15930 42002  [2020-10-28 21:17:43 330] - GlobalDataServer::broadcastDataChanged: writer(cellapp, addr=192.168.2.246:50342/0/0/0), keySize=13, valSize=52, isDelete=0
   DEBUG      dbmgr-1 15930 42002  [2020-10-28 21:17:55 940] - Dbmgr::onAccountLogin:loginName=777, accountName=777, success=0, componentID=0, entityID=0, dbid=26, flags=0, deadline=0.
   DEBUG      dbmgr-1 15930 42002  [2020-10-28 21:17:56 021] - Dbmgr::queryAccount: 777, success=true, flags=0, deadline=0.
   DEBUG      dbmgr-1 15930 42002  [2020-10-28 21:18:31 640] - Dbmgr::onAccountLogin:loginName=222, accountName=222, success=0, componentID=0, entityID=0, dbid=11, flags=0, deadline=0.
   DEBUG      dbmgr-1 15930 42002  [2020-10-28 21:18:31 681] - Dbmgr::queryAccount: 222, success=true, flags=0, deadline=0.
    INFO      dbmgr-1 15930 42002  [2020-10-28 21:18:31 760] - GlobalDataServer::broadcastDataChanged: writer(cellapp, addr=192.168.2.246:50342/0/0/0), keySize=13, valSize=52, isDelete=0
   DEBUG      dbmgr-1 15930 42002  [2020-10-28 21:18:32 401] - Dbmgr::writeEntity: Avatar(26).
   DEBUG      dbmgr-1 15930 42002  [2020-10-28 21:18:32 401] - Dbmgr::onEntityOffline: 26, entityType=1.
    INFO      dbmgr-1 15930 42002  [2020-10-28 21:18:32 387] - Buffered_DBTasks::onFiniTask: Playing buffered task for entityID=0, dbid=26, dbid_tasks_size=1, entityid_tasks_size=0.
    INFO      dbmgr-1 15930 42002  [2020-10-28 21:18:44 825] - DBTaskAccountLogin::db_thread_process(): not found account[vvv], autocreate successfully!
   DEBUG      dbmgr-1 15930 42002  [2020-10-28 21:18:44 861] - Dbmgr::onAccountLogin:loginName=vvv, accountName=vvv, success=0, componentID=0, entityID=0, dbid=68, flags=0, deadline=0.
   DEBUG      dbmgr-1 15930 42002  [2020-10-28 21:18:44 941] - Dbmgr::queryAccount: vvv, success=true, flags=0, deadline=0.
    INFO      dbmgr-1 15930 42002  [2020-10-28 21:18:45 587] - GlobalDataServer::broadcastDataChanged: writer(cellapp, addr=192.168.2.246:50342/0/0/0), keySize=13, valSize=0, isDelete=1
    INFO      dbmgr-1 15930 42002  [2020-10-28 21:18:45 624] - Buffered_DBTasks::onFiniTask: Playing buffered task for entityID=0, dbid=3, dbid_tasks_size=1, entityid_tasks_size=0.
   DEBUG      dbmgr-1 15930 42002  [2020-10-28 21:18:45 640] - Dbmgr::writeEntity: Avatar(3).
   DEBUG      dbmgr-1 15930 42002  [2020-10-28 21:18:45 641] - Dbmgr::onEntityOffline: 3, entityType=1.
    INFO      dbmgr-1 15930 42002  [2020-10-28 21:19:25 530] - Buffered_DBTasks::onFiniTask: Playing buffered task for entityID=0, dbid=68, dbid_tasks_size=1, entityid_tasks_size=0.
   DEBUG      dbmgr-1 15930 42002  [2020-10-28 21:19:25 540] - Dbmgr::writeEntity: Avatar(68).
   DEBUG      dbmgr-1 15930 42002  [2020-10-28 21:19:25 540] - Dbmgr::onEntityOffline: 68, entityType=1.
    INFO      dbmgr-1 15930 42002  [2020-10-28 21:19:26 719] - GlobalDataServer::broadcastDataChanged: writer(cellapp, addr=192.168.2.246:50342/0/0/0), keySize=13, valSize=0, isDelete=1
    INFO      dbmgr-1 15930 42002  [2020-10-28 21:19:26 728] - Buffered_DBTasks::onFiniTask: Playing buffered task for entityID=0, dbid=11, dbid_tasks_size=1, entityid_tasks_size=0.
   DEBUG      dbmgr-1 15930 42002  [2020-10-28 21:19:26 741] - Dbmgr::writeEntity: Avatar(11).
   DEBUG      dbmgr-1 15930 42002  [2020-10-28 21:19:26 741] - Dbmgr::onEntityOffline: 11, entityType=1.
   DEBUG      dbmgr-1 15930 42002  [2020-10-28 21:30:19 221] - Dbmgr::onAccountLogin:loginName=333, accountName=333, success=0, componentID=0, entityID=0, dbid=9, flags=0, deadline=0.
   DEBUG      dbmgr-1 15930 42002  [2020-10-28 21:30:19 261] - Dbmgr::queryAccount: 333, success=true, flags=0, deadline=0.
    INFO      dbmgr-1 15930 42002  [2020-10-28 21:30:19 339] - GlobalDataServer::broadcastDataChanged: writer(cellapp, addr=192.168.2.246:50342/0/0/0), keySize=13, valSize=52, isDelete=0
    INFO      dbmgr-1 15930 42002  [2020-10-28 21:30:52 369] - GlobalDataServer::broadcastDataChanged: writer(cellapp, addr=192.168.2.246:50342/0/0/0), keySize=13, valSize=0, isDelete=1
   DEBUG      dbmgr-1 15930 42002  [2020-10-28 21:30:52 381] - Dbmgr::writeEntity: Avatar(9).
   DEBUG      dbmgr-1 15930 42002  [2020-10-28 21:30:52 401] - Dbmgr::onEntityOffline: 9, entityType=1.
    INFO      dbmgr-1 15930 42002  [2020-10-28 21:30:52 372] - Buffered_DBTasks::onFiniTask: Playing buffered task for entityID=0, dbid=9, dbid_tasks_size=1, entityid_tasks_size=0.
   DEBUG      dbmgr-1 15930 42002  [2020-10-28 21:34:11 340] - Dbmgr::onAccountLogin:loginName=332, accountName=332, success=0, componentID=0, entityID=0, dbid=3, flags=0, deadline=0.
   DEBUG      dbmgr-1 15930 42002  [2020-10-28 21:34:11 360] - Dbmgr::queryAccount: 332, success=true, flags=0, deadline=0.
    INFO      dbmgr-1 15930 42002  [2020-10-28 21:34:11 428] - GlobalDataServer::broadcastDataChanged: writer(cellapp, addr=192.168.2.246:50342/0/0/0), keySize=13, valSize=52, isDelete=0
    INFO      dbmgr-1 15930 42002  [2020-10-28 21:34:48 039] - GlobalDataServer::broadcastDataChanged: writer(cellapp, addr=192.168.2.246:50342/0/0/0), keySize=13, valSize=0, isDelete=1
   DEBUG      dbmgr-1 15930 42002  [2020-10-28 21:34:48 081] - Dbmgr::writeEntity: Avatar(3).
   DEBUG      dbmgr-1 15930 42002  [2020-10-28 21:34:48 100] - Dbmgr::onEntityOffline: 3, entityType=1.
    INFO      dbmgr-1 15930 42002  [2020-10-28 21:34:48 067] - Buffered_DBTasks::onFiniTask: Playing buffered task for entityID=0, dbid=3, dbid_tasks_size=1, entityid_tasks_size=0.
   DEBUG      dbmgr-1 15930 42002  [2020-10-28 21:34:49 161] - Dbmgr::onAccountLogin:loginName=236, accountName=236, success=0, componentID=0, entityID=0, dbid=69, flags=0, deadline=0.
   DEBUG      dbmgr-1 15930 42002  [2020-10-28 21:34:49 181] - Dbmgr::queryAccount: 236, success=true, flags=0, deadline=0.
    INFO      dbmgr-1 15930 42002  [2020-10-28 21:34:49 135] - DBTaskAccountLogin::db_thread_process(): not found account[236], autocreate successfully!
    INFO      dbmgr-1 15930 42002  [2020-10-28 21:34:49 257] - GlobalDataServer::broadcastDataChanged: writer(cellapp, addr=192.168.2.246:50342/0/0/0), keySize=13, valSize=52, isDelete=0
    INFO      dbmgr-1 15930 42002  [2020-10-28 21:35:23 942] - GlobalDataServer::broadcastDataChanged: writer(cellapp, addr=192.168.2.246:50342/0/0/0), keySize=13, valSize=0, isDelete=1
   DEBUG      dbmgr-1 15930 42002  [2020-10-28 21:35:24 000] - Dbmgr::writeEntity: Avatar(69).
   DEBUG      dbmgr-1 15930 42002  [2020-10-28 21:35:24 000] - Dbmgr::onEntityOffline: 69, entityType=1.
    INFO      dbmgr-1 15930 42002  [2020-10-28 21:35:23 982] - Buffered_DBTasks::onFiniTask: Playing buffered task for entityID=0, dbid=69, dbid_tasks_size=1, entityid_tasks_size=0.
   DEBUG      dbmgr-1 15930 42002  [2020-10-28 21:35:44 181] - Dbmgr::onAccountLogin:loginName=369, accountName=369, success=0, componentID=0, entityID=0, dbid=70, flags=0, deadline=0.
   DEBUG      dbmgr-1 15930 42002  [2020-10-28 21:35:44 201] - Dbmgr::queryAccount: 369, success=true, flags=0, deadline=0.
    INFO      dbmgr-1 15930 42002  [2020-10-28 21:35:44 168] - DBTaskAccountLogin::db_thread_process(): not found account[369], autocreate successfully!
    INFO      dbmgr-1 15930 42002  [2020-10-28 21:35:44 271] - GlobalDataServer::broadcastDataChanged: writer(cellapp, addr=192.168.2.246:50342/0/0/0), keySize=13, valSize=52, isDelete=0
   DEBUG      dbmgr-1 15930 42002  [2020-10-28 21:36:05 701] - Dbmgr::onAccountLogin:loginName=666, accountName=666, success=0, componentID=0, entityID=0, dbid=36, flags=0, deadline=0.
   DEBUG      dbmgr-1 15930 42002  [2020-10-28 21:36:05 881] - Dbmgr::queryAccount: 666, success=true, flags=0, deadline=0.
   DEBUG      dbmgr-1 15930 42002  [2020-10-28 21:38:01 917] - Dbmgr::writeEntity: Avatar(36).
   DEBUG      dbmgr-1 15930 42002  [2020-10-28 21:38:01 917] - Dbmgr::onEntityOffline: 36, entityType=1.
    INFO      dbmgr-1 15930 42002  [2020-10-28 21:38:01 885] - Buffered_DBTasks::onFiniTask: Playing buffered task for entityID=0, dbid=36, dbid_tasks_size=1, entityid_tasks_size=0.
