    INFO    cellapp-1 1937 820012  [2020-10-24 23:00:38 240] - -----------------------------------------------------------------------------------------


    INFO    cellapp-1 1937 820012  [2020-10-24 23:00:38 241] - Resmgr::initialize: KBE_ROOT=D:/kbengine_24pic/
    INFO    cellapp-1 1937 820012  [2020-10-24 23:00:38 242] - Resmgr::initialize: KBE_RES_PATH=D:/kbengine_24pic/kbe/res/;D:/kbengine_24pic/kbengine_stone_assets/;D:/kbengine_24pic/kbengine_stone_assets/scripts/;D:/kbengine_24pic/kbengine_stone_assets/res/
    INFO    cellapp-1 1937 820012  [2020-10-24 23:00:38 242] - Resmgr::initialize: KBE_BIN_PATH=D:/kbengine_24pic/kbe/bin/server/
    INFO    cellapp-1 1937 820012  [2020-10-24 23:00:38 247] - NetworkInterface::initialize(INTERNAL): bound to all interfaces with default route interface on 192.168.2.246 ( 192.168.2.246:51283 )
    INFO    cellapp-1 1937 820012  [2020-10-24 23:00:38 248] - NetworkInterface::initialize(INTERNAL): address 192.168.2.246:51283, SOMAXCONN=5.
    INFO    cellapp-1 1937 820012  [2020-10-24 23:00:38 248] - server-configs:
    INFO    cellapp-1 1937 820012  [2020-10-24 23:00:38 248] - 	gameUpdateHertz : 30
    INFO    cellapp-1 1937 820012  [2020-10-24 23:00:38 248] - 	defaultViewRadius : 500
    INFO    cellapp-1 1937 820012  [2020-10-24 23:00:38 248] - 	defaultViewHysteresisArea : 5
    INFO    cellapp-1 1937 820012  [2020-10-24 23:00:38 248] - 	entryScriptFile : kbemain
    INFO    cellapp-1 1937 820012  [2020-10-24 23:00:38 249] - 	internalAddr : 192.168.2.246:51283
    INFO    cellapp-1 1937 820012  [2020-10-24 23:00:38 249] - 	componentID : 820012
    INFO    cellapp-1 1937 820012  [2020-10-24 23:00:39 753] - ---- cellapp Version: 1.2.7. ScriptVersion: 0.1.0. Protocol: FB5AA4D149D453FC2A7CB28524DD1B1C. Config: Debug X86. Built: 19:02:49 Aug  4 2020. AppID: 820012. UID: 1937. PID: 15628 ----
    INFO    cellapp-1 1937 820012  [2020-10-24 23:00:39 754] - Server : Intel(R) Core(TM) i5-10210U CPU @ 1.60GHz with 2097151kB RAM
    INFO    cellapp-1 1937 820012  [2020-10-24 23:00:39 754] - ThreadPool::createThreadPool: creating  threadpool...
    INFO    cellapp-1 1937 820012  [2020-10-24 23:00:39 755] - ThreadPool::createThreadPool: successfully(2), newThreadCount=1, normalMaxThreadCount=2, maxThreadCount=8
   DEBUG    cellapp-1 1937 820012  [2020-10-24 23:00:39 893] - Script::install_py_dlls(): PyInit_pyexpat
   DEBUG    cellapp-1 1937 820012  [2020-10-24 23:00:39 893] - Script::install_py_dlls(): PyInit__socket
   DEBUG    cellapp-1 1937 820012  [2020-10-24 23:00:39 894] - Script::install_py_dlls(): PyInit__ssl
   DEBUG    cellapp-1 1937 820012  [2020-10-24 23:00:39 897] - Script::install_py_dlls(): PyInit__hashlib
   DEBUG    cellapp-1 1937 820012  [2020-10-24 23:00:39 897] - Script::install_py_dlls(): PyInit_select
   DEBUG    cellapp-1 1937 820012  [2020-10-24 23:00:39 897] - Script::install_py_dlls(): PyInit__ctypes
   DEBUG    cellapp-1 1937 820012  [2020-10-24 23:00:39 898] - Script::install_py_dlls(): PyInit__elementtree
   DEBUG    cellapp-1 1937 820012  [2020-10-24 23:00:39 936] - Script::install_py_dlls(): PyInit_unicodedata
    INFO    cellapp-1 1937 820012  [2020-10-24 23:00:39 978] - Script::install(): is successfully, Python=(3.4.2 (default, Aug  4 2020, 19:01:54) [MSC v.1925 32 bit (Intel)])!
    INFO    cellapp-1 1937 820012  [2020-10-24 23:00:39 978] - Script::install(): KBExtra is successfully!
   DEBUG    cellapp-1 1937 820012  [2020-10-24 23:00:40 011] - loaded script:Avatar(1).
   DEBUG    cellapp-1 1937 820012  [2020-10-24 23:00:40 016] - loaded script:Room(3).
   DEBUG    cellapp-1 1937 820012  [2020-10-24 23:00:40 019] - loaded script:PrivateRoom(4).
    INFO    cellapp-1 1937 820012  [2020-10-24 23:00:40 019] - TelnetServer server is running on port 50000
    INFO    cellapp-1 1937 820012  [2020-10-24 23:00:40 280] - ---- cellapp is running ----
   DEBUG    cellapp-1 1937 820012  [2020-10-24 23:00:40 281] - Components::process(): Request for the process of identity...
 WARNING    cellapp-1 1937 820012  [2020-10-24 23:00:46 471] - EntityApp::checkTickPeriod: tick took 18760% (18.76 seconds)!
    INFO    cellapp-1 1937 820012  [2020-10-24 23:00:47 482] - Components::findComponents: find logger(1)...
    INFO    cellapp-1 1937 820012  [2020-10-24 23:00:47 581] - Components::findComponents: found logger, addr:192.168.2.246:51278
    INFO    cellapp-1 1937 820012  [2020-10-24 23:00:47 582] - Components::addComponent: reset orderLog, uid=1937!
    INFO    cellapp-1 1937 820012  [2020-10-24 23:00:47 583] - Components::addComponent[logger], uid=1937, componentID=210002, globalorderid=1, grouporderid=1, totalcount=1
    INFO    cellapp-1 1937 820012  [2020-10-24 23:00:47 586] - Components::findComponents: find dbmgr(2)...
    INFO    cellapp-1 1937 820012  [2020-10-24 23:00:47 688] - Components::findComponents: found dbmgr, addr:192.168.2.246:51279
    INFO    cellapp-1 1937 820012  [2020-10-24 23:00:47 689] - Components::addComponent: reset orderLog, uid=1937!
    INFO    cellapp-1 1937 820012  [2020-10-24 23:00:47 689] - Components::addComponent[dbmgr], uid=1937, componentID=42002, globalorderid=1, grouporderid=1, totalcount=1
    INFO    cellapp-1 1937 820012  [2020-10-24 23:00:47 698] - Components::findComponents: found dbmgr, addr:192.168.2.246:51279
 WARNING    cellapp-1 1937 820012  [2020-10-24 23:00:48 699] - EntityApp::checkTickPeriod: tick took 3790% (3.79 seconds)!
    INFO    cellapp-1 1937 820012  [2020-10-24 23:00:49 714] - Components::findComponents: find cellappmgr(1)...
    INFO    cellapp-1 1937 820012  [2020-10-24 23:00:49 759] - Components::findComponents: found cellappmgr, addr:192.168.2.246:51281
    INFO    cellapp-1 1937 820012  [2020-10-24 23:00:49 759] - Components::addComponent[cellappmgr], uid=1937, componentID=610002, globalorderid=2, grouporderid=1, totalcount=1
    INFO    cellapp-1 1937 820012  [2020-10-24 23:00:49 760] - Components::findComponents: found cellappmgr, addr:192.168.2.246:51281
 WARNING    cellapp-1 1937 820012  [2020-10-24 23:00:50 761] - EntityApp::checkTickPeriod: tick took 3275% (3.28 seconds)!
    INFO    cellapp-1 1937 820012  [2020-10-24 23:00:51 780] - Components::findComponents: find baseappmgr(1)...
    INFO    cellapp-1 1937 820012  [2020-10-24 23:00:51 796] - Components::findComponents: found baseappmgr, addr:192.168.2.246:51280
    INFO    cellapp-1 1937 820012  [2020-10-24 23:00:51 796] - Components::addComponent[baseappmgr], uid=1937, componentID=510002, globalorderid=3, grouporderid=1, totalcount=1
    INFO    cellapp-1 1937 820012  [2020-10-24 23:00:51 796] - Components::findComponents: found baseappmgr, addr:192.168.2.246:51280
 WARNING    cellapp-1 1937 820012  [2020-10-24 23:00:52 796] - EntityApp::checkTickPeriod: tick took 3178% (3.18 seconds)!
    INFO    cellapp-1 1937 820012  [2020-10-24 23:00:53 847] - Components::findComponents: register self to dbmgr...
    INFO    cellapp-1 1937 820012  [2020-10-24 23:00:53 880] - Components::findComponents: register self to cellappmgr...
    INFO    cellapp-1 1937 820012  [2020-10-24 23:00:53 913] - Components::findComponents: register self to baseappmgr...
    INFO    cellapp-1 1937 820012  [2020-10-24 23:00:53 943] - Components::process(): Found all the components!
    INFO    cellapp-1 1937 820012  [2020-10-24 23:00:53 991] - ServerApp::onRegisterNewApp: uid:1937, username:, componentType:baseapp, componentID:720012, globalorderID=5, grouporderID=1, intaddr:192.168.2.246, intport:51282, extaddr:192.168.2.246, extport:20015,  from 192.168.2.246:51279/0/0/0.
    INFO    cellapp-1 1937 820012  [2020-10-24 23:00:53 992] - Components::addComponent[baseapp], uid=1937, componentID=720012, globalorderid=5, grouporderid=1, totalcount=1
    INFO    cellapp-1 1937 820012  [2020-10-24 23:00:57 002] - EntityApp::onDbmgrInitCompleted: entityID alloc(1-10001), startGlobalOrder=4, startGroupOrder=1, digest=500990D213C82C18D6582D53FA18AEE1.
    INFO    cellapp01 1937 820012  [2020-10-24 23:00:57 002] - IDClient::onAddRange: number of ids increased from 1 to 10001.
 WARNING    cellapp01 1937 820012  [2020-10-24 23:00:57 341] - BundleBroadcast::BundleBroadcast: Cannot bind to port 20856, errorno=10048
 WARNING    cellapp01 1937 820012  [2020-10-24 23:00:57 688] - BundleBroadcast::BundleBroadcast: Cannot bind to port 20980, errorno=10048
   S_DBG    cellapp01 1937 820012  [2020-10-24 23:00:58 918] - onInit::isReload:0
 WARNING    cellapp01 1937 820012  [2020-10-24 23:00:58 919] - D:\kbengine-1.2.7\kbe\src\lib\network\channel.cpp:714: Profile processRecvMessages took 1.92 seconds
   S_DBG    cellapp01 1937 820012  [2020-10-24 23:00:58 920] - onGlobalData: Halls
 WARNING    cellapp01 1937 820012  [2020-10-24 23:00:58 921] - EntityApp::checkTickPeriod: tick took 5875% (5.88 seconds)!
   DEBUG    cellapp01 1937 820012  [2020-10-24 23:00:58 943] - InitProgressHandler::~InitProgressHandler()
   DEBUG    cellapp01 1937 820012  [2020-10-24 23:04:57 349] - Spaces::createNewSpace: new space(PrivateRoom) 1.
    INFO    cellapp01 1937 820012  [2020-10-24 23:04:57 349] - EntityApp::createEntity: new PrivateRoom 10003
   S_DBG    cellapp01 1937 820012  [2020-10-24 23:04:57 349] - created space[6887202955054219265] entityID = 10003 spaceid=1
    INFO    cellapp01 1937 820012  [2020-10-24 23:04:57 352] - EntityApp::createEntity: new Avatar 10002
   S_DBG    cellapp01 1937 820012  [2020-10-24 23:04:57 354] - Room::onEnter: 6887202955054219265
   S_DBG    cellapp01 1937 820012  [2020-10-24 23:04:57 354] - Room::onEnter: 6887202955054219265
   S_DBG    cellapp01 1937 820012  [2020-10-24 23:04:57 354] - Room::onEnter 10002
   S_DBG    cellapp01 1937 820012  [2020-10-24 23:04:57 354] - self.roomInfo.seats[0] =10002.
   S_DBG    cellapp01 1937 820012  [2020-10-24 23:04:57 354] - self.roomInfo.seats[1] =0.
   S_DBG    cellapp01 1937 820012  [2020-10-24 23:04:57 354] - new avatar cell: id=10002 accountName=3332  avatarName= spaceID=1
   S_DBG    cellapp01 1937 820012  [2020-10-24 23:04:57 355] - Avatar::onGetWitness: 10002.
   DEBUG    cellapp01 1937 820012  [2020-10-24 23:10:40 494] - Avatar::onWriteToDB(): 10002.
    INFO    cellapp01 1937 820012  [2020-10-24 23:14:05 884] - EntityApp::createEntity: new Avatar 10004
   S_DBG    cellapp01 1937 820012  [2020-10-24 23:14:05 885] - Room::onEnter: 6887202955054219265
   S_DBG    cellapp01 1937 820012  [2020-10-24 23:14:05 885] - Room::onEnter: 6887202955054219265
   S_DBG    cellapp01 1937 820012  [2020-10-24 23:14:05 886] - Room::onEnter 10004
   S_DBG    cellapp01 1937 820012  [2020-10-24 23:14:05 886] - self.roomInfo.seats[0] =10002.
   S_DBG    cellapp01 1937 820012  [2020-10-24 23:14:05 886] - self.roomInfo.seats[1] =10004.
   S_DBG    cellapp01 1937 820012  [2020-10-24 23:14:05 886] - new avatar cell: id=10004 accountName=666  avatarName= spaceID=1
   S_DBG    cellapp01 1937 820012  [2020-10-24 23:14:05 890] - Avatar::onGetWitness: 10004.
   S_DBG    cellapp01 1937 820012  [2020-10-24 23:14:14 169] - cellAvatar::onClientDeath: 10004.
   S_DBG    cellapp01 1937 820012  [2020-10-24 23:14:14 170] - Room::onLeave space[1] entityID = 10004.
   S_DBG    cellapp01 1937 820012  [2020-10-24 23:14:17 058] - cellAvatar::onClientDeath: 10002.
   S_DBG    cellapp01 1937 820012  [2020-10-24 23:14:17 058] - Room::onLeave space[1] entityID = 10002.
   S_DBG    cellapp01 1937 820012  [2020-10-24 23:14:31 159] - Avatar::onDestroy: 10004.
   S_DBG    cellapp01 1937 820012  [2020-10-24 23:14:31 159] - Room::onLeaverealy space[1] entityID = 10004.
   S_ERR    cellapp01 1937 820012  [2020-10-24 23:14:31 164] - Traceback (most recent call last):
  File "D:/kbengine_24pic/kbengine_stone_assets/scripts/cell\Avatar.py", line 110, in onDestroy
    room.onLeaverealy(self.id)
   S_ERR    cellapp01 1937 820012  [2020-10-24 23:14:31 199] -   File "D:/kbengine_24pic/kbengine_stone_assets/scripts/cell\PrivateRoom.py", line 340, in onLeaverealy
    self.gameOver()
   S_ERR    cellapp01 1937 820012  [2020-10-24 23:14:31 201] -   File "D:/kbengine_24pic/kbengine_stone_assets/scripts/cell\PrivateRoom.py", line 423, in gameOver
    self.settleAccount()
   S_ERR    cellapp01 1937 820012  [2020-10-24 23:14:31 205] -   File "D:/kbengine_24pic/kbengine_stone_assets/scripts/cell\PrivateRoom.py", line 436, in settleAccount
    if entity.id==self.avatar1.id:
   S_ERR    cellapp01 1937 820012  [2020-10-24 23:14:31 205] - AttributeError: 'PrivateRoom' object has no attribute 'avatar1'
 WARNING    cellapp01 1937 820012  [2020-10-24 23:14:31 206] - D:\kbengine-1.2.7\kbe\src\server\cellapp\entity.cpp:216: Profile scriptCall took 0.05 seconds
 WARNING    cellapp01 1937 820012  [2020-10-24 23:14:31 207] - D:\kbengine-1.2.7\kbe\src\lib\network\channel.cpp:714: Profile processRecvMessages took 0.05 seconds
 WARNING    cellapp01 1937 820012  [2020-10-24 23:14:31 207] - EntityApp::checkTickPeriod: tick took 212% (0.21 seconds)!
   DEBUG    cellapp01 1937 820012  [2020-10-24 23:14:31 207] - Avatar::~Avatar(): 10004
   S_DBG    cellapp01 1937 820012  [2020-10-24 23:14:34 057] - Avatar::onDestroy: 10002.
   S_DBG    cellapp01 1937 820012  [2020-10-24 23:14:34 057] - Room::onLeaverealy space[1] entityID = 10002.
   S_DBG    cellapp01 1937 820012  [2020-10-24 23:14:34 058] - Room::onDestroy: 10003
    INFO    cellapp01 1937 820012  [2020-10-24 23:14:34 059] - Spaces::destroySpace: 1.
   DEBUG    cellapp01 1937 820012  [2020-10-24 23:14:34 070] - PrivateRoom::~PrivateRoom(): 10003
   DEBUG    cellapp01 1937 820012  [2020-10-24 23:14:34 070] - Avatar::~Avatar(): 10002
   DEBUG    cellapp01 1937 820012  [2020-10-24 23:14:46 208] - WitnessedTimeoutHandler::handleTimeout: witnesseds is empty, timer is canceled!
   DEBUG    cellapp01 1937 820012  [2020-10-24 23:54:14 837] - Spaces::createNewSpace: new space(PrivateRoom) 2.
    INFO    cellapp01 1937 820012  [2020-10-24 23:54:14 837] - EntityApp::createEntity: new PrivateRoom 10006
   S_DBG    cellapp01 1937 820012  [2020-10-24 23:54:14 837] - created space[6887215655272513537] entityID = 10006 spaceid=2
    INFO    cellapp01 1937 820012  [2020-10-24 23:54:14 840] - EntityApp::createEntity: new Avatar 10005
   S_DBG    cellapp01 1937 820012  [2020-10-24 23:54:14 841] - Room::onEnter: 6887215655272513537
   S_DBG    cellapp01 1937 820012  [2020-10-24 23:54:14 841] - Room::onEnter: 6887215655272513537
   S_DBG    cellapp01 1937 820012  [2020-10-24 23:54:14 841] - Room::onEnter 10005
   S_DBG    cellapp01 1937 820012  [2020-10-24 23:54:14 841] - self.roomInfo.seats[0] =10005.
   S_DBG    cellapp01 1937 820012  [2020-10-24 23:54:14 841] - self.roomInfo.seats[1] =0.
   S_DBG    cellapp01 1937 820012  [2020-10-24 23:54:14 841] - new avatar cell: id=10005 accountName=4444  avatarName= spaceID=2
   S_DBG    cellapp01 1937 820012  [2020-10-24 23:54:14 842] - Avatar::onGetWitness: 10005.
    INFO    cellapp01 1937 820012  [2020-10-24 23:54:59 156] - EntityApp::createEntity: new Avatar 10007
   S_DBG    cellapp01 1937 820012  [2020-10-24 23:54:59 160] - Room::onEnter: 6887215655272513537
   S_DBG    cellapp01 1937 820012  [2020-10-24 23:54:59 160] - Room::onEnter: 6887215655272513537
   S_DBG    cellapp01 1937 820012  [2020-10-24 23:54:59 162] - Room::onEnter 10007
   S_DBG    cellapp01 1937 820012  [2020-10-24 23:54:59 162] - self.roomInfo.seats[0] =10005.
   S_DBG    cellapp01 1937 820012  [2020-10-24 23:54:59 162] - self.roomInfo.seats[1] =10007.
   S_DBG    cellapp01 1937 820012  [2020-10-24 23:54:59 163] - new avatar cell: id=10007 accountName=6990  avatarName= spaceID=2
   S_DBG    cellapp01 1937 820012  [2020-10-24 23:54:59 164] - Avatar::onGetWitness: 10007.
   S_DBG    cellapp01 1937 820012  [2020-10-24 23:55:15 091] - cellAvatar::onClientDeath: 10005.
   S_DBG    cellapp01 1937 820012  [2020-10-24 23:55:15 091] - Room::onLeave space[2] entityID = 10005.
   S_DBG    cellapp01 1937 820012  [2020-10-24 23:55:32 066] - Avatar::onDestroy: 10005.
   S_DBG    cellapp01 1937 820012  [2020-10-24 23:55:32 066] - Room::onLeaverealy space[2] entityID = 10005.
   S_ERR    cellapp01 1937 820012  [2020-10-24 23:55:32 067] - Traceback (most recent call last):
  File "D:/kbengine_24pic/kbengine_stone_assets/scripts/cell\Avatar.py", line 110, in onDestroy
    room.onLeaverealy(self.id)
   S_ERR    cellapp01 1937 820012  [2020-10-24 23:55:32 082] -   File "D:/kbengine_24pic/kbengine_stone_assets/scripts/cell\PrivateRoom.py", line 340, in onLeaverealy
    self.gameOver()
   S_ERR    cellapp01 1937 820012  [2020-10-24 23:55:32 083] -   File "D:/kbengine_24pic/kbengine_stone_assets/scripts/cell\PrivateRoom.py", line 423, in gameOver
    self.settleAccount()
   S_ERR    cellapp01 1937 820012  [2020-10-24 23:55:32 084] -   File "D:/kbengine_24pic/kbengine_stone_assets/scripts/cell\PrivateRoom.py", line 436, in settleAccount
    if entity.id==self.avatar1.id:
   S_ERR    cellapp01 1937 820012  [2020-10-24 23:55:32 084] - AttributeError: 'PrivateRoom' object has no attribute 'avatar1'
   DEBUG    cellapp01 1937 820012  [2020-10-24 23:55:32 085] - Avatar::~Avatar(): 10005
   DEBUG    cellapp01 1937 820012  [2020-10-24 23:55:47 086] - WitnessedTimeoutHandler::handleTimeout: witnesseds is empty, timer is canceled!
    INFO    cellapp01 1937 820012  [2020-10-24 23:56:22 685] - EntityApp::createEntity: new Avatar 10008
   S_DBG    cellapp01 1937 820012  [2020-10-24 23:56:22 688] - Room::onEnter: 6887215655272513537
   S_DBG    cellapp01 1937 820012  [2020-10-24 23:56:22 688] - Room::onEnter: 6887215655272513537
   S_DBG    cellapp01 1937 820012  [2020-10-24 23:56:22 690] - Room::onEnter 10008
   S_DBG    cellapp01 1937 820012  [2020-10-24 23:56:22 690] - self.roomInfo.seats[0] =10008.
   S_DBG    cellapp01 1937 820012  [2020-10-24 23:56:22 691] - self.roomInfo.seats[1] =10007.
   S_DBG    cellapp01 1937 820012  [2020-10-24 23:56:22 691] - new avatar cell: id=10008 accountName=d'd'd'd  avatarName= spaceID=2
   S_DBG    cellapp01 1937 820012  [2020-10-24 23:56:22 691] - Avatar::onGetWitness: 10008.
   S_DBG    cellapp01 1937 820012  [2020-10-24 23:56:28 395] - reqChangeReadyState 10008
   S_DBG    cellapp01 1937 820012  [2020-10-24 23:56:28 395] - 0 10008 10008
   S_DBG    cellapp01 1937 820012  [2020-10-24 23:56:28 395] - 10008 True
   S_DBG    cellapp01 1937 820012  [2020-10-24 23:56:28 397] - len(self.roomInfo.seats)= 2
   S_DBG    cellapp01 1937 820012  [2020-10-24 23:56:28 397] - 1 seat.ready==false
   S_DBG    cellapp01 1937 820012  [2020-10-24 23:56:36 519] - cellAvatar::onClientDeath: 10007.
   S_DBG    cellapp01 1937 820012  [2020-10-24 23:56:36 519] - Room::onLeave space[2] entityID = 10007.
   S_DBG    cellapp01 1937 820012  [2020-10-24 23:56:53 498] - Avatar::onDestroy: 10007.
   S_DBG    cellapp01 1937 820012  [2020-10-24 23:56:53 499] - Room::onLeaverealy space[2] entityID = 10007.
   S_ERR    cellapp01 1937 820012  [2020-10-24 23:56:53 499] - Traceback (most recent call last):
  File "D:/kbengine_24pic/kbengine_stone_assets/scripts/cell\Avatar.py", line 110, in onDestroy
    room.onLeaverealy(self.id)
   S_ERR    cellapp01 1937 820012  [2020-10-24 23:56:53 502] -   File "D:/kbengine_24pic/kbengine_stone_assets/scripts/cell\PrivateRoom.py", line 340, in onLeaverealy
    self.gameOver()
   S_ERR    cellapp01 1937 820012  [2020-10-24 23:56:53 505] -   File "D:/kbengine_24pic/kbengine_stone_assets/scripts/cell\PrivateRoom.py", line 423, in gameOver
    self.settleAccount()
   S_ERR    cellapp01 1937 820012  [2020-10-24 23:56:53 508] -   File "D:/kbengine_24pic/kbengine_stone_assets/scripts/cell\PrivateRoom.py", line 436, in settleAccount
    if entity.id==self.avatar1.id:
   S_ERR    cellapp01 1937 820012  [2020-10-24 23:56:53 509] - AttributeError: 'PrivateRoom' object has no attribute 'avatar1'
   DEBUG    cellapp01 1937 820012  [2020-10-24 23:56:53 517] - Avatar::~Avatar(): 10007
   S_DBG    cellapp01 1937 820012  [2020-10-24 23:57:06 601] - cellAvatar::onClientDeath: 10008.
   S_DBG    cellapp01 1937 820012  [2020-10-24 23:57:06 601] - Room::onLeave space[2] entityID = 10008.
   DEBUG    cellapp01 1937 820012  [2020-10-24 23:57:08 517] - WitnessedTimeoutHandler::handleTimeout: witnesseds is empty, timer is canceled!
